<?xml version="1.0" encoding="UTF-8"?>
<testsuites name="Demo_SM" time="803" tests="1" failures="0" errors="0">
   <testsuite name="Demo_SM" tests="1" failures="0" errors="0" time="803" timestamp="2019-08-06 15:06:56" hostname="promantus inc - G10PROLT025" id="Test Suites/Demo_SM">
      <properties>
         <property name="deviceName" value=""/>
         <property name="devicePlatform" value=""/>
         <property name="logFolder" value="H:\\USGBC_NewApproach1\\USGBC_LEED\\Reports\\Demo_SM\\20190806_150652"/>
         <property name="logFiles" value="H:\\USGBC_NewApproach1\\USGBC_LEED\\Reports\\Demo_SM\\20190806_150652\\execution0.log"/>
         <property name="attachments" value="H:\\USGBC_NewApproach1\\USGBC_LEED\\Reports\\Demo_SM\\20190806_150652\\1565084272438.png, H:\\USGBC_NewApproach1\\USGBC_LEED\\Reports\\Demo_SM\\20190806_150652\\1565084272707.png"/>
         <property name="hostName" value="promantus inc - G10PROLT025"/>
         <property name="os" value="Windows 10 64bit"/>
         <property name="katalonVersion" value="6.1.3.3"/>
         <property name="browser" value="Chrome 75.0.3770.142"/>
         <property name="hostAddress" value="192.168.232.1"/>
         <property name="sessionId" value="17d181eca06a8ed423023e760af5810d"/>
         <property name="seleniumVersion" value="3.7.1"/>
         <property name="proxyInformation" value="ProxyInformation{proxyOption=NO_PROXY, proxyServerType=HTTP, password=, proxyServerAddress=, proxyServerPort=0}"/>
         <property name="platform" value="Windows 10"/>
      </properties>
      <testcase name="Test Cases/OM_ExistingBuildings/TC_SiteManagement" classname="Test Cases/OM_ExistingBuildings/TC_SiteManagement" status="PASSED">
         <system-out><![CDATA[2019-08-06 15:06:57 - [TEST_CASE][PASSED] - Test Cases/OM_ExistingBuildings/TC_SiteManagement: Test Cases/OM_ExistingBuildings/TC_SiteManagement

2019-08-06 15:06:57 - [TEST_STEP][PASSED] - Start listener action : sampleBeforeTestCase: null

2019-08-06 15:06:57 - [TEST_STEP][PASSED] - a = testCaseContext.getTestCaseId(): null

2019-08-06 15:06:57 - [TEST_STEP][PASSED] - lastWord = a.substring(a.lastIndexOf("/") + 1): null

2019-08-06 15:06:57 - [TEST_STEP][PASSED] - currentTestCaseId = lastWord: null

2019-08-06 15:06:57 - [TEST_STEP][PASSED] - println("GlobalVariable.currentTestCaseId#############" + lastWord): null

2019-08-06 15:06:58 - [TEST_STEP][PASSED] - runWithCucumberRunner(runner_OM_ExistingBuildings.SiteManagementTestRunner): Run with 'runner_OM_ExistingBuildings.SiteManagementTestRunner' was passed

2019-08-06 15:06:59 - [TEST_CASE][PASSED] - Test Cases/TC_Login: Test Cases/TC_Login

2019-08-06 15:07:00 - [TEST_STEP][PASSED] - runWithCucumberRunner(common.LoginRunner): Run with 'common.LoginRunner' was passed

2019-08-06 15:07:00 - [MESSAGE][INFO] - Starting 'Chrome (headless)' driver

2019-08-06 15:07:00 - [MESSAGE][INFO] - Action delay is set to 0 seconds

2019-08-06 15:07:04 - [MESSAGE][PASSED] - Browser is opened with url: ''

2019-08-06 15:07:05 - [MESSAGE][PASSED] - Current window maximized

2019-08-06 15:07:08 - [MESSAGE][PASSED] - Navigate to 'https://leedonline-stg.usgbc.org' successfully

2019-08-06 15:07:08 - [MESSAGE][PASSED] - Text 'automationbdd7@gmail.com' is set on object ''

2019-08-06 15:07:08 - [MESSAGE][PASSED] - Text 'initpass' is set on object ''

2019-08-06 15:07:11 - [MESSAGE][PASSED] - Delayed 3 second(s)

2019-08-06 15:07:11 - [MESSAGE][PASSED] - Scroll to object '' successfully

2019-08-06 15:07:11 - [MESSAGE][PASSED] - Object '' is checked

2019-08-06 15:07:16 - [MESSAGE][PASSED] - Delayed 4 second(s)

2019-08-06 15:07:16 - [MESSAGE][PASSED] - The form containing object: '' is submitted

2019-08-06 15:07:21 - [MESSAGE][PASSED] - Delayed 5 second(s)

2019-08-06 15:07:52 - [MESSAGE][INFO] - Unable to find the element located by 'By.xpath: //*[@id='global-header']/div/nav/div/a[2]/span'. Please recheck the objects properties to make sure the desired element is located. 

2019-08-06 15:07:52 - [MESSAGE][FAILED] - com.kms.katalon.core.webui.exception.WebElementNotFoundException: Web element with id: '' located by 'By.xpath: //*[@id='global-header']/div/nav/div/a[2]/span' not found (Root cause: com.kms.katalon.core.exception.StepFailedException: com.kms.katalon.core.webui.exception.WebElementNotFoundException: Web element with id: '' located by 'By.xpath: //*[@id='global-header']/div/nav/div/a[2]/span' not found
	at com.kms.katalon.core.webui.keyword.internal.WebUIKeywordMain.stepFailed(WebUIKeywordMain.groovy:64)
	at com.kms.katalon.core.webui.keyword.builtin.VerifyElementPresentKeyword$_verifyElementPresent_closure1.doCall(VerifyElementPresentKeyword.groovy:85)
	at com.kms.katalon.core.webui.keyword.builtin.VerifyElementPresentKeyword$_verifyElementPresent_closure1.call(VerifyElementPresentKeyword.groovy)
	at com.kms.katalon.core.webui.keyword.internal.WebUIKeywordMain.runKeyword(WebUIKeywordMain.groovy:20)
	at com.kms.katalon.core.webui.keyword.builtin.VerifyElementPresentKeyword.verifyElementPresent(VerifyElementPresentKeyword.groovy:92)
	at com.kms.katalon.core.webui.keyword.builtin.VerifyElementPresentKeyword.execute(VerifyElementPresentKeyword.groovy:68)
	at com.kms.katalon.core.keyword.internal.KeywordExecutor.executeKeywordForPlatform(KeywordExecutor.groovy:56)
	at com.kms.katalon.core.webui.keyword.WebUiBuiltInKeywords.verifyElementPresent(WebUiBuiltInKeywords.groovy:1434)
	at com.kms.katalon.core.webui.keyword.WebUiBuiltInKeywords$verifyElementPresent$6.call(Unknown Source)
	at common.LoginStepDefinition.user_will_be_logged_in_successfully(LoginStepDefinition.groovy:137)
	at cucumber.runtime.Utils$1.call(Utils.java:26)
	at cucumber.runtime.Timeout.timeout(Timeout.java:16)
	at cucumber.runtime.Utils.invoke(Utils.java:20)
	at cucumber.runtime.java.JavaStepDefinition.execute(JavaStepDefinition.java:48)
	at cucumber.runtime.PickleStepDefinitionMatch.runStep(PickleStepDefinitionMatch.java:50)
	at cucumber.runner.TestStep.executeStep(TestStep.java:55)
	at cucumber.runner.TestStep.run(TestStep.java:42)
	at cucumber.runner.PickleStepTestStep.run(PickleStepTestStep.java:53)
	at cucumber.runner.TestCase.run(TestCase.java:47)
	at cucumber.runner.Runner.runPickle(Runner.java:44)
	at cucumber.runtime.junit.PickleRunners$NoStepDescriptions.run(PickleRunners.java:140)
	at cucumber.runtime.junit.FeatureRunner.runChild(FeatureRunner.java:68)
	at cucumber.runtime.junit.FeatureRunner.runChild(FeatureRunner.java:23)
	at org.junit.runners.ParentRunner$3.run(ParentRunner.java:290)
	at org.junit.runners.ParentRunner$1.schedule(ParentRunner.java:71)
	at org.junit.runners.ParentRunner.runChildren(ParentRunner.java:288)
	at org.junit.runners.ParentRunner.access$000(ParentRunner.java:58)
	at org.junit.runners.ParentRunner$2.evaluate(ParentRunner.java:268)
	at org.junit.runners.ParentRunner.run(ParentRunner.java:363)
	at cucumber.runtime.junit.FeatureRunner.run(FeatureRunner.java:73)
	at cucumber.api.junit.Cucumber.runChild(Cucumber.java:98)
	at cucumber.api.junit.Cucumber.runChild(Cucumber.java:55)
	at org.junit.runners.ParentRunner$3.run(ParentRunner.java:290)
	at org.junit.runners.ParentRunner$1.schedule(ParentRunner.java:71)
	at org.junit.runners.ParentRunner.runChildren(ParentRunner.java:288)
	at org.junit.runners.ParentRunner.access$000(ParentRunner.java:58)
	at org.junit.runners.ParentRunner$2.evaluate(ParentRunner.java:268)
	at cucumber.api.junit.Cucumber$1.evaluate(Cucumber.java:107)
	at org.junit.runners.ParentRunner.run(ParentRunner.java:363)
	at org.junit.runners.Suite.runChild(Suite.java:128)
	at org.junit.runners.Suite.runChild(Suite.java:27)
	at org.junit.runners.ParentRunner$3.run(ParentRunner.java:290)
	at org.junit.runners.ParentRunner$1.schedule(ParentRunner.java:71)
	at org.junit.runners.ParentRunner.runChildren(ParentRunner.java:288)
	at org.junit.runners.ParentRunner.access$000(ParentRunner.java:58)
	at org.junit.runners.ParentRunner$2.evaluate(ParentRunner.java:268)
	at org.junit.runners.ParentRunner.run(ParentRunner.java:363)
	at org.junit.runner.JUnitCore.run(JUnitCore.java:137)
	at org.junit.runner.JUnitCore.run(JUnitCore.java:115)
	at org.junit.runner.JUnitCore.run(JUnitCore.java:105)
	at com.kms.katalon.core.cucumber.keyword.CucumberBuiltinKeywords$_runWithCucumberRunner_closure3.doCall(CucumberBuiltinKeywords.groovy:260)
	at com.kms.katalon.core.cucumber.keyword.CucumberBuiltinKeywords$_runWithCucumberRunner_closure3.doCall(CucumberBuiltinKeywords.groovy)
	at com.kms.katalon.core.keyword.internal.KeywordMain.runKeyword(KeywordMain.groovy:66)
	at com.kms.katalon.core.keyword.internal.KeywordMain$runKeyword.call(Unknown Source)
	at com.kms.katalon.core.cucumber.keyword.CucumberBuiltinKeywords.runWithCucumberRunner(CucumberBuiltinKeywords.groovy:257)
	at com.kms.katalon.core.cucumber.keyword.CucumberBuiltinKeywords$runWithCucumberRunner$0.callStatic(Unknown Source)
	at com.kms.katalon.core.cucumber.keyword.CucumberBuiltinKeywords.runWithCucumberRunner(CucumberBuiltinKeywords.groovy:357)
	at com.kms.katalon.core.cucumber.keyword.CucumberBuiltinKeywords$runWithCucumberRunner.call(Unknown Source)
	at TC_Login.run(TC_Login:18)
	at com.kms.katalon.core.main.ScriptEngine.run(ScriptEngine.java:194)
	at com.kms.katalon.core.main.ScriptEngine.runScriptAsRawText(ScriptEngine.java:119)
	at com.kms.katalon.core.main.TestCaseExecutor.runScript(TestCaseExecutor.java:336)
	at com.kms.katalon.core.main.TestCaseExecutor.doExecute(TestCaseExecutor.java:327)
	at com.kms.katalon.core.main.TestCaseExecutor.processExecutionPhase(TestCaseExecutor.java:306)
	at com.kms.katalon.core.main.TestCaseExecutor.accessMainPhase(TestCaseExecutor.java:298)
	at com.kms.katalon.core.main.TestCaseExecutor.execute(TestCaseExecutor.java:232)
	at com.kms.katalon.core.main.TestCaseMain.runTestCase(TestCaseMain.java:114)
	at com.kms.katalon.core.keyword.builtin.CallTestCaseKeyword$_callTestCase_closure1.doCall(CallTestCaseKeyword.groovy:59)
	at com.kms.katalon.core.keyword.builtin.CallTestCaseKeyword$_callTestCase_closure1.call(CallTestCaseKeyword.groovy)
	at com.kms.katalon.core.keyword.internal.KeywordMain.runKeyword(KeywordMain.groovy:66)
	at com.kms.katalon.core.keyword.builtin.CallTestCaseKeyword.callTestCase(CallTestCaseKeyword.groovy:81)
	at com.kms.katalon.core.keyword.builtin.CallTestCaseKeyword.execute(CallTestCaseKeyword.groovy:44)
	at com.kms.katalon.core.keyword.internal.KeywordExecutor.executeKeywordForPlatform(KeywordExecutor.groovy:56)
	at com.kms.katalon.core.keyword.BuiltinKeywords.callTestCase(BuiltinKeywords.groovy:350)
	at Common_StepDef.user_clicks_on_Project(Common_StepDef.groovy:67)
	at cucumber.runtime.Utils$1.call(Utils.java:26)
	at cucumber.runtime.Timeout.timeout(Timeout.java:16)
	at cucumber.runtime.Utils.invoke(Utils.java:20)
	at cucumber.runtime.java.JavaStepDefinition.execute(JavaStepDefinition.java:48)
	at cucumber.runtime.PickleStepDefinitionMatch.runStep(PickleStepDefinitionMatch.java:50)
	at cucumber.runner.TestStep.executeStep(TestStep.java:55)
	at cucumber.runner.TestStep.run(TestStep.java:42)
	at cucumber.runner.PickleStepTestStep.run(PickleStepTestStep.java:53)
	at cucumber.runner.TestCase.run(TestCase.java:47)
	at cucumber.runner.Runner.runPickle(Runner.java:44)
	at cucumber.runtime.junit.PickleRunners$NoStepDescriptions.run(PickleRunners.java:140)
	at cucumber.runtime.junit.FeatureRunner.runChild(FeatureRunner.java:68)
	at cucumber.runtime.junit.FeatureRunner.runChild(FeatureRunner.java:23)
	at org.junit.runners.ParentRunner$3.run(ParentRunner.java:290)
	at org.junit.runners.ParentRunner$1.schedule(ParentRunner.java:71)
	at org.junit.runners.ParentRunner.runChildren(ParentRunner.java:288)
	at org.junit.runners.ParentRunner.access$000(ParentRunner.java:58)
	at org.junit.runners.ParentRunner$2.evaluate(ParentRunner.java:268)
	at org.junit.runners.ParentRunner.run(ParentRunner.java:363)
	at cucumber.runtime.junit.FeatureRunner.run(FeatureRunner.java:73)
	at cucumber.api.junit.Cucumber.runChild(Cucumber.java:98)
	at cucumber.api.junit.Cucumber.runChild(Cucumber.java:55)
	at org.junit.runners.ParentRunner$3.run(ParentRunner.java:290)
	at org.junit.runners.ParentRunner$1.schedule(ParentRunner.java:71)
	at org.junit.runners.ParentRunner.runChildren(ParentRunner.java:288)
	at org.junit.runners.ParentRunner.access$000(ParentRunner.java:58)
	at org.junit.runners.ParentRunner$2.evaluate(ParentRunner.java:268)
	at cucumber.api.junit.Cucumber$1.evaluate(Cucumber.java:107)
	at org.junit.runners.ParentRunner.run(ParentRunner.java:363)
	at org.junit.runners.Suite.runChild(Suite.java:128)
	at org.junit.runners.Suite.runChild(Suite.java:27)
	at org.junit.runners.ParentRunner$3.run(ParentRunner.java:290)
	at org.junit.runners.ParentRunner$1.schedule(ParentRunner.java:71)
	at org.junit.runners.ParentRunner.runChildren(ParentRunner.java:288)
	at org.junit.runners.ParentRunner.access$000(ParentRunner.java:58)
	at org.junit.runners.ParentRunner$2.evaluate(ParentRunner.java:268)
	at org.junit.runners.ParentRunner.run(ParentRunner.java:363)
	at org.junit.runner.JUnitCore.run(JUnitCore.java:137)
	at org.junit.runner.JUnitCore.run(JUnitCore.java:115)
	at org.junit.runner.JUnitCore.run(JUnitCore.java:105)
	at com.kms.katalon.core.cucumber.keyword.CucumberBuiltinKeywords$_runWithCucumberRunner_closure3.doCall(CucumberBuiltinKeywords.groovy:260)
	at com.kms.katalon.core.cucumber.keyword.CucumberBuiltinKeywords$_runWithCucumberRunner_closure3.doCall(CucumberBuiltinKeywords.groovy)
	at com.kms.katalon.core.keyword.internal.KeywordMain.runKeyword(KeywordMain.groovy:66)
	at com.kms.katalon.core.keyword.internal.KeywordMain$runKeyword.call(Unknown Source)
	at com.kms.katalon.core.cucumber.keyword.CucumberBuiltinKeywords.runWithCucumberRunner(CucumberBuiltinKeywords.groovy:257)
	at com.kms.katalon.core.cucumber.keyword.CucumberBuiltinKeywords$runWithCucumberRunner$0.callStatic(Unknown Source)
	at com.kms.katalon.core.cucumber.keyword.CucumberBuiltinKeywords.runWithCucumberRunner(CucumberBuiltinKeywords.groovy:357)
	at com.kms.katalon.core.cucumber.keyword.CucumberBuiltinKeywords$runWithCucumberRunner.call(Unknown Source)
	at TC_SiteManagement.run(TC_SiteManagement:17)
	at com.kms.katalon.core.main.ScriptEngine.run(ScriptEngine.java:194)
	at com.kms.katalon.core.main.ScriptEngine.runScriptAsRawText(ScriptEngine.java:119)
	at com.kms.katalon.core.main.TestCaseExecutor.runScript(TestCaseExecutor.java:336)
	at com.kms.katalon.core.main.TestCaseExecutor.doExecute(TestCaseExecutor.java:327)
	at com.kms.katalon.core.main.TestCaseExecutor.processExecutionPhase(TestCaseExecutor.java:306)
	at com.kms.katalon.core.main.TestCaseExecutor.accessMainPhase(TestCaseExecutor.java:298)
	at com.kms.katalon.core.main.TestCaseExecutor.execute(TestCaseExecutor.java:232)
	at com.kms.katalon.core.main.TestSuiteExecutor.accessTestCaseMainPhase(TestSuiteExecutor.java:129)
	at com.kms.katalon.core.main.TestSuiteExecutor.accessTestSuiteMainPhase(TestSuiteExecutor.java:112)
	at com.kms.katalon.core.main.TestSuiteExecutor.execute(TestSuiteExecutor.java:81)
	at com.kms.katalon.core.main.TestCaseMain.startTestSuite(TestCaseMain.java:157)
	at com.kms.katalon.core.main.TestCaseMain$startTestSuite$0.call(Unknown Source)
	at TempTestSuite1565084212185.run(TempTestSuite1565084212185.groovy:35)
)
[[ATTACHMENT|H:\\USGBC_NewApproach1\\USGBC_LEED\\Reports\\Demo_SM\\20190806_150652\\1565084272438.png]]

2019-08-06 15:07:52 - [MESSAGE][FAILED] - Unable to verify object '' is present (Root cause: com.kms.katalon.core.exception.StepFailedException: Unable to verify object '' is present
	at com.kms.katalon.core.webui.keyword.internal.WebUIKeywordMain.stepFailed(WebUIKeywordMain.groovy:64)
	at com.kms.katalon.core.webui.keyword.internal.WebUIKeywordMain.runKeyword(WebUIKeywordMain.groovy:26)
	at com.kms.katalon.core.webui.keyword.builtin.VerifyElementPresentKeyword.verifyElementPresent(VerifyElementPresentKeyword.groovy:92)
	at com.kms.katalon.core.webui.keyword.builtin.VerifyElementPresentKeyword.execute(VerifyElementPresentKeyword.groovy:68)
	at com.kms.katalon.core.keyword.internal.KeywordExecutor.executeKeywordForPlatform(KeywordExecutor.groovy:56)
	at com.kms.katalon.core.webui.keyword.WebUiBuiltInKeywords.verifyElementPresent(WebUiBuiltInKeywords.groovy:1434)
	at com.kms.katalon.core.webui.keyword.WebUiBuiltInKeywords$verifyElementPresent$6.call(Unknown Source)
	at common.LoginStepDefinition.user_will_be_logged_in_successfully(LoginStepDefinition.groovy:137)
	at cucumber.runtime.Utils$1.call(Utils.java:26)
	at cucumber.runtime.Timeout.timeout(Timeout.java:16)
	at cucumber.runtime.Utils.invoke(Utils.java:20)
	at cucumber.runtime.java.JavaStepDefinition.execute(JavaStepDefinition.java:48)
	at cucumber.runtime.PickleStepDefinitionMatch.runStep(PickleStepDefinitionMatch.java:50)
	at cucumber.runner.TestStep.executeStep(TestStep.java:55)
	at cucumber.runner.TestStep.run(TestStep.java:42)
	at cucumber.runner.PickleStepTestStep.run(PickleStepTestStep.java:53)
	at cucumber.runner.TestCase.run(TestCase.java:47)
	at cucumber.runner.Runner.runPickle(Runner.java:44)
	at cucumber.runtime.junit.PickleRunners$NoStepDescriptions.run(PickleRunners.java:140)
	at cucumber.runtime.junit.FeatureRunner.runChild(FeatureRunner.java:68)
	at cucumber.runtime.junit.FeatureRunner.runChild(FeatureRunner.java:23)
	at org.junit.runners.ParentRunner$3.run(ParentRunner.java:290)
	at org.junit.runners.ParentRunner$1.schedule(ParentRunner.java:71)
	at org.junit.runners.ParentRunner.runChildren(ParentRunner.java:288)
	at org.junit.runners.ParentRunner.access$000(ParentRunner.java:58)
	at org.junit.runners.ParentRunner$2.evaluate(ParentRunner.java:268)
	at org.junit.runners.ParentRunner.run(ParentRunner.java:363)
	at cucumber.runtime.junit.FeatureRunner.run(FeatureRunner.java:73)
	at cucumber.api.junit.Cucumber.runChild(Cucumber.java:98)
	at cucumber.api.junit.Cucumber.runChild(Cucumber.java:55)
	at org.junit.runners.ParentRunner$3.run(ParentRunner.java:290)
	at org.junit.runners.ParentRunner$1.schedule(ParentRunner.java:71)
	at org.junit.runners.ParentRunner.runChildren(ParentRunner.java:288)
	at org.junit.runners.ParentRunner.access$000(ParentRunner.java:58)
	at org.junit.runners.ParentRunner$2.evaluate(ParentRunner.java:268)
	at cucumber.api.junit.Cucumber$1.evaluate(Cucumber.java:107)
	at org.junit.runners.ParentRunner.run(ParentRunner.java:363)
	at org.junit.runners.Suite.runChild(Suite.java:128)
	at org.junit.runners.Suite.runChild(Suite.java:27)
	at org.junit.runners.ParentRunner$3.run(ParentRunner.java:290)
	at org.junit.runners.ParentRunner$1.schedule(ParentRunner.java:71)
	at org.junit.runners.ParentRunner.runChildren(ParentRunner.java:288)
	at org.junit.runners.ParentRunner.access$000(ParentRunner.java:58)
	at org.junit.runners.ParentRunner$2.evaluate(ParentRunner.java:268)
	at org.junit.runners.ParentRunner.run(ParentRunner.java:363)
	at org.junit.runner.JUnitCore.run(JUnitCore.java:137)
	at org.junit.runner.JUnitCore.run(JUnitCore.java:115)
	at org.junit.runner.JUnitCore.run(JUnitCore.java:105)
	at com.kms.katalon.core.cucumber.keyword.CucumberBuiltinKeywords$_runWithCucumberRunner_closure3.doCall(CucumberBuiltinKeywords.groovy:260)
	at com.kms.katalon.core.cucumber.keyword.CucumberBuiltinKeywords$_runWithCucumberRunner_closure3.doCall(CucumberBuiltinKeywords.groovy)
	at com.kms.katalon.core.keyword.internal.KeywordMain.runKeyword(KeywordMain.groovy:66)
	at com.kms.katalon.core.keyword.internal.KeywordMain$runKeyword.call(Unknown Source)
	at com.kms.katalon.core.cucumber.keyword.CucumberBuiltinKeywords.runWithCucumberRunner(CucumberBuiltinKeywords.groovy:257)
	at com.kms.katalon.core.cucumber.keyword.CucumberBuiltinKeywords$runWithCucumberRunner$0.callStatic(Unknown Source)
	at com.kms.katalon.core.cucumber.keyword.CucumberBuiltinKeywords.runWithCucumberRunner(CucumberBuiltinKeywords.groovy:357)
	at com.kms.katalon.core.cucumber.keyword.CucumberBuiltinKeywords$runWithCucumberRunner.call(Unknown Source)
	at TC_Login.run(TC_Login:18)
	at com.kms.katalon.core.main.ScriptEngine.run(ScriptEngine.java:194)
	at com.kms.katalon.core.main.ScriptEngine.runScriptAsRawText(ScriptEngine.java:119)
	at com.kms.katalon.core.main.TestCaseExecutor.runScript(TestCaseExecutor.java:336)
	at com.kms.katalon.core.main.TestCaseExecutor.doExecute(TestCaseExecutor.java:327)
	at com.kms.katalon.core.main.TestCaseExecutor.processExecutionPhase(TestCaseExecutor.java:306)
	at com.kms.katalon.core.main.TestCaseExecutor.accessMainPhase(TestCaseExecutor.java:298)
	at com.kms.katalon.core.main.TestCaseExecutor.execute(TestCaseExecutor.java:232)
	at com.kms.katalon.core.main.TestCaseMain.runTestCase(TestCaseMain.java:114)
	at com.kms.katalon.core.keyword.builtin.CallTestCaseKeyword$_callTestCase_closure1.doCall(CallTestCaseKeyword.groovy:59)
	at com.kms.katalon.core.keyword.builtin.CallTestCaseKeyword$_callTestCase_closure1.call(CallTestCaseKeyword.groovy)
	at com.kms.katalon.core.keyword.internal.KeywordMain.runKeyword(KeywordMain.groovy:66)
	at com.kms.katalon.core.keyword.builtin.CallTestCaseKeyword.callTestCase(CallTestCaseKeyword.groovy:81)
	at com.kms.katalon.core.keyword.builtin.CallTestCaseKeyword.execute(CallTestCaseKeyword.groovy:44)
	at com.kms.katalon.core.keyword.internal.KeywordExecutor.executeKeywordForPlatform(KeywordExecutor.groovy:56)
	at com.kms.katalon.core.keyword.BuiltinKeywords.callTestCase(BuiltinKeywords.groovy:350)
	at Common_StepDef.user_clicks_on_Project(Common_StepDef.groovy:67)
	at cucumber.runtime.Utils$1.call(Utils.java:26)
	at cucumber.runtime.Timeout.timeout(Timeout.java:16)
	at cucumber.runtime.Utils.invoke(Utils.java:20)
	at cucumber.runtime.java.JavaStepDefinition.execute(JavaStepDefinition.java:48)
	at cucumber.runtime.PickleStepDefinitionMatch.runStep(PickleStepDefinitionMatch.java:50)
	at cucumber.runner.TestStep.executeStep(TestStep.java:55)
	at cucumber.runner.TestStep.run(TestStep.java:42)
	at cucumber.runner.PickleStepTestStep.run(PickleStepTestStep.java:53)
	at cucumber.runner.TestCase.run(TestCase.java:47)
	at cucumber.runner.Runner.runPickle(Runner.java:44)
	at cucumber.runtime.junit.PickleRunners$NoStepDescriptions.run(PickleRunners.java:140)
	at cucumber.runtime.junit.FeatureRunner.runChild(FeatureRunner.java:68)
	at cucumber.runtime.junit.FeatureRunner.runChild(FeatureRunner.java:23)
	at org.junit.runners.ParentRunner$3.run(ParentRunner.java:290)
	at org.junit.runners.ParentRunner$1.schedule(ParentRunner.java:71)
	at org.junit.runners.ParentRunner.runChildren(ParentRunner.java:288)
	at org.junit.runners.ParentRunner.access$000(ParentRunner.java:58)
	at org.junit.runners.ParentRunner$2.evaluate(ParentRunner.java:268)
	at org.junit.runners.ParentRunner.run(ParentRunner.java:363)
	at cucumber.runtime.junit.FeatureRunner.run(FeatureRunner.java:73)
	at cucumber.api.junit.Cucumber.runChild(Cucumber.java:98)
	at cucumber.api.junit.Cucumber.runChild(Cucumber.java:55)
	at org.junit.runners.ParentRunner$3.run(ParentRunner.java:290)
	at org.junit.runners.ParentRunner$1.schedule(ParentRunner.java:71)
	at org.junit.runners.ParentRunner.runChildren(ParentRunner.java:288)
	at org.junit.runners.ParentRunner.access$000(ParentRunner.java:58)
	at org.junit.runners.ParentRunner$2.evaluate(ParentRunner.java:268)
	at cucumber.api.junit.Cucumber$1.evaluate(Cucumber.java:107)
	at org.junit.runners.ParentRunner.run(ParentRunner.java:363)
	at org.junit.runners.Suite.runChild(Suite.java:128)
	at org.junit.runners.Suite.runChild(Suite.java:27)
	at org.junit.runners.ParentRunner$3.run(ParentRunner.java:290)
	at org.junit.runners.ParentRunner$1.schedule(ParentRunner.java:71)
	at org.junit.runners.ParentRunner.runChildren(ParentRunner.java:288)
	at org.junit.runners.ParentRunner.access$000(ParentRunner.java:58)
	at org.junit.runners.ParentRunner$2.evaluate(ParentRunner.java:268)
	at org.junit.runners.ParentRunner.run(ParentRunner.java:363)
	at org.junit.runner.JUnitCore.run(JUnitCore.java:137)
	at org.junit.runner.JUnitCore.run(JUnitCore.java:115)
	at org.junit.runner.JUnitCore.run(JUnitCore.java:105)
	at com.kms.katalon.core.cucumber.keyword.CucumberBuiltinKeywords$_runWithCucumberRunner_closure3.doCall(CucumberBuiltinKeywords.groovy:260)
	at com.kms.katalon.core.cucumber.keyword.CucumberBuiltinKeywords$_runWithCucumberRunner_closure3.doCall(CucumberBuiltinKeywords.groovy)
	at com.kms.katalon.core.keyword.internal.KeywordMain.runKeyword(KeywordMain.groovy:66)
	at com.kms.katalon.core.keyword.internal.KeywordMain$runKeyword.call(Unknown Source)
	at com.kms.katalon.core.cucumber.keyword.CucumberBuiltinKeywords.runWithCucumberRunner(CucumberBuiltinKeywords.groovy:257)
	at com.kms.katalon.core.cucumber.keyword.CucumberBuiltinKeywords$runWithCucumberRunner$0.callStatic(Unknown Source)
	at com.kms.katalon.core.cucumber.keyword.CucumberBuiltinKeywords.runWithCucumberRunner(CucumberBuiltinKeywords.groovy:357)
	at com.kms.katalon.core.cucumber.keyword.CucumberBuiltinKeywords$runWithCucumberRunner.call(Unknown Source)
	at TC_SiteManagement.run(TC_SiteManagement:17)
	at com.kms.katalon.core.main.ScriptEngine.run(ScriptEngine.java:194)
	at com.kms.katalon.core.main.ScriptEngine.runScriptAsRawText(ScriptEngine.java:119)
	at com.kms.katalon.core.main.TestCaseExecutor.runScript(TestCaseExecutor.java:336)
	at com.kms.katalon.core.main.TestCaseExecutor.doExecute(TestCaseExecutor.java:327)
	at com.kms.katalon.core.main.TestCaseExecutor.processExecutionPhase(TestCaseExecutor.java:306)
	at com.kms.katalon.core.main.TestCaseExecutor.accessMainPhase(TestCaseExecutor.java:298)
	at com.kms.katalon.core.main.TestCaseExecutor.execute(TestCaseExecutor.java:232)
	at com.kms.katalon.core.main.TestSuiteExecutor.accessTestCaseMainPhase(TestSuiteExecutor.java:129)
	at com.kms.katalon.core.main.TestSuiteExecutor.accessTestSuiteMainPhase(TestSuiteExecutor.java:112)
	at com.kms.katalon.core.main.TestSuiteExecutor.execute(TestSuiteExecutor.java:81)
	at com.kms.katalon.core.main.TestCaseMain.startTestSuite(TestCaseMain.java:157)
	at com.kms.katalon.core.main.TestCaseMain$startTestSuite$0.call(Unknown Source)
	at TempTestSuite1565084212185.run(TempTestSuite1565084212185.groovy:35)
Caused by: com.kms.katalon.core.exception.StepFailedException: com.kms.katalon.core.webui.exception.WebElementNotFoundException: Web element with id: '' located by 'By.xpath: //*[@id='global-header']/div/nav/div/a[2]/span' not found
	at com.kms.katalon.core.webui.keyword.internal.WebUIKeywordMain.stepFailed(WebUIKeywordMain.groovy:64)
	at com.kms.katalon.core.webui.keyword.builtin.VerifyElementPresentKeyword$_verifyElementPresent_closure1.doCall(VerifyElementPresentKeyword.groovy:85)
	at com.kms.katalon.core.webui.keyword.builtin.VerifyElementPresentKeyword$_verifyElementPresent_closure1.call(VerifyElementPresentKeyword.groovy)
	at com.kms.katalon.core.webui.keyword.internal.WebUIKeywordMain.runKeyword(WebUIKeywordMain.groovy:20)
	... 133 more
)
[[ATTACHMENT|H:\\USGBC_NewApproach1\\USGBC_LEED\\Reports\\Demo_SM\\20190806_150652\\1565084272707.png]]

2019-08-06 15:07:52 - [MESSAGE][INFO] - ########--loop---########

2019-08-06 15:08:52 - [MESSAGE][PASSED] - Delayed 60 second(s)

2019-08-06 15:08:53 - [MESSAGE][PASSED] - The form containing object: '' is submitted

2019-08-06 15:08:53 - [MESSAGE][PASSED] - Run with 'common.LoginRunner' was passed

2019-08-06 15:08:53 - [MESSAGE][PASSED] - Call Test Case 'Test Cases/TC_Login' successfully

2019-08-06 15:08:57 - [MESSAGE][PASSED] - Object: '' is clicked on

2019-08-06 15:08:58 - [MESSAGE][PASSED] - Object: '' is clicked on

2019-08-06 15:09:00 - [MESSAGE][PASSED] - Delayed 2 second(s)

2019-08-06 15:09:02 - [MESSAGE][PASSED] - Text of object '' is: 'ATTEMPTED'

2019-08-06 15:09:05 - [MESSAGE][PASSED] - Delayed 3 second(s)

2019-08-06 15:09:07 - [MESSAGE][PASSED] - Delayed 2 second(s)

2019-08-06 15:09:07 - [MESSAGE][PASSED] - Object: '' is clicked on

2019-08-06 15:09:07 - [MESSAGE][PASSED] - Text of object '' is: 'Site Management'

2019-08-06 15:09:10 - [MESSAGE][PASSED] - Delayed 3 second(s)

2019-08-06 15:09:13 - [MESSAGE][PASSED] - Object: '' is clicked on

2019-08-06 15:09:18 - [MESSAGE][PASSED] - Delayed 5 second(s)

2019-08-06 15:09:18 - [MESSAGE][PASSED] - Object '' has attribute 'class' with value 'tiny ui button'

2019-08-06 15:09:25 - [MESSAGE][PASSED] - Delayed 7 second(s)

2019-08-06 15:09:25 - [MESSAGE][PASSED] - File 'H:\USGBC_NewApproach1\USGBC_LEED\Include\TestData\FilesToUpload\COO_1.pdf' sent to object: ''

2019-08-06 15:09:25 - [MESSAGE][PASSED] - Object '' has attribute 'class' with value 'tiny ui button'

2019-08-06 15:09:32 - [MESSAGE][PASSED] - Delayed 7 second(s)

2019-08-06 15:09:32 - [MESSAGE][PASSED] - File 'H:\USGBC_NewApproach1\USGBC_LEED\Include\TestData\FilesToUpload\ZZ.pdf' sent to object: ''

2019-08-06 15:09:36 - [MESSAGE][PASSED] - Delayed 3 second(s)

2019-08-06 15:09:36 - [MESSAGE][PASSED] - Object '' has attribute 'class' with value 'tiny ui button'

2019-08-06 15:09:43 - [MESSAGE][PASSED] - Delayed 7 second(s)

2019-08-06 15:09:43 - [MESSAGE][PASSED] - File 'H:\USGBC_NewApproach1\USGBC_LEED\Include\TestData\FilesToUpload\COO_1.pdf' sent to object: ''

2019-08-06 15:09:43 - [MESSAGE][PASSED] - Object '' has attribute 'class' with value 'tiny ui button'

2019-08-06 15:09:50 - [MESSAGE][PASSED] - Delayed 7 second(s)

2019-08-06 15:09:50 - [MESSAGE][PASSED] - File 'H:\USGBC_NewApproach1\USGBC_LEED\Include\TestData\FilesToUpload\ZZ.pdf' sent to object: ''

2019-08-06 15:09:53 - [MESSAGE][PASSED] - Delayed 3 second(s)

2019-08-06 15:09:53 - [MESSAGE][PASSED] - Object '' has attribute 'class' with value 'tiny ui button'

2019-08-06 15:10:00 - [MESSAGE][PASSED] - Delayed 7 second(s)

2019-08-06 15:10:00 - [MESSAGE][PASSED] - File 'H:\USGBC_NewApproach1\USGBC_LEED\Include\TestData\FilesToUpload\COO_1.pdf' sent to object: ''

2019-08-06 15:10:00 - [MESSAGE][PASSED] - Object '' has attribute 'class' with value 'tiny ui button'

2019-08-06 15:10:07 - [MESSAGE][PASSED] - Delayed 7 second(s)

2019-08-06 15:10:07 - [MESSAGE][PASSED] - File 'H:\USGBC_NewApproach1\USGBC_LEED\Include\TestData\FilesToUpload\ZZ.pdf' sent to object: ''

2019-08-06 15:10:10 - [MESSAGE][PASSED] - Delayed 3 second(s)

2019-08-06 15:10:10 - [MESSAGE][PASSED] - Text of object '' is: 'ZZ.pdf'

2019-08-06 15:10:12 - [MESSAGE][PASSED] - Delayed 2 second(s)

2019-08-06 15:10:14 - [MESSAGE][PASSED] - Delayed 2 second(s)

2019-08-06 15:10:14 - [MESSAGE][PASSED] - ZZ.pdf is equal to ZZ.pdf

2019-08-06 15:10:14 - [MESSAGE][PASSED] - Actual text 'ZZ.pdf' and expected text 'ZZ.pdf' are matched 

2019-08-06 15:10:14 - [MESSAGE][PASSED] - Text of object '' is: 'COO_1.pdf'

2019-08-06 15:10:16 - [MESSAGE][PASSED] - Delayed 2 second(s)

2019-08-06 15:10:17 - [MESSAGE][PASSED] - COO_1.pdf is equal to COO_1.pdf

2019-08-06 15:10:17 - [MESSAGE][PASSED] - Actual text 'COO_1.pdf' and expected text 'COO_1.pdf' are matched 

2019-08-06 15:10:17 - [MESSAGE][PASSED] - Text of object '' is: 'ZZ.pdf'

2019-08-06 15:10:19 - [MESSAGE][PASSED] - Delayed 2 second(s)

2019-08-06 15:10:21 - [MESSAGE][PASSED] - Delayed 2 second(s)

2019-08-06 15:10:21 - [MESSAGE][PASSED] - ZZ.pdf is equal to ZZ.pdf

2019-08-06 15:10:21 - [MESSAGE][PASSED] - Actual text 'ZZ.pdf' and expected text 'ZZ.pdf' are matched 

2019-08-06 15:10:21 - [MESSAGE][PASSED] - Text of object '' is: 'COO_1.pdf'

2019-08-06 15:10:23 - [MESSAGE][PASSED] - Delayed 2 second(s)

2019-08-06 15:10:23 - [MESSAGE][PASSED] - COO_1.pdf is equal to COO_1.pdf

2019-08-06 15:10:23 - [MESSAGE][PASSED] - Actual text 'COO_1.pdf' and expected text 'COO_1.pdf' are matched 

2019-08-06 15:10:23 - [MESSAGE][PASSED] - Text of object '' is: 'ZZ.pdf'

2019-08-06 15:10:25 - [MESSAGE][PASSED] - Delayed 2 second(s)

2019-08-06 15:10:27 - [MESSAGE][PASSED] - Delayed 2 second(s)

2019-08-06 15:10:27 - [MESSAGE][PASSED] - ZZ.pdf is equal to ZZ.pdf

2019-08-06 15:10:27 - [MESSAGE][PASSED] - Actual text 'ZZ.pdf' and expected text 'ZZ.pdf' are matched 

2019-08-06 15:10:27 - [MESSAGE][PASSED] - Text of object '' is: 'COO_1.pdf'

2019-08-06 15:10:29 - [MESSAGE][PASSED] - Delayed 2 second(s)

2019-08-06 15:10:29 - [MESSAGE][PASSED] - COO_1.pdf is equal to COO_1.pdf

2019-08-06 15:10:29 - [MESSAGE][PASSED] - Actual text 'COO_1.pdf' and expected text 'COO_1.pdf' are matched 

2019-08-06 15:10:32 - [MESSAGE][PASSED] - Text 'Known that everybody have the personal aim. It is defferent . For example, there are some people think that the most important thing in them life is career. While there are other people think that is family. me too. The most important thing with my life is my small and big family.KJKNY' is set on object ''

2019-08-06 15:10:34 - [MESSAGE][PASSED] - Delayed 2 second(s)

2019-08-06 15:10:34 - [MESSAGE][PASSED] - Text of object '' is: 'Known that everybody have the personal aim. It is defferent . For example, there are some people think that the most important thing in them life is career. While there are other people think that is family. me too. The most important thing with my life is my small and big family.KJKNY'

2019-08-06 15:10:34 - [MESSAGE][PASSED] - Actual text 'Known that everybody have the personal aim. It is defferent . For example, there are some people think that the most important thing in them life is career. While there are other people think that is family. me too. The most important thing with my life is my small and big family.KJKNY' and expected text 'Known that everybody have the personal aim. It is defferent . For example, there are some people think that the most important thing in them life is career. While there are other people think that is family. me too. The most important thing with my life is my small and big family.KJKNY' are matched 

2019-08-06 15:10:34 - [MESSAGE][PASSED] - Object: '' is clicked on

2019-08-06 15:10:38 - [MESSAGE][PASSED] - Delayed 4 second(s)

2019-08-06 15:10:38 - [MESSAGE][PASSED] - Text 'Form data saved successfully.' is present on page 

2019-08-06 15:10:44 - [MESSAGE][PASSED] - Delayed 6 second(s)

2019-08-06 15:10:46 - [MESSAGE][PASSED] - Delayed 2 second(s)

2019-08-06 15:10:46 - [MESSAGE][PASSED] - Object '' is present

2019-08-06 15:10:46 - [MESSAGE][PASSED] - Object: '' is clicked on

2019-08-06 15:10:56 - [MESSAGE][PASSED] - Delayed 10 second(s)

2019-08-06 15:11:02 - [MESSAGE][PASSED] - Delayed 6 second(s)

2019-08-06 15:11:03 - [MESSAGE][PASSED] - Text of object '' is: 'Known that everybody have the personal aim. It is defferent . For example, there are some people think that the most important thing in them life is career. While there are other people think that is family. me too. The most important thing with my life is my small and big family.KJKNY'

2019-08-06 15:11:03 - [MESSAGE][PASSED] - Actual text 'Found' and expected text 'Found' are matched 

2019-08-06 15:11:03 - [MESSAGE][PASSED] - Actual text 'Found' and expected text 'Found' are matched 

2019-08-06 15:11:03 - [MESSAGE][PASSED] - Actual text 'Found' and expected text 'Found' are matched 

2019-08-06 15:11:03 - [MESSAGE][PASSED] - Actual text 'Found' and expected text 'Found' are matched 

2019-08-06 15:11:05 - [MESSAGE][PASSED] - Navigate back successfully

2019-08-06 15:11:07 - [MESSAGE][PASSED] - Delayed 2 second(s)

2019-08-06 15:11:07 - [MESSAGE][PASSED] - Object: '' is clicked on

2019-08-06 15:11:12 - [MESSAGE][PASSED] - Delayed 5 second(s)

2019-08-06 15:11:14 - [MESSAGE][PASSED] - Delayed 2 second(s)

2019-08-06 15:11:15 - [MESSAGE][PASSED] - Navigate forward successfully

2019-08-06 15:11:17 - [MESSAGE][PASSED] - Delayed 2 second(s)

2019-08-06 15:11:22 - [MESSAGE][PASSED] - Delayed 5 second(s)

2019-08-06 15:11:22 - [MESSAGE][PASSED] - Object: '' is clicked on

2019-08-06 15:11:22 - [MESSAGE][PASSED] - Text of object '' is: 'COO_1.pdf'

2019-08-06 15:11:27 - [MESSAGE][PASSED] - Delayed 5 second(s)

2019-08-06 15:11:27 - [MESSAGE][PASSED] - Object: '' is hovered

2019-08-06 15:11:29 - [MESSAGE][PASSED] - Delayed 2 second(s)

2019-08-06 15:11:31 - [MESSAGE][PASSED] - Delayed 2 second(s)

2019-08-06 15:11:37 - [MESSAGE][PASSED] - Delayed 5 second(s)

2019-08-06 15:11:37 - [MESSAGE][PASSED] - Object: '' is clicked on

2019-08-06 15:11:37 - [MESSAGE][PASSED] - Text of object '' is: 'ZZ.pdf'

2019-08-06 15:11:42 - [MESSAGE][PASSED] - Delayed 5 second(s)

2019-08-06 15:11:42 - [MESSAGE][PASSED] - Object: '' is hovered

2019-08-06 15:11:44 - [MESSAGE][PASSED] - Delayed 2 second(s)

2019-08-06 15:11:49 - [MESSAGE][PASSED] - Delayed 5 second(s)

2019-08-06 15:11:51 - [MESSAGE][PASSED] - Delayed 2 second(s)

2019-08-06 15:11:52 - [MESSAGE][PASSED] - Delayed 1 second(s)

2019-08-06 15:11:52 - [MESSAGE][PASSED] - COO_1.pdf exist in H:/USGBC_NewApproach1/USGBC_LEED/Include/TestData/DownloadedFiles/TC_SiteManagement and was deleted

2019-08-06 15:11:52 - [MESSAGE][PASSED] - 

2019-08-06 15:11:52 - [MESSAGE][PASSED] - Actual text 'COO_1.pdf' and expected text 'COO_1.pdf' are matched 

2019-08-06 15:11:54 - [MESSAGE][PASSED] - Delayed 2 second(s)

2019-08-06 15:11:56 - [MESSAGE][PASSED] - Delayed 2 second(s)

2019-08-06 15:11:57 - [MESSAGE][PASSED] - Delayed 1 second(s)

2019-08-06 15:11:57 - [MESSAGE][PASSED] - ZZ.pdf exist in H:/USGBC_NewApproach1/USGBC_LEED/Include/TestData/DownloadedFiles/TC_SiteManagement and was deleted

2019-08-06 15:11:57 - [MESSAGE][PASSED] - 

2019-08-06 15:11:57 - [MESSAGE][PASSED] - Actual text 'ZZ.pdf' and expected text 'ZZ.pdf' are matched 

2019-08-06 15:11:59 - [MESSAGE][PASSED] - Delayed 2 second(s)

2019-08-06 15:12:01 - [MESSAGE][PASSED] - Delayed 2 second(s)

2019-08-06 15:12:06 - [MESSAGE][PASSED] - Delayed 5 second(s)

2019-08-06 15:12:06 - [MESSAGE][PASSED] - Object: '' is clicked on

2019-08-06 15:12:06 - [MESSAGE][PASSED] - Text of object '' is: 'COO_1.pdf'

2019-08-06 15:12:11 - [MESSAGE][PASSED] - Delayed 5 second(s)

2019-08-06 15:12:11 - [MESSAGE][PASSED] - Object: '' is hovered

2019-08-06 15:12:13 - [MESSAGE][PASSED] - Delayed 2 second(s)

2019-08-06 15:12:15 - [MESSAGE][PASSED] - Delayed 2 second(s)

2019-08-06 15:12:20 - [MESSAGE][PASSED] - Delayed 5 second(s)

2019-08-06 15:12:21 - [MESSAGE][PASSED] - Object: '' is clicked on

2019-08-06 15:12:21 - [MESSAGE][PASSED] - Text of object '' is: 'ZZ.pdf'

2019-08-06 15:12:26 - [MESSAGE][PASSED] - Delayed 5 second(s)

2019-08-06 15:12:26 - [MESSAGE][PASSED] - Object: '' is hovered

2019-08-06 15:12:28 - [MESSAGE][PASSED] - Delayed 2 second(s)

2019-08-06 15:12:33 - [MESSAGE][PASSED] - Delayed 5 second(s)

2019-08-06 15:12:35 - [MESSAGE][PASSED] - Delayed 2 second(s)

2019-08-06 15:12:36 - [MESSAGE][PASSED] - Delayed 1 second(s)

2019-08-06 15:12:36 - [MESSAGE][PASSED] - COO_1.pdf exist in H:/USGBC_NewApproach1/USGBC_LEED/Include/TestData/DownloadedFiles/TC_SiteManagement and was deleted

2019-08-06 15:12:36 - [MESSAGE][PASSED] - 

2019-08-06 15:12:36 - [MESSAGE][PASSED] - Actual text 'COO_1.pdf' and expected text 'COO_1.pdf' are matched 

2019-08-06 15:12:38 - [MESSAGE][PASSED] - Delayed 2 second(s)

2019-08-06 15:12:40 - [MESSAGE][PASSED] - Delayed 2 second(s)

2019-08-06 15:12:41 - [MESSAGE][PASSED] - Delayed 1 second(s)

2019-08-06 15:12:41 - [MESSAGE][PASSED] - ZZ.pdf exist in H:/USGBC_NewApproach1/USGBC_LEED/Include/TestData/DownloadedFiles/TC_SiteManagement and was deleted

2019-08-06 15:12:41 - [MESSAGE][PASSED] - 

2019-08-06 15:12:41 - [MESSAGE][PASSED] - Actual text 'ZZ.pdf' and expected text 'ZZ.pdf' are matched 

2019-08-06 15:12:43 - [MESSAGE][PASSED] - Delayed 2 second(s)

2019-08-06 15:12:45 - [MESSAGE][PASSED] - Delayed 2 second(s)

2019-08-06 15:12:50 - [MESSAGE][PASSED] - Delayed 5 second(s)

2019-08-06 15:12:50 - [MESSAGE][PASSED] - Object: '' is clicked on

2019-08-06 15:12:50 - [MESSAGE][PASSED] - Text of object '' is: 'COO_1.pdf'

2019-08-06 15:12:55 - [MESSAGE][PASSED] - Delayed 5 second(s)

2019-08-06 15:12:55 - [MESSAGE][PASSED] - Object: '' is hovered

2019-08-06 15:12:57 - [MESSAGE][PASSED] - Delayed 2 second(s)

2019-08-06 15:12:59 - [MESSAGE][PASSED] - Delayed 2 second(s)

2019-08-06 15:13:04 - [MESSAGE][PASSED] - Delayed 5 second(s)

2019-08-06 15:13:04 - [MESSAGE][PASSED] - Object: '' is clicked on

2019-08-06 15:13:04 - [MESSAGE][PASSED] - Text of object '' is: 'ZZ.pdf'

2019-08-06 15:13:09 - [MESSAGE][PASSED] - Delayed 5 second(s)

2019-08-06 15:13:09 - [MESSAGE][PASSED] - Object: '' is hovered

2019-08-06 15:13:11 - [MESSAGE][PASSED] - Delayed 2 second(s)

2019-08-06 15:13:16 - [MESSAGE][PASSED] - Delayed 5 second(s)

2019-08-06 15:13:19 - [MESSAGE][PASSED] - Delayed 2 second(s)

2019-08-06 15:13:20 - [MESSAGE][PASSED] - Delayed 1 second(s)

2019-08-06 15:13:20 - [MESSAGE][PASSED] - COO_1.pdf exist in H:/USGBC_NewApproach1/USGBC_LEED/Include/TestData/DownloadedFiles/TC_SiteManagement and was deleted

2019-08-06 15:13:20 - [MESSAGE][PASSED] - 

2019-08-06 15:13:20 - [MESSAGE][PASSED] - Actual text 'COO_1.pdf' and expected text 'COO_1.pdf' are matched 

2019-08-06 15:13:22 - [MESSAGE][PASSED] - Delayed 2 second(s)

2019-08-06 15:13:24 - [MESSAGE][PASSED] - Delayed 2 second(s)

2019-08-06 15:13:25 - [MESSAGE][PASSED] - Delayed 1 second(s)

2019-08-06 15:13:25 - [MESSAGE][PASSED] - ZZ.pdf exist in H:/USGBC_NewApproach1/USGBC_LEED/Include/TestData/DownloadedFiles/TC_SiteManagement and was deleted

2019-08-06 15:13:25 - [MESSAGE][PASSED] - 

2019-08-06 15:13:25 - [MESSAGE][PASSED] - Actual text 'ZZ.pdf' and expected text 'ZZ.pdf' are matched 

2019-08-06 15:13:27 - [MESSAGE][PASSED] - Delayed 2 second(s)

2019-08-06 15:13:27 - [MESSAGE][PASSED] - Object: '' is clicked on

2019-08-06 15:13:29 - [MESSAGE][PASSED] - Delayed 2 second(s)

2019-08-06 15:13:29 - [MESSAGE][PASSED] - Object: '' is clicked on

2019-08-06 15:13:32 - [MESSAGE][PASSED] - Delayed 3 second(s)

2019-08-06 15:13:32 - [MESSAGE][PASSED] - Object '' is present

2019-08-06 15:13:34 - [MESSAGE][PASSED] - Delayed 2 second(s)

2019-08-06 15:13:39 - [MESSAGE][PASSED] - Delayed 5 second(s)

2019-08-06 15:13:39 - [MESSAGE][PASSED] - Object: '' is clicked on

2019-08-06 15:13:41 - [MESSAGE][PASSED] - Delayed 2 second(s)

2019-08-06 15:13:41 - [MESSAGE][PASSED] - Object: '' is clicked on

2019-08-06 15:13:43 - [MESSAGE][PASSED] - Delayed 2 second(s)

2019-08-06 15:13:45 - [MESSAGE][PASSED] - Delayed 2 second(s)

2019-08-06 15:13:50 - [MESSAGE][PASSED] - Delayed 5 second(s)

2019-08-06 15:13:51 - [MESSAGE][PASSED] - Object: '' is clicked on

2019-08-06 15:13:53 - [MESSAGE][PASSED] - Delayed 2 second(s)

2019-08-06 15:13:53 - [MESSAGE][PASSED] - Object: '' is clicked on

2019-08-06 15:13:55 - [MESSAGE][PASSED] - Delayed 2 second(s)

2019-08-06 15:14:00 - [MESSAGE][PASSED] - Delayed 5 second(s)

2019-08-06 15:14:00 - [MESSAGE][PASSED] - Web element with id: '' located by 'By.xpath: (//table[@class='ui collapsing celled table unstackable'])[3]' is not present after '2' second(s)

2019-08-06 15:14:02 - [MESSAGE][PASSED] - Delayed 2 second(s)

2019-08-06 15:14:07 - [MESSAGE][PASSED] - Delayed 5 second(s)

2019-08-06 15:14:07 - [MESSAGE][PASSED] - Object: '' is clicked on

2019-08-06 15:14:09 - [MESSAGE][PASSED] - Delayed 2 second(s)

2019-08-06 15:14:09 - [MESSAGE][PASSED] - Object: '' is clicked on

2019-08-06 15:14:11 - [MESSAGE][PASSED] - Delayed 2 second(s)

2019-08-06 15:14:13 - [MESSAGE][PASSED] - Delayed 2 second(s)

2019-08-06 15:14:18 - [MESSAGE][PASSED] - Delayed 5 second(s)

2019-08-06 15:14:18 - [MESSAGE][PASSED] - Object: '' is clicked on

2019-08-06 15:14:20 - [MESSAGE][PASSED] - Delayed 2 second(s)

2019-08-06 15:14:20 - [MESSAGE][PASSED] - Object: '' is clicked on

2019-08-06 15:14:22 - [MESSAGE][PASSED] - Delayed 2 second(s)

2019-08-06 15:14:27 - [MESSAGE][PASSED] - Delayed 5 second(s)

2019-08-06 15:14:27 - [MESSAGE][PASSED] - Web element with id: '' located by 'By.xpath: (//table[@class='ui collapsing celled table unstackable'])[2]' is not present after '2' second(s)

2019-08-06 15:14:30 - [MESSAGE][PASSED] - Delayed 2 second(s)

2019-08-06 15:14:35 - [MESSAGE][PASSED] - Delayed 5 second(s)

2019-08-06 15:14:35 - [MESSAGE][PASSED] - Object: '' is clicked on

2019-08-06 15:14:37 - [MESSAGE][PASSED] - Delayed 2 second(s)

2019-08-06 15:14:37 - [MESSAGE][PASSED] - Object: '' is clicked on

2019-08-06 15:14:39 - [MESSAGE][PASSED] - Delayed 2 second(s)

2019-08-06 15:14:41 - [MESSAGE][PASSED] - Delayed 2 second(s)

2019-08-06 15:14:46 - [MESSAGE][PASSED] - Delayed 5 second(s)

2019-08-06 15:14:46 - [MESSAGE][PASSED] - Object: '' is clicked on

2019-08-06 15:14:48 - [MESSAGE][PASSED] - Delayed 2 second(s)

2019-08-06 15:14:48 - [MESSAGE][PASSED] - Object: '' is clicked on

2019-08-06 15:14:50 - [MESSAGE][PASSED] - Delayed 2 second(s)

2019-08-06 15:14:55 - [MESSAGE][PASSED] - Delayed 5 second(s)

2019-08-06 15:14:55 - [MESSAGE][PASSED] - Web element with id: '' located by 'By.xpath: (//table[@class='ui collapsing celled table unstackable'])[1]' is not present after '2' second(s)

2019-08-06 15:14:56 - [TEST_CASE][PASSED] - Test Cases/TC_Login: Test Cases/TC_Login

2019-08-06 15:14:56 - [TEST_STEP][PASSED] - runWithCucumberRunner(common.LoginRunner): Run with 'common.LoginRunner' was passed

2019-08-06 15:14:56 - [MESSAGE][WARNING] - A browser is already opened. Closing browser and opening a new one

2019-08-06 15:14:57 - [MESSAGE][INFO] - Starting 'Chrome (headless)' driver

2019-08-06 15:15:00 - [MESSAGE][PASSED] - Browser is opened with url: ''

2019-08-06 15:15:02 - [MESSAGE][PASSED] - Current window maximized

2019-08-06 15:15:12 - [MESSAGE][PASSED] - Navigate to 'https://leedonline-stg.usgbc.org' successfully

2019-08-06 15:15:12 - [MESSAGE][PASSED] - Text 'automationbdd7@gmail.com' is set on object ''

2019-08-06 15:15:12 - [MESSAGE][PASSED] - Text 'initpass' is set on object ''

2019-08-06 15:15:15 - [MESSAGE][PASSED] - Delayed 3 second(s)

2019-08-06 15:15:16 - [MESSAGE][PASSED] - Scroll to object '' successfully

2019-08-06 15:15:16 - [MESSAGE][PASSED] - Object '' is checked

2019-08-06 15:15:20 - [MESSAGE][PASSED] - Delayed 4 second(s)

2019-08-06 15:15:20 - [MESSAGE][PASSED] - The form containing object: '' is submitted

2019-08-06 15:15:25 - [MESSAGE][PASSED] - Delayed 5 second(s)

2019-08-06 15:15:25 - [MESSAGE][PASSED] - Object '' is present

2019-08-06 15:15:25 - [MESSAGE][PASSED] - Run with 'common.LoginRunner' was passed

2019-08-06 15:15:25 - [MESSAGE][PASSED] - Call Test Case 'Test Cases/TC_Login' successfully

2019-08-06 15:15:26 - [MESSAGE][PASSED] - Object: '' is clicked on

2019-08-06 15:15:27 - [MESSAGE][PASSED] - Object: '' is clicked on

2019-08-06 15:15:29 - [MESSAGE][PASSED] - Delayed 2 second(s)

2019-08-06 15:15:30 - [MESSAGE][PASSED] - Text of object '' is: 'READY FOR REVIEW'

2019-08-06 15:15:30 - [MESSAGE][PASSED] - Object: '' is clicked on

2019-08-06 15:15:35 - [MESSAGE][PASSED] - Delayed 5 second(s)

2019-08-06 15:15:38 - [MESSAGE][PASSED] - Delayed 3 second(s)

2019-08-06 15:15:40 - [MESSAGE][PASSED] - Delayed 2 second(s)

2019-08-06 15:15:40 - [MESSAGE][PASSED] - Object: '' is clicked on

2019-08-06 15:15:40 - [MESSAGE][PASSED] - Text of object '' is: 'Site Management'

2019-08-06 15:15:43 - [MESSAGE][PASSED] - Delayed 3 second(s)

2019-08-06 15:15:49 - [MESSAGE][PASSED] - Object: '' is clicked on

2019-08-06 15:15:54 - [MESSAGE][PASSED] - Delayed 5 second(s)

2019-08-06 15:15:55 - [MESSAGE][PASSED] - Text 'Because I see the mind is the most important.X7WP6' is set on object ''

2019-08-06 15:15:57 - [MESSAGE][PASSED] - Delayed 2 second(s)

2019-08-06 15:15:57 - [MESSAGE][PASSED] - Text of object '' is: 'Because I see the mind is the most important.X7WP6'

2019-08-06 15:15:57 - [MESSAGE][PASSED] - Actual text 'Because I see the mind is the most important.X7WP6' and expected text 'Because I see the mind is the most important.X7WP6' are matched 

2019-08-06 15:16:07 - [MESSAGE][PASSED] - Delayed 10 second(s)

2019-08-06 15:16:07 - [MESSAGE][PASSED] - Text of object '' is: 'Last draft saved on: 06 Aug 2019 03:15:56 PM  Clear draft'

2019-08-06 15:16:07 - [MESSAGE][PASSED] - Actual text 'null' and expected text 'Last draft saved on: 06 Aug 2019 03:15:56 PM  Clear draft' are not matched 

2019-08-06 15:16:17 - [MESSAGE][PASSED] - Delayed 10 second(s)

2019-08-06 15:16:17 - [MESSAGE][PASSED] - Text of object '' is: 'Last draft saved on: 06 Aug 2019 03:15:56 PM  Clear draft'

2019-08-06 15:16:17 - [MESSAGE][PASSED] - Actual text 'Last draft saved on: 06 Aug 2019 03:15:56 PM  Clear draft' and expected text 'Last draft saved on: 06 Aug 2019 03:15:56 PM  Clear draft' are matched 

2019-08-06 15:16:17 - [MESSAGE][PASSED] - Object '' has attribute 'class' with value 'tiny ui button'

2019-08-06 15:16:24 - [MESSAGE][PASSED] - Delayed 7 second(s)

2019-08-06 15:16:24 - [MESSAGE][PASSED] - File 'H:\USGBC_NewApproach1\USGBC_LEED\Include\TestData\FilesToUpload\COO_1.pdf' sent to object: ''

2019-08-06 15:16:24 - [MESSAGE][PASSED] - Object '' has attribute 'class' with value 'tiny ui button'

2019-08-06 15:16:31 - [MESSAGE][PASSED] - Delayed 7 second(s)

2019-08-06 15:16:31 - [MESSAGE][PASSED] - File 'H:\USGBC_NewApproach1\USGBC_LEED\Include\TestData\FilesToUpload\ZZ.pdf' sent to object: ''

2019-08-06 15:16:34 - [MESSAGE][PASSED] - Delayed 3 second(s)

2019-08-06 15:16:34 - [MESSAGE][PASSED] - Object '' has attribute 'class' with value 'tiny ui button'

2019-08-06 15:16:41 - [MESSAGE][PASSED] - Delayed 7 second(s)

2019-08-06 15:16:42 - [MESSAGE][PASSED] - File 'H:\USGBC_NewApproach1\USGBC_LEED\Include\TestData\FilesToUpload\COO_1.pdf' sent to object: ''

2019-08-06 15:16:42 - [MESSAGE][PASSED] - Object '' has attribute 'class' with value 'tiny ui button'

2019-08-06 15:16:49 - [MESSAGE][PASSED] - Delayed 7 second(s)

2019-08-06 15:16:49 - [MESSAGE][PASSED] - File 'H:\USGBC_NewApproach1\USGBC_LEED\Include\TestData\FilesToUpload\ZZ.pdf' sent to object: ''

2019-08-06 15:16:52 - [MESSAGE][PASSED] - Delayed 3 second(s)

2019-08-06 15:16:52 - [MESSAGE][PASSED] - Object '' has attribute 'class' with value 'tiny ui button'

2019-08-06 15:16:59 - [MESSAGE][PASSED] - Delayed 7 second(s)

2019-08-06 15:16:59 - [MESSAGE][PASSED] - File 'H:\USGBC_NewApproach1\USGBC_LEED\Include\TestData\FilesToUpload\COO_1.pdf' sent to object: ''

2019-08-06 15:16:59 - [MESSAGE][PASSED] - Object '' has attribute 'class' with value 'tiny ui button'

2019-08-06 15:17:06 - [MESSAGE][PASSED] - Delayed 7 second(s)

2019-08-06 15:17:06 - [MESSAGE][PASSED] - File 'H:\USGBC_NewApproach1\USGBC_LEED\Include\TestData\FilesToUpload\ZZ.pdf' sent to object: ''

2019-08-06 15:17:09 - [MESSAGE][PASSED] - Delayed 3 second(s)

2019-08-06 15:17:19 - [MESSAGE][PASSED] - Delayed 10 second(s)

2019-08-06 15:17:19 - [MESSAGE][PASSED] - Text of object '' is: 'Last draft saved on: 06 Aug 2019 03:15:56 PM  Clear draft'

2019-08-06 15:17:19 - [MESSAGE][PASSED] - Actual text 'Last draft saved on: 06 Aug 2019 03:15:56 PM  Clear draft' and expected text 'Last draft saved on: 06 Aug 2019 03:15:56 PM  Clear draft' are matched 

2019-08-06 15:17:19 - [MESSAGE][PASSED] - Object: '' is clicked on

2019-08-06 15:17:20 - [MESSAGE][PASSED] - Object: '' is clicked on

2019-08-06 15:17:22 - [MESSAGE][PASSED] - Delayed 2 second(s)

2019-08-06 15:17:22 - [TEST_CASE][PASSED] - Test Cases/TC_Login: Test Cases/TC_Login

2019-08-06 15:17:22 - [TEST_STEP][PASSED] - runWithCucumberRunner(common.LoginRunner): Run with 'common.LoginRunner' was passed

2019-08-06 15:17:22 - [MESSAGE][WARNING] - A browser is already opened. Closing browser and opening a new one

2019-08-06 15:17:23 - [MESSAGE][INFO] - Starting 'Chrome (headless)' driver

2019-08-06 15:17:26 - [MESSAGE][PASSED] - Browser is opened with url: ''

2019-08-06 15:17:27 - [MESSAGE][PASSED] - Current window maximized

2019-08-06 15:17:40 - [MESSAGE][PASSED] - Navigate to 'https://leedonline-stg.usgbc.org' successfully

2019-08-06 15:17:40 - [MESSAGE][PASSED] - Text 'automationbdd7@gmail.com' is set on object ''

2019-08-06 15:17:40 - [MESSAGE][PASSED] - Text 'initpass' is set on object ''

2019-08-06 15:17:43 - [MESSAGE][PASSED] - Delayed 3 second(s)

2019-08-06 15:17:43 - [MESSAGE][PASSED] - Scroll to object '' successfully

2019-08-06 15:17:43 - [MESSAGE][PASSED] - Object '' is checked

2019-08-06 15:17:47 - [MESSAGE][PASSED] - Delayed 4 second(s)

2019-08-06 15:17:47 - [MESSAGE][PASSED] - The form containing object: '' is submitted

2019-08-06 15:17:52 - [MESSAGE][PASSED] - Delayed 5 second(s)

2019-08-06 15:17:53 - [MESSAGE][PASSED] - Object '' is present

2019-08-06 15:17:53 - [MESSAGE][PASSED] - Run with 'common.LoginRunner' was passed

2019-08-06 15:17:53 - [MESSAGE][PASSED] - Call Test Case 'Test Cases/TC_Login' successfully

2019-08-06 15:17:55 - [MESSAGE][PASSED] - Delayed 2 second(s)

2019-08-06 15:17:58 - [MESSAGE][PASSED] - Object: '' is clicked on

2019-08-06 15:18:00 - [MESSAGE][PASSED] - Delayed 2 second(s)

2019-08-06 15:18:04 - [MESSAGE][PASSED] - Object: '' is clicked on

2019-08-06 15:18:06 - [MESSAGE][PASSED] - Delayed 2 second(s)

2019-08-06 15:18:08 - [MESSAGE][PASSED] - Delayed 2 second(s)

2019-08-06 15:18:08 - [MESSAGE][PASSED] - Object: '' is clicked on

2019-08-06 15:18:08 - [MESSAGE][PASSED] - Text of object '' is: 'Site Management'

2019-08-06 15:18:11 - [MESSAGE][PASSED] - Delayed 3 second(s)

2019-08-06 15:18:19 - [MESSAGE][PASSED] - Object: '' is clicked on

2019-08-06 15:18:23 - [MESSAGE][PASSED] - Delayed 4 second(s)

2019-08-06 15:18:23 - [MESSAGE][PASSED] - Object '' is present

2019-08-06 15:18:23 - [MESSAGE][PASSED] - Text of object '' is: 'Last draft saved on: 06 Aug 2019 03:15:56 PM  Clear draft'

2019-08-06 15:18:23 - [MESSAGE][PASSED] - Actual text 'Last draft saved on: 06 Aug 2019 03:15:56 PM  Clear draft' and expected text 'Last draft saved on: 06 Aug 2019 03:15:56 PM  Clear draft' are matched 

2019-08-06 15:18:23 - [MESSAGE][PASSED] - Object: '' is clicked on

2019-08-06 15:18:27 - [MESSAGE][PASSED] - Delayed 4 second(s)

2019-08-06 15:18:30 - [MESSAGE][PASSED] - Delayed 2 second(s)

2019-08-06 15:18:35 - [MESSAGE][PASSED] - Delayed 5 second(s)

2019-08-06 15:18:35 - [MESSAGE][PASSED] - Object: '' is clicked on

2019-08-06 15:18:37 - [MESSAGE][PASSED] - Delayed 2 second(s)

2019-08-06 15:18:37 - [MESSAGE][PASSED] - Object: '' is clicked on

2019-08-06 15:18:39 - [MESSAGE][PASSED] - Delayed 2 second(s)

2019-08-06 15:18:41 - [MESSAGE][PASSED] - Delayed 2 second(s)

2019-08-06 15:18:46 - [MESSAGE][PASSED] - Delayed 5 second(s)

2019-08-06 15:18:46 - [MESSAGE][PASSED] - Object: '' is clicked on

2019-08-06 15:18:48 - [MESSAGE][PASSED] - Delayed 2 second(s)

2019-08-06 15:18:48 - [MESSAGE][PASSED] - Object: '' is clicked on

2019-08-06 15:18:50 - [MESSAGE][PASSED] - Delayed 2 second(s)

2019-08-06 15:18:55 - [MESSAGE][PASSED] - Delayed 5 second(s)

2019-08-06 15:18:55 - [MESSAGE][PASSED] - Web element with id: '' located by 'By.xpath: (//table[@class='ui collapsing celled table unstackable'])[3]' is not present after '2' second(s)

2019-08-06 15:18:57 - [MESSAGE][PASSED] - Delayed 2 second(s)

2019-08-06 15:19:02 - [MESSAGE][PASSED] - Delayed 5 second(s)

2019-08-06 15:19:02 - [MESSAGE][PASSED] - Object: '' is clicked on

2019-08-06 15:19:04 - [MESSAGE][PASSED] - Delayed 2 second(s)

2019-08-06 15:19:05 - [MESSAGE][PASSED] - Object: '' is clicked on

2019-08-06 15:19:07 - [MESSAGE][PASSED] - Delayed 2 second(s)

2019-08-06 15:19:09 - [MESSAGE][PASSED] - Delayed 2 second(s)

2019-08-06 15:19:14 - [MESSAGE][PASSED] - Delayed 5 second(s)

2019-08-06 15:19:14 - [MESSAGE][PASSED] - Object: '' is clicked on

2019-08-06 15:19:16 - [MESSAGE][PASSED] - Delayed 2 second(s)

2019-08-06 15:19:16 - [MESSAGE][PASSED] - Object: '' is clicked on

2019-08-06 15:19:18 - [MESSAGE][PASSED] - Delayed 2 second(s)

2019-08-06 15:19:23 - [MESSAGE][PASSED] - Delayed 5 second(s)

2019-08-06 15:19:23 - [MESSAGE][PASSED] - Web element with id: '' located by 'By.xpath: (//table[@class='ui collapsing celled table unstackable'])[2]' is not present after '2' second(s)

2019-08-06 15:19:25 - [MESSAGE][PASSED] - Delayed 2 second(s)

2019-08-06 15:19:30 - [MESSAGE][PASSED] - Delayed 5 second(s)

2019-08-06 15:19:30 - [MESSAGE][PASSED] - Object: '' is clicked on

2019-08-06 15:19:32 - [MESSAGE][PASSED] - Delayed 2 second(s)

2019-08-06 15:19:32 - [MESSAGE][PASSED] - Object: '' is clicked on

2019-08-06 15:19:34 - [MESSAGE][PASSED] - Delayed 2 second(s)

2019-08-06 15:19:36 - [MESSAGE][PASSED] - Delayed 2 second(s)

2019-08-06 15:19:41 - [MESSAGE][PASSED] - Delayed 5 second(s)

2019-08-06 15:19:42 - [MESSAGE][PASSED] - Object: '' is clicked on

2019-08-06 15:19:44 - [MESSAGE][PASSED] - Delayed 2 second(s)

2019-08-06 15:19:44 - [MESSAGE][PASSED] - Object: '' is clicked on

2019-08-06 15:19:46 - [MESSAGE][PASSED] - Delayed 2 second(s)

2019-08-06 15:19:51 - [MESSAGE][PASSED] - Delayed 5 second(s)

2019-08-06 15:19:51 - [MESSAGE][PASSED] - Web element with id: '' located by 'By.xpath: (//table[@class='ui collapsing celled table unstackable'])[1]' is not present after '2' second(s)

2019-08-06 15:19:51 - [MESSAGE][PASSED] - Web element with id: '' located by 'By.xpath: //a[contains(text(),'Clear draft')]' is not present after '3' second(s)

2019-08-06 15:19:51 - [MESSAGE][PASSED] - Web element with id: '' located by 'By.xpath: //div[contains(text(),'Form drafted and not yet saved!')]' is not present after '2' second(s)

2019-08-06 15:19:51 - [MESSAGE][PASSED] - Text 'Because I see the mind is the most important.S9OKE' is set on object ''

2019-08-06 15:19:53 - [MESSAGE][PASSED] - Delayed 2 second(s)

2019-08-06 15:19:53 - [MESSAGE][PASSED] - Text of object '' is: 'Because I see the mind is the most important.S9OKE'

2019-08-06 15:19:53 - [MESSAGE][PASSED] - Actual text 'Because I see the mind is the most important.S9OKE' and expected text 'Because I see the mind is the most important.S9OKE' are matched 

2019-08-06 15:20:03 - [MESSAGE][PASSED] - Delayed 10 second(s)

2019-08-06 15:20:03 - [MESSAGE][PASSED] - Text of object '' is: 'Last draft saved on: 06 Aug 2019 03:19:51 PM  Clear draft'

2019-08-06 15:20:03 - [MESSAGE][PASSED] - Actual text 'Last draft saved on: 06 Aug 2019 03:15:56 PM  Clear draft' and expected text 'Last draft saved on: 06 Aug 2019 03:19:51 PM  Clear draft' are not matched 

2019-08-06 15:20:07 - [MESSAGE][PASSED] - Delayed 4 second(s)

2019-08-06 15:20:08 - [MESSAGE][PASSED] - Object: '' is clicked on

2019-08-06 15:20:10 - [MESSAGE][PASSED] - Delayed 2 second(s)

2019-08-06 15:20:10 - [MESSAGE][PASSED] - Object: '' is clicked on

2019-08-06 15:20:15 - [MESSAGE][PASSED] - Delayed 5 second(s)

2019-08-06 15:20:15 - [MESSAGE][PASSED] - Web element with id: '' located by 'By.xpath: //a[contains(text(),'Clear draft')]' is not present after '2' second(s)

2019-08-06 15:20:19 - [MESSAGE][PASSED] - Delayed 4 second(s)

2019-08-06 15:20:19 - [MESSAGE][PASSED] - Run with 'runner_OM_ExistingBuildings.SiteManagementTestRunner' was passed]]></system-out>
         <system-err><![CDATA[]]></system-err>
      </testcase>
      <system-out><![CDATA[2019-08-06 15:06:56 - [TEST_SUITE][PASSED] - Demo_SM: Test Cases/OM_ExistingBuildings/TC_SiteManagement]]></system-out>
      <system-err><![CDATA[]]></system-err>
   </testsuite>
</testsuites>
