<?xml version="1.0" encoding="UTF-8"?>
<testsuites name="demo_EEBM" time="722" tests="0" failures="1" errors="0">
   <testsuite name="demo_EEBM" tests="0" failures="1" errors="0" time="722" timestamp="2019-08-05 16:26:02" hostname="promantus inc - G10PROLT025" id="Test Suites/demo_EEBM">
      <properties>
         <property name="deviceName" value=""/>
         <property name="devicePlatform" value=""/>
         <property name="logFolder" value="H:\\USGBC_NewApproach1\\USGBC_LEED\\Reports\\demo_EEBM\\20190805_162554"/>
         <property name="logFiles" value="H:\\USGBC_NewApproach1\\USGBC_LEED\\Reports\\demo_EEBM\\20190805_162554\\execution0.log"/>
         <property name="attachments" value="H:\\USGBC_NewApproach1\\USGBC_LEED\\Reports\\demo_EEBM\\20190805_162554\\1565003283458.png"/>
         <property name="hostName" value="promantus inc - G10PROLT025"/>
         <property name="os" value="Windows 10 64bit"/>
         <property name="katalonVersion" value="6.1.3.3"/>
         <property name="browser" value="Chrome 75.0.3770.142"/>
         <property name="hostAddress" value="192.168.232.1"/>
         <property name="sessionId" value="d975eb8609f709722c838c39db598403"/>
         <property name="seleniumVersion" value="3.7.1"/>
         <property name="proxyInformation" value="ProxyInformation{proxyOption=NO_PROXY, proxyServerType=HTTP, password=, proxyServerAddress=, proxyServerPort=0}"/>
         <property name="platform" value="Windows 10"/>
      </properties>
      <testcase name="Test Cases/OM_ExistingBuildings/TC_EnergyEfficiencyBestManagementPractices" classname="Test Cases/OM_ExistingBuildings/TC_EnergyEfficiencyBestManagementPractices" status="FAILED">
         <failure type="FAILED" message="Test Cases/OM_ExistingBuildings/TC_EnergyEfficiencyBestManagementPractices FAILED.
Reason:
com.kms.katalon.core.exception.StepFailedException: These following reason:
 [Unable to click on object '']
	at com.kms.katalon.core.keyword.internal.KeywordMain.stepFailed(KeywordMain.groovy:48)
	at com.kms.katalon.core.keyword.internal.KeywordMain.stepFailed(KeywordMain.groovy)
	at com.kms.katalon.core.keyword.internal.KeywordMain.stepFailed(KeywordMain.groovy:21)
	at com.kms.katalon.core.keyword.internal.KeywordMain$stepFailed$0.call(Unknown Source)
	at com.kms.katalon.core.cucumber.keyword.CucumberBuiltinKeywords$_runWithCucumberRunner_closure3.doCall(CucumberBuiltinKeywords.groovy:272)
	at com.kms.katalon.core.cucumber.keyword.CucumberBuiltinKeywords$_runWithCucumberRunner_closure3.doCall(CucumberBuiltinKeywords.groovy)
	at com.kms.katalon.core.keyword.internal.KeywordMain.runKeyword(KeywordMain.groovy:66)
	at com.kms.katalon.core.keyword.internal.KeywordMain$runKeyword.call(Unknown Source)
	at com.kms.katalon.core.cucumber.keyword.CucumberBuiltinKeywords.runWithCucumberRunner(CucumberBuiltinKeywords.groovy:257)
	at com.kms.katalon.core.cucumber.keyword.CucumberBuiltinKeywords$runWithCucumberRunner$0.callStatic(Unknown Source)
	at com.kms.katalon.core.cucumber.keyword.CucumberBuiltinKeywords.runWithCucumberRunner(CucumberBuiltinKeywords.groovy:357)
	at com.kms.katalon.core.cucumber.keyword.CucumberBuiltinKeywords$runWithCucumberRunner.call(Unknown Source)
	at TC_EnergyEfficiencyBestManagementPractices.run(TC_EnergyEfficiencyBestManagementPractices:17)
	at com.kms.katalon.core.main.ScriptEngine.run(ScriptEngine.java:194)
	at com.kms.katalon.core.main.ScriptEngine.runScriptAsRawText(ScriptEngine.java:119)
	at com.kms.katalon.core.main.TestCaseExecutor.runScript(TestCaseExecutor.java:336)
	at com.kms.katalon.core.main.TestCaseExecutor.doExecute(TestCaseExecutor.java:327)
	at com.kms.katalon.core.main.TestCaseExecutor.processExecutionPhase(TestCaseExecutor.java:306)
	at com.kms.katalon.core.main.TestCaseExecutor.accessMainPhase(TestCaseExecutor.java:298)
	at com.kms.katalon.core.main.TestCaseExecutor.execute(TestCaseExecutor.java:232)
	at com.kms.katalon.core.main.TestSuiteExecutor.accessTestCaseMainPhase(TestSuiteExecutor.java:129)
	at com.kms.katalon.core.main.TestSuiteExecutor.accessTestSuiteMainPhase(TestSuiteExecutor.java:112)
	at com.kms.katalon.core.main.TestSuiteExecutor.execute(TestSuiteExecutor.java:81)
	at com.kms.katalon.core.main.TestCaseMain.startTestSuite(TestCaseMain.java:157)
	at com.kms.katalon.core.main.TestCaseMain$startTestSuite$0.call(Unknown Source)
	at TempTestSuite1565002559329.run(TempTestSuite1565002559329.groovy:35)
"/>
         <system-out><![CDATA[2019-08-05 16:26:03 - [TEST_CASE][FAILED] - Test Cases/OM_ExistingBuildings/TC_EnergyEfficiencyBestManagementPractices: Test Cases/OM_ExistingBuildings/TC_EnergyEfficiencyBestManagementPractices FAILED.
Reason:
com.kms.katalon.core.exception.StepFailedException: These following reason:
 [Unable to click on object '']
	at com.kms.katalon.core.keyword.internal.KeywordMain.stepFailed(KeywordMain.groovy:48)
	at com.kms.katalon.core.keyword.internal.KeywordMain.stepFailed(KeywordMain.groovy)
	at com.kms.katalon.core.keyword.internal.KeywordMain.stepFailed(KeywordMain.groovy:21)
	at com.kms.katalon.core.keyword.internal.KeywordMain$stepFailed$0.call(Unknown Source)
	at com.kms.katalon.core.cucumber.keyword.CucumberBuiltinKeywords$_runWithCucumberRunner_closure3.doCall(CucumberBuiltinKeywords.groovy:272)
	at com.kms.katalon.core.cucumber.keyword.CucumberBuiltinKeywords$_runWithCucumberRunner_closure3.doCall(CucumberBuiltinKeywords.groovy)
	at com.kms.katalon.core.keyword.internal.KeywordMain.runKeyword(KeywordMain.groovy:66)
	at com.kms.katalon.core.keyword.internal.KeywordMain$runKeyword.call(Unknown Source)
	at com.kms.katalon.core.cucumber.keyword.CucumberBuiltinKeywords.runWithCucumberRunner(CucumberBuiltinKeywords.groovy:257)
	at com.kms.katalon.core.cucumber.keyword.CucumberBuiltinKeywords$runWithCucumberRunner$0.callStatic(Unknown Source)
	at com.kms.katalon.core.cucumber.keyword.CucumberBuiltinKeywords.runWithCucumberRunner(CucumberBuiltinKeywords.groovy:357)
	at com.kms.katalon.core.cucumber.keyword.CucumberBuiltinKeywords$runWithCucumberRunner.call(Unknown Source)
	at TC_EnergyEfficiencyBestManagementPractices.run(TC_EnergyEfficiencyBestManagementPractices:17)
	at com.kms.katalon.core.main.ScriptEngine.run(ScriptEngine.java:194)
	at com.kms.katalon.core.main.ScriptEngine.runScriptAsRawText(ScriptEngine.java:119)
	at com.kms.katalon.core.main.TestCaseExecutor.runScript(TestCaseExecutor.java:336)
	at com.kms.katalon.core.main.TestCaseExecutor.doExecute(TestCaseExecutor.java:327)
	at com.kms.katalon.core.main.TestCaseExecutor.processExecutionPhase(TestCaseExecutor.java:306)
	at com.kms.katalon.core.main.TestCaseExecutor.accessMainPhase(TestCaseExecutor.java:298)
	at com.kms.katalon.core.main.TestCaseExecutor.execute(TestCaseExecutor.java:232)
	at com.kms.katalon.core.main.TestSuiteExecutor.accessTestCaseMainPhase(TestSuiteExecutor.java:129)
	at com.kms.katalon.core.main.TestSuiteExecutor.accessTestSuiteMainPhase(TestSuiteExecutor.java:112)
	at com.kms.katalon.core.main.TestSuiteExecutor.execute(TestSuiteExecutor.java:81)
	at com.kms.katalon.core.main.TestCaseMain.startTestSuite(TestCaseMain.java:157)
	at com.kms.katalon.core.main.TestCaseMain$startTestSuite$0.call(Unknown Source)
	at TempTestSuite1565002559329.run(TempTestSuite1565002559329.groovy:35)


2019-08-05 16:26:03 - [TEST_STEP][PASSED] - Start listener action : sampleBeforeTestCase: null

2019-08-05 16:26:03 - [TEST_STEP][PASSED] - a = testCaseContext.getTestCaseId(): null

2019-08-05 16:26:03 - [TEST_STEP][PASSED] - lastWord = a.substring(a.lastIndexOf("/") + 1): null

2019-08-05 16:26:03 - [TEST_STEP][PASSED] - currentTestCaseId = lastWord: null

2019-08-05 16:26:03 - [TEST_STEP][PASSED] - println("GlobalVariable.currentTestCaseId#############" + lastWord): null

2019-08-05 16:26:05 - [TEST_STEP][FAILED] - runWithCucumberRunner(runner_OM_ExistingBuildings.EnergyEfficiencyBestManagementPractices): Keyword runWithCucumberRunner was failed (Root cause: com.kms.katalon.core.exception.StepFailedException: These following reason:
 [Unable to click on object '']
	at com.kms.katalon.core.keyword.internal.KeywordMain.stepFailed(KeywordMain.groovy:48)
	at com.kms.katalon.core.keyword.internal.KeywordMain.stepFailed(KeywordMain.groovy)
	at com.kms.katalon.core.keyword.internal.KeywordMain.stepFailed(KeywordMain.groovy:21)
	at com.kms.katalon.core.keyword.internal.KeywordMain$stepFailed$0.call(Unknown Source)
	at com.kms.katalon.core.cucumber.keyword.CucumberBuiltinKeywords$_runWithCucumberRunner_closure3.doCall(CucumberBuiltinKeywords.groovy:272)
	at com.kms.katalon.core.cucumber.keyword.CucumberBuiltinKeywords$_runWithCucumberRunner_closure3.doCall(CucumberBuiltinKeywords.groovy)
	at com.kms.katalon.core.keyword.internal.KeywordMain.runKeyword(KeywordMain.groovy:66)
	at com.kms.katalon.core.keyword.internal.KeywordMain$runKeyword.call(Unknown Source)
	at com.kms.katalon.core.cucumber.keyword.CucumberBuiltinKeywords.runWithCucumberRunner(CucumberBuiltinKeywords.groovy:257)
	at com.kms.katalon.core.cucumber.keyword.CucumberBuiltinKeywords$runWithCucumberRunner$0.callStatic(Unknown Source)
	at com.kms.katalon.core.cucumber.keyword.CucumberBuiltinKeywords.runWithCucumberRunner(CucumberBuiltinKeywords.groovy:357)
	at com.kms.katalon.core.cucumber.keyword.CucumberBuiltinKeywords$runWithCucumberRunner.call(Unknown Source)
	at TC_EnergyEfficiencyBestManagementPractices.run(TC_EnergyEfficiencyBestManagementPractices:17)
	at com.kms.katalon.core.main.ScriptEngine.run(ScriptEngine.java:194)
	at com.kms.katalon.core.main.ScriptEngine.runScriptAsRawText(ScriptEngine.java:119)
	at com.kms.katalon.core.main.TestCaseExecutor.runScript(TestCaseExecutor.java:336)
	at com.kms.katalon.core.main.TestCaseExecutor.doExecute(TestCaseExecutor.java:327)
	at com.kms.katalon.core.main.TestCaseExecutor.processExecutionPhase(TestCaseExecutor.java:306)
	at com.kms.katalon.core.main.TestCaseExecutor.accessMainPhase(TestCaseExecutor.java:298)
	at com.kms.katalon.core.main.TestCaseExecutor.execute(TestCaseExecutor.java:232)
	at com.kms.katalon.core.main.TestSuiteExecutor.accessTestCaseMainPhase(TestSuiteExecutor.java:129)
	at com.kms.katalon.core.main.TestSuiteExecutor.accessTestSuiteMainPhase(TestSuiteExecutor.java:112)
	at com.kms.katalon.core.main.TestSuiteExecutor.execute(TestSuiteExecutor.java:81)
	at com.kms.katalon.core.main.TestCaseMain.startTestSuite(TestCaseMain.java:157)
	at com.kms.katalon.core.main.TestCaseMain$startTestSuite$0.call(Unknown Source)
	at TempTestSuite1565002559329.run(TempTestSuite1565002559329.groovy:35)
)

2019-08-05 16:26:07 - [TEST_CASE][PASSED] - Test Cases/TC_Login: Test Cases/TC_Login

2019-08-05 16:26:07 - [TEST_STEP][PASSED] - runWithCucumberRunner(common.LoginRunner): Run with 'common.LoginRunner' was passed

2019-08-05 16:26:07 - [MESSAGE][INFO] - Starting 'Chrome' driver

2019-08-05 16:26:07 - [MESSAGE][INFO] - Action delay is set to 0 seconds

2019-08-05 16:26:11 - [MESSAGE][PASSED] - Browser is opened with url: ''

2019-08-05 16:26:13 - [MESSAGE][PASSED] - Current window maximized

2019-08-05 16:26:15 - [MESSAGE][PASSED] - Navigate to 'https://leedonline-stg.usgbc.org' successfully

2019-08-05 16:26:16 - [MESSAGE][PASSED] - Text 'automationbdd10@gmail.com' is set on object ''

2019-08-05 16:26:16 - [MESSAGE][PASSED] - Text 'initpass' is set on object ''

2019-08-05 16:26:19 - [MESSAGE][PASSED] - Delayed 3 second(s)

2019-08-05 16:26:19 - [MESSAGE][PASSED] - Scroll to object '' successfully

2019-08-05 16:26:19 - [MESSAGE][PASSED] - Object '' is checked

2019-08-05 16:26:23 - [MESSAGE][PASSED] - Delayed 4 second(s)

2019-08-05 16:26:24 - [MESSAGE][PASSED] - The form containing object: '' is submitted

2019-08-05 16:26:24 - [MESSAGE][PASSED] - Run with 'common.LoginRunner' was passed

2019-08-05 16:26:24 - [MESSAGE][PASSED] - Call Test Case 'Test Cases/TC_Login' successfully

2019-08-05 16:26:30 - [MESSAGE][PASSED] - Object: '' is clicked on

2019-08-05 16:26:32 - [MESSAGE][PASSED] - Object: '' is clicked on

2019-08-05 16:26:34 - [MESSAGE][PASSED] - Delayed 2 second(s)

2019-08-05 16:26:35 - [MESSAGE][PASSED] - Text of object '' is: 'ATTEMPTED'

2019-08-05 16:26:38 - [MESSAGE][PASSED] - Delayed 3 second(s)

2019-08-05 16:26:40 - [MESSAGE][PASSED] - Delayed 2 second(s)

2019-08-05 16:26:40 - [MESSAGE][PASSED] - Object: '' is clicked on

2019-08-05 16:26:40 - [MESSAGE][PASSED] - Text of object '' is: 'Energy Efficiency Best Management Practices'

2019-08-05 16:26:43 - [MESSAGE][PASSED] - Delayed 3 second(s)

2019-08-05 16:26:49 - [MESSAGE][PASSED] - Object: '' is clicked on

2019-08-05 16:26:54 - [MESSAGE][PASSED] - Delayed 5 second(s)

2019-08-05 16:26:54 - [MESSAGE][PASSED] - Text of object '' is: 'Energy Efficiency Best Management Practices'

2019-08-05 16:26:54 - [MESSAGE][PASSED] - Actual text 'Energy Efficiency Best Management Practices' and expected text 'Energy Efficiency Best Management Practices' are matched 

2019-08-05 16:26:54 - [MESSAGE][PASSED] - Text '(V01)' is present on page 

2019-08-05 16:26:54 - [MESSAGE][PASSED] - Object '' has attribute 'class' with value 'tiny ui button'

2019-08-05 16:27:01 - [MESSAGE][PASSED] - Delayed 7 second(s)

2019-08-05 16:27:01 - [MESSAGE][PASSED] - File 'H:\USGBC_NewApproach1\USGBC_LEED\Include\TestData\FilesToUpload\COO_1.pdf' sent to object: ''

2019-08-05 16:27:01 - [MESSAGE][PASSED] - Object '' has attribute 'class' with value 'tiny ui button'

2019-08-05 16:27:08 - [MESSAGE][PASSED] - Delayed 7 second(s)

2019-08-05 16:27:08 - [MESSAGE][PASSED] - File 'H:\USGBC_NewApproach1\USGBC_LEED\Include\TestData\FilesToUpload\ZZ.pdf' sent to object: ''

2019-08-05 16:27:11 - [MESSAGE][PASSED] - Delayed 3 second(s)

2019-08-05 16:27:12 - [MESSAGE][PASSED] - Object '' has attribute 'class' with value 'tiny ui button'

2019-08-05 16:27:19 - [MESSAGE][PASSED] - Delayed 7 second(s)

2019-08-05 16:27:19 - [MESSAGE][PASSED] - File 'H:\USGBC_NewApproach1\USGBC_LEED\Include\TestData\FilesToUpload\COO_1.pdf' sent to object: ''

2019-08-05 16:27:19 - [MESSAGE][PASSED] - Object '' has attribute 'class' with value 'tiny ui button'

2019-08-05 16:27:26 - [MESSAGE][PASSED] - Delayed 7 second(s)

2019-08-05 16:27:26 - [MESSAGE][PASSED] - File 'H:\USGBC_NewApproach1\USGBC_LEED\Include\TestData\FilesToUpload\ZZ.pdf' sent to object: ''

2019-08-05 16:27:29 - [MESSAGE][PASSED] - Delayed 3 second(s)

2019-08-05 16:27:29 - [MESSAGE][PASSED] - Object '' has attribute 'class' with value 'tiny ui button'

2019-08-05 16:27:36 - [MESSAGE][PASSED] - Delayed 7 second(s)

2019-08-05 16:27:36 - [MESSAGE][PASSED] - File 'H:\USGBC_NewApproach1\USGBC_LEED\Include\TestData\FilesToUpload\COO_1.pdf' sent to object: ''

2019-08-05 16:27:36 - [MESSAGE][PASSED] - Object '' has attribute 'class' with value 'tiny ui button'

2019-08-05 16:27:43 - [MESSAGE][PASSED] - Delayed 7 second(s)

2019-08-05 16:27:43 - [MESSAGE][PASSED] - File 'H:\USGBC_NewApproach1\USGBC_LEED\Include\TestData\FilesToUpload\ZZ.pdf' sent to object: ''

2019-08-05 16:27:46 - [MESSAGE][PASSED] - Delayed 3 second(s)

2019-08-05 16:27:46 - [MESSAGE][PASSED] - Object '' has attribute 'class' with value 'tiny ui button'

2019-08-05 16:27:53 - [MESSAGE][PASSED] - Delayed 7 second(s)

2019-08-05 16:27:53 - [MESSAGE][PASSED] - File 'H:\USGBC_NewApproach1\USGBC_LEED\Include\TestData\FilesToUpload\COO_1.pdf' sent to object: ''

2019-08-05 16:27:53 - [MESSAGE][PASSED] - Object '' has attribute 'class' with value 'tiny ui button'

2019-08-05 16:28:00 - [MESSAGE][PASSED] - Delayed 7 second(s)

2019-08-05 16:28:00 - [MESSAGE][PASSED] - File 'H:\USGBC_NewApproach1\USGBC_LEED\Include\TestData\FilesToUpload\ZZ.pdf' sent to object: ''

2019-08-05 16:28:03 - [MESSAGE][PASSED] - Delayed 3 second(s)

2019-08-05 16:28:03 - [MESSAGE][PASSED] - Text of object '' is: 'COO_1.pdf'

2019-08-05 16:28:05 - [MESSAGE][PASSED] - Delayed 2 second(s)

2019-08-05 16:28:05 - [MESSAGE][PASSED] - COO_1.pdf is equal to COO_1.pdf

2019-08-05 16:28:05 - [MESSAGE][PASSED] - Actual text 'COO_1.pdf' and expected text 'COO_1.pdf' are matched 

2019-08-05 16:28:05 - [MESSAGE][PASSED] - Text of object '' is: 'ZZ.pdf'

2019-08-05 16:28:07 - [MESSAGE][PASSED] - Delayed 2 second(s)

2019-08-05 16:28:10 - [MESSAGE][PASSED] - Delayed 2 second(s)

2019-08-05 16:28:10 - [MESSAGE][PASSED] - ZZ.pdf is equal to ZZ.pdf

2019-08-05 16:28:10 - [MESSAGE][PASSED] - Actual text 'ZZ.pdf' and expected text 'ZZ.pdf' are matched 

2019-08-05 16:28:10 - [MESSAGE][PASSED] - Text of object '' is: 'COO_1.pdf'

2019-08-05 16:28:12 - [MESSAGE][PASSED] - Delayed 2 second(s)

2019-08-05 16:28:12 - [MESSAGE][PASSED] - COO_1.pdf is equal to COO_1.pdf

2019-08-05 16:28:12 - [MESSAGE][PASSED] - Actual text 'COO_1.pdf' and expected text 'COO_1.pdf' are matched 

2019-08-05 16:28:12 - [MESSAGE][PASSED] - Text of object '' is: 'ZZ.pdf'

2019-08-05 16:28:14 - [MESSAGE][PASSED] - Delayed 2 second(s)

2019-08-05 16:28:16 - [MESSAGE][PASSED] - Delayed 2 second(s)

2019-08-05 16:28:16 - [MESSAGE][PASSED] - ZZ.pdf is equal to ZZ.pdf

2019-08-05 16:28:16 - [MESSAGE][PASSED] - Actual text 'ZZ.pdf' and expected text 'ZZ.pdf' are matched 

2019-08-05 16:28:16 - [MESSAGE][PASSED] - Text of object '' is: 'COO_1.pdf'

2019-08-05 16:28:18 - [MESSAGE][PASSED] - Delayed 2 second(s)

2019-08-05 16:28:18 - [MESSAGE][PASSED] - COO_1.pdf is equal to COO_1.pdf

2019-08-05 16:28:18 - [MESSAGE][PASSED] - Actual text 'COO_1.pdf' and expected text 'COO_1.pdf' are matched 

2019-08-05 16:28:18 - [MESSAGE][PASSED] - Text of object '' is: 'ZZ.pdf'

2019-08-05 16:28:20 - [MESSAGE][PASSED] - Delayed 2 second(s)

2019-08-05 16:28:22 - [MESSAGE][PASSED] - Delayed 2 second(s)

2019-08-05 16:28:22 - [MESSAGE][PASSED] - ZZ.pdf is equal to ZZ.pdf

2019-08-05 16:28:22 - [MESSAGE][PASSED] - Actual text 'ZZ.pdf' and expected text 'ZZ.pdf' are matched 

2019-08-05 16:28:23 - [MESSAGE][PASSED] - Text of object '' is: 'COO_1.pdf'

2019-08-05 16:28:25 - [MESSAGE][PASSED] - Delayed 2 second(s)

2019-08-05 16:28:25 - [MESSAGE][PASSED] - COO_1.pdf is equal to COO_1.pdf

2019-08-05 16:28:25 - [MESSAGE][PASSED] - Actual text 'COO_1.pdf' and expected text 'COO_1.pdf' are matched 

2019-08-05 16:28:25 - [MESSAGE][PASSED] - Text of object '' is: 'ZZ.pdf'

2019-08-05 16:28:27 - [MESSAGE][PASSED] - Delayed 2 second(s)

2019-08-05 16:28:29 - [MESSAGE][PASSED] - Delayed 2 second(s)

2019-08-05 16:28:29 - [MESSAGE][PASSED] - ZZ.pdf is equal to ZZ.pdf

2019-08-05 16:28:29 - [MESSAGE][PASSED] - Actual text 'ZZ.pdf' and expected text 'ZZ.pdf' are matched 

2019-08-05 16:28:31 - [MESSAGE][PASSED] - Text 'Known that everybody have the personal aim. It is defferent . For example, there are some people think that the most important thing in them life is career. While there are other people think that is family. me too. The most important thing with my life is my small and big family.8J2PR' is set on object ''

2019-08-05 16:28:33 - [MESSAGE][PASSED] - Delayed 2 second(s)

2019-08-05 16:28:33 - [MESSAGE][PASSED] - Text of object '' is: 'Known that everybody have the personal aim. It is defferent . For example, there are some people think that the most important thing in them life is career. While there are other people think that is family. me too. The most important thing with my life is my small and big family.8J2PR'

2019-08-05 16:28:33 - [MESSAGE][PASSED] - Actual text 'Known that everybody have the personal aim. It is defferent . For example, there are some people think that the most important thing in them life is career. While there are other people think that is family. me too. The most important thing with my life is my small and big family.8J2PR' and expected text 'Known that everybody have the personal aim. It is defferent . For example, there are some people think that the most important thing in them life is career. While there are other people think that is family. me too. The most important thing with my life is my small and big family.8J2PR' are matched 

2019-08-05 16:28:33 - [MESSAGE][PASSED] - Object '' is checked

2019-08-05 16:28:33 - [MESSAGE][PASSED] - Object: '' is clicked on

2019-08-05 16:28:33 - [MESSAGE][PASSED] - Object: '' is clicked on

2019-08-05 16:28:35 - [MESSAGE][PASSED] - Delayed 2 second(s)

2019-08-05 16:28:35 - [MESSAGE][PASSED] - Attribute 'value' of object '' is: '05 Jul 2019'

2019-08-05 16:28:35 - [MESSAGE][PASSED] - Actual text '05 Jul 2019' and expected text '' are not matched 

2019-08-05 16:28:35 - [MESSAGE][PASSED] - Attribute 'value' of object '' is: '05 Jul 2019'

2019-08-05 16:28:36 - [MESSAGE][PASSED] - Object: '' is clicked on

2019-08-05 16:28:40 - [MESSAGE][PASSED] - Delayed 4 second(s)

2019-08-05 16:28:40 - [MESSAGE][PASSED] - Text 'Form data saved successfully.' is present on page 

2019-08-05 16:28:46 - [MESSAGE][PASSED] - Delayed 6 second(s)

2019-08-05 16:28:48 - [MESSAGE][PASSED] - Delayed 2 second(s)

2019-08-05 16:28:48 - [MESSAGE][PASSED] - Object '' is present

2019-08-05 16:28:48 - [MESSAGE][PASSED] - Object: '' is clicked on

2019-08-05 16:28:58 - [MESSAGE][PASSED] - Delayed 10 second(s)

2019-08-05 16:29:04 - [MESSAGE][PASSED] - Delayed 6 second(s)

2019-08-05 16:29:05 - [MESSAGE][PASSED] - Actual text 'Found' and expected text 'Found' are matched 

2019-08-05 16:29:05 - [MESSAGE][PASSED] - Actual text 'Found' and expected text 'Found' are matched 

2019-08-05 16:29:05 - [MESSAGE][PASSED] - Actual text 'Found' and expected text 'Found' are matched 

2019-08-05 16:29:06 - [MESSAGE][PASSED] - Actual text 'Found' and expected text 'Found' are matched 

2019-08-05 16:29:06 - [MESSAGE][PASSED] - Text of object '' is: 'Known that everybody have the personal aim. It is defferent . For example, there are some people think that the most important thing in them life is career. While there are other people think that is family. me too. The most important thing with my life is my small and big family.8J2PR'

2019-08-05 16:29:06 - [MESSAGE][PASSED] - Actual text 'Found' and expected text 'Found' are matched 

2019-08-05 16:29:06 - [MESSAGE][PASSED] - Attribute 'value' of object '' is: '05 Jul 2019'

2019-08-05 16:29:06 - [MESSAGE][PASSED] - Actual text 'Found' and expected text 'Found' are matched 

2019-08-05 16:29:07 - [MESSAGE][PASSED] - Navigate back successfully

2019-08-05 16:29:09 - [MESSAGE][PASSED] - Delayed 2 second(s)

2019-08-05 16:29:09 - [MESSAGE][PASSED] - Object: '' is clicked on

2019-08-05 16:29:14 - [MESSAGE][PASSED] - Delayed 5 second(s)

2019-08-05 16:29:16 - [MESSAGE][PASSED] - Delayed 2 second(s)

2019-08-05 16:29:18 - [MESSAGE][PASSED] - Navigate forward successfully

2019-08-05 16:29:20 - [MESSAGE][PASSED] - Delayed 2 second(s)

2019-08-05 16:29:25 - [MESSAGE][PASSED] - Delayed 5 second(s)

2019-08-05 16:29:25 - [MESSAGE][PASSED] - Object: '' is clicked on

2019-08-05 16:29:25 - [MESSAGE][PASSED] - Text of object '' is: 'ZZ.pdf'

2019-08-05 16:29:30 - [MESSAGE][PASSED] - Delayed 5 second(s)

2019-08-05 16:29:30 - [MESSAGE][PASSED] - Object: '' is hovered

2019-08-05 16:29:32 - [MESSAGE][PASSED] - Delayed 2 second(s)

2019-08-05 16:29:34 - [MESSAGE][PASSED] - Delayed 2 second(s)

2019-08-05 16:29:39 - [MESSAGE][PASSED] - Delayed 5 second(s)

2019-08-05 16:29:44 - [MESSAGE][PASSED] - Object: '' is clicked on

2019-08-05 16:29:44 - [MESSAGE][PASSED] - Text of object '' is: 'COO_1.pdf'

2019-08-05 16:29:49 - [MESSAGE][PASSED] - Delayed 5 second(s)

2019-08-05 16:29:54 - [MESSAGE][PASSED] - Object: '' is hovered

2019-08-05 16:29:56 - [MESSAGE][PASSED] - Delayed 2 second(s)

2019-08-05 16:30:01 - [MESSAGE][PASSED] - Delayed 5 second(s)

2019-08-05 16:30:03 - [MESSAGE][PASSED] - Delayed 2 second(s)

2019-08-05 16:30:04 - [MESSAGE][PASSED] - Delayed 1 second(s)

2019-08-05 16:30:04 - [MESSAGE][PASSED] - COO_1.pdf exist in H:/USGBC_NewApproach1/USGBC_LEED/Include/TestData/DownloadedFiles/TC_EnergyEfficiencyBestManagementPractices and was deleted

2019-08-05 16:30:04 - [MESSAGE][PASSED] - 

2019-08-05 16:30:04 - [MESSAGE][PASSED] - Actual text 'COO_1.pdf' and expected text 'COO_1.pdf' are matched 

2019-08-05 16:30:06 - [MESSAGE][PASSED] - Delayed 2 second(s)

2019-08-05 16:30:08 - [MESSAGE][PASSED] - Delayed 2 second(s)

2019-08-05 16:30:09 - [MESSAGE][PASSED] - Delayed 1 second(s)

2019-08-05 16:30:09 - [MESSAGE][PASSED] - ZZ.pdf exist in H:/USGBC_NewApproach1/USGBC_LEED/Include/TestData/DownloadedFiles/TC_EnergyEfficiencyBestManagementPractices and was deleted

2019-08-05 16:30:09 - [MESSAGE][PASSED] - 

2019-08-05 16:30:09 - [MESSAGE][PASSED] - Actual text 'ZZ.pdf' and expected text 'ZZ.pdf' are matched 

2019-08-05 16:30:11 - [MESSAGE][PASSED] - Delayed 2 second(s)

2019-08-05 16:30:13 - [MESSAGE][PASSED] - Delayed 2 second(s)

2019-08-05 16:30:18 - [MESSAGE][PASSED] - Delayed 5 second(s)

2019-08-05 16:30:18 - [MESSAGE][PASSED] - Object: '' is clicked on

2019-08-05 16:30:18 - [MESSAGE][PASSED] - Text of object '' is: 'ZZ.pdf'

2019-08-05 16:30:23 - [MESSAGE][PASSED] - Delayed 5 second(s)

2019-08-05 16:30:28 - [MESSAGE][PASSED] - Object: '' is hovered

2019-08-05 16:30:30 - [MESSAGE][PASSED] - Delayed 2 second(s)

2019-08-05 16:30:32 - [MESSAGE][PASSED] - Delayed 2 second(s)

2019-08-05 16:30:37 - [MESSAGE][PASSED] - Delayed 5 second(s)

2019-08-05 16:30:42 - [MESSAGE][PASSED] - Object: '' is clicked on

2019-08-05 16:30:42 - [MESSAGE][PASSED] - Text of object '' is: 'COO_1.pdf'

2019-08-05 16:30:47 - [MESSAGE][PASSED] - Delayed 5 second(s)

2019-08-05 16:30:52 - [MESSAGE][PASSED] - Object: '' is hovered

2019-08-05 16:30:54 - [MESSAGE][PASSED] - Delayed 2 second(s)

2019-08-05 16:30:59 - [MESSAGE][PASSED] - Delayed 5 second(s)

2019-08-05 16:31:01 - [MESSAGE][PASSED] - Delayed 2 second(s)

2019-08-05 16:31:02 - [MESSAGE][PASSED] - Delayed 1 second(s)

2019-08-05 16:31:02 - [MESSAGE][PASSED] - COO_1.pdf exist in H:/USGBC_NewApproach1/USGBC_LEED/Include/TestData/DownloadedFiles/TC_EnergyEfficiencyBestManagementPractices and was deleted

2019-08-05 16:31:02 - [MESSAGE][PASSED] - 

2019-08-05 16:31:02 - [MESSAGE][PASSED] - Actual text 'COO_1.pdf' and expected text 'COO_1.pdf' are matched 

2019-08-05 16:31:04 - [MESSAGE][PASSED] - Delayed 2 second(s)

2019-08-05 16:31:07 - [MESSAGE][PASSED] - Delayed 2 second(s)

2019-08-05 16:31:08 - [MESSAGE][PASSED] - Delayed 1 second(s)

2019-08-05 16:31:08 - [MESSAGE][PASSED] - ZZ.pdf exist in H:/USGBC_NewApproach1/USGBC_LEED/Include/TestData/DownloadedFiles/TC_EnergyEfficiencyBestManagementPractices and was deleted

2019-08-05 16:31:08 - [MESSAGE][PASSED] - 

2019-08-05 16:31:08 - [MESSAGE][PASSED] - Actual text 'ZZ.pdf' and expected text 'ZZ.pdf' are matched 

2019-08-05 16:31:10 - [MESSAGE][PASSED] - Delayed 2 second(s)

2019-08-05 16:31:12 - [MESSAGE][PASSED] - Delayed 2 second(s)

2019-08-05 16:31:17 - [MESSAGE][PASSED] - Delayed 5 second(s)

2019-08-05 16:31:22 - [MESSAGE][PASSED] - Object: '' is clicked on

2019-08-05 16:31:22 - [MESSAGE][PASSED] - Text of object '' is: 'ZZ.pdf'

2019-08-05 16:31:27 - [MESSAGE][PASSED] - Delayed 5 second(s)

2019-08-05 16:31:32 - [MESSAGE][PASSED] - Object: '' is hovered

2019-08-05 16:31:34 - [MESSAGE][PASSED] - Delayed 2 second(s)

2019-08-05 16:31:36 - [MESSAGE][PASSED] - Delayed 2 second(s)

2019-08-05 16:31:41 - [MESSAGE][PASSED] - Delayed 5 second(s)

2019-08-05 16:31:41 - [MESSAGE][PASSED] - Object: '' is clicked on

2019-08-05 16:31:41 - [MESSAGE][PASSED] - Text of object '' is: 'COO_1.pdf'

2019-08-05 16:31:46 - [MESSAGE][PASSED] - Delayed 5 second(s)

2019-08-05 16:31:46 - [MESSAGE][PASSED] - Object: '' is hovered

2019-08-05 16:31:48 - [MESSAGE][PASSED] - Delayed 2 second(s)

2019-08-05 16:31:53 - [MESSAGE][PASSED] - Delayed 5 second(s)

2019-08-05 16:31:55 - [MESSAGE][PASSED] - Delayed 2 second(s)

2019-08-05 16:31:56 - [MESSAGE][PASSED] - Delayed 1 second(s)

2019-08-05 16:31:56 - [MESSAGE][PASSED] - COO_1.pdf exist in H:/USGBC_NewApproach1/USGBC_LEED/Include/TestData/DownloadedFiles/TC_EnergyEfficiencyBestManagementPractices and was deleted

2019-08-05 16:31:56 - [MESSAGE][PASSED] - 

2019-08-05 16:31:56 - [MESSAGE][PASSED] - Actual text 'COO_1.pdf' and expected text 'COO_1.pdf' are matched 

2019-08-05 16:31:58 - [MESSAGE][PASSED] - Delayed 2 second(s)

2019-08-05 16:32:00 - [MESSAGE][PASSED] - Delayed 2 second(s)

2019-08-05 16:32:01 - [MESSAGE][PASSED] - Delayed 1 second(s)

2019-08-05 16:32:01 - [MESSAGE][PASSED] - ZZ.pdf exist in H:/USGBC_NewApproach1/USGBC_LEED/Include/TestData/DownloadedFiles/TC_EnergyEfficiencyBestManagementPractices and was deleted

2019-08-05 16:32:01 - [MESSAGE][PASSED] - 

2019-08-05 16:32:01 - [MESSAGE][PASSED] - Actual text 'ZZ.pdf' and expected text 'ZZ.pdf' are matched 

2019-08-05 16:32:03 - [MESSAGE][PASSED] - Delayed 2 second(s)

2019-08-05 16:32:05 - [MESSAGE][PASSED] - Delayed 2 second(s)

2019-08-05 16:32:10 - [MESSAGE][PASSED] - Delayed 5 second(s)

2019-08-05 16:32:11 - [MESSAGE][PASSED] - Object: '' is clicked on

2019-08-05 16:32:11 - [MESSAGE][PASSED] - Text of object '' is: 'ZZ.pdf'

2019-08-05 16:32:16 - [MESSAGE][PASSED] - Delayed 5 second(s)

2019-08-05 16:32:16 - [MESSAGE][PASSED] - Object: '' is hovered

2019-08-05 16:32:18 - [MESSAGE][PASSED] - Delayed 2 second(s)

2019-08-05 16:32:20 - [MESSAGE][PASSED] - Delayed 2 second(s)

2019-08-05 16:32:25 - [MESSAGE][PASSED] - Delayed 5 second(s)

2019-08-05 16:32:25 - [MESSAGE][PASSED] - Object: '' is clicked on

2019-08-05 16:32:25 - [MESSAGE][PASSED] - Text of object '' is: 'COO_1.pdf'

2019-08-05 16:32:30 - [MESSAGE][PASSED] - Delayed 5 second(s)

2019-08-05 16:32:34 - [MESSAGE][PASSED] - Object: '' is hovered

2019-08-05 16:32:36 - [MESSAGE][PASSED] - Delayed 2 second(s)

2019-08-05 16:32:41 - [MESSAGE][PASSED] - Delayed 5 second(s)

2019-08-05 16:32:43 - [MESSAGE][PASSED] - Delayed 2 second(s)

2019-08-05 16:32:44 - [MESSAGE][PASSED] - Delayed 1 second(s)

2019-08-05 16:32:44 - [MESSAGE][PASSED] - COO_1.pdf exist in H:/USGBC_NewApproach1/USGBC_LEED/Include/TestData/DownloadedFiles/TC_EnergyEfficiencyBestManagementPractices and was deleted

2019-08-05 16:32:44 - [MESSAGE][PASSED] - 

2019-08-05 16:32:44 - [MESSAGE][PASSED] - Actual text 'COO_1.pdf' and expected text 'COO_1.pdf' are matched 

2019-08-05 16:32:46 - [MESSAGE][PASSED] - Delayed 2 second(s)

2019-08-05 16:32:48 - [MESSAGE][PASSED] - Delayed 2 second(s)

2019-08-05 16:32:49 - [MESSAGE][PASSED] - Delayed 1 second(s)

2019-08-05 16:32:49 - [MESSAGE][PASSED] - ZZ.pdf exist in H:/USGBC_NewApproach1/USGBC_LEED/Include/TestData/DownloadedFiles/TC_EnergyEfficiencyBestManagementPractices and was deleted

2019-08-05 16:32:49 - [MESSAGE][PASSED] - 

2019-08-05 16:32:49 - [MESSAGE][PASSED] - Actual text 'ZZ.pdf' and expected text 'ZZ.pdf' are matched 

2019-08-05 16:32:51 - [MESSAGE][PASSED] - Delayed 2 second(s)

2019-08-05 16:32:51 - [MESSAGE][PASSED] - Object: '' is clicked on

2019-08-05 16:32:53 - [MESSAGE][PASSED] - Delayed 2 second(s)

2019-08-05 16:32:54 - [MESSAGE][PASSED] - Object: '' is clicked on

2019-08-05 16:32:57 - [MESSAGE][PASSED] - Delayed 3 second(s)

2019-08-05 16:32:57 - [MESSAGE][PASSED] - Object '' is present

2019-08-05 16:32:59 - [MESSAGE][PASSED] - Delayed 2 second(s)

2019-08-05 16:33:04 - [MESSAGE][PASSED] - Delayed 5 second(s)

2019-08-05 16:33:04 - [MESSAGE][PASSED] - Object: '' is clicked on

2019-08-05 16:33:06 - [MESSAGE][PASSED] - Delayed 2 second(s)

2019-08-05 16:33:06 - [MESSAGE][PASSED] - Object: '' is clicked on

2019-08-05 16:33:08 - [MESSAGE][PASSED] - Delayed 2 second(s)

2019-08-05 16:33:10 - [MESSAGE][PASSED] - Delayed 2 second(s)

2019-08-05 16:33:15 - [MESSAGE][PASSED] - Delayed 5 second(s)

2019-08-05 16:33:15 - [MESSAGE][PASSED] - Object: '' is clicked on

2019-08-05 16:33:17 - [MESSAGE][PASSED] - Delayed 2 second(s)

2019-08-05 16:33:17 - [MESSAGE][PASSED] - Object: '' is clicked on

2019-08-05 16:33:19 - [MESSAGE][PASSED] - Delayed 2 second(s)

2019-08-05 16:33:24 - [MESSAGE][PASSED] - Delayed 5 second(s)

2019-08-05 16:33:24 - [MESSAGE][PASSED] - Web element with id: '' located by 'By.xpath: (//table[@class='ui collapsing celled table unstackable'])[4]' is not present after '2' second(s)

2019-08-05 16:33:26 - [MESSAGE][PASSED] - Delayed 2 second(s)

2019-08-05 16:33:31 - [MESSAGE][PASSED] - Delayed 5 second(s)

2019-08-05 16:33:32 - [MESSAGE][PASSED] - Object: '' is clicked on

2019-08-05 16:33:34 - [MESSAGE][PASSED] - Delayed 2 second(s)

2019-08-05 16:33:34 - [MESSAGE][PASSED] - Object: '' is clicked on

2019-08-05 16:33:36 - [MESSAGE][PASSED] - Delayed 2 second(s)

2019-08-05 16:33:38 - [MESSAGE][PASSED] - Delayed 2 second(s)

2019-08-05 16:33:43 - [MESSAGE][PASSED] - Delayed 5 second(s)

2019-08-05 16:33:43 - [MESSAGE][PASSED] - Object: '' is clicked on

2019-08-05 16:33:45 - [MESSAGE][PASSED] - Delayed 2 second(s)

2019-08-05 16:33:45 - [MESSAGE][PASSED] - Object: '' is clicked on

2019-08-05 16:33:47 - [MESSAGE][PASSED] - Delayed 2 second(s)

2019-08-05 16:33:52 - [MESSAGE][PASSED] - Delayed 5 second(s)

2019-08-05 16:33:52 - [MESSAGE][PASSED] - Web element with id: '' located by 'By.xpath: (//table[@class='ui collapsing celled table unstackable'])[3]' is not present after '2' second(s)

2019-08-05 16:33:54 - [MESSAGE][PASSED] - Delayed 2 second(s)

2019-08-05 16:33:59 - [MESSAGE][PASSED] - Delayed 5 second(s)

2019-08-05 16:33:59 - [MESSAGE][PASSED] - Object: '' is clicked on

2019-08-05 16:34:01 - [MESSAGE][PASSED] - Delayed 2 second(s)

2019-08-05 16:34:01 - [MESSAGE][PASSED] - Object: '' is clicked on

2019-08-05 16:34:03 - [MESSAGE][PASSED] - Delayed 2 second(s)

2019-08-05 16:34:05 - [MESSAGE][PASSED] - Delayed 2 second(s)

2019-08-05 16:34:10 - [MESSAGE][PASSED] - Delayed 5 second(s)

2019-08-05 16:34:11 - [MESSAGE][PASSED] - Object: '' is clicked on

2019-08-05 16:34:13 - [MESSAGE][PASSED] - Delayed 2 second(s)

2019-08-05 16:34:13 - [MESSAGE][PASSED] - Object: '' is clicked on

2019-08-05 16:34:15 - [MESSAGE][PASSED] - Delayed 2 second(s)

2019-08-05 16:34:20 - [MESSAGE][PASSED] - Delayed 5 second(s)

2019-08-05 16:34:20 - [MESSAGE][PASSED] - Web element with id: '' located by 'By.xpath: (//table[@class='ui collapsing celled table unstackable'])[2]' is not present after '2' second(s)

2019-08-05 16:34:22 - [MESSAGE][PASSED] - Delayed 2 second(s)

2019-08-05 16:34:27 - [MESSAGE][PASSED] - Delayed 5 second(s)

2019-08-05 16:34:27 - [MESSAGE][PASSED] - Object: '' is clicked on

2019-08-05 16:34:29 - [MESSAGE][PASSED] - Delayed 2 second(s)

2019-08-05 16:34:29 - [MESSAGE][PASSED] - Object: '' is clicked on

2019-08-05 16:34:31 - [MESSAGE][PASSED] - Delayed 2 second(s)

2019-08-05 16:34:33 - [MESSAGE][PASSED] - Delayed 2 second(s)

2019-08-05 16:34:38 - [MESSAGE][PASSED] - Delayed 5 second(s)

2019-08-05 16:34:38 - [MESSAGE][PASSED] - Object: '' is clicked on

2019-08-05 16:34:40 - [MESSAGE][PASSED] - Delayed 2 second(s)

2019-08-05 16:34:40 - [MESSAGE][PASSED] - Object: '' is clicked on

2019-08-05 16:34:42 - [MESSAGE][PASSED] - Delayed 2 second(s)

2019-08-05 16:34:47 - [MESSAGE][PASSED] - Delayed 5 second(s)

2019-08-05 16:34:47 - [MESSAGE][PASSED] - Web element with id: '' located by 'By.xpath: (//table[@class='ui collapsing celled table unstackable'])[1]' is not present after '2' second(s)

2019-08-05 16:34:47 - [TEST_CASE][PASSED] - Test Cases/TC_Login: Test Cases/TC_Login

2019-08-05 16:34:47 - [TEST_STEP][PASSED] - runWithCucumberRunner(common.LoginRunner): Run with 'common.LoginRunner' was passed

2019-08-05 16:34:48 - [MESSAGE][WARNING] - A browser is already opened. Closing browser and opening a new one

2019-08-05 16:34:48 - [MESSAGE][INFO] - Starting 'Chrome' driver

2019-08-05 16:34:51 - [MESSAGE][PASSED] - Browser is opened with url: ''

2019-08-05 16:34:52 - [MESSAGE][PASSED] - Current window maximized

2019-08-05 16:35:05 - [MESSAGE][PASSED] - Navigate to 'https://leedonline-stg.usgbc.org' successfully

2019-08-05 16:35:06 - [MESSAGE][PASSED] - Text 'automationbdd10@gmail.com' is set on object ''

2019-08-05 16:35:06 - [MESSAGE][PASSED] - Text 'initpass' is set on object ''

2019-08-05 16:35:09 - [MESSAGE][PASSED] - Delayed 3 second(s)

2019-08-05 16:35:09 - [MESSAGE][PASSED] - Scroll to object '' successfully

2019-08-05 16:35:09 - [MESSAGE][PASSED] - Object '' is checked

2019-08-05 16:35:13 - [MESSAGE][PASSED] - Delayed 4 second(s)

2019-08-05 16:35:13 - [MESSAGE][PASSED] - The form containing object: '' is submitted

2019-08-05 16:35:13 - [MESSAGE][PASSED] - Run with 'common.LoginRunner' was passed

2019-08-05 16:35:13 - [MESSAGE][PASSED] - Call Test Case 'Test Cases/TC_Login' successfully

2019-08-05 16:35:22 - [MESSAGE][PASSED] - Object: '' is clicked on

2019-08-05 16:35:23 - [MESSAGE][PASSED] - Object: '' is clicked on

2019-08-05 16:35:25 - [MESSAGE][PASSED] - Delayed 2 second(s)

2019-08-05 16:35:25 - [MESSAGE][PASSED] - Text of object '' is: 'READY FOR REVIEW'

2019-08-05 16:35:26 - [MESSAGE][PASSED] - Object: '' is clicked on

2019-08-05 16:35:31 - [MESSAGE][PASSED] - Delayed 5 second(s)

2019-08-05 16:35:34 - [MESSAGE][PASSED] - Delayed 3 second(s)

2019-08-05 16:35:36 - [MESSAGE][PASSED] - Delayed 2 second(s)

2019-08-05 16:35:36 - [MESSAGE][PASSED] - Object: '' is clicked on

2019-08-05 16:35:36 - [MESSAGE][PASSED] - Text of object '' is: 'Energy Efficiency Best Management Practices'

2019-08-05 16:35:39 - [MESSAGE][PASSED] - Delayed 3 second(s)

2019-08-05 16:35:45 - [MESSAGE][PASSED] - Object: '' is clicked on

2019-08-05 16:35:50 - [MESSAGE][PASSED] - Delayed 5 second(s)

2019-08-05 16:35:51 - [MESSAGE][PASSED] - Text 'Because I see the mind is the most important.QR8PG' is set on object ''

2019-08-05 16:35:53 - [MESSAGE][PASSED] - Delayed 2 second(s)

2019-08-05 16:35:53 - [MESSAGE][PASSED] - Text of object '' is: 'Because I see the mind is the most important.QR8PG'

2019-08-05 16:35:53 - [MESSAGE][PASSED] - Actual text 'Because I see the mind is the most important.QR8PG' and expected text 'Because I see the mind is the most important.QR8PG' are matched 

2019-08-05 16:36:03 - [MESSAGE][PASSED] - Delayed 10 second(s)

2019-08-05 16:36:03 - [MESSAGE][PASSED] - Text of object '' is: 'Last draft saved on: 05 Aug 2019 04:35:53 PM  Clear draft'

2019-08-05 16:36:03 - [MESSAGE][PASSED] - Actual text 'null' and expected text 'Last draft saved on: 05 Aug 2019 04:35:53 PM  Clear draft' are not matched 

2019-08-05 16:36:13 - [MESSAGE][PASSED] - Delayed 10 second(s)

2019-08-05 16:36:13 - [MESSAGE][PASSED] - Text of object '' is: 'Last draft saved on: 05 Aug 2019 04:35:53 PM  Clear draft'

2019-08-05 16:36:13 - [MESSAGE][PASSED] - Actual text 'Last draft saved on: 05 Aug 2019 04:35:53 PM  Clear draft' and expected text 'Last draft saved on: 05 Aug 2019 04:35:53 PM  Clear draft' are matched 

2019-08-05 16:36:13 - [MESSAGE][PASSED] - Object '' has attribute 'class' with value 'tiny ui button'

2019-08-05 16:36:20 - [MESSAGE][PASSED] - Delayed 7 second(s)

2019-08-05 16:36:20 - [MESSAGE][PASSED] - File 'H:\USGBC_NewApproach1\USGBC_LEED\Include\TestData\FilesToUpload\COO_1.pdf' sent to object: ''

2019-08-05 16:36:20 - [MESSAGE][PASSED] - Object '' has attribute 'class' with value 'tiny ui button'

2019-08-05 16:36:27 - [MESSAGE][PASSED] - Delayed 7 second(s)

2019-08-05 16:36:27 - [MESSAGE][PASSED] - File 'H:\USGBC_NewApproach1\USGBC_LEED\Include\TestData\FilesToUpload\ZZ.pdf' sent to object: ''

2019-08-05 16:36:30 - [MESSAGE][PASSED] - Delayed 3 second(s)

2019-08-05 16:36:30 - [MESSAGE][PASSED] - Object '' has attribute 'class' with value 'tiny ui button'

2019-08-05 16:36:37 - [MESSAGE][PASSED] - Delayed 7 second(s)

2019-08-05 16:36:37 - [MESSAGE][PASSED] - File 'H:\USGBC_NewApproach1\USGBC_LEED\Include\TestData\FilesToUpload\COO_1.pdf' sent to object: ''

2019-08-05 16:36:37 - [MESSAGE][PASSED] - Object '' has attribute 'class' with value 'tiny ui button'

2019-08-05 16:36:44 - [MESSAGE][PASSED] - Delayed 7 second(s)

2019-08-05 16:36:44 - [MESSAGE][PASSED] - File 'H:\USGBC_NewApproach1\USGBC_LEED\Include\TestData\FilesToUpload\ZZ.pdf' sent to object: ''

2019-08-05 16:36:47 - [MESSAGE][PASSED] - Delayed 3 second(s)

2019-08-05 16:36:47 - [MESSAGE][PASSED] - Object '' has attribute 'class' with value 'tiny ui button'

2019-08-05 16:36:54 - [MESSAGE][PASSED] - Delayed 7 second(s)

2019-08-05 16:36:54 - [MESSAGE][PASSED] - File 'H:\USGBC_NewApproach1\USGBC_LEED\Include\TestData\FilesToUpload\COO_1.pdf' sent to object: ''

2019-08-05 16:36:54 - [MESSAGE][PASSED] - Object '' has attribute 'class' with value 'tiny ui button'

2019-08-05 16:37:01 - [MESSAGE][PASSED] - Delayed 7 second(s)

2019-08-05 16:37:01 - [MESSAGE][PASSED] - File 'H:\USGBC_NewApproach1\USGBC_LEED\Include\TestData\FilesToUpload\ZZ.pdf' sent to object: ''

2019-08-05 16:37:04 - [MESSAGE][PASSED] - Delayed 3 second(s)

2019-08-05 16:37:04 - [MESSAGE][PASSED] - Object '' has attribute 'class' with value 'tiny ui button'

2019-08-05 16:37:11 - [MESSAGE][PASSED] - Delayed 7 second(s)

2019-08-05 16:37:12 - [MESSAGE][PASSED] - File 'H:\USGBC_NewApproach1\USGBC_LEED\Include\TestData\FilesToUpload\COO_1.pdf' sent to object: ''

2019-08-05 16:37:12 - [MESSAGE][PASSED] - Object '' has attribute 'class' with value 'tiny ui button'

2019-08-05 16:37:19 - [MESSAGE][PASSED] - Delayed 7 second(s)

2019-08-05 16:37:19 - [MESSAGE][PASSED] - File 'H:\USGBC_NewApproach1\USGBC_LEED\Include\TestData\FilesToUpload\ZZ.pdf' sent to object: ''

2019-08-05 16:37:22 - [MESSAGE][PASSED] - Delayed 3 second(s)

2019-08-05 16:37:32 - [MESSAGE][PASSED] - Delayed 10 second(s)

2019-08-05 16:37:32 - [MESSAGE][PASSED] - Text of object '' is: 'Last draft saved on: 05 Aug 2019 04:35:53 PM  Clear draft'

2019-08-05 16:37:32 - [MESSAGE][PASSED] - Actual text 'Last draft saved on: 05 Aug 2019 04:35:53 PM  Clear draft' and expected text 'Last draft saved on: 05 Aug 2019 04:35:53 PM  Clear draft' are matched 

2019-08-05 16:37:32 - [MESSAGE][PASSED] - Object: '' is clicked on

2019-08-05 16:38:03 - [MESSAGE][INFO] - Unable to find the element located by 'By.xpath: //div[@class='vdp-datepicker__calendar']//span[@class='cell day' and  text()='7'] | //div[@class='vdp-datepicker__calendar']//span[@class='cell day selected' and  text()='7']'. Please recheck the objects properties to make sure the desired element is located. 

2019-08-05 16:38:03 - [MESSAGE][FAILED] - Unable to click on object '' (Root cause: com.kms.katalon.core.exception.StepFailedException: Unable to click on object ''
	at com.kms.katalon.core.webui.keyword.internal.WebUIKeywordMain.stepFailed(WebUIKeywordMain.groovy:64)
	at com.kms.katalon.core.webui.keyword.internal.WebUIKeywordMain.runKeyword(WebUIKeywordMain.groovy:26)
	at com.kms.katalon.core.webui.keyword.builtin.ClickKeyword.click(ClickKeyword.groovy:86)
	at com.kms.katalon.core.webui.keyword.builtin.ClickKeyword.execute(ClickKeyword.groovy:67)
	at com.kms.katalon.core.keyword.internal.KeywordExecutor.executeKeywordForPlatform(KeywordExecutor.groovy:56)
	at com.kms.katalon.core.webui.keyword.WebUiBuiltInKeywords.click(WebUiBuiltInKeywords.groovy:616)
	at com.kms.katalon.core.webui.keyword.WebUiBuiltInKeywords$click$6.call(Unknown Source)
	at projectKeywords.LeedOnlineKeywords.fill_date_field_autosave(LeedOnlineKeywords.groovy:746)
	at projectKeywords.LeedOnlineKeywords$fill_date_field_autosave$21.call(Unknown Source)
	at Common_StepDef.user_verifies_Auto_save_after_entering_the_date_field(Common_StepDef.groovy:684)
	at cucumber.runtime.Utils$1.call(Utils.java:26)
	at cucumber.runtime.Timeout.timeout(Timeout.java:16)
	at cucumber.runtime.Utils.invoke(Utils.java:20)
	at cucumber.runtime.java.JavaStepDefinition.execute(JavaStepDefinition.java:48)
	at cucumber.runtime.PickleStepDefinitionMatch.runStep(PickleStepDefinitionMatch.java:50)
	at cucumber.runner.TestStep.executeStep(TestStep.java:55)
	at cucumber.runner.TestStep.run(TestStep.java:42)
	at cucumber.runner.PickleStepTestStep.run(PickleStepTestStep.java:53)
	at cucumber.runner.TestCase.run(TestCase.java:47)
	at cucumber.runner.Runner.runPickle(Runner.java:44)
	at cucumber.runtime.junit.PickleRunners$NoStepDescriptions.run(PickleRunners.java:140)
	at cucumber.runtime.junit.FeatureRunner.runChild(FeatureRunner.java:68)
	at cucumber.runtime.junit.FeatureRunner.runChild(FeatureRunner.java:23)
	at org.junit.runners.ParentRunner$3.run(ParentRunner.java:290)
	at org.junit.runners.ParentRunner$1.schedule(ParentRunner.java:71)
	at org.junit.runners.ParentRunner.runChildren(ParentRunner.java:288)
	at org.junit.runners.ParentRunner.access$000(ParentRunner.java:58)
	at org.junit.runners.ParentRunner$2.evaluate(ParentRunner.java:268)
	at org.junit.runners.ParentRunner.run(ParentRunner.java:363)
	at cucumber.runtime.junit.FeatureRunner.run(FeatureRunner.java:73)
	at cucumber.api.junit.Cucumber.runChild(Cucumber.java:98)
	at cucumber.api.junit.Cucumber.runChild(Cucumber.java:55)
	at org.junit.runners.ParentRunner$3.run(ParentRunner.java:290)
	at org.junit.runners.ParentRunner$1.schedule(ParentRunner.java:71)
	at org.junit.runners.ParentRunner.runChildren(ParentRunner.java:288)
	at org.junit.runners.ParentRunner.access$000(ParentRunner.java:58)
	at org.junit.runners.ParentRunner$2.evaluate(ParentRunner.java:268)
	at cucumber.api.junit.Cucumber$1.evaluate(Cucumber.java:107)
	at org.junit.runners.ParentRunner.run(ParentRunner.java:363)
	at org.junit.runners.Suite.runChild(Suite.java:128)
	at org.junit.runners.Suite.runChild(Suite.java:27)
	at org.junit.runners.ParentRunner$3.run(ParentRunner.java:290)
	at org.junit.runners.ParentRunner$1.schedule(ParentRunner.java:71)
	at org.junit.runners.ParentRunner.runChildren(ParentRunner.java:288)
	at org.junit.runners.ParentRunner.access$000(ParentRunner.java:58)
	at org.junit.runners.ParentRunner$2.evaluate(ParentRunner.java:268)
	at org.junit.runners.ParentRunner.run(ParentRunner.java:363)
	at org.junit.runner.JUnitCore.run(JUnitCore.java:137)
	at org.junit.runner.JUnitCore.run(JUnitCore.java:115)
	at org.junit.runner.JUnitCore.run(JUnitCore.java:105)
	at com.kms.katalon.core.cucumber.keyword.CucumberBuiltinKeywords$_runWithCucumberRunner_closure3.doCall(CucumberBuiltinKeywords.groovy:260)
	at com.kms.katalon.core.cucumber.keyword.CucumberBuiltinKeywords$_runWithCucumberRunner_closure3.doCall(CucumberBuiltinKeywords.groovy)
	at com.kms.katalon.core.keyword.internal.KeywordMain.runKeyword(KeywordMain.groovy:66)
	at com.kms.katalon.core.keyword.internal.KeywordMain$runKeyword.call(Unknown Source)
	at com.kms.katalon.core.cucumber.keyword.CucumberBuiltinKeywords.runWithCucumberRunner(CucumberBuiltinKeywords.groovy:257)
	at com.kms.katalon.core.cucumber.keyword.CucumberBuiltinKeywords$runWithCucumberRunner$0.callStatic(Unknown Source)
	at com.kms.katalon.core.cucumber.keyword.CucumberBuiltinKeywords.runWithCucumberRunner(CucumberBuiltinKeywords.groovy:357)
	at com.kms.katalon.core.cucumber.keyword.CucumberBuiltinKeywords$runWithCucumberRunner.call(Unknown Source)
	at TC_EnergyEfficiencyBestManagementPractices.run(TC_EnergyEfficiencyBestManagementPractices:17)
	at com.kms.katalon.core.main.ScriptEngine.run(ScriptEngine.java:194)
	at com.kms.katalon.core.main.ScriptEngine.runScriptAsRawText(ScriptEngine.java:119)
	at com.kms.katalon.core.main.TestCaseExecutor.runScript(TestCaseExecutor.java:336)
	at com.kms.katalon.core.main.TestCaseExecutor.doExecute(TestCaseExecutor.java:327)
	at com.kms.katalon.core.main.TestCaseExecutor.processExecutionPhase(TestCaseExecutor.java:306)
	at com.kms.katalon.core.main.TestCaseExecutor.accessMainPhase(TestCaseExecutor.java:298)
	at com.kms.katalon.core.main.TestCaseExecutor.execute(TestCaseExecutor.java:232)
	at com.kms.katalon.core.main.TestSuiteExecutor.accessTestCaseMainPhase(TestSuiteExecutor.java:129)
	at com.kms.katalon.core.main.TestSuiteExecutor.accessTestSuiteMainPhase(TestSuiteExecutor.java:112)
	at com.kms.katalon.core.main.TestSuiteExecutor.execute(TestSuiteExecutor.java:81)
	at com.kms.katalon.core.main.TestCaseMain.startTestSuite(TestCaseMain.java:157)
	at com.kms.katalon.core.main.TestCaseMain$startTestSuite$0.call(Unknown Source)
	at TempTestSuite1565002559329.run(TempTestSuite1565002559329.groovy:35)
Caused by: com.kms.katalon.core.webui.exception.WebElementNotFoundException: Web element with id: '' located by 'By.xpath: //div[@class='vdp-datepicker__calendar']//span[@class='cell day' and  text()='7'] | //div[@class='vdp-datepicker__calendar']//span[@class='cell day selected' and  text()='7']' not found
	at com.kms.katalon.core.webui.common.WebUiCommonHelper.findWebElement(WebUiCommonHelper.java:1097)
	at com.kms.katalon.core.webui.keyword.internal.WebUIAbstractKeyword.findWebElement(WebUIAbstractKeyword.groovy:27)
	at com.kms.katalon.core.webui.keyword.internal.WebUIAbstractKeyword.findWebElement(WebUIAbstractKeyword.groovy:26)
	at com.kms.katalon.core.webui.keyword.builtin.ClickKeyword$_click_closure1.doCall(ClickKeyword.groovy:77)
	at com.kms.katalon.core.webui.keyword.builtin.ClickKeyword$_click_closure1.call(ClickKeyword.groovy)
	at com.kms.katalon.core.webui.keyword.internal.WebUIKeywordMain.runKeyword(WebUIKeywordMain.groovy:20)
	at com.kms.katalon.core.webui.keyword.builtin.ClickKeyword.click(ClickKeyword.groovy:86)
	at com.kms.katalon.core.webui.keyword.builtin.ClickKeyword.execute(ClickKeyword.groovy:67)
	at com.kms.katalon.core.keyword.internal.KeywordExecutor.executeKeywordForPlatform(KeywordExecutor.groovy:56)
	at com.kms.katalon.core.webui.keyword.WebUiBuiltInKeywords.click(WebUiBuiltInKeywords.groovy:616)
	at com.kms.katalon.core.webui.keyword.WebUiBuiltInKeywords$click$6.call(Unknown Source)
	at projectKeywords.LeedOnlineKeywords.fill_date_field_autosave(LeedOnlineKeywords.groovy:746)
	at projectKeywords.LeedOnlineKeywords$fill_date_field_autosave$21.call(Unknown Source)
	at Common_StepDef.user_verifies_Auto_save_after_entering_the_date_field(Common_StepDef.groovy:684)
	at cucumber.runtime.Utils$1.call(Utils.java:26)
	at cucumber.runtime.Timeout.timeout(Timeout.java:16)
	at cucumber.runtime.Utils.invoke(Utils.java:20)
	at cucumber.runtime.java.JavaStepDefinition.execute(JavaStepDefinition.java:48)
	at cucumber.runtime.PickleStepDefinitionMatch.runStep(PickleStepDefinitionMatch.java:50)
	at cucumber.runner.TestStep.executeStep(TestStep.java:55)
	at cucumber.runner.TestStep.run(TestStep.java:42)
	at cucumber.runner.PickleStepTestStep.run(PickleStepTestStep.java:53)
	at cucumber.runner.TestCase.run(TestCase.java:47)
	at cucumber.runner.Runner.runPickle(Runner.java:44)
	at cucumber.runtime.junit.PickleRunners$NoStepDescriptions.run(PickleRunners.java:140)
	at cucumber.runtime.junit.FeatureRunner.runChild(FeatureRunner.java:68)
	at cucumber.runtime.junit.FeatureRunner.runChild(FeatureRunner.java:23)
	at org.junit.runners.ParentRunner$3.run(ParentRunner.java:290)
	at org.junit.runners.ParentRunner$1.schedule(ParentRunner.java:71)
	at org.junit.runners.ParentRunner.runChildren(ParentRunner.java:288)
	at org.junit.runners.ParentRunner.access$000(ParentRunner.java:58)
	at org.junit.runners.ParentRunner$2.evaluate(ParentRunner.java:268)
	at org.junit.runners.ParentRunner.run(ParentRunner.java:363)
	at cucumber.runtime.junit.FeatureRunner.run(FeatureRunner.java:73)
	at cucumber.api.junit.Cucumber.runChild(Cucumber.java:98)
	at cucumber.api.junit.Cucumber.runChild(Cucumber.java:55)
	at org.junit.runners.ParentRunner$3.run(ParentRunner.java:290)
	at org.junit.runners.ParentRunner$1.schedule(ParentRunner.java:71)
	at org.junit.runners.ParentRunner.runChildren(ParentRunner.java:288)
	at org.junit.runners.ParentRunner.access$000(ParentRunner.java:58)
	at org.junit.runners.ParentRunner$2.evaluate(ParentRunner.java:268)
	at cucumber.api.junit.Cucumber$1.evaluate(Cucumber.java:107)
	at org.junit.runners.ParentRunner.run(ParentRunner.java:363)
	at org.junit.runners.Suite.runChild(Suite.java:128)
	at org.junit.runners.Suite.runChild(Suite.java:27)
	at org.junit.runners.ParentRunner$3.run(ParentRunner.java:290)
	at org.junit.runners.ParentRunner$1.schedule(ParentRunner.java:71)
	at org.junit.runners.ParentRunner.runChildren(ParentRunner.java:288)
	at org.junit.runners.ParentRunner.access$000(ParentRunner.java:58)
	at org.junit.runners.ParentRunner$2.evaluate(ParentRunner.java:268)
	at org.junit.runners.ParentRunner.run(ParentRunner.java:363)
	at org.junit.runner.JUnitCore.run(JUnitCore.java:137)
	at org.junit.runner.JUnitCore.run(JUnitCore.java:115)
	at org.junit.runner.JUnitCore.run(JUnitCore.java:105)
	at com.kms.katalon.core.cucumber.keyword.CucumberBuiltinKeywords$_runWithCucumberRunner_closure3.doCall(CucumberBuiltinKeywords.groovy:260)
	at com.kms.katalon.core.cucumber.keyword.CucumberBuiltinKeywords$_runWithCucumberRunner_closure3.doCall(CucumberBuiltinKeywords.groovy)
	at com.kms.katalon.core.keyword.internal.KeywordMain.runKeyword(KeywordMain.groovy:66)
	at com.kms.katalon.core.keyword.internal.KeywordMain$runKeyword.call(Unknown Source)
	at com.kms.katalon.core.cucumber.keyword.CucumberBuiltinKeywords.runWithCucumberRunner(CucumberBuiltinKeywords.groovy:257)
	at com.kms.katalon.core.cucumber.keyword.CucumberBuiltinKeywords$runWithCucumberRunner$0.callStatic(Unknown Source)
	at com.kms.katalon.core.cucumber.keyword.CucumberBuiltinKeywords.runWithCucumberRunner(CucumberBuiltinKeywords.groovy:357)
	at com.kms.katalon.core.cucumber.keyword.CucumberBuiltinKeywords$runWithCucumberRunner.call(Unknown Source)
	at Script1563357581198.run(Script1563357581198.groovy:17)
	... 13 more
)
[[ATTACHMENT|H:\\USGBC_NewApproach1\\USGBC_LEED\\Reports\\demo_EEBM\\20190805_162554\\1565003283458.png]]

2019-08-05 16:38:04 - [MESSAGE][FAILED] - These following reason:
 [Unable to click on object '']

2019-08-05 16:38:04 - [MESSAGE][FAILED] - Keyword runWithCucumberRunner was failed (Root cause: com.kms.katalon.core.exception.StepFailedException: These following reason:
 [Unable to click on object '']
	at com.kms.katalon.core.keyword.internal.KeywordMain.stepFailed(KeywordMain.groovy:48)
	at com.kms.katalon.core.keyword.internal.KeywordMain.stepFailed(KeywordMain.groovy)
	at com.kms.katalon.core.keyword.internal.KeywordMain.stepFailed(KeywordMain.groovy:21)
	at com.kms.katalon.core.keyword.internal.KeywordMain$stepFailed$0.call(Unknown Source)
	at com.kms.katalon.core.cucumber.keyword.CucumberBuiltinKeywords$_runWithCucumberRunner_closure3.doCall(CucumberBuiltinKeywords.groovy:272)
	at com.kms.katalon.core.cucumber.keyword.CucumberBuiltinKeywords$_runWithCucumberRunner_closure3.doCall(CucumberBuiltinKeywords.groovy)
	at com.kms.katalon.core.keyword.internal.KeywordMain.runKeyword(KeywordMain.groovy:66)
	at com.kms.katalon.core.keyword.internal.KeywordMain$runKeyword.call(Unknown Source)
	at com.kms.katalon.core.cucumber.keyword.CucumberBuiltinKeywords.runWithCucumberRunner(CucumberBuiltinKeywords.groovy:257)
	at com.kms.katalon.core.cucumber.keyword.CucumberBuiltinKeywords$runWithCucumberRunner$0.callStatic(Unknown Source)
	at com.kms.katalon.core.cucumber.keyword.CucumberBuiltinKeywords.runWithCucumberRunner(CucumberBuiltinKeywords.groovy:357)
	at com.kms.katalon.core.cucumber.keyword.CucumberBuiltinKeywords$runWithCucumberRunner.call(Unknown Source)
	at TC_EnergyEfficiencyBestManagementPractices.run(TC_EnergyEfficiencyBestManagementPractices:17)
	at com.kms.katalon.core.main.ScriptEngine.run(ScriptEngine.java:194)
	at com.kms.katalon.core.main.ScriptEngine.runScriptAsRawText(ScriptEngine.java:119)
	at com.kms.katalon.core.main.TestCaseExecutor.runScript(TestCaseExecutor.java:336)
	at com.kms.katalon.core.main.TestCaseExecutor.doExecute(TestCaseExecutor.java:327)
	at com.kms.katalon.core.main.TestCaseExecutor.processExecutionPhase(TestCaseExecutor.java:306)
	at com.kms.katalon.core.main.TestCaseExecutor.accessMainPhase(TestCaseExecutor.java:298)
	at com.kms.katalon.core.main.TestCaseExecutor.execute(TestCaseExecutor.java:232)
	at com.kms.katalon.core.main.TestSuiteExecutor.accessTestCaseMainPhase(TestSuiteExecutor.java:129)
	at com.kms.katalon.core.main.TestSuiteExecutor.accessTestSuiteMainPhase(TestSuiteExecutor.java:112)
	at com.kms.katalon.core.main.TestSuiteExecutor.execute(TestSuiteExecutor.java:81)
	at com.kms.katalon.core.main.TestCaseMain.startTestSuite(TestCaseMain.java:157)
	at com.kms.katalon.core.main.TestCaseMain$startTestSuite$0.call(Unknown Source)
	at TempTestSuite1565002559329.run(TempTestSuite1565002559329.groovy:35)
)]]></system-out>
         <system-err><![CDATA[2019-08-05 16:26:03 - [TEST_CASE][FAILED] - Test Cases/OM_ExistingBuildings/TC_EnergyEfficiencyBestManagementPractices: Test Cases/OM_ExistingBuildings/TC_EnergyEfficiencyBestManagementPractices FAILED.
Reason:
com.kms.katalon.core.exception.StepFailedException: These following reason:
 [Unable to click on object '']
	at com.kms.katalon.core.keyword.internal.KeywordMain.stepFailed(KeywordMain.groovy:48)
	at com.kms.katalon.core.keyword.internal.KeywordMain.stepFailed(KeywordMain.groovy)
	at com.kms.katalon.core.keyword.internal.KeywordMain.stepFailed(KeywordMain.groovy:21)
	at com.kms.katalon.core.keyword.internal.KeywordMain$stepFailed$0.call(Unknown Source)
	at com.kms.katalon.core.cucumber.keyword.CucumberBuiltinKeywords$_runWithCucumberRunner_closure3.doCall(CucumberBuiltinKeywords.groovy:272)
	at com.kms.katalon.core.cucumber.keyword.CucumberBuiltinKeywords$_runWithCucumberRunner_closure3.doCall(CucumberBuiltinKeywords.groovy)
	at com.kms.katalon.core.keyword.internal.KeywordMain.runKeyword(KeywordMain.groovy:66)
	at com.kms.katalon.core.keyword.internal.KeywordMain$runKeyword.call(Unknown Source)
	at com.kms.katalon.core.cucumber.keyword.CucumberBuiltinKeywords.runWithCucumberRunner(CucumberBuiltinKeywords.groovy:257)
	at com.kms.katalon.core.cucumber.keyword.CucumberBuiltinKeywords$runWithCucumberRunner$0.callStatic(Unknown Source)
	at com.kms.katalon.core.cucumber.keyword.CucumberBuiltinKeywords.runWithCucumberRunner(CucumberBuiltinKeywords.groovy:357)
	at com.kms.katalon.core.cucumber.keyword.CucumberBuiltinKeywords$runWithCucumberRunner.call(Unknown Source)
	at TC_EnergyEfficiencyBestManagementPractices.run(TC_EnergyEfficiencyBestManagementPractices:17)
	at com.kms.katalon.core.main.ScriptEngine.run(ScriptEngine.java:194)
	at com.kms.katalon.core.main.ScriptEngine.runScriptAsRawText(ScriptEngine.java:119)
	at com.kms.katalon.core.main.TestCaseExecutor.runScript(TestCaseExecutor.java:336)
	at com.kms.katalon.core.main.TestCaseExecutor.doExecute(TestCaseExecutor.java:327)
	at com.kms.katalon.core.main.TestCaseExecutor.processExecutionPhase(TestCaseExecutor.java:306)
	at com.kms.katalon.core.main.TestCaseExecutor.accessMainPhase(TestCaseExecutor.java:298)
	at com.kms.katalon.core.main.TestCaseExecutor.execute(TestCaseExecutor.java:232)
	at com.kms.katalon.core.main.TestSuiteExecutor.accessTestCaseMainPhase(TestSuiteExecutor.java:129)
	at com.kms.katalon.core.main.TestSuiteExecutor.accessTestSuiteMainPhase(TestSuiteExecutor.java:112)
	at com.kms.katalon.core.main.TestSuiteExecutor.execute(TestSuiteExecutor.java:81)
	at com.kms.katalon.core.main.TestCaseMain.startTestSuite(TestCaseMain.java:157)
	at com.kms.katalon.core.main.TestCaseMain$startTestSuite$0.call(Unknown Source)
	at TempTestSuite1565002559329.run(TempTestSuite1565002559329.groovy:35)]]></system-err>
      </testcase>
      <system-out><![CDATA[2019-08-05 16:26:02 - [TEST_SUITE][FAILED] - demo_EEBM: Test Cases/OM_ExistingBuildings/TC_EnergyEfficiencyBestManagementPractices FAILED.
Reason:
com.kms.katalon.core.exception.StepFailedException: These following reason:
 [Unable to click on object '']
	at com.kms.katalon.core.keyword.internal.KeywordMain.stepFailed(KeywordMain.groovy:48)
	at com.kms.katalon.core.keyword.internal.KeywordMain.stepFailed(KeywordMain.groovy)
	at com.kms.katalon.core.keyword.internal.KeywordMain.stepFailed(KeywordMain.groovy:21)
	at com.kms.katalon.core.keyword.internal.KeywordMain$stepFailed$0.call(Unknown Source)
	at com.kms.katalon.core.cucumber.keyword.CucumberBuiltinKeywords$_runWithCucumberRunner_closure3.doCall(CucumberBuiltinKeywords.groovy:272)
	at com.kms.katalon.core.cucumber.keyword.CucumberBuiltinKeywords$_runWithCucumberRunner_closure3.doCall(CucumberBuiltinKeywords.groovy)
	at com.kms.katalon.core.keyword.internal.KeywordMain.runKeyword(KeywordMain.groovy:66)
	at com.kms.katalon.core.keyword.internal.KeywordMain$runKeyword.call(Unknown Source)
	at com.kms.katalon.core.cucumber.keyword.CucumberBuiltinKeywords.runWithCucumberRunner(CucumberBuiltinKeywords.groovy:257)
	at com.kms.katalon.core.cucumber.keyword.CucumberBuiltinKeywords$runWithCucumberRunner$0.callStatic(Unknown Source)
	at com.kms.katalon.core.cucumber.keyword.CucumberBuiltinKeywords.runWithCucumberRunner(CucumberBuiltinKeywords.groovy:357)
	at com.kms.katalon.core.cucumber.keyword.CucumberBuiltinKeywords$runWithCucumberRunner.call(Unknown Source)
	at TC_EnergyEfficiencyBestManagementPractices.run(TC_EnergyEfficiencyBestManagementPractices:17)
	at com.kms.katalon.core.main.ScriptEngine.run(ScriptEngine.java:194)
	at com.kms.katalon.core.main.ScriptEngine.runScriptAsRawText(ScriptEngine.java:119)
	at com.kms.katalon.core.main.TestCaseExecutor.runScript(TestCaseExecutor.java:336)
	at com.kms.katalon.core.main.TestCaseExecutor.doExecute(TestCaseExecutor.java:327)
	at com.kms.katalon.core.main.TestCaseExecutor.processExecutionPhase(TestCaseExecutor.java:306)
	at com.kms.katalon.core.main.TestCaseExecutor.accessMainPhase(TestCaseExecutor.java:298)
	at com.kms.katalon.core.main.TestCaseExecutor.execute(TestCaseExecutor.java:232)
	at com.kms.katalon.core.main.TestSuiteExecutor.accessTestCaseMainPhase(TestSuiteExecutor.java:129)
	at com.kms.katalon.core.main.TestSuiteExecutor.accessTestSuiteMainPhase(TestSuiteExecutor.java:112)
	at com.kms.katalon.core.main.TestSuiteExecutor.execute(TestSuiteExecutor.java:81)
	at com.kms.katalon.core.main.TestCaseMain.startTestSuite(TestCaseMain.java:157)
	at com.kms.katalon.core.main.TestCaseMain$startTestSuite$0.call(Unknown Source)
	at TempTestSuite1565002559329.run(TempTestSuite1565002559329.groovy:35)]]></system-out>
      <system-err><![CDATA[2019-08-05 16:26:02 - [TEST_SUITE][FAILED] - demo_EEBM: Test Cases/OM_ExistingBuildings/TC_EnergyEfficiencyBestManagementPractices FAILED.
Reason:
com.kms.katalon.core.exception.StepFailedException: These following reason:
 [Unable to click on object '']
	at com.kms.katalon.core.keyword.internal.KeywordMain.stepFailed(KeywordMain.groovy:48)
	at com.kms.katalon.core.keyword.internal.KeywordMain.stepFailed(KeywordMain.groovy)
	at com.kms.katalon.core.keyword.internal.KeywordMain.stepFailed(KeywordMain.groovy:21)
	at com.kms.katalon.core.keyword.internal.KeywordMain$stepFailed$0.call(Unknown Source)
	at com.kms.katalon.core.cucumber.keyword.CucumberBuiltinKeywords$_runWithCucumberRunner_closure3.doCall(CucumberBuiltinKeywords.groovy:272)
	at com.kms.katalon.core.cucumber.keyword.CucumberBuiltinKeywords$_runWithCucumberRunner_closure3.doCall(CucumberBuiltinKeywords.groovy)
	at com.kms.katalon.core.keyword.internal.KeywordMain.runKeyword(KeywordMain.groovy:66)
	at com.kms.katalon.core.keyword.internal.KeywordMain$runKeyword.call(Unknown Source)
	at com.kms.katalon.core.cucumber.keyword.CucumberBuiltinKeywords.runWithCucumberRunner(CucumberBuiltinKeywords.groovy:257)
	at com.kms.katalon.core.cucumber.keyword.CucumberBuiltinKeywords$runWithCucumberRunner$0.callStatic(Unknown Source)
	at com.kms.katalon.core.cucumber.keyword.CucumberBuiltinKeywords.runWithCucumberRunner(CucumberBuiltinKeywords.groovy:357)
	at com.kms.katalon.core.cucumber.keyword.CucumberBuiltinKeywords$runWithCucumberRunner.call(Unknown Source)
	at TC_EnergyEfficiencyBestManagementPractices.run(TC_EnergyEfficiencyBestManagementPractices:17)
	at com.kms.katalon.core.main.ScriptEngine.run(ScriptEngine.java:194)
	at com.kms.katalon.core.main.ScriptEngine.runScriptAsRawText(ScriptEngine.java:119)
	at com.kms.katalon.core.main.TestCaseExecutor.runScript(TestCaseExecutor.java:336)
	at com.kms.katalon.core.main.TestCaseExecutor.doExecute(TestCaseExecutor.java:327)
	at com.kms.katalon.core.main.TestCaseExecutor.processExecutionPhase(TestCaseExecutor.java:306)
	at com.kms.katalon.core.main.TestCaseExecutor.accessMainPhase(TestCaseExecutor.java:298)
	at com.kms.katalon.core.main.TestCaseExecutor.execute(TestCaseExecutor.java:232)
	at com.kms.katalon.core.main.TestSuiteExecutor.accessTestCaseMainPhase(TestSuiteExecutor.java:129)
	at com.kms.katalon.core.main.TestSuiteExecutor.accessTestSuiteMainPhase(TestSuiteExecutor.java:112)
	at com.kms.katalon.core.main.TestSuiteExecutor.execute(TestSuiteExecutor.java:81)
	at com.kms.katalon.core.main.TestCaseMain.startTestSuite(TestCaseMain.java:157)
	at com.kms.katalon.core.main.TestCaseMain$startTestSuite$0.call(Unknown Source)
	at TempTestSuite1565002559329.run(TempTestSuite1565002559329.groovy:35)]]></system-err>
   </testsuite>
</testsuites>
