<?xml version="1.0" encoding="UTF-8"?>
<testsuites name="demo_EEBM" time="992" tests="1" failures="0" errors="0">
   <testsuite name="demo_EEBM" tests="1" failures="0" errors="0" time="992" timestamp="2019-08-07 16:15:57" hostname="promantus inc - G10PROLT025" id="Test Suites/demo_EEBM">
      <properties>
         <property name="deviceName" value=""/>
         <property name="devicePlatform" value=""/>
         <property name="logFolder" value="H:\\USGBC_NewApproach1\\USGBC_LEED\\Reports\\demo_EEBM\\20190807_161550"/>
         <property name="logFiles" value="H:\\USGBC_NewApproach1\\USGBC_LEED\\Reports\\demo_EEBM\\20190807_161550\\execution0.log"/>
         <property name="attachments" value="H:\\USGBC_NewApproach1\\USGBC_LEED\\Reports\\demo_EEBM\\20190807_161550\\1565175693679.png, H:\\USGBC_NewApproach1\\USGBC_LEED//screenshots//Wed_Aug_07_16_31_34_IST_2019.png, H:\\USGBC_NewApproach1\\USGBC_LEED//screenshots//Wed_Aug_07_16_31_34_IST_2019.png, H:\\USGBC_NewApproach1\\USGBC_LEED\\Reports\\demo_EEBM\\20190807_161550\\1565175726534.png, H:\\USGBC_NewApproach1\\USGBC_LEED//screenshots//Wed_Aug_07_16_32_07_IST_2019.png, H:\\USGBC_NewApproach1\\USGBC_LEED\\Reports\\demo_EEBM\\20190807_161550\\1565175732500.png, H:\\USGBC_NewApproach1\\USGBC_LEED//screenshots//Wed_Aug_07_16_32_12_IST_2019.png, H:\\USGBC_NewApproach1\\USGBC_LEED\\Reports\\demo_EEBM\\20190807_161550\\1565175735362.png, H:\\USGBC_NewApproach1\\USGBC_LEED//screenshots//Wed_Aug_07_16_32_15_IST_2019.png, H:\\USGBC_NewApproach1\\USGBC_LEED\\Reports\\demo_EEBM\\20190807_161550\\1565175737527.png, H:\\USGBC_NewApproach1\\USGBC_LEED//screenshots//Wed_Aug_07_16_32_17_IST_2019.png, H:\\USGBC_NewApproach1\\USGBC_LEED\\Reports\\demo_EEBM\\20190807_161550\\1565175740375.png, H:\\USGBC_NewApproach1\\USGBC_LEED//screenshots//Wed_Aug_07_16_32_21_IST_2019.png, H:\\USGBC_NewApproach1\\USGBC_LEED\\Reports\\demo_EEBM\\20190807_161550\\1565175747583.png, H:\\USGBC_NewApproach1\\USGBC_LEED//screenshots//Wed_Aug_07_16_32_27_IST_2019.png"/>
         <property name="hostName" value="promantus inc - G10PROLT025"/>
         <property name="os" value="Windows 10 64bit"/>
         <property name="katalonVersion" value="6.1.3.3"/>
         <property name="browser" value="Chrome 75.0.3770.142"/>
         <property name="hostAddress" value="192.168.232.1"/>
         <property name="sessionId" value="2c5bf928c3e953014021b933132aa645"/>
         <property name="seleniumVersion" value="3.7.1"/>
         <property name="proxyInformation" value="ProxyInformation{proxyOption=NO_PROXY, proxyServerType=HTTP, password=, proxyServerAddress=, proxyServerPort=0}"/>
         <property name="platform" value="Windows 10"/>
      </properties>
      <testcase name="Test Cases/OM_ExistingBuildings/TC_EnergyEfficiencyBestManagementPractices" classname="Test Cases/OM_ExistingBuildings/TC_EnergyEfficiencyBestManagementPractices" status="PASSED">
         <system-out><![CDATA[2019-08-07 16:15:58 - [TEST_CASE][PASSED] - Test Cases/OM_ExistingBuildings/TC_EnergyEfficiencyBestManagementPractices: Test Cases/OM_ExistingBuildings/TC_EnergyEfficiencyBestManagementPractices

2019-08-07 16:15:58 - [TEST_STEP][PASSED] - Start listener action : sampleBeforeTestCase: null

2019-08-07 16:15:58 - [TEST_STEP][PASSED] - a = testCaseContext.getTestCaseId(): null

2019-08-07 16:15:58 - [TEST_STEP][PASSED] - lastWord = a.substring(a.lastIndexOf("/") + 1): null

2019-08-07 16:15:58 - [TEST_STEP][PASSED] - currentTestCaseId = lastWord: null

2019-08-07 16:15:58 - [TEST_STEP][PASSED] - println("GlobalVariable.currentTestCaseId#############" + lastWord): null

2019-08-07 16:15:58 - [TEST_STEP][PASSED] - runWithCucumberRunner(runner_OM_ExistingBuildings.EnergyEfficiencyBestManagementPractices): Run with 'runner_OM_ExistingBuildings.EnergyEfficiencyBestManagementPractices' was passed

2019-08-07 16:15:59 - [TEST_CASE][PASSED] - Test Cases/TC_Login: Test Cases/TC_Login

2019-08-07 16:16:00 - [TEST_STEP][PASSED] - runWithCucumberRunner(common.LoginRunner): Run with 'common.LoginRunner' was passed

2019-08-07 16:16:00 - [MESSAGE][INFO] - Starting 'Chrome' driver

2019-08-07 16:16:00 - [MESSAGE][INFO] - Action delay is set to 0 seconds

2019-08-07 16:16:03 - [MESSAGE][PASSED] - Browser is opened with url: ''

2019-08-07 16:16:05 - [MESSAGE][PASSED] - Current window maximized

2019-08-07 16:16:07 - [MESSAGE][PASSED] - Navigate to 'https://leedonline-stg.usgbc.org' successfully

2019-08-07 16:16:08 - [MESSAGE][PASSED] - Text 'automationbdd10@gmail.com' is set on object ''

2019-08-07 16:16:08 - [MESSAGE][PASSED] - Text 'initpass' is set on object ''

2019-08-07 16:16:11 - [MESSAGE][PASSED] - Delayed 3 second(s)

2019-08-07 16:16:11 - [MESSAGE][PASSED] - Scroll to object '' successfully

2019-08-07 16:16:11 - [MESSAGE][PASSED] - Object '' is checked

2019-08-07 16:16:15 - [MESSAGE][PASSED] - Delayed 4 second(s)

2019-08-07 16:16:15 - [MESSAGE][PASSED] - The form containing object: '' is submitted

2019-08-07 16:16:20 - [MESSAGE][PASSED] - Delayed 5 second(s)

2019-08-07 16:16:21 - [MESSAGE][PASSED] - Object '' is present

2019-08-07 16:16:21 - [MESSAGE][PASSED] - Run with 'common.LoginRunner' was passed

2019-08-07 16:16:21 - [MESSAGE][PASSED] - Call Test Case 'Test Cases/TC_Login' successfully

2019-08-07 16:16:22 - [MESSAGE][PASSED] - Object: '' is clicked on

2019-08-07 16:16:24 - [MESSAGE][PASSED] - Object: '' is clicked on

2019-08-07 16:16:26 - [MESSAGE][PASSED] - Delayed 2 second(s)

2019-08-07 16:16:29 - [MESSAGE][PASSED] - Text of object '' is: 'ATTEMPTED'

2019-08-07 16:16:32 - [MESSAGE][PASSED] - Delayed 3 second(s)

2019-08-07 16:16:34 - [MESSAGE][PASSED] - Delayed 2 second(s)

2019-08-07 16:16:34 - [MESSAGE][PASSED] - Object: '' is clicked on

2019-08-07 16:16:34 - [MESSAGE][PASSED] - Text of object '' is: 'Energy Efficiency Best Management Practices'

2019-08-07 16:16:37 - [MESSAGE][PASSED] - Delayed 3 second(s)

2019-08-07 16:16:42 - [MESSAGE][PASSED] - Object: '' is clicked on

2019-08-07 16:16:47 - [MESSAGE][PASSED] - Delayed 5 second(s)

2019-08-07 16:16:47 - [MESSAGE][PASSED] - Text of object '' is: 'Energy Efficiency Best Management Practices'

2019-08-07 16:16:47 - [MESSAGE][PASSED] - Actual text 'Energy Efficiency Best Management Practices' and expected text 'Energy Efficiency Best Management Practices' are matched 

2019-08-07 16:16:47 - [MESSAGE][PASSED] - Text '(V01)' is present on page 

2019-08-07 16:16:47 - [MESSAGE][PASSED] - Object '' has attribute 'class' with value 'tiny ui button'

2019-08-07 16:16:54 - [MESSAGE][PASSED] - Delayed 7 second(s)

2019-08-07 16:16:54 - [MESSAGE][PASSED] - File 'H:\USGBC_NewApproach1\USGBC_LEED\Include\TestData\FilesToUpload\COO_1.pdf' sent to object: ''

2019-08-07 16:16:54 - [MESSAGE][PASSED] - Object '' has attribute 'class' with value 'tiny ui button'

2019-08-07 16:17:01 - [MESSAGE][PASSED] - Delayed 7 second(s)

2019-08-07 16:17:01 - [MESSAGE][PASSED] - File 'H:\USGBC_NewApproach1\USGBC_LEED\Include\TestData\FilesToUpload\ZZ.pdf' sent to object: ''

2019-08-07 16:17:04 - [MESSAGE][PASSED] - Delayed 3 second(s)

2019-08-07 16:17:05 - [MESSAGE][PASSED] - Object '' has attribute 'class' with value 'tiny ui button'

2019-08-07 16:17:12 - [MESSAGE][PASSED] - Delayed 7 second(s)

2019-08-07 16:17:12 - [MESSAGE][PASSED] - File 'H:\USGBC_NewApproach1\USGBC_LEED\Include\TestData\FilesToUpload\COO_1.pdf' sent to object: ''

2019-08-07 16:17:12 - [MESSAGE][PASSED] - Object '' has attribute 'class' with value 'tiny ui button'

2019-08-07 16:17:19 - [MESSAGE][PASSED] - Delayed 7 second(s)

2019-08-07 16:17:19 - [MESSAGE][PASSED] - File 'H:\USGBC_NewApproach1\USGBC_LEED\Include\TestData\FilesToUpload\ZZ.pdf' sent to object: ''

2019-08-07 16:17:22 - [MESSAGE][PASSED] - Delayed 3 second(s)

2019-08-07 16:17:22 - [MESSAGE][PASSED] - Object '' has attribute 'class' with value 'tiny ui button'

2019-08-07 16:17:29 - [MESSAGE][PASSED] - Delayed 7 second(s)

2019-08-07 16:17:29 - [MESSAGE][PASSED] - File 'H:\USGBC_NewApproach1\USGBC_LEED\Include\TestData\FilesToUpload\COO_1.pdf' sent to object: ''

2019-08-07 16:17:29 - [MESSAGE][PASSED] - Object '' has attribute 'class' with value 'tiny ui button'

2019-08-07 16:17:36 - [MESSAGE][PASSED] - Delayed 7 second(s)

2019-08-07 16:17:36 - [MESSAGE][PASSED] - File 'H:\USGBC_NewApproach1\USGBC_LEED\Include\TestData\FilesToUpload\ZZ.pdf' sent to object: ''

2019-08-07 16:17:39 - [MESSAGE][PASSED] - Delayed 3 second(s)

2019-08-07 16:17:39 - [MESSAGE][PASSED] - Object '' has attribute 'class' with value 'tiny ui button'

2019-08-07 16:17:46 - [MESSAGE][PASSED] - Delayed 7 second(s)

2019-08-07 16:17:46 - [MESSAGE][PASSED] - File 'H:\USGBC_NewApproach1\USGBC_LEED\Include\TestData\FilesToUpload\COO_1.pdf' sent to object: ''

2019-08-07 16:17:46 - [MESSAGE][PASSED] - Object '' has attribute 'class' with value 'tiny ui button'

2019-08-07 16:17:53 - [MESSAGE][PASSED] - Delayed 7 second(s)

2019-08-07 16:17:54 - [MESSAGE][PASSED] - File 'H:\USGBC_NewApproach1\USGBC_LEED\Include\TestData\FilesToUpload\ZZ.pdf' sent to object: ''

2019-08-07 16:17:57 - [MESSAGE][PASSED] - Delayed 3 second(s)

2019-08-07 16:17:57 - [MESSAGE][PASSED] - Text of object '' is: 'COO_1.pdf'

2019-08-07 16:17:59 - [MESSAGE][PASSED] - Delayed 2 second(s)

2019-08-07 16:17:59 - [MESSAGE][PASSED] - COO_1.pdf is equal to COO_1.pdf

2019-08-07 16:17:59 - [MESSAGE][PASSED] - Actual text 'COO_1.pdf' and expected text 'COO_1.pdf' are matched 

2019-08-07 16:17:59 - [MESSAGE][PASSED] - Text of object '' is: 'ZZ.pdf'

2019-08-07 16:18:01 - [MESSAGE][PASSED] - Delayed 2 second(s)

2019-08-07 16:18:03 - [MESSAGE][PASSED] - Delayed 2 second(s)

2019-08-07 16:18:04 - [MESSAGE][PASSED] - ZZ.pdf is equal to ZZ.pdf

2019-08-07 16:18:04 - [MESSAGE][PASSED] - Actual text 'ZZ.pdf' and expected text 'ZZ.pdf' are matched 

2019-08-07 16:18:04 - [MESSAGE][PASSED] - Text of object '' is: 'COO_1.pdf'

2019-08-07 16:18:06 - [MESSAGE][PASSED] - Delayed 2 second(s)

2019-08-07 16:18:06 - [MESSAGE][PASSED] - COO_1.pdf is equal to COO_1.pdf

2019-08-07 16:18:06 - [MESSAGE][PASSED] - Actual text 'COO_1.pdf' and expected text 'COO_1.pdf' are matched 

2019-08-07 16:18:06 - [MESSAGE][PASSED] - Text of object '' is: 'ZZ.pdf'

2019-08-07 16:18:08 - [MESSAGE][PASSED] - Delayed 2 second(s)

2019-08-07 16:18:10 - [MESSAGE][PASSED] - Delayed 2 second(s)

2019-08-07 16:18:10 - [MESSAGE][PASSED] - ZZ.pdf is equal to ZZ.pdf

2019-08-07 16:18:10 - [MESSAGE][PASSED] - Actual text 'ZZ.pdf' and expected text 'ZZ.pdf' are matched 

2019-08-07 16:18:11 - [MESSAGE][PASSED] - Text of object '' is: 'COO_1.pdf'

2019-08-07 16:18:13 - [MESSAGE][PASSED] - Delayed 2 second(s)

2019-08-07 16:18:13 - [MESSAGE][PASSED] - COO_1.pdf is equal to COO_1.pdf

2019-08-07 16:18:13 - [MESSAGE][PASSED] - Actual text 'COO_1.pdf' and expected text 'COO_1.pdf' are matched 

2019-08-07 16:18:13 - [MESSAGE][PASSED] - Text of object '' is: 'ZZ.pdf'

2019-08-07 16:18:15 - [MESSAGE][PASSED] - Delayed 2 second(s)

2019-08-07 16:18:17 - [MESSAGE][PASSED] - Delayed 2 second(s)

2019-08-07 16:18:17 - [MESSAGE][PASSED] - ZZ.pdf is equal to ZZ.pdf

2019-08-07 16:18:17 - [MESSAGE][PASSED] - Actual text 'ZZ.pdf' and expected text 'ZZ.pdf' are matched 

2019-08-07 16:18:17 - [MESSAGE][PASSED] - Text of object '' is: 'COO_1.pdf'

2019-08-07 16:18:19 - [MESSAGE][PASSED] - Delayed 2 second(s)

2019-08-07 16:18:19 - [MESSAGE][PASSED] - COO_1.pdf is equal to COO_1.pdf

2019-08-07 16:18:19 - [MESSAGE][PASSED] - Actual text 'COO_1.pdf' and expected text 'COO_1.pdf' are matched 

2019-08-07 16:18:19 - [MESSAGE][PASSED] - Text of object '' is: 'ZZ.pdf'

2019-08-07 16:18:21 - [MESSAGE][PASSED] - Delayed 2 second(s)

2019-08-07 16:18:24 - [MESSAGE][PASSED] - Delayed 2 second(s)

2019-08-07 16:18:24 - [MESSAGE][PASSED] - ZZ.pdf is equal to ZZ.pdf

2019-08-07 16:18:24 - [MESSAGE][PASSED] - Actual text 'ZZ.pdf' and expected text 'ZZ.pdf' are matched 

2019-08-07 16:18:26 - [MESSAGE][PASSED] - Text 'Known that everybody have the personal aim. It is defferent . For example, there are some people think that the most important thing in them life is career. While there are other people think that is family. me too. The most important thing with my life is my small and big family.ECAVL' is set on object ''

2019-08-07 16:18:28 - [MESSAGE][PASSED] - Delayed 2 second(s)

2019-08-07 16:18:28 - [MESSAGE][PASSED] - Text of object '' is: 'Known that everybody have the personal aim. It is defferent . For example, there are some people think that the most important thing in them life is career. While there are other people think that is family. me too. The most important thing with my life is my small and big family.ECAVL'

2019-08-07 16:18:28 - [MESSAGE][PASSED] - Actual text 'Known that everybody have the personal aim. It is defferent . For example, there are some people think that the most important thing in them life is career. While there are other people think that is family. me too. The most important thing with my life is my small and big family.ECAVL' and expected text 'Known that everybody have the personal aim. It is defferent . For example, there are some people think that the most important thing in them life is career. While there are other people think that is family. me too. The most important thing with my life is my small and big family.ECAVL' are matched 

2019-08-07 16:18:28 - [MESSAGE][PASSED] - Object '' is checked

2019-08-07 16:18:28 - [MESSAGE][PASSED] - Object: '' is clicked on

2019-08-07 16:18:28 - [MESSAGE][PASSED] - Object: '' is clicked on

2019-08-07 16:18:30 - [MESSAGE][PASSED] - Delayed 2 second(s)

2019-08-07 16:18:30 - [MESSAGE][PASSED] - Attribute 'value' of object '' is: '05 Jul 2019'

2019-08-07 16:18:30 - [MESSAGE][PASSED] - Actual text '05 Jul 2019' and expected text '' are not matched 

2019-08-07 16:18:31 - [MESSAGE][PASSED] - Attribute 'value' of object '' is: '05 Jul 2019'

2019-08-07 16:18:31 - [MESSAGE][PASSED] - Object: '' is clicked on

2019-08-07 16:18:35 - [MESSAGE][PASSED] - Delayed 4 second(s)

2019-08-07 16:18:35 - [MESSAGE][PASSED] - Text 'Form data saved successfully.' is present on page 

2019-08-07 16:18:41 - [MESSAGE][PASSED] - Delayed 6 second(s)

2019-08-07 16:18:43 - [MESSAGE][PASSED] - Delayed 2 second(s)

2019-08-07 16:18:43 - [MESSAGE][PASSED] - Object '' is present

2019-08-07 16:18:43 - [MESSAGE][PASSED] - Object: '' is clicked on

2019-08-07 16:18:53 - [MESSAGE][PASSED] - Delayed 10 second(s)

2019-08-07 16:18:59 - [MESSAGE][PASSED] - Delayed 6 second(s)

2019-08-07 16:19:01 - [MESSAGE][PASSED] - Actual text 'Found' and expected text 'Found' are matched 

2019-08-07 16:19:01 - [MESSAGE][PASSED] - Actual text 'Found' and expected text 'Found' are matched 

2019-08-07 16:19:02 - [MESSAGE][PASSED] - Actual text 'Found' and expected text 'Found' are matched 

2019-08-07 16:19:02 - [MESSAGE][PASSED] - Actual text 'Found' and expected text 'Found' are matched 

2019-08-07 16:19:02 - [MESSAGE][PASSED] - Text of object '' is: 'Known that everybody have the personal aim. It is defferent . For example, there are some people think that the most important thing in them life is career. While there are other people think that is family. me too. The most important thing with my life is my small and big family.ECAVL'

2019-08-07 16:19:02 - [MESSAGE][PASSED] - Actual text 'Found' and expected text 'Found' are matched 

2019-08-07 16:19:03 - [MESSAGE][PASSED] - Attribute 'value' of object '' is: '05 Jul 2019'

2019-08-07 16:19:03 - [MESSAGE][PASSED] - Actual text 'Found' and expected text 'Found' are matched 

2019-08-07 16:19:04 - [MESSAGE][PASSED] - Navigate back successfully

2019-08-07 16:19:06 - [MESSAGE][PASSED] - Delayed 2 second(s)

2019-08-07 16:19:06 - [MESSAGE][PASSED] - Object: '' is clicked on

2019-08-07 16:19:11 - [MESSAGE][PASSED] - Delayed 5 second(s)

2019-08-07 16:19:13 - [MESSAGE][PASSED] - Delayed 2 second(s)

2019-08-07 16:19:15 - [MESSAGE][PASSED] - Navigate forward successfully

2019-08-07 16:19:17 - [MESSAGE][PASSED] - Delayed 2 second(s)

2019-08-07 16:19:22 - [MESSAGE][PASSED] - Delayed 5 second(s)

2019-08-07 16:19:22 - [MESSAGE][PASSED] - Object: '' is clicked on

2019-08-07 16:19:22 - [MESSAGE][PASSED] - Text of object '' is: 'ZZ.pdf'

2019-08-07 16:19:27 - [MESSAGE][PASSED] - Delayed 5 second(s)

2019-08-07 16:19:28 - [MESSAGE][PASSED] - Object: '' is hovered

2019-08-07 16:19:30 - [MESSAGE][PASSED] - Delayed 2 second(s)

2019-08-07 16:19:32 - [MESSAGE][PASSED] - Delayed 2 second(s)

2019-08-07 16:19:37 - [MESSAGE][PASSED] - Delayed 5 second(s)

2019-08-07 16:19:37 - [MESSAGE][PASSED] - Object: '' is clicked on

2019-08-07 16:19:37 - [MESSAGE][PASSED] - Text of object '' is: 'COO_1.pdf'

2019-08-07 16:19:42 - [MESSAGE][PASSED] - Delayed 5 second(s)

2019-08-07 16:19:47 - [MESSAGE][PASSED] - Delayed 5 second(s)

2019-08-07 16:19:47 - [MESSAGE][PASSED] - Object: '' is hovered

2019-08-07 16:19:49 - [MESSAGE][PASSED] - Delayed 2 second(s)

2019-08-07 16:19:54 - [MESSAGE][PASSED] - Delayed 5 second(s)

2019-08-07 16:19:56 - [MESSAGE][PASSED] - Delayed 2 second(s)

2019-08-07 16:19:57 - [MESSAGE][PASSED] - Delayed 1 second(s)

2019-08-07 16:19:57 - [MESSAGE][PASSED] - COO_1.pdf exist in H:/USGBC_NewApproach1/USGBC_LEED/Include/TestData/DownloadedFiles/TC_EnergyEfficiencyBestManagementPractices and was deleted

2019-08-07 16:19:57 - [MESSAGE][PASSED] - 

2019-08-07 16:19:57 - [MESSAGE][PASSED] - Actual text 'COO_1.pdf' and expected text 'COO_1.pdf' are matched 

2019-08-07 16:19:59 - [MESSAGE][PASSED] - Delayed 2 second(s)

2019-08-07 16:20:01 - [MESSAGE][PASSED] - Delayed 2 second(s)

2019-08-07 16:20:02 - [MESSAGE][PASSED] - Delayed 1 second(s)

2019-08-07 16:20:02 - [MESSAGE][PASSED] - ZZ.pdf exist in H:/USGBC_NewApproach1/USGBC_LEED/Include/TestData/DownloadedFiles/TC_EnergyEfficiencyBestManagementPractices and was deleted

2019-08-07 16:20:02 - [MESSAGE][PASSED] - 

2019-08-07 16:20:02 - [MESSAGE][PASSED] - Actual text 'ZZ.pdf' and expected text 'ZZ.pdf' are matched 

2019-08-07 16:20:04 - [MESSAGE][PASSED] - Delayed 2 second(s)

2019-08-07 16:20:06 - [MESSAGE][PASSED] - Delayed 2 second(s)

2019-08-07 16:20:11 - [MESSAGE][PASSED] - Delayed 5 second(s)

2019-08-07 16:20:12 - [MESSAGE][PASSED] - Object: '' is clicked on

2019-08-07 16:20:12 - [MESSAGE][PASSED] - Text of object '' is: 'ZZ.pdf'

2019-08-07 16:20:17 - [MESSAGE][PASSED] - Delayed 5 second(s)

2019-08-07 16:20:22 - [MESSAGE][PASSED] - Delayed 5 second(s)

2019-08-07 16:20:27 - [MESSAGE][PASSED] - Delayed 5 second(s)

2019-08-07 16:20:32 - [MESSAGE][PASSED] - Delayed 5 second(s)

2019-08-07 16:20:32 - [MESSAGE][PASSED] - Object: '' is hovered

2019-08-07 16:20:34 - [MESSAGE][PASSED] - Delayed 2 second(s)

2019-08-07 16:20:36 - [MESSAGE][PASSED] - Delayed 2 second(s)

2019-08-07 16:20:41 - [MESSAGE][PASSED] - Delayed 5 second(s)

2019-08-07 16:20:41 - [MESSAGE][PASSED] - Object: '' is clicked on

2019-08-07 16:20:41 - [MESSAGE][PASSED] - Text of object '' is: 'COO_1.pdf'

2019-08-07 16:20:46 - [MESSAGE][PASSED] - Delayed 5 second(s)

2019-08-07 16:20:51 - [MESSAGE][PASSED] - Delayed 5 second(s)

2019-08-07 16:20:56 - [MESSAGE][PASSED] - Delayed 5 second(s)

2019-08-07 16:21:01 - [MESSAGE][PASSED] - Delayed 5 second(s)

2019-08-07 16:21:06 - [MESSAGE][PASSED] - Delayed 5 second(s)

2019-08-07 16:21:11 - [MESSAGE][PASSED] - Delayed 5 second(s)

2019-08-07 16:21:16 - [MESSAGE][PASSED] - Delayed 5 second(s)

2019-08-07 16:21:21 - [MESSAGE][PASSED] - Delayed 5 second(s)

2019-08-07 16:21:26 - [MESSAGE][PASSED] - Delayed 5 second(s)

2019-08-07 16:21:31 - [MESSAGE][PASSED] - Delayed 5 second(s)

2019-08-07 16:21:36 - [MESSAGE][PASSED] - Delayed 5 second(s)

2019-08-07 16:21:41 - [MESSAGE][PASSED] - Delayed 5 second(s)

2019-08-07 16:21:46 - [MESSAGE][PASSED] - Delayed 5 second(s)

2019-08-07 16:21:51 - [MESSAGE][PASSED] - Delayed 5 second(s)

2019-08-07 16:21:56 - [MESSAGE][PASSED] - Delayed 5 second(s)

2019-08-07 16:22:01 - [MESSAGE][PASSED] - Delayed 5 second(s)

2019-08-07 16:22:06 - [MESSAGE][PASSED] - Delayed 5 second(s)

2019-08-07 16:22:11 - [MESSAGE][PASSED] - Delayed 5 second(s)

2019-08-07 16:22:16 - [MESSAGE][PASSED] - Delayed 5 second(s)

2019-08-07 16:22:21 - [MESSAGE][PASSED] - Delayed 5 second(s)

2019-08-07 16:22:26 - [MESSAGE][PASSED] - Delayed 5 second(s)

2019-08-07 16:22:31 - [MESSAGE][PASSED] - Delayed 5 second(s)

2019-08-07 16:22:36 - [MESSAGE][PASSED] - Delayed 5 second(s)

2019-08-07 16:22:41 - [MESSAGE][PASSED] - Delayed 5 second(s)

2019-08-07 16:22:46 - [MESSAGE][PASSED] - Delayed 5 second(s)

2019-08-07 16:22:51 - [MESSAGE][PASSED] - Delayed 5 second(s)

2019-08-07 16:22:56 - [MESSAGE][PASSED] - Delayed 5 second(s)

2019-08-07 16:23:01 - [MESSAGE][PASSED] - Delayed 5 second(s)

2019-08-07 16:23:06 - [MESSAGE][PASSED] - Delayed 5 second(s)

2019-08-07 16:23:11 - [MESSAGE][PASSED] - Delayed 5 second(s)

2019-08-07 16:23:16 - [MESSAGE][PASSED] - Delayed 5 second(s)

2019-08-07 16:23:21 - [MESSAGE][PASSED] - Delayed 5 second(s)

2019-08-07 16:23:26 - [MESSAGE][PASSED] - Delayed 5 second(s)

2019-08-07 16:23:31 - [MESSAGE][PASSED] - Delayed 5 second(s)

2019-08-07 16:23:36 - [MESSAGE][PASSED] - Delayed 5 second(s)

2019-08-07 16:23:41 - [MESSAGE][PASSED] - Delayed 5 second(s)

2019-08-07 16:23:46 - [MESSAGE][PASSED] - Delayed 5 second(s)

2019-08-07 16:23:51 - [MESSAGE][PASSED] - Delayed 5 second(s)

2019-08-07 16:23:56 - [MESSAGE][PASSED] - Delayed 5 second(s)

2019-08-07 16:23:56 - [MESSAGE][PASSED] - Object: '' is hovered

2019-08-07 16:23:58 - [MESSAGE][PASSED] - Delayed 2 second(s)

2019-08-07 16:24:03 - [MESSAGE][PASSED] - Delayed 5 second(s)

2019-08-07 16:24:06 - [MESSAGE][PASSED] - Delayed 2 second(s)

2019-08-07 16:24:07 - [MESSAGE][PASSED] - Delayed 1 second(s)

2019-08-07 16:24:07 - [MESSAGE][PASSED] - COO_1.pdf exist in H:/USGBC_NewApproach1/USGBC_LEED/Include/TestData/DownloadedFiles/TC_EnergyEfficiencyBestManagementPractices and was deleted

2019-08-07 16:24:07 - [MESSAGE][PASSED] - 

2019-08-07 16:24:07 - [MESSAGE][PASSED] - Actual text 'COO_1.pdf' and expected text 'COO_1.pdf' are matched 

2019-08-07 16:24:09 - [MESSAGE][PASSED] - Delayed 2 second(s)

2019-08-07 16:24:11 - [MESSAGE][PASSED] - Delayed 2 second(s)

2019-08-07 16:24:12 - [MESSAGE][PASSED] - Delayed 1 second(s)

2019-08-07 16:24:12 - [MESSAGE][PASSED] - ZZ.pdf exist in H:/USGBC_NewApproach1/USGBC_LEED/Include/TestData/DownloadedFiles/TC_EnergyEfficiencyBestManagementPractices and was deleted

2019-08-07 16:24:12 - [MESSAGE][PASSED] - 

2019-08-07 16:24:12 - [MESSAGE][PASSED] - Actual text 'ZZ.pdf' and expected text 'ZZ.pdf' are matched 

2019-08-07 16:24:14 - [MESSAGE][PASSED] - Delayed 2 second(s)

2019-08-07 16:24:16 - [MESSAGE][PASSED] - Delayed 2 second(s)

2019-08-07 16:24:21 - [MESSAGE][PASSED] - Delayed 5 second(s)

2019-08-07 16:24:21 - [MESSAGE][PASSED] - Object: '' is clicked on

2019-08-07 16:24:21 - [MESSAGE][PASSED] - Text of object '' is: 'ZZ.pdf'

2019-08-07 16:24:26 - [MESSAGE][PASSED] - Delayed 5 second(s)

2019-08-07 16:24:31 - [MESSAGE][PASSED] - Delayed 5 second(s)

2019-08-07 16:24:31 - [MESSAGE][PASSED] - Object: '' is hovered

2019-08-07 16:24:33 - [MESSAGE][PASSED] - Delayed 2 second(s)

2019-08-07 16:24:35 - [MESSAGE][PASSED] - Delayed 2 second(s)

2019-08-07 16:24:40 - [MESSAGE][PASSED] - Delayed 5 second(s)

2019-08-07 16:24:41 - [MESSAGE][PASSED] - Object: '' is clicked on

2019-08-07 16:24:41 - [MESSAGE][PASSED] - Text of object '' is: 'COO_1.pdf'

2019-08-07 16:24:46 - [MESSAGE][PASSED] - Delayed 5 second(s)

2019-08-07 16:24:51 - [MESSAGE][PASSED] - Delayed 5 second(s)

2019-08-07 16:24:56 - [MESSAGE][PASSED] - Delayed 5 second(s)

2019-08-07 16:25:01 - [MESSAGE][PASSED] - Delayed 5 second(s)

2019-08-07 16:25:06 - [MESSAGE][PASSED] - Delayed 5 second(s)

2019-08-07 16:25:11 - [MESSAGE][PASSED] - Delayed 5 second(s)

2019-08-07 16:25:11 - [MESSAGE][PASSED] - Object: '' is hovered

2019-08-07 16:25:13 - [MESSAGE][PASSED] - Delayed 2 second(s)

2019-08-07 16:25:18 - [MESSAGE][PASSED] - Delayed 5 second(s)

2019-08-07 16:25:20 - [MESSAGE][PASSED] - Delayed 2 second(s)

2019-08-07 16:25:21 - [MESSAGE][PASSED] - Delayed 1 second(s)

2019-08-07 16:25:21 - [MESSAGE][PASSED] - COO_1.pdf exist in H:/USGBC_NewApproach1/USGBC_LEED/Include/TestData/DownloadedFiles/TC_EnergyEfficiencyBestManagementPractices and was deleted

2019-08-07 16:25:21 - [MESSAGE][PASSED] - 

2019-08-07 16:25:21 - [MESSAGE][PASSED] - Actual text 'COO_1.pdf' and expected text 'COO_1.pdf' are matched 

2019-08-07 16:25:23 - [MESSAGE][PASSED] - Delayed 2 second(s)

2019-08-07 16:25:25 - [MESSAGE][PASSED] - Delayed 2 second(s)

2019-08-07 16:25:26 - [MESSAGE][PASSED] - Delayed 1 second(s)

2019-08-07 16:25:26 - [MESSAGE][PASSED] - ZZ.pdf exist in H:/USGBC_NewApproach1/USGBC_LEED/Include/TestData/DownloadedFiles/TC_EnergyEfficiencyBestManagementPractices and was deleted

2019-08-07 16:25:26 - [MESSAGE][PASSED] - 

2019-08-07 16:25:26 - [MESSAGE][PASSED] - Actual text 'ZZ.pdf' and expected text 'ZZ.pdf' are matched 

2019-08-07 16:25:28 - [MESSAGE][PASSED] - Delayed 2 second(s)

2019-08-07 16:25:30 - [MESSAGE][PASSED] - Delayed 2 second(s)

2019-08-07 16:25:36 - [MESSAGE][PASSED] - Delayed 5 second(s)

2019-08-07 16:25:36 - [MESSAGE][PASSED] - Object: '' is clicked on

2019-08-07 16:25:36 - [MESSAGE][PASSED] - Text of object '' is: 'ZZ.pdf'

2019-08-07 16:25:41 - [MESSAGE][PASSED] - Delayed 5 second(s)

2019-08-07 16:25:41 - [MESSAGE][PASSED] - Object: '' is hovered

2019-08-07 16:25:43 - [MESSAGE][PASSED] - Delayed 2 second(s)

2019-08-07 16:25:45 - [MESSAGE][PASSED] - Delayed 2 second(s)

2019-08-07 16:25:50 - [MESSAGE][PASSED] - Delayed 5 second(s)

2019-08-07 16:25:50 - [MESSAGE][PASSED] - Object: '' is clicked on

2019-08-07 16:25:50 - [MESSAGE][PASSED] - Text of object '' is: 'COO_1.pdf'

2019-08-07 16:25:55 - [MESSAGE][PASSED] - Delayed 5 second(s)

2019-08-07 16:25:55 - [MESSAGE][PASSED] - Object: '' is hovered

2019-08-07 16:25:57 - [MESSAGE][PASSED] - Delayed 2 second(s)

2019-08-07 16:26:02 - [MESSAGE][PASSED] - Delayed 5 second(s)

2019-08-07 16:26:04 - [MESSAGE][PASSED] - Delayed 2 second(s)

2019-08-07 16:26:06 - [MESSAGE][PASSED] - Delayed 1 second(s)

2019-08-07 16:26:06 - [MESSAGE][PASSED] - COO_1.pdf exist in H:/USGBC_NewApproach1/USGBC_LEED/Include/TestData/DownloadedFiles/TC_EnergyEfficiencyBestManagementPractices and was deleted

2019-08-07 16:26:06 - [MESSAGE][PASSED] - 

2019-08-07 16:26:06 - [MESSAGE][PASSED] - Actual text 'COO_1.pdf' and expected text 'COO_1.pdf' are matched 

2019-08-07 16:26:08 - [MESSAGE][PASSED] - Delayed 2 second(s)

2019-08-07 16:26:10 - [MESSAGE][PASSED] - Delayed 2 second(s)

2019-08-07 16:26:11 - [MESSAGE][PASSED] - Delayed 1 second(s)

2019-08-07 16:26:11 - [MESSAGE][PASSED] - ZZ.pdf exist in H:/USGBC_NewApproach1/USGBC_LEED/Include/TestData/DownloadedFiles/TC_EnergyEfficiencyBestManagementPractices and was deleted

2019-08-07 16:26:11 - [MESSAGE][PASSED] - 

2019-08-07 16:26:11 - [MESSAGE][PASSED] - Actual text 'ZZ.pdf' and expected text 'ZZ.pdf' are matched 

2019-08-07 16:26:13 - [MESSAGE][PASSED] - Delayed 2 second(s)

2019-08-07 16:26:13 - [MESSAGE][PASSED] - Object: '' is clicked on

2019-08-07 16:26:15 - [MESSAGE][PASSED] - Delayed 2 second(s)

2019-08-07 16:26:15 - [MESSAGE][PASSED] - Object: '' is clicked on

2019-08-07 16:26:18 - [MESSAGE][PASSED] - Delayed 3 second(s)

2019-08-07 16:26:18 - [MESSAGE][PASSED] - Object '' is present

2019-08-07 16:26:20 - [MESSAGE][PASSED] - Delayed 2 second(s)

2019-08-07 16:26:25 - [MESSAGE][PASSED] - Delayed 5 second(s)

2019-08-07 16:26:26 - [MESSAGE][PASSED] - Object: '' is clicked on

2019-08-07 16:26:28 - [MESSAGE][PASSED] - Delayed 2 second(s)

2019-08-07 16:26:28 - [MESSAGE][PASSED] - Object: '' is clicked on

2019-08-07 16:26:30 - [MESSAGE][PASSED] - Delayed 2 second(s)

2019-08-07 16:26:32 - [MESSAGE][PASSED] - Delayed 2 second(s)

2019-08-07 16:26:37 - [MESSAGE][PASSED] - Delayed 5 second(s)

2019-08-07 16:26:37 - [MESSAGE][PASSED] - Object: '' is clicked on

2019-08-07 16:26:39 - [MESSAGE][PASSED] - Delayed 2 second(s)

2019-08-07 16:26:39 - [MESSAGE][PASSED] - Object: '' is clicked on

2019-08-07 16:26:41 - [MESSAGE][PASSED] - Delayed 2 second(s)

2019-08-07 16:26:46 - [MESSAGE][PASSED] - Delayed 5 second(s)

2019-08-07 16:26:46 - [MESSAGE][PASSED] - Web element with id: '' located by 'By.xpath: (//table[@class='ui collapsing celled table unstackable'])[4]' is not present after '2' second(s)

2019-08-07 16:26:48 - [MESSAGE][PASSED] - Delayed 2 second(s)

2019-08-07 16:26:53 - [MESSAGE][PASSED] - Delayed 5 second(s)

2019-08-07 16:26:54 - [MESSAGE][PASSED] - Object: '' is clicked on

2019-08-07 16:26:56 - [MESSAGE][PASSED] - Delayed 2 second(s)

2019-08-07 16:26:56 - [MESSAGE][PASSED] - Object: '' is clicked on

2019-08-07 16:26:58 - [MESSAGE][PASSED] - Delayed 2 second(s)

2019-08-07 16:27:00 - [MESSAGE][PASSED] - Delayed 2 second(s)

2019-08-07 16:27:05 - [MESSAGE][PASSED] - Delayed 5 second(s)

2019-08-07 16:27:05 - [MESSAGE][PASSED] - Object: '' is clicked on

2019-08-07 16:27:07 - [MESSAGE][PASSED] - Delayed 2 second(s)

2019-08-07 16:27:07 - [MESSAGE][PASSED] - Object: '' is clicked on

2019-08-07 16:27:09 - [MESSAGE][PASSED] - Delayed 2 second(s)

2019-08-07 16:27:14 - [MESSAGE][PASSED] - Delayed 5 second(s)

2019-08-07 16:27:14 - [MESSAGE][PASSED] - Web element with id: '' located by 'By.xpath: (//table[@class='ui collapsing celled table unstackable'])[3]' is not present after '2' second(s)

2019-08-07 16:27:16 - [MESSAGE][PASSED] - Delayed 2 second(s)

2019-08-07 16:27:21 - [MESSAGE][PASSED] - Delayed 5 second(s)

2019-08-07 16:27:22 - [MESSAGE][PASSED] - Object: '' is clicked on

2019-08-07 16:27:24 - [MESSAGE][PASSED] - Delayed 2 second(s)

2019-08-07 16:27:24 - [MESSAGE][PASSED] - Object: '' is clicked on

2019-08-07 16:27:26 - [MESSAGE][PASSED] - Delayed 2 second(s)

2019-08-07 16:27:28 - [MESSAGE][PASSED] - Delayed 2 second(s)

2019-08-07 16:27:33 - [MESSAGE][PASSED] - Delayed 5 second(s)

2019-08-07 16:27:33 - [MESSAGE][PASSED] - Object: '' is clicked on

2019-08-07 16:27:35 - [MESSAGE][PASSED] - Delayed 2 second(s)

2019-08-07 16:27:35 - [MESSAGE][PASSED] - Object: '' is clicked on

2019-08-07 16:27:37 - [MESSAGE][PASSED] - Delayed 2 second(s)

2019-08-07 16:27:42 - [MESSAGE][PASSED] - Delayed 5 second(s)

2019-08-07 16:27:42 - [MESSAGE][PASSED] - Web element with id: '' located by 'By.xpath: (//table[@class='ui collapsing celled table unstackable'])[2]' is not present after '2' second(s)

2019-08-07 16:27:44 - [MESSAGE][PASSED] - Delayed 2 second(s)

2019-08-07 16:27:49 - [MESSAGE][PASSED] - Delayed 5 second(s)

2019-08-07 16:27:54 - [MESSAGE][PASSED] - Object: '' is clicked on

2019-08-07 16:27:56 - [MESSAGE][PASSED] - Delayed 2 second(s)

2019-08-07 16:28:02 - [MESSAGE][PASSED] - Object: '' is clicked on

2019-08-07 16:28:04 - [MESSAGE][PASSED] - Delayed 2 second(s)

2019-08-07 16:28:06 - [MESSAGE][PASSED] - Delayed 2 second(s)

2019-08-07 16:28:11 - [MESSAGE][PASSED] - Delayed 5 second(s)

2019-08-07 16:28:16 - [MESSAGE][PASSED] - Object: '' is clicked on

2019-08-07 16:28:18 - [MESSAGE][PASSED] - Delayed 2 second(s)

2019-08-07 16:28:23 - [MESSAGE][PASSED] - Object: '' is clicked on

2019-08-07 16:28:25 - [MESSAGE][PASSED] - Delayed 2 second(s)

2019-08-07 16:28:30 - [MESSAGE][PASSED] - Delayed 5 second(s)

2019-08-07 16:28:30 - [MESSAGE][PASSED] - Web element with id: '' located by 'By.xpath: (//table[@class='ui collapsing celled table unstackable'])[1]' is not present after '2' second(s)

2019-08-07 16:28:30 - [TEST_CASE][PASSED] - Test Cases/TC_Login: Test Cases/TC_Login

2019-08-07 16:28:30 - [TEST_STEP][PASSED] - runWithCucumberRunner(common.LoginRunner): Run with 'common.LoginRunner' was passed

2019-08-07 16:28:31 - [MESSAGE][WARNING] - A browser is already opened. Closing browser and opening a new one

2019-08-07 16:28:31 - [MESSAGE][INFO] - Starting 'Chrome' driver

2019-08-07 16:28:34 - [MESSAGE][PASSED] - Browser is opened with url: ''

2019-08-07 16:28:35 - [MESSAGE][PASSED] - Current window maximized

2019-08-07 16:28:38 - [MESSAGE][PASSED] - Navigate to 'https://leedonline-stg.usgbc.org' successfully

2019-08-07 16:28:38 - [MESSAGE][PASSED] - Text 'automationbdd10@gmail.com' is set on object ''

2019-08-07 16:28:39 - [MESSAGE][PASSED] - Text 'initpass' is set on object ''

2019-08-07 16:28:42 - [MESSAGE][PASSED] - Delayed 3 second(s)

2019-08-07 16:28:42 - [MESSAGE][PASSED] - Scroll to object '' successfully

2019-08-07 16:28:42 - [MESSAGE][PASSED] - Object '' is checked

2019-08-07 16:28:46 - [MESSAGE][PASSED] - Delayed 4 second(s)

2019-08-07 16:28:46 - [MESSAGE][PASSED] - The form containing object: '' is submitted

2019-08-07 16:28:51 - [MESSAGE][PASSED] - Delayed 5 second(s)

2019-08-07 16:28:51 - [MESSAGE][PASSED] - Object '' is present

2019-08-07 16:28:51 - [MESSAGE][PASSED] - Run with 'common.LoginRunner' was passed

2019-08-07 16:28:51 - [MESSAGE][PASSED] - Call Test Case 'Test Cases/TC_Login' successfully

2019-08-07 16:28:52 - [MESSAGE][PASSED] - Object: '' is clicked on

2019-08-07 16:28:54 - [MESSAGE][PASSED] - Object: '' is clicked on

2019-08-07 16:28:56 - [MESSAGE][PASSED] - Delayed 2 second(s)

2019-08-07 16:28:56 - [MESSAGE][PASSED] - Text of object '' is: 'READY FOR REVIEW'

2019-08-07 16:28:56 - [MESSAGE][PASSED] - Object: '' is clicked on

2019-08-07 16:29:01 - [MESSAGE][PASSED] - Delayed 5 second(s)

2019-08-07 16:29:04 - [MESSAGE][PASSED] - Delayed 3 second(s)

2019-08-07 16:29:06 - [MESSAGE][PASSED] - Delayed 2 second(s)

2019-08-07 16:29:06 - [MESSAGE][PASSED] - Object: '' is clicked on

2019-08-07 16:29:07 - [MESSAGE][PASSED] - Text of object '' is: 'Energy Efficiency Best Management Practices'

2019-08-07 16:29:10 - [MESSAGE][PASSED] - Delayed 3 second(s)

2019-08-07 16:29:14 - [MESSAGE][PASSED] - Object: '' is clicked on

2019-08-07 16:29:19 - [MESSAGE][PASSED] - Delayed 5 second(s)

2019-08-07 16:29:19 - [MESSAGE][PASSED] - Text 'Because I see the mind is the most important.8VKM4' is set on object ''

2019-08-07 16:29:21 - [MESSAGE][PASSED] - Delayed 2 second(s)

2019-08-07 16:29:22 - [MESSAGE][PASSED] - Text of object '' is: 'Because I see the mind is the most important.8VKM4'

2019-08-07 16:29:22 - [MESSAGE][PASSED] - Actual text 'Because I see the mind is the most important.8VKM4' and expected text 'Because I see the mind is the most important.8VKM4' are matched 

2019-08-07 16:29:32 - [MESSAGE][PASSED] - Delayed 10 second(s)

2019-08-07 16:29:32 - [MESSAGE][PASSED] - Text of object '' is: 'Last draft saved on: 07 Aug 2019 04:29:23 PM  Clear draft'

2019-08-07 16:29:32 - [MESSAGE][PASSED] - Actual text 'null' and expected text 'Last draft saved on: 07 Aug 2019 04:29:23 PM  Clear draft' are not matched 

2019-08-07 16:29:42 - [MESSAGE][PASSED] - Delayed 10 second(s)

2019-08-07 16:29:42 - [MESSAGE][PASSED] - Text of object '' is: 'Last draft saved on: 07 Aug 2019 04:29:23 PM  Clear draft'

2019-08-07 16:29:42 - [MESSAGE][PASSED] - Actual text 'Last draft saved on: 07 Aug 2019 04:29:23 PM  Clear draft' and expected text 'Last draft saved on: 07 Aug 2019 04:29:23 PM  Clear draft' are matched 

2019-08-07 16:29:42 - [MESSAGE][PASSED] - Object '' has attribute 'class' with value 'tiny ui button'

2019-08-07 16:29:49 - [MESSAGE][PASSED] - Delayed 7 second(s)

2019-08-07 16:29:49 - [MESSAGE][PASSED] - File 'H:\USGBC_NewApproach1\USGBC_LEED\Include\TestData\FilesToUpload\COO_1.pdf' sent to object: ''

2019-08-07 16:29:49 - [MESSAGE][PASSED] - Object '' has attribute 'class' with value 'tiny ui button'

2019-08-07 16:29:56 - [MESSAGE][PASSED] - Delayed 7 second(s)

2019-08-07 16:29:56 - [MESSAGE][PASSED] - File 'H:\USGBC_NewApproach1\USGBC_LEED\Include\TestData\FilesToUpload\ZZ.pdf' sent to object: ''

2019-08-07 16:29:59 - [MESSAGE][PASSED] - Delayed 3 second(s)

2019-08-07 16:29:59 - [MESSAGE][PASSED] - Object '' has attribute 'class' with value 'tiny ui button'

2019-08-07 16:30:06 - [MESSAGE][PASSED] - Delayed 7 second(s)

2019-08-07 16:30:06 - [MESSAGE][PASSED] - File 'H:\USGBC_NewApproach1\USGBC_LEED\Include\TestData\FilesToUpload\COO_1.pdf' sent to object: ''

2019-08-07 16:30:06 - [MESSAGE][PASSED] - Object '' has attribute 'class' with value 'tiny ui button'

2019-08-07 16:30:13 - [MESSAGE][PASSED] - Delayed 7 second(s)

2019-08-07 16:30:14 - [MESSAGE][PASSED] - File 'H:\USGBC_NewApproach1\USGBC_LEED\Include\TestData\FilesToUpload\ZZ.pdf' sent to object: ''

2019-08-07 16:30:17 - [MESSAGE][PASSED] - Delayed 3 second(s)

2019-08-07 16:30:17 - [MESSAGE][PASSED] - Object '' has attribute 'class' with value 'tiny ui button'

2019-08-07 16:30:24 - [MESSAGE][PASSED] - Delayed 7 second(s)

2019-08-07 16:30:24 - [MESSAGE][PASSED] - File 'H:\USGBC_NewApproach1\USGBC_LEED\Include\TestData\FilesToUpload\COO_1.pdf' sent to object: ''

2019-08-07 16:30:24 - [MESSAGE][PASSED] - Object '' has attribute 'class' with value 'tiny ui button'

2019-08-07 16:30:31 - [MESSAGE][PASSED] - Delayed 7 second(s)

2019-08-07 16:30:31 - [MESSAGE][PASSED] - File 'H:\USGBC_NewApproach1\USGBC_LEED\Include\TestData\FilesToUpload\ZZ.pdf' sent to object: ''

2019-08-07 16:30:34 - [MESSAGE][PASSED] - Delayed 3 second(s)

2019-08-07 16:30:34 - [MESSAGE][PASSED] - Object '' has attribute 'class' with value 'tiny ui button'

2019-08-07 16:30:41 - [MESSAGE][PASSED] - Delayed 7 second(s)

2019-08-07 16:30:41 - [MESSAGE][PASSED] - File 'H:\USGBC_NewApproach1\USGBC_LEED\Include\TestData\FilesToUpload\COO_1.pdf' sent to object: ''

2019-08-07 16:30:41 - [MESSAGE][PASSED] - Object '' has attribute 'class' with value 'tiny ui button'

2019-08-07 16:30:48 - [MESSAGE][PASSED] - Delayed 7 second(s)

2019-08-07 16:30:48 - [MESSAGE][PASSED] - File 'H:\USGBC_NewApproach1\USGBC_LEED\Include\TestData\FilesToUpload\ZZ.pdf' sent to object: ''

2019-08-07 16:30:51 - [MESSAGE][PASSED] - Delayed 3 second(s)

2019-08-07 16:31:01 - [MESSAGE][PASSED] - Delayed 10 second(s)

2019-08-07 16:31:01 - [MESSAGE][PASSED] - Text of object '' is: 'Last draft saved on: 07 Aug 2019 04:29:23 PM  Clear draft'

2019-08-07 16:31:01 - [MESSAGE][PASSED] - Actual text 'Last draft saved on: 07 Aug 2019 04:29:23 PM  Clear draft' and expected text 'Last draft saved on: 07 Aug 2019 04:29:23 PM  Clear draft' are matched 

2019-08-07 16:31:02 - [MESSAGE][PASSED] - Object: '' is clicked on

2019-08-07 16:31:33 - [MESSAGE][INFO] - Unable to find the element located by 'By.xpath: //div[@class='vdp-datepicker__calendar']//span[@class='cell day' and  text()='7'] | //div[@class='vdp-datepicker__calendar']//span[@class='cell day selected' and  text()='7']'. Please recheck the objects properties to make sure the desired element is located. 

2019-08-07 16:31:34 - [MESSAGE][FAILED] - Unable to click on object '' (Root cause: com.kms.katalon.core.exception.StepFailedException: Unable to click on object ''
	at com.kms.katalon.core.webui.keyword.internal.WebUIKeywordMain.stepFailed(WebUIKeywordMain.groovy:64)
	at com.kms.katalon.core.webui.keyword.internal.WebUIKeywordMain.runKeyword(WebUIKeywordMain.groovy:26)
	at com.kms.katalon.core.webui.keyword.builtin.ClickKeyword.click(ClickKeyword.groovy:86)
	at com.kms.katalon.core.webui.keyword.builtin.ClickKeyword.execute(ClickKeyword.groovy:67)
	at com.kms.katalon.core.keyword.internal.KeywordExecutor.executeKeywordForPlatform(KeywordExecutor.groovy:56)
	at com.kms.katalon.core.webui.keyword.WebUiBuiltInKeywords.click(WebUiBuiltInKeywords.groovy:616)
	at com.kms.katalon.core.webui.keyword.WebUiBuiltInKeywords$click$7.call(Unknown Source)
	at projectKeywords.LeedOnlineKeywords.fill_date_field_autosave(LeedOnlineKeywords.groovy:748)
	at projectKeywords.LeedOnlineKeywords$fill_date_field_autosave$22.call(Unknown Source)
	at common.Common_StepDef.user_verifies_Auto_save_after_entering_the_date_field(Common_StepDef.groovy:906)
	at cucumber.runtime.Utils$1.call(Utils.java:26)
	at cucumber.runtime.Timeout.timeout(Timeout.java:16)
	at cucumber.runtime.Utils.invoke(Utils.java:20)
	at cucumber.runtime.java.JavaStepDefinition.execute(JavaStepDefinition.java:48)
	at cucumber.runtime.PickleStepDefinitionMatch.runStep(PickleStepDefinitionMatch.java:50)
	at cucumber.runner.TestStep.executeStep(TestStep.java:55)
	at cucumber.runner.TestStep.run(TestStep.java:42)
	at cucumber.runner.PickleStepTestStep.run(PickleStepTestStep.java:53)
	at cucumber.runner.TestCase.run(TestCase.java:47)
	at cucumber.runner.Runner.runPickle(Runner.java:44)
	at cucumber.runtime.junit.PickleRunners$NoStepDescriptions.run(PickleRunners.java:140)
	at cucumber.runtime.junit.FeatureRunner.runChild(FeatureRunner.java:68)
	at cucumber.runtime.junit.FeatureRunner.runChild(FeatureRunner.java:23)
	at org.junit.runners.ParentRunner$3.run(ParentRunner.java:290)
	at org.junit.runners.ParentRunner$1.schedule(ParentRunner.java:71)
	at org.junit.runners.ParentRunner.runChildren(ParentRunner.java:288)
	at org.junit.runners.ParentRunner.access$000(ParentRunner.java:58)
	at org.junit.runners.ParentRunner$2.evaluate(ParentRunner.java:268)
	at org.junit.runners.ParentRunner.run(ParentRunner.java:363)
	at cucumber.runtime.junit.FeatureRunner.run(FeatureRunner.java:73)
	at cucumber.api.junit.Cucumber.runChild(Cucumber.java:98)
	at cucumber.api.junit.Cucumber.runChild(Cucumber.java:55)
	at org.junit.runners.ParentRunner$3.run(ParentRunner.java:290)
	at org.junit.runners.ParentRunner$1.schedule(ParentRunner.java:71)
	at org.junit.runners.ParentRunner.runChildren(ParentRunner.java:288)
	at org.junit.runners.ParentRunner.access$000(ParentRunner.java:58)
	at org.junit.runners.ParentRunner$2.evaluate(ParentRunner.java:268)
	at cucumber.api.junit.Cucumber$1.evaluate(Cucumber.java:107)
	at org.junit.runners.ParentRunner.run(ParentRunner.java:363)
	at org.junit.runners.Suite.runChild(Suite.java:128)
	at org.junit.runners.Suite.runChild(Suite.java:27)
	at org.junit.runners.ParentRunner$3.run(ParentRunner.java:290)
	at org.junit.runners.ParentRunner$1.schedule(ParentRunner.java:71)
	at org.junit.runners.ParentRunner.runChildren(ParentRunner.java:288)
	at org.junit.runners.ParentRunner.access$000(ParentRunner.java:58)
	at org.junit.runners.ParentRunner$2.evaluate(ParentRunner.java:268)
	at org.junit.runners.ParentRunner.run(ParentRunner.java:363)
	at org.junit.runner.JUnitCore.run(JUnitCore.java:137)
	at org.junit.runner.JUnitCore.run(JUnitCore.java:115)
	at org.junit.runner.JUnitCore.run(JUnitCore.java:105)
	at com.kms.katalon.core.cucumber.keyword.CucumberBuiltinKeywords$_runWithCucumberRunner_closure3.doCall(CucumberBuiltinKeywords.groovy:260)
	at com.kms.katalon.core.cucumber.keyword.CucumberBuiltinKeywords$_runWithCucumberRunner_closure3.doCall(CucumberBuiltinKeywords.groovy)
	at com.kms.katalon.core.keyword.internal.KeywordMain.runKeyword(KeywordMain.groovy:66)
	at com.kms.katalon.core.keyword.internal.KeywordMain$runKeyword.call(Unknown Source)
	at com.kms.katalon.core.cucumber.keyword.CucumberBuiltinKeywords.runWithCucumberRunner(CucumberBuiltinKeywords.groovy:257)
	at com.kms.katalon.core.cucumber.keyword.CucumberBuiltinKeywords$runWithCucumberRunner$0.callStatic(Unknown Source)
	at com.kms.katalon.core.cucumber.keyword.CucumberBuiltinKeywords.runWithCucumberRunner(CucumberBuiltinKeywords.groovy:357)
	at com.kms.katalon.core.cucumber.keyword.CucumberBuiltinKeywords$runWithCucumberRunner.call(Unknown Source)
	at TC_EnergyEfficiencyBestManagementPractices.run(TC_EnergyEfficiencyBestManagementPractices:17)
	at com.kms.katalon.core.main.ScriptEngine.run(ScriptEngine.java:194)
	at com.kms.katalon.core.main.ScriptEngine.runScriptAsRawText(ScriptEngine.java:119)
	at com.kms.katalon.core.main.TestCaseExecutor.runScript(TestCaseExecutor.java:336)
	at com.kms.katalon.core.main.TestCaseExecutor.doExecute(TestCaseExecutor.java:327)
	at com.kms.katalon.core.main.TestCaseExecutor.processExecutionPhase(TestCaseExecutor.java:306)
	at com.kms.katalon.core.main.TestCaseExecutor.accessMainPhase(TestCaseExecutor.java:298)
	at com.kms.katalon.core.main.TestCaseExecutor.execute(TestCaseExecutor.java:232)
	at com.kms.katalon.core.main.TestSuiteExecutor.accessTestCaseMainPhase(TestSuiteExecutor.java:129)
	at com.kms.katalon.core.main.TestSuiteExecutor.accessTestSuiteMainPhase(TestSuiteExecutor.java:112)
	at com.kms.katalon.core.main.TestSuiteExecutor.execute(TestSuiteExecutor.java:81)
	at com.kms.katalon.core.main.TestCaseMain.startTestSuite(TestCaseMain.java:157)
	at com.kms.katalon.core.main.TestCaseMain$startTestSuite$0.call(Unknown Source)
	at TempTestSuite1565174754670.run(TempTestSuite1565174754670.groovy:35)
Caused by: com.kms.katalon.core.webui.exception.WebElementNotFoundException: Web element with id: '' located by 'By.xpath: //div[@class='vdp-datepicker__calendar']//span[@class='cell day' and  text()='7'] | //div[@class='vdp-datepicker__calendar']//span[@class='cell day selected' and  text()='7']' not found
	at com.kms.katalon.core.webui.common.WebUiCommonHelper.findWebElement(WebUiCommonHelper.java:1097)
	at com.kms.katalon.core.webui.keyword.internal.WebUIAbstractKeyword.findWebElement(WebUIAbstractKeyword.groovy:27)
	at com.kms.katalon.core.webui.keyword.internal.WebUIAbstractKeyword.findWebElement(WebUIAbstractKeyword.groovy:26)
	at com.kms.katalon.core.webui.keyword.builtin.ClickKeyword$_click_closure1.doCall(ClickKeyword.groovy:77)
	at com.kms.katalon.core.webui.keyword.builtin.ClickKeyword$_click_closure1.call(ClickKeyword.groovy)
	at com.kms.katalon.core.webui.keyword.internal.WebUIKeywordMain.runKeyword(WebUIKeywordMain.groovy:20)
	at com.kms.katalon.core.webui.keyword.builtin.ClickKeyword.click(ClickKeyword.groovy:86)
	at com.kms.katalon.core.webui.keyword.builtin.ClickKeyword.execute(ClickKeyword.groovy:67)
	at com.kms.katalon.core.keyword.internal.KeywordExecutor.executeKeywordForPlatform(KeywordExecutor.groovy:56)
	at com.kms.katalon.core.webui.keyword.WebUiBuiltInKeywords.click(WebUiBuiltInKeywords.groovy:616)
	at com.kms.katalon.core.webui.keyword.WebUiBuiltInKeywords$click$7.call(Unknown Source)
	at projectKeywords.LeedOnlineKeywords.fill_date_field_autosave(LeedOnlineKeywords.groovy:748)
	at projectKeywords.LeedOnlineKeywords$fill_date_field_autosave$22.call(Unknown Source)
	at common.Common_StepDef.user_verifies_Auto_save_after_entering_the_date_field(Common_StepDef.groovy:906)
	at cucumber.runtime.Utils$1.call(Utils.java:26)
	at cucumber.runtime.Timeout.timeout(Timeout.java:16)
	at cucumber.runtime.Utils.invoke(Utils.java:20)
	at cucumber.runtime.java.JavaStepDefinition.execute(JavaStepDefinition.java:48)
	at cucumber.runtime.PickleStepDefinitionMatch.runStep(PickleStepDefinitionMatch.java:50)
	at cucumber.runner.TestStep.executeStep(TestStep.java:55)
	at cucumber.runner.TestStep.run(TestStep.java:42)
	at cucumber.runner.PickleStepTestStep.run(PickleStepTestStep.java:53)
	at cucumber.runner.TestCase.run(TestCase.java:47)
	at cucumber.runner.Runner.runPickle(Runner.java:44)
	at cucumber.runtime.junit.PickleRunners$NoStepDescriptions.run(PickleRunners.java:140)
	at cucumber.runtime.junit.FeatureRunner.runChild(FeatureRunner.java:68)
	at cucumber.runtime.junit.FeatureRunner.runChild(FeatureRunner.java:23)
	at org.junit.runners.ParentRunner$3.run(ParentRunner.java:290)
	at org.junit.runners.ParentRunner$1.schedule(ParentRunner.java:71)
	at org.junit.runners.ParentRunner.runChildren(ParentRunner.java:288)
	at org.junit.runners.ParentRunner.access$000(ParentRunner.java:58)
	at org.junit.runners.ParentRunner$2.evaluate(ParentRunner.java:268)
	at org.junit.runners.ParentRunner.run(ParentRunner.java:363)
	at cucumber.runtime.junit.FeatureRunner.run(FeatureRunner.java:73)
	at cucumber.api.junit.Cucumber.runChild(Cucumber.java:98)
	at cucumber.api.junit.Cucumber.runChild(Cucumber.java:55)
	at org.junit.runners.ParentRunner$3.run(ParentRunner.java:290)
	at org.junit.runners.ParentRunner$1.schedule(ParentRunner.java:71)
	at org.junit.runners.ParentRunner.runChildren(ParentRunner.java:288)
	at org.junit.runners.ParentRunner.access$000(ParentRunner.java:58)
	at org.junit.runners.ParentRunner$2.evaluate(ParentRunner.java:268)
	at cucumber.api.junit.Cucumber$1.evaluate(Cucumber.java:107)
	at org.junit.runners.ParentRunner.run(ParentRunner.java:363)
	at org.junit.runners.Suite.runChild(Suite.java:128)
	at org.junit.runners.Suite.runChild(Suite.java:27)
	at org.junit.runners.ParentRunner$3.run(ParentRunner.java:290)
	at org.junit.runners.ParentRunner$1.schedule(ParentRunner.java:71)
	at org.junit.runners.ParentRunner.runChildren(ParentRunner.java:288)
	at org.junit.runners.ParentRunner.access$000(ParentRunner.java:58)
	at org.junit.runners.ParentRunner$2.evaluate(ParentRunner.java:268)
	at org.junit.runners.ParentRunner.run(ParentRunner.java:363)
	at org.junit.runner.JUnitCore.run(JUnitCore.java:137)
	at org.junit.runner.JUnitCore.run(JUnitCore.java:115)
	at org.junit.runner.JUnitCore.run(JUnitCore.java:105)
	at com.kms.katalon.core.cucumber.keyword.CucumberBuiltinKeywords$_runWithCucumberRunner_closure3.doCall(CucumberBuiltinKeywords.groovy:260)
	at com.kms.katalon.core.cucumber.keyword.CucumberBuiltinKeywords$_runWithCucumberRunner_closure3.doCall(CucumberBuiltinKeywords.groovy)
	at com.kms.katalon.core.keyword.internal.KeywordMain.runKeyword(KeywordMain.groovy:66)
	at com.kms.katalon.core.keyword.internal.KeywordMain$runKeyword.call(Unknown Source)
	at com.kms.katalon.core.cucumber.keyword.CucumberBuiltinKeywords.runWithCucumberRunner(CucumberBuiltinKeywords.groovy:257)
	at com.kms.katalon.core.cucumber.keyword.CucumberBuiltinKeywords$runWithCucumberRunner$0.callStatic(Unknown Source)
	at com.kms.katalon.core.cucumber.keyword.CucumberBuiltinKeywords.runWithCucumberRunner(CucumberBuiltinKeywords.groovy:357)
	at com.kms.katalon.core.cucumber.keyword.CucumberBuiltinKeywords$runWithCucumberRunner.call(Unknown Source)
	at Script1563357581198.run(Script1563357581198.groovy:17)
	... 13 more
)
[[ATTACHMENT|H:\\USGBC_NewApproach1\\USGBC_LEED\\Reports\\demo_EEBM\\20190807_161550\\1565175693679.png]]

2019-08-07 16:31:34 - [MESSAGE][PASSED] - Taking screenshot successfully
[[ATTACHMENT|H:\\USGBC_NewApproach1\\USGBC_LEED//screenshots//Wed_Aug_07_16_31_34_IST_2019.png]]

2019-08-07 16:31:34 - [MESSAGE][PASSED] - Taking screenshot successfully
[[ATTACHMENT|H:\\USGBC_NewApproach1\\USGBC_LEED//screenshots//Wed_Aug_07_16_31_34_IST_2019.png]]

2019-08-07 16:32:06 - [MESSAGE][INFO] - Unable to find the element located by 'By.xpath: //li[@id='my-account']/div'. Please recheck the objects properties to make sure the desired element is located. 

2019-08-07 16:32:07 - [MESSAGE][FAILED] - Unable to click on object '' (Root cause: com.kms.katalon.core.exception.StepFailedException: Unable to click on object ''
	at com.kms.katalon.core.webui.keyword.internal.WebUIKeywordMain.stepFailed(WebUIKeywordMain.groovy:64)
	at com.kms.katalon.core.webui.keyword.internal.WebUIKeywordMain.runKeyword(WebUIKeywordMain.groovy:26)
	at com.kms.katalon.core.webui.keyword.builtin.ClickKeyword.click(ClickKeyword.groovy:86)
	at com.kms.katalon.core.webui.keyword.builtin.ClickKeyword.execute(ClickKeyword.groovy:67)
	at com.kms.katalon.core.keyword.internal.KeywordExecutor.executeKeywordForPlatform(KeywordExecutor.groovy:56)
	at com.kms.katalon.core.webui.keyword.WebUiBuiltInKeywords.click(WebUiBuiltInKeywords.groovy:616)
	at com.kms.katalon.core.webui.keyword.WebUiBuiltInKeywords$click$7.call(Unknown Source)
	at common.Common_StepDef.user_logout_and_login_to_the_form(Common_StepDef.groovy:1269)
	at cucumber.runtime.Utils$1.call(Utils.java:26)
	at cucumber.runtime.Timeout.timeout(Timeout.java:16)
	at cucumber.runtime.Utils.invoke(Utils.java:20)
	at cucumber.runtime.java.JavaStepDefinition.execute(JavaStepDefinition.java:48)
	at cucumber.runtime.PickleStepDefinitionMatch.runStep(PickleStepDefinitionMatch.java:50)
	at cucumber.runner.TestStep.executeStep(TestStep.java:55)
	at cucumber.runner.TestStep.run(TestStep.java:42)
	at cucumber.runner.PickleStepTestStep.run(PickleStepTestStep.java:53)
	at cucumber.runner.TestCase.run(TestCase.java:47)
	at cucumber.runner.Runner.runPickle(Runner.java:44)
	at cucumber.runtime.junit.PickleRunners$NoStepDescriptions.run(PickleRunners.java:140)
	at cucumber.runtime.junit.FeatureRunner.runChild(FeatureRunner.java:68)
	at cucumber.runtime.junit.FeatureRunner.runChild(FeatureRunner.java:23)
	at org.junit.runners.ParentRunner$3.run(ParentRunner.java:290)
	at org.junit.runners.ParentRunner$1.schedule(ParentRunner.java:71)
	at org.junit.runners.ParentRunner.runChildren(ParentRunner.java:288)
	at org.junit.runners.ParentRunner.access$000(ParentRunner.java:58)
	at org.junit.runners.ParentRunner$2.evaluate(ParentRunner.java:268)
	at org.junit.runners.ParentRunner.run(ParentRunner.java:363)
	at cucumber.runtime.junit.FeatureRunner.run(FeatureRunner.java:73)
	at cucumber.api.junit.Cucumber.runChild(Cucumber.java:98)
	at cucumber.api.junit.Cucumber.runChild(Cucumber.java:55)
	at org.junit.runners.ParentRunner$3.run(ParentRunner.java:290)
	at org.junit.runners.ParentRunner$1.schedule(ParentRunner.java:71)
	at org.junit.runners.ParentRunner.runChildren(ParentRunner.java:288)
	at org.junit.runners.ParentRunner.access$000(ParentRunner.java:58)
	at org.junit.runners.ParentRunner$2.evaluate(ParentRunner.java:268)
	at cucumber.api.junit.Cucumber$1.evaluate(Cucumber.java:107)
	at org.junit.runners.ParentRunner.run(ParentRunner.java:363)
	at org.junit.runners.Suite.runChild(Suite.java:128)
	at org.junit.runners.Suite.runChild(Suite.java:27)
	at org.junit.runners.ParentRunner$3.run(ParentRunner.java:290)
	at org.junit.runners.ParentRunner$1.schedule(ParentRunner.java:71)
	at org.junit.runners.ParentRunner.runChildren(ParentRunner.java:288)
	at org.junit.runners.ParentRunner.access$000(ParentRunner.java:58)
	at org.junit.runners.ParentRunner$2.evaluate(ParentRunner.java:268)
	at org.junit.runners.ParentRunner.run(ParentRunner.java:363)
	at org.junit.runner.JUnitCore.run(JUnitCore.java:137)
	at org.junit.runner.JUnitCore.run(JUnitCore.java:115)
	at org.junit.runner.JUnitCore.run(JUnitCore.java:105)
	at com.kms.katalon.core.cucumber.keyword.CucumberBuiltinKeywords$_runWithCucumberRunner_closure3.doCall(CucumberBuiltinKeywords.groovy:260)
	at com.kms.katalon.core.cucumber.keyword.CucumberBuiltinKeywords$_runWithCucumberRunner_closure3.doCall(CucumberBuiltinKeywords.groovy)
	at com.kms.katalon.core.keyword.internal.KeywordMain.runKeyword(KeywordMain.groovy:66)
	at com.kms.katalon.core.keyword.internal.KeywordMain$runKeyword.call(Unknown Source)
	at com.kms.katalon.core.cucumber.keyword.CucumberBuiltinKeywords.runWithCucumberRunner(CucumberBuiltinKeywords.groovy:257)
	at com.kms.katalon.core.cucumber.keyword.CucumberBuiltinKeywords$runWithCucumberRunner$0.callStatic(Unknown Source)
	at com.kms.katalon.core.cucumber.keyword.CucumberBuiltinKeywords.runWithCucumberRunner(CucumberBuiltinKeywords.groovy:357)
	at com.kms.katalon.core.cucumber.keyword.CucumberBuiltinKeywords$runWithCucumberRunner.call(Unknown Source)
	at TC_EnergyEfficiencyBestManagementPractices.run(TC_EnergyEfficiencyBestManagementPractices:17)
	at com.kms.katalon.core.main.ScriptEngine.run(ScriptEngine.java:194)
	at com.kms.katalon.core.main.ScriptEngine.runScriptAsRawText(ScriptEngine.java:119)
	at com.kms.katalon.core.main.TestCaseExecutor.runScript(TestCaseExecutor.java:336)
	at com.kms.katalon.core.main.TestCaseExecutor.doExecute(TestCaseExecutor.java:327)
	at com.kms.katalon.core.main.TestCaseExecutor.processExecutionPhase(TestCaseExecutor.java:306)
	at com.kms.katalon.core.main.TestCaseExecutor.accessMainPhase(TestCaseExecutor.java:298)
	at com.kms.katalon.core.main.TestCaseExecutor.execute(TestCaseExecutor.java:232)
	at com.kms.katalon.core.main.TestSuiteExecutor.accessTestCaseMainPhase(TestSuiteExecutor.java:129)
	at com.kms.katalon.core.main.TestSuiteExecutor.accessTestSuiteMainPhase(TestSuiteExecutor.java:112)
	at com.kms.katalon.core.main.TestSuiteExecutor.execute(TestSuiteExecutor.java:81)
	at com.kms.katalon.core.main.TestCaseMain.startTestSuite(TestCaseMain.java:157)
	at com.kms.katalon.core.main.TestCaseMain$startTestSuite$0.call(Unknown Source)
	at TempTestSuite1565174754670.run(TempTestSuite1565174754670.groovy:35)
Caused by: com.kms.katalon.core.webui.exception.WebElementNotFoundException: Web element with id: '' located by 'By.xpath: //li[@id='my-account']/div' not found
	at com.kms.katalon.core.webui.common.WebUiCommonHelper.findWebElement(WebUiCommonHelper.java:1097)
	at com.kms.katalon.core.webui.keyword.internal.WebUIAbstractKeyword.findWebElement(WebUIAbstractKeyword.groovy:27)
	at com.kms.katalon.core.webui.keyword.internal.WebUIAbstractKeyword.findWebElement(WebUIAbstractKeyword.groovy:26)
	at com.kms.katalon.core.webui.keyword.builtin.ClickKeyword$_click_closure1.doCall(ClickKeyword.groovy:77)
	at com.kms.katalon.core.webui.keyword.builtin.ClickKeyword$_click_closure1.call(ClickKeyword.groovy)
	at com.kms.katalon.core.webui.keyword.internal.WebUIKeywordMain.runKeyword(WebUIKeywordMain.groovy:20)
	at com.kms.katalon.core.webui.keyword.builtin.ClickKeyword.click(ClickKeyword.groovy:86)
	at com.kms.katalon.core.webui.keyword.builtin.ClickKeyword.execute(ClickKeyword.groovy:67)
	at com.kms.katalon.core.keyword.internal.KeywordExecutor.executeKeywordForPlatform(KeywordExecutor.groovy:56)
	at com.kms.katalon.core.webui.keyword.WebUiBuiltInKeywords.click(WebUiBuiltInKeywords.groovy:616)
	at com.kms.katalon.core.webui.keyword.WebUiBuiltInKeywords$click$7.call(Unknown Source)
	at common.Common_StepDef.user_logout_and_login_to_the_form(Common_StepDef.groovy:1269)
	at cucumber.runtime.Utils$1.call(Utils.java:26)
	at cucumber.runtime.Timeout.timeout(Timeout.java:16)
	at cucumber.runtime.Utils.invoke(Utils.java:20)
	at cucumber.runtime.java.JavaStepDefinition.execute(JavaStepDefinition.java:48)
	at cucumber.runtime.PickleStepDefinitionMatch.runStep(PickleStepDefinitionMatch.java:50)
	at cucumber.runner.TestStep.executeStep(TestStep.java:55)
	at cucumber.runner.TestStep.run(TestStep.java:42)
	at cucumber.runner.PickleStepTestStep.run(PickleStepTestStep.java:53)
	at cucumber.runner.TestCase.run(TestCase.java:47)
	at cucumber.runner.Runner.runPickle(Runner.java:44)
	at cucumber.runtime.junit.PickleRunners$NoStepDescriptions.run(PickleRunners.java:140)
	at cucumber.runtime.junit.FeatureRunner.runChild(FeatureRunner.java:68)
	at cucumber.runtime.junit.FeatureRunner.runChild(FeatureRunner.java:23)
	at org.junit.runners.ParentRunner$3.run(ParentRunner.java:290)
	at org.junit.runners.ParentRunner$1.schedule(ParentRunner.java:71)
	at org.junit.runners.ParentRunner.runChildren(ParentRunner.java:288)
	at org.junit.runners.ParentRunner.access$000(ParentRunner.java:58)
	at org.junit.runners.ParentRunner$2.evaluate(ParentRunner.java:268)
	at org.junit.runners.ParentRunner.run(ParentRunner.java:363)
	at cucumber.runtime.junit.FeatureRunner.run(FeatureRunner.java:73)
	at cucumber.api.junit.Cucumber.runChild(Cucumber.java:98)
	at cucumber.api.junit.Cucumber.runChild(Cucumber.java:55)
	at org.junit.runners.ParentRunner$3.run(ParentRunner.java:290)
	at org.junit.runners.ParentRunner$1.schedule(ParentRunner.java:71)
	at org.junit.runners.ParentRunner.runChildren(ParentRunner.java:288)
	at org.junit.runners.ParentRunner.access$000(ParentRunner.java:58)
	at org.junit.runners.ParentRunner$2.evaluate(ParentRunner.java:268)
	at cucumber.api.junit.Cucumber$1.evaluate(Cucumber.java:107)
	at org.junit.runners.ParentRunner.run(ParentRunner.java:363)
	at org.junit.runners.Suite.runChild(Suite.java:128)
	at org.junit.runners.Suite.runChild(Suite.java:27)
	at org.junit.runners.ParentRunner$3.run(ParentRunner.java:290)
	at org.junit.runners.ParentRunner$1.schedule(ParentRunner.java:71)
	at org.junit.runners.ParentRunner.runChildren(ParentRunner.java:288)
	at org.junit.runners.ParentRunner.access$000(ParentRunner.java:58)
	at org.junit.runners.ParentRunner$2.evaluate(ParentRunner.java:268)
	at org.junit.runners.ParentRunner.run(ParentRunner.java:363)
	at org.junit.runner.JUnitCore.run(JUnitCore.java:137)
	at org.junit.runner.JUnitCore.run(JUnitCore.java:115)
	at org.junit.runner.JUnitCore.run(JUnitCore.java:105)
	at com.kms.katalon.core.cucumber.keyword.CucumberBuiltinKeywords$_runWithCucumberRunner_closure3.doCall(CucumberBuiltinKeywords.groovy:260)
	at com.kms.katalon.core.cucumber.keyword.CucumberBuiltinKeywords$_runWithCucumberRunner_closure3.doCall(CucumberBuiltinKeywords.groovy)
	at com.kms.katalon.core.keyword.internal.KeywordMain.runKeyword(KeywordMain.groovy:66)
	at com.kms.katalon.core.keyword.internal.KeywordMain$runKeyword.call(Unknown Source)
	at com.kms.katalon.core.cucumber.keyword.CucumberBuiltinKeywords.runWithCucumberRunner(CucumberBuiltinKeywords.groovy:257)
	at com.kms.katalon.core.cucumber.keyword.CucumberBuiltinKeywords$runWithCucumberRunner$0.callStatic(Unknown Source)
	at com.kms.katalon.core.cucumber.keyword.CucumberBuiltinKeywords.runWithCucumberRunner(CucumberBuiltinKeywords.groovy:357)
	at com.kms.katalon.core.cucumber.keyword.CucumberBuiltinKeywords$runWithCucumberRunner.call(Unknown Source)
	at Script1563357581198.run(Script1563357581198.groovy:17)
	... 13 more
)
[[ATTACHMENT|H:\\USGBC_NewApproach1\\USGBC_LEED\\Reports\\demo_EEBM\\20190807_161550\\1565175726534.png]]

2019-08-07 16:32:07 - [MESSAGE][PASSED] - Taking screenshot successfully
[[ATTACHMENT|H:\\USGBC_NewApproach1\\USGBC_LEED//screenshots//Wed_Aug_07_16_32_07_IST_2019.png]]

2019-08-07 16:32:11 - [MESSAGE][PASSED] - Delayed 4 second(s)

2019-08-07 16:32:12 - [MESSAGE][INFO] - Unable to find the element located by 'By.xpath: //iframe'. Please recheck the objects properties to make sure the desired element is located. 

2019-08-07 16:32:12 - [MESSAGE][FAILED] - Unable to verify image '' present (Root cause: com.kms.katalon.core.exception.StepFailedException: Unable to verify image '' present
	at com.kms.katalon.core.webui.keyword.internal.WebUIKeywordMain.stepFailed(WebUIKeywordMain.groovy:64)
	at com.kms.katalon.core.webui.keyword.internal.WebUIKeywordMain.runKeyword(WebUIKeywordMain.groovy:26)
	at com.kms.katalon.core.webui.keyword.builtin.SwitchToFrameKeyword.switchToFrame(SwitchToFrameKeyword.groovy:84)
	at com.kms.katalon.core.webui.keyword.builtin.SwitchToFrameKeyword.execute(SwitchToFrameKeyword.groovy:68)
	at com.kms.katalon.core.keyword.internal.KeywordExecutor.executeKeywordForPlatform(KeywordExecutor.groovy:56)
	at com.kms.katalon.core.webui.keyword.WebUiBuiltInKeywords.switchToFrame(WebUiBuiltInKeywords.groovy:2869)
	at com.kms.katalon.core.webui.keyword.WebUiBuiltInKeywords$switchToFrame$10.call(Unknown Source)
	at common.Common_StepDef.user_verifies_warning_message_of_form_saved_as_draft(Common_StepDef.groovy:1113)
	at cucumber.runtime.Utils$1.call(Utils.java:26)
	at cucumber.runtime.Timeout.timeout(Timeout.java:16)
	at cucumber.runtime.Utils.invoke(Utils.java:20)
	at cucumber.runtime.java.JavaStepDefinition.execute(JavaStepDefinition.java:48)
	at cucumber.runtime.PickleStepDefinitionMatch.runStep(PickleStepDefinitionMatch.java:50)
	at cucumber.runner.TestStep.executeStep(TestStep.java:55)
	at cucumber.runner.TestStep.run(TestStep.java:42)
	at cucumber.runner.PickleStepTestStep.run(PickleStepTestStep.java:53)
	at cucumber.runner.TestCase.run(TestCase.java:47)
	at cucumber.runner.Runner.runPickle(Runner.java:44)
	at cucumber.runtime.junit.PickleRunners$NoStepDescriptions.run(PickleRunners.java:140)
	at cucumber.runtime.junit.FeatureRunner.runChild(FeatureRunner.java:68)
	at cucumber.runtime.junit.FeatureRunner.runChild(FeatureRunner.java:23)
	at org.junit.runners.ParentRunner$3.run(ParentRunner.java:290)
	at org.junit.runners.ParentRunner$1.schedule(ParentRunner.java:71)
	at org.junit.runners.ParentRunner.runChildren(ParentRunner.java:288)
	at org.junit.runners.ParentRunner.access$000(ParentRunner.java:58)
	at org.junit.runners.ParentRunner$2.evaluate(ParentRunner.java:268)
	at org.junit.runners.ParentRunner.run(ParentRunner.java:363)
	at cucumber.runtime.junit.FeatureRunner.run(FeatureRunner.java:73)
	at cucumber.api.junit.Cucumber.runChild(Cucumber.java:98)
	at cucumber.api.junit.Cucumber.runChild(Cucumber.java:55)
	at org.junit.runners.ParentRunner$3.run(ParentRunner.java:290)
	at org.junit.runners.ParentRunner$1.schedule(ParentRunner.java:71)
	at org.junit.runners.ParentRunner.runChildren(ParentRunner.java:288)
	at org.junit.runners.ParentRunner.access$000(ParentRunner.java:58)
	at org.junit.runners.ParentRunner$2.evaluate(ParentRunner.java:268)
	at cucumber.api.junit.Cucumber$1.evaluate(Cucumber.java:107)
	at org.junit.runners.ParentRunner.run(ParentRunner.java:363)
	at org.junit.runners.Suite.runChild(Suite.java:128)
	at org.junit.runners.Suite.runChild(Suite.java:27)
	at org.junit.runners.ParentRunner$3.run(ParentRunner.java:290)
	at org.junit.runners.ParentRunner$1.schedule(ParentRunner.java:71)
	at org.junit.runners.ParentRunner.runChildren(ParentRunner.java:288)
	at org.junit.runners.ParentRunner.access$000(ParentRunner.java:58)
	at org.junit.runners.ParentRunner$2.evaluate(ParentRunner.java:268)
	at org.junit.runners.ParentRunner.run(ParentRunner.java:363)
	at org.junit.runner.JUnitCore.run(JUnitCore.java:137)
	at org.junit.runner.JUnitCore.run(JUnitCore.java:115)
	at org.junit.runner.JUnitCore.run(JUnitCore.java:105)
	at com.kms.katalon.core.cucumber.keyword.CucumberBuiltinKeywords$_runWithCucumberRunner_closure3.doCall(CucumberBuiltinKeywords.groovy:260)
	at com.kms.katalon.core.cucumber.keyword.CucumberBuiltinKeywords$_runWithCucumberRunner_closure3.doCall(CucumberBuiltinKeywords.groovy)
	at com.kms.katalon.core.keyword.internal.KeywordMain.runKeyword(KeywordMain.groovy:66)
	at com.kms.katalon.core.keyword.internal.KeywordMain$runKeyword.call(Unknown Source)
	at com.kms.katalon.core.cucumber.keyword.CucumberBuiltinKeywords.runWithCucumberRunner(CucumberBuiltinKeywords.groovy:257)
	at com.kms.katalon.core.cucumber.keyword.CucumberBuiltinKeywords$runWithCucumberRunner$0.callStatic(Unknown Source)
	at com.kms.katalon.core.cucumber.keyword.CucumberBuiltinKeywords.runWithCucumberRunner(CucumberBuiltinKeywords.groovy:357)
	at com.kms.katalon.core.cucumber.keyword.CucumberBuiltinKeywords$runWithCucumberRunner.call(Unknown Source)
	at TC_EnergyEfficiencyBestManagementPractices.run(TC_EnergyEfficiencyBestManagementPractices:17)
	at com.kms.katalon.core.main.ScriptEngine.run(ScriptEngine.java:194)
	at com.kms.katalon.core.main.ScriptEngine.runScriptAsRawText(ScriptEngine.java:119)
	at com.kms.katalon.core.main.TestCaseExecutor.runScript(TestCaseExecutor.java:336)
	at com.kms.katalon.core.main.TestCaseExecutor.doExecute(TestCaseExecutor.java:327)
	at com.kms.katalon.core.main.TestCaseExecutor.processExecutionPhase(TestCaseExecutor.java:306)
	at com.kms.katalon.core.main.TestCaseExecutor.accessMainPhase(TestCaseExecutor.java:298)
	at com.kms.katalon.core.main.TestCaseExecutor.execute(TestCaseExecutor.java:232)
	at com.kms.katalon.core.main.TestSuiteExecutor.accessTestCaseMainPhase(TestSuiteExecutor.java:129)
	at com.kms.katalon.core.main.TestSuiteExecutor.accessTestSuiteMainPhase(TestSuiteExecutor.java:112)
	at com.kms.katalon.core.main.TestSuiteExecutor.execute(TestSuiteExecutor.java:81)
	at com.kms.katalon.core.main.TestCaseMain.startTestSuite(TestCaseMain.java:157)
	at com.kms.katalon.core.main.TestCaseMain$startTestSuite$0.call(Unknown Source)
	at TempTestSuite1565174754670.run(TempTestSuite1565174754670.groovy:35)
Caused by: com.kms.katalon.core.webui.exception.WebElementNotFoundException: Web element with id: '' located by 'By.xpath: //iframe' not found
	at com.kms.katalon.core.webui.common.WebUiCommonHelper.findWebElement(WebUiCommonHelper.java:1097)
	at com.kms.katalon.core.webui.keyword.builtin.SwitchToFrameKeyword$_switchToFrame_closure1.doCall(SwitchToFrameKeyword.groovy:77)
	at com.kms.katalon.core.webui.keyword.builtin.SwitchToFrameKeyword$_switchToFrame_closure1.call(SwitchToFrameKeyword.groovy)
	at com.kms.katalon.core.webui.keyword.internal.WebUIKeywordMain.runKeyword(WebUIKeywordMain.groovy:20)
	at com.kms.katalon.core.webui.keyword.builtin.SwitchToFrameKeyword.switchToFrame(SwitchToFrameKeyword.groovy:84)
	at com.kms.katalon.core.webui.keyword.builtin.SwitchToFrameKeyword.execute(SwitchToFrameKeyword.groovy:68)
	at com.kms.katalon.core.keyword.internal.KeywordExecutor.executeKeywordForPlatform(KeywordExecutor.groovy:56)
	at com.kms.katalon.core.webui.keyword.WebUiBuiltInKeywords.switchToFrame(WebUiBuiltInKeywords.groovy:2869)
	at com.kms.katalon.core.webui.keyword.WebUiBuiltInKeywords$switchToFrame$10.call(Unknown Source)
	at common.Common_StepDef.user_verifies_warning_message_of_form_saved_as_draft(Common_StepDef.groovy:1113)
	at cucumber.runtime.Utils$1.call(Utils.java:26)
	at cucumber.runtime.Timeout.timeout(Timeout.java:16)
	at cucumber.runtime.Utils.invoke(Utils.java:20)
	at cucumber.runtime.java.JavaStepDefinition.execute(JavaStepDefinition.java:48)
	at cucumber.runtime.PickleStepDefinitionMatch.runStep(PickleStepDefinitionMatch.java:50)
	at cucumber.runner.TestStep.executeStep(TestStep.java:55)
	at cucumber.runner.TestStep.run(TestStep.java:42)
	at cucumber.runner.PickleStepTestStep.run(PickleStepTestStep.java:53)
	at cucumber.runner.TestCase.run(TestCase.java:47)
	at cucumber.runner.Runner.runPickle(Runner.java:44)
	at cucumber.runtime.junit.PickleRunners$NoStepDescriptions.run(PickleRunners.java:140)
	at cucumber.runtime.junit.FeatureRunner.runChild(FeatureRunner.java:68)
	at cucumber.runtime.junit.FeatureRunner.runChild(FeatureRunner.java:23)
	at org.junit.runners.ParentRunner$3.run(ParentRunner.java:290)
	at org.junit.runners.ParentRunner$1.schedule(ParentRunner.java:71)
	at org.junit.runners.ParentRunner.runChildren(ParentRunner.java:288)
	at org.junit.runners.ParentRunner.access$000(ParentRunner.java:58)
	at org.junit.runners.ParentRunner$2.evaluate(ParentRunner.java:268)
	at org.junit.runners.ParentRunner.run(ParentRunner.java:363)
	at cucumber.runtime.junit.FeatureRunner.run(FeatureRunner.java:73)
	at cucumber.api.junit.Cucumber.runChild(Cucumber.java:98)
	at cucumber.api.junit.Cucumber.runChild(Cucumber.java:55)
	at org.junit.runners.ParentRunner$3.run(ParentRunner.java:290)
	at org.junit.runners.ParentRunner$1.schedule(ParentRunner.java:71)
	at org.junit.runners.ParentRunner.runChildren(ParentRunner.java:288)
	at org.junit.runners.ParentRunner.access$000(ParentRunner.java:58)
	at org.junit.runners.ParentRunner$2.evaluate(ParentRunner.java:268)
	at cucumber.api.junit.Cucumber$1.evaluate(Cucumber.java:107)
	at org.junit.runners.ParentRunner.run(ParentRunner.java:363)
	at org.junit.runners.Suite.runChild(Suite.java:128)
	at org.junit.runners.Suite.runChild(Suite.java:27)
	at org.junit.runners.ParentRunner$3.run(ParentRunner.java:290)
	at org.junit.runners.ParentRunner$1.schedule(ParentRunner.java:71)
	at org.junit.runners.ParentRunner.runChildren(ParentRunner.java:288)
	at org.junit.runners.ParentRunner.access$000(ParentRunner.java:58)
	at org.junit.runners.ParentRunner$2.evaluate(ParentRunner.java:268)
	at org.junit.runners.ParentRunner.run(ParentRunner.java:363)
	at org.junit.runner.JUnitCore.run(JUnitCore.java:137)
	at org.junit.runner.JUnitCore.run(JUnitCore.java:115)
	at org.junit.runner.JUnitCore.run(JUnitCore.java:105)
	at com.kms.katalon.core.cucumber.keyword.CucumberBuiltinKeywords$_runWithCucumberRunner_closure3.doCall(CucumberBuiltinKeywords.groovy:260)
	at com.kms.katalon.core.cucumber.keyword.CucumberBuiltinKeywords$_runWithCucumberRunner_closure3.doCall(CucumberBuiltinKeywords.groovy)
	at com.kms.katalon.core.keyword.internal.KeywordMain.runKeyword(KeywordMain.groovy:66)
	at com.kms.katalon.core.keyword.internal.KeywordMain$runKeyword.call(Unknown Source)
	at com.kms.katalon.core.cucumber.keyword.CucumberBuiltinKeywords.runWithCucumberRunner(CucumberBuiltinKeywords.groovy:257)
	at com.kms.katalon.core.cucumber.keyword.CucumberBuiltinKeywords$runWithCucumberRunner$0.callStatic(Unknown Source)
	at com.kms.katalon.core.cucumber.keyword.CucumberBuiltinKeywords.runWithCucumberRunner(CucumberBuiltinKeywords.groovy:357)
	at com.kms.katalon.core.cucumber.keyword.CucumberBuiltinKeywords$runWithCucumberRunner.call(Unknown Source)
	at Script1563357581198.run(Script1563357581198.groovy:17)
	... 13 more
)
[[ATTACHMENT|H:\\USGBC_NewApproach1\\USGBC_LEED\\Reports\\demo_EEBM\\20190807_161550\\1565175732500.png]]

2019-08-07 16:32:13 - [MESSAGE][PASSED] - Taking screenshot successfully
[[ATTACHMENT|H:\\USGBC_NewApproach1\\USGBC_LEED//screenshots//Wed_Aug_07_16_32_12_IST_2019.png]]

2019-08-07 16:32:15 - [MESSAGE][INFO] - Unable to find the element located by 'By.xpath: //iframe'. Please recheck the objects properties to make sure the desired element is located. 

2019-08-07 16:32:15 - [MESSAGE][FAILED] - Unable to verify image '' present (Root cause: com.kms.katalon.core.exception.StepFailedException: Unable to verify image '' present
	at com.kms.katalon.core.webui.keyword.internal.WebUIKeywordMain.stepFailed(WebUIKeywordMain.groovy:64)
	at com.kms.katalon.core.webui.keyword.internal.WebUIKeywordMain.runKeyword(WebUIKeywordMain.groovy:26)
	at com.kms.katalon.core.webui.keyword.builtin.SwitchToFrameKeyword.switchToFrame(SwitchToFrameKeyword.groovy:84)
	at com.kms.katalon.core.webui.keyword.builtin.SwitchToFrameKeyword.execute(SwitchToFrameKeyword.groovy:68)
	at com.kms.katalon.core.keyword.internal.KeywordExecutor.executeKeywordForPlatform(KeywordExecutor.groovy:56)
	at com.kms.katalon.core.webui.keyword.WebUiBuiltInKeywords.switchToFrame(WebUiBuiltInKeywords.groovy:2869)
	at com.kms.katalon.core.webui.keyword.WebUiBuiltInKeywords$switchToFrame$10.call(Unknown Source)
	at projectKeywords.LeedOnlineKeywords.click_save_button(LeedOnlineKeywords.groovy:448)
	at projectKeywords.LeedOnlineKeywords$click_save_button$10.call(Unknown Source)
	at common.Common_StepDef.User_clicks_on_Save_button_and_deletes_the_uploaded_files(Common_StepDef.groovy:1183)
	at cucumber.runtime.Utils$1.call(Utils.java:26)
	at cucumber.runtime.Timeout.timeout(Timeout.java:16)
	at cucumber.runtime.Utils.invoke(Utils.java:20)
	at cucumber.runtime.java.JavaStepDefinition.execute(JavaStepDefinition.java:48)
	at cucumber.runtime.PickleStepDefinitionMatch.runStep(PickleStepDefinitionMatch.java:50)
	at cucumber.runner.TestStep.executeStep(TestStep.java:55)
	at cucumber.runner.TestStep.run(TestStep.java:42)
	at cucumber.runner.PickleStepTestStep.run(PickleStepTestStep.java:53)
	at cucumber.runner.TestCase.run(TestCase.java:47)
	at cucumber.runner.Runner.runPickle(Runner.java:44)
	at cucumber.runtime.junit.PickleRunners$NoStepDescriptions.run(PickleRunners.java:140)
	at cucumber.runtime.junit.FeatureRunner.runChild(FeatureRunner.java:68)
	at cucumber.runtime.junit.FeatureRunner.runChild(FeatureRunner.java:23)
	at org.junit.runners.ParentRunner$3.run(ParentRunner.java:290)
	at org.junit.runners.ParentRunner$1.schedule(ParentRunner.java:71)
	at org.junit.runners.ParentRunner.runChildren(ParentRunner.java:288)
	at org.junit.runners.ParentRunner.access$000(ParentRunner.java:58)
	at org.junit.runners.ParentRunner$2.evaluate(ParentRunner.java:268)
	at org.junit.runners.ParentRunner.run(ParentRunner.java:363)
	at cucumber.runtime.junit.FeatureRunner.run(FeatureRunner.java:73)
	at cucumber.api.junit.Cucumber.runChild(Cucumber.java:98)
	at cucumber.api.junit.Cucumber.runChild(Cucumber.java:55)
	at org.junit.runners.ParentRunner$3.run(ParentRunner.java:290)
	at org.junit.runners.ParentRunner$1.schedule(ParentRunner.java:71)
	at org.junit.runners.ParentRunner.runChildren(ParentRunner.java:288)
	at org.junit.runners.ParentRunner.access$000(ParentRunner.java:58)
	at org.junit.runners.ParentRunner$2.evaluate(ParentRunner.java:268)
	at cucumber.api.junit.Cucumber$1.evaluate(Cucumber.java:107)
	at org.junit.runners.ParentRunner.run(ParentRunner.java:363)
	at org.junit.runners.Suite.runChild(Suite.java:128)
	at org.junit.runners.Suite.runChild(Suite.java:27)
	at org.junit.runners.ParentRunner$3.run(ParentRunner.java:290)
	at org.junit.runners.ParentRunner$1.schedule(ParentRunner.java:71)
	at org.junit.runners.ParentRunner.runChildren(ParentRunner.java:288)
	at org.junit.runners.ParentRunner.access$000(ParentRunner.java:58)
	at org.junit.runners.ParentRunner$2.evaluate(ParentRunner.java:268)
	at org.junit.runners.ParentRunner.run(ParentRunner.java:363)
	at org.junit.runner.JUnitCore.run(JUnitCore.java:137)
	at org.junit.runner.JUnitCore.run(JUnitCore.java:115)
	at org.junit.runner.JUnitCore.run(JUnitCore.java:105)
	at com.kms.katalon.core.cucumber.keyword.CucumberBuiltinKeywords$_runWithCucumberRunner_closure3.doCall(CucumberBuiltinKeywords.groovy:260)
	at com.kms.katalon.core.cucumber.keyword.CucumberBuiltinKeywords$_runWithCucumberRunner_closure3.doCall(CucumberBuiltinKeywords.groovy)
	at com.kms.katalon.core.keyword.internal.KeywordMain.runKeyword(KeywordMain.groovy:66)
	at com.kms.katalon.core.keyword.internal.KeywordMain$runKeyword.call(Unknown Source)
	at com.kms.katalon.core.cucumber.keyword.CucumberBuiltinKeywords.runWithCucumberRunner(CucumberBuiltinKeywords.groovy:257)
	at com.kms.katalon.core.cucumber.keyword.CucumberBuiltinKeywords$runWithCucumberRunner$0.callStatic(Unknown Source)
	at com.kms.katalon.core.cucumber.keyword.CucumberBuiltinKeywords.runWithCucumberRunner(CucumberBuiltinKeywords.groovy:357)
	at com.kms.katalon.core.cucumber.keyword.CucumberBuiltinKeywords$runWithCucumberRunner.call(Unknown Source)
	at TC_EnergyEfficiencyBestManagementPractices.run(TC_EnergyEfficiencyBestManagementPractices:17)
	at com.kms.katalon.core.main.ScriptEngine.run(ScriptEngine.java:194)
	at com.kms.katalon.core.main.ScriptEngine.runScriptAsRawText(ScriptEngine.java:119)
	at com.kms.katalon.core.main.TestCaseExecutor.runScript(TestCaseExecutor.java:336)
	at com.kms.katalon.core.main.TestCaseExecutor.doExecute(TestCaseExecutor.java:327)
	at com.kms.katalon.core.main.TestCaseExecutor.processExecutionPhase(TestCaseExecutor.java:306)
	at com.kms.katalon.core.main.TestCaseExecutor.accessMainPhase(TestCaseExecutor.java:298)
	at com.kms.katalon.core.main.TestCaseExecutor.execute(TestCaseExecutor.java:232)
	at com.kms.katalon.core.main.TestSuiteExecutor.accessTestCaseMainPhase(TestSuiteExecutor.java:129)
	at com.kms.katalon.core.main.TestSuiteExecutor.accessTestSuiteMainPhase(TestSuiteExecutor.java:112)
	at com.kms.katalon.core.main.TestSuiteExecutor.execute(TestSuiteExecutor.java:81)
	at com.kms.katalon.core.main.TestCaseMain.startTestSuite(TestCaseMain.java:157)
	at com.kms.katalon.core.main.TestCaseMain$startTestSuite$0.call(Unknown Source)
	at TempTestSuite1565174754670.run(TempTestSuite1565174754670.groovy:35)
Caused by: com.kms.katalon.core.webui.exception.WebElementNotFoundException: Web element with id: '' located by 'By.xpath: //iframe' not found
	at com.kms.katalon.core.webui.common.WebUiCommonHelper.findWebElement(WebUiCommonHelper.java:1097)
	at com.kms.katalon.core.webui.keyword.builtin.SwitchToFrameKeyword$_switchToFrame_closure1.doCall(SwitchToFrameKeyword.groovy:77)
	at com.kms.katalon.core.webui.keyword.builtin.SwitchToFrameKeyword$_switchToFrame_closure1.call(SwitchToFrameKeyword.groovy)
	at com.kms.katalon.core.webui.keyword.internal.WebUIKeywordMain.runKeyword(WebUIKeywordMain.groovy:20)
	at com.kms.katalon.core.webui.keyword.builtin.SwitchToFrameKeyword.switchToFrame(SwitchToFrameKeyword.groovy:84)
	at com.kms.katalon.core.webui.keyword.builtin.SwitchToFrameKeyword.execute(SwitchToFrameKeyword.groovy:68)
	at com.kms.katalon.core.keyword.internal.KeywordExecutor.executeKeywordForPlatform(KeywordExecutor.groovy:56)
	at com.kms.katalon.core.webui.keyword.WebUiBuiltInKeywords.switchToFrame(WebUiBuiltInKeywords.groovy:2869)
	at com.kms.katalon.core.webui.keyword.WebUiBuiltInKeywords$switchToFrame$10.call(Unknown Source)
	at projectKeywords.LeedOnlineKeywords.click_save_button(LeedOnlineKeywords.groovy:448)
	at projectKeywords.LeedOnlineKeywords$click_save_button$10.call(Unknown Source)
	at common.Common_StepDef.User_clicks_on_Save_button_and_deletes_the_uploaded_files(Common_StepDef.groovy:1183)
	at cucumber.runtime.Utils$1.call(Utils.java:26)
	at cucumber.runtime.Timeout.timeout(Timeout.java:16)
	at cucumber.runtime.Utils.invoke(Utils.java:20)
	at cucumber.runtime.java.JavaStepDefinition.execute(JavaStepDefinition.java:48)
	at cucumber.runtime.PickleStepDefinitionMatch.runStep(PickleStepDefinitionMatch.java:50)
	at cucumber.runner.TestStep.executeStep(TestStep.java:55)
	at cucumber.runner.TestStep.run(TestStep.java:42)
	at cucumber.runner.PickleStepTestStep.run(PickleStepTestStep.java:53)
	at cucumber.runner.TestCase.run(TestCase.java:47)
	at cucumber.runner.Runner.runPickle(Runner.java:44)
	at cucumber.runtime.junit.PickleRunners$NoStepDescriptions.run(PickleRunners.java:140)
	at cucumber.runtime.junit.FeatureRunner.runChild(FeatureRunner.java:68)
	at cucumber.runtime.junit.FeatureRunner.runChild(FeatureRunner.java:23)
	at org.junit.runners.ParentRunner$3.run(ParentRunner.java:290)
	at org.junit.runners.ParentRunner$1.schedule(ParentRunner.java:71)
	at org.junit.runners.ParentRunner.runChildren(ParentRunner.java:288)
	at org.junit.runners.ParentRunner.access$000(ParentRunner.java:58)
	at org.junit.runners.ParentRunner$2.evaluate(ParentRunner.java:268)
	at org.junit.runners.ParentRunner.run(ParentRunner.java:363)
	at cucumber.runtime.junit.FeatureRunner.run(FeatureRunner.java:73)
	at cucumber.api.junit.Cucumber.runChild(Cucumber.java:98)
	at cucumber.api.junit.Cucumber.runChild(Cucumber.java:55)
	at org.junit.runners.ParentRunner$3.run(ParentRunner.java:290)
	at org.junit.runners.ParentRunner$1.schedule(ParentRunner.java:71)
	at org.junit.runners.ParentRunner.runChildren(ParentRunner.java:288)
	at org.junit.runners.ParentRunner.access$000(ParentRunner.java:58)
	at org.junit.runners.ParentRunner$2.evaluate(ParentRunner.java:268)
	at cucumber.api.junit.Cucumber$1.evaluate(Cucumber.java:107)
	at org.junit.runners.ParentRunner.run(ParentRunner.java:363)
	at org.junit.runners.Suite.runChild(Suite.java:128)
	at org.junit.runners.Suite.runChild(Suite.java:27)
	at org.junit.runners.ParentRunner$3.run(ParentRunner.java:290)
	at org.junit.runners.ParentRunner$1.schedule(ParentRunner.java:71)
	at org.junit.runners.ParentRunner.runChildren(ParentRunner.java:288)
	at org.junit.runners.ParentRunner.access$000(ParentRunner.java:58)
	at org.junit.runners.ParentRunner$2.evaluate(ParentRunner.java:268)
	at org.junit.runners.ParentRunner.run(ParentRunner.java:363)
	at org.junit.runner.JUnitCore.run(JUnitCore.java:137)
	at org.junit.runner.JUnitCore.run(JUnitCore.java:115)
	at org.junit.runner.JUnitCore.run(JUnitCore.java:105)
	at com.kms.katalon.core.cucumber.keyword.CucumberBuiltinKeywords$_runWithCucumberRunner_closure3.doCall(CucumberBuiltinKeywords.groovy:260)
	at com.kms.katalon.core.cucumber.keyword.CucumberBuiltinKeywords$_runWithCucumberRunner_closure3.doCall(CucumberBuiltinKeywords.groovy)
	at com.kms.katalon.core.keyword.internal.KeywordMain.runKeyword(KeywordMain.groovy:66)
	at com.kms.katalon.core.keyword.internal.KeywordMain$runKeyword.call(Unknown Source)
	at com.kms.katalon.core.cucumber.keyword.CucumberBuiltinKeywords.runWithCucumberRunner(CucumberBuiltinKeywords.groovy:257)
	at com.kms.katalon.core.cucumber.keyword.CucumberBuiltinKeywords$runWithCucumberRunner$0.callStatic(Unknown Source)
	at com.kms.katalon.core.cucumber.keyword.CucumberBuiltinKeywords.runWithCucumberRunner(CucumberBuiltinKeywords.groovy:357)
	at com.kms.katalon.core.cucumber.keyword.CucumberBuiltinKeywords$runWithCucumberRunner.call(Unknown Source)
	at Script1563357581198.run(Script1563357581198.groovy:17)
	... 13 more
)
[[ATTACHMENT|H:\\USGBC_NewApproach1\\USGBC_LEED\\Reports\\demo_EEBM\\20190807_161550\\1565175735362.png]]

2019-08-07 16:32:16 - [MESSAGE][PASSED] - Taking screenshot successfully
[[ATTACHMENT|H:\\USGBC_NewApproach1\\USGBC_LEED//screenshots//Wed_Aug_07_16_32_15_IST_2019.png]]

2019-08-07 16:32:16 - [MESSAGE][PASSED] - Web element with id: '' located by 'By.xpath: //a[contains(text(),'Clear draft')]' is not present after '3' second(s)

2019-08-07 16:32:17 - [MESSAGE][INFO] - Unable to find the element located by 'By.xpath: //iframe'. Please recheck the objects properties to make sure the desired element is located. 

2019-08-07 16:32:17 - [MESSAGE][FAILED] - Unable to verify image '' present (Root cause: com.kms.katalon.core.exception.StepFailedException: Unable to verify image '' present
	at com.kms.katalon.core.webui.keyword.internal.WebUIKeywordMain.stepFailed(WebUIKeywordMain.groovy:64)
	at com.kms.katalon.core.webui.keyword.internal.WebUIKeywordMain.runKeyword(WebUIKeywordMain.groovy:26)
	at com.kms.katalon.core.webui.keyword.builtin.SwitchToFrameKeyword.switchToFrame(SwitchToFrameKeyword.groovy:84)
	at com.kms.katalon.core.webui.keyword.builtin.SwitchToFrameKeyword.execute(SwitchToFrameKeyword.groovy:68)
	at com.kms.katalon.core.keyword.internal.KeywordExecutor.executeKeywordForPlatform(KeywordExecutor.groovy:56)
	at com.kms.katalon.core.webui.keyword.WebUiBuiltInKeywords.switchToFrame(WebUiBuiltInKeywords.groovy:2869)
	at com.kms.katalon.core.webui.keyword.WebUiBuiltInKeywords$switchToFrame$10.call(Unknown Source)
	at common.Common_StepDef.user_verifies_clear_draft_warning_message_are_not_present(Common_StepDef.groovy:1148)
	at cucumber.runtime.Utils$1.call(Utils.java:26)
	at cucumber.runtime.Timeout.timeout(Timeout.java:16)
	at cucumber.runtime.Utils.invoke(Utils.java:20)
	at cucumber.runtime.java.JavaStepDefinition.execute(JavaStepDefinition.java:48)
	at cucumber.runtime.PickleStepDefinitionMatch.runStep(PickleStepDefinitionMatch.java:50)
	at cucumber.runner.TestStep.executeStep(TestStep.java:55)
	at cucumber.runner.TestStep.run(TestStep.java:42)
	at cucumber.runner.PickleStepTestStep.run(PickleStepTestStep.java:53)
	at cucumber.runner.TestCase.run(TestCase.java:47)
	at cucumber.runner.Runner.runPickle(Runner.java:44)
	at cucumber.runtime.junit.PickleRunners$NoStepDescriptions.run(PickleRunners.java:140)
	at cucumber.runtime.junit.FeatureRunner.runChild(FeatureRunner.java:68)
	at cucumber.runtime.junit.FeatureRunner.runChild(FeatureRunner.java:23)
	at org.junit.runners.ParentRunner$3.run(ParentRunner.java:290)
	at org.junit.runners.ParentRunner$1.schedule(ParentRunner.java:71)
	at org.junit.runners.ParentRunner.runChildren(ParentRunner.java:288)
	at org.junit.runners.ParentRunner.access$000(ParentRunner.java:58)
	at org.junit.runners.ParentRunner$2.evaluate(ParentRunner.java:268)
	at org.junit.runners.ParentRunner.run(ParentRunner.java:363)
	at cucumber.runtime.junit.FeatureRunner.run(FeatureRunner.java:73)
	at cucumber.api.junit.Cucumber.runChild(Cucumber.java:98)
	at cucumber.api.junit.Cucumber.runChild(Cucumber.java:55)
	at org.junit.runners.ParentRunner$3.run(ParentRunner.java:290)
	at org.junit.runners.ParentRunner$1.schedule(ParentRunner.java:71)
	at org.junit.runners.ParentRunner.runChildren(ParentRunner.java:288)
	at org.junit.runners.ParentRunner.access$000(ParentRunner.java:58)
	at org.junit.runners.ParentRunner$2.evaluate(ParentRunner.java:268)
	at cucumber.api.junit.Cucumber$1.evaluate(Cucumber.java:107)
	at org.junit.runners.ParentRunner.run(ParentRunner.java:363)
	at org.junit.runners.Suite.runChild(Suite.java:128)
	at org.junit.runners.Suite.runChild(Suite.java:27)
	at org.junit.runners.ParentRunner$3.run(ParentRunner.java:290)
	at org.junit.runners.ParentRunner$1.schedule(ParentRunner.java:71)
	at org.junit.runners.ParentRunner.runChildren(ParentRunner.java:288)
	at org.junit.runners.ParentRunner.access$000(ParentRunner.java:58)
	at org.junit.runners.ParentRunner$2.evaluate(ParentRunner.java:268)
	at org.junit.runners.ParentRunner.run(ParentRunner.java:363)
	at org.junit.runner.JUnitCore.run(JUnitCore.java:137)
	at org.junit.runner.JUnitCore.run(JUnitCore.java:115)
	at org.junit.runner.JUnitCore.run(JUnitCore.java:105)
	at com.kms.katalon.core.cucumber.keyword.CucumberBuiltinKeywords$_runWithCucumberRunner_closure3.doCall(CucumberBuiltinKeywords.groovy:260)
	at com.kms.katalon.core.cucumber.keyword.CucumberBuiltinKeywords$_runWithCucumberRunner_closure3.doCall(CucumberBuiltinKeywords.groovy)
	at com.kms.katalon.core.keyword.internal.KeywordMain.runKeyword(KeywordMain.groovy:66)
	at com.kms.katalon.core.keyword.internal.KeywordMain$runKeyword.call(Unknown Source)
	at com.kms.katalon.core.cucumber.keyword.CucumberBuiltinKeywords.runWithCucumberRunner(CucumberBuiltinKeywords.groovy:257)
	at com.kms.katalon.core.cucumber.keyword.CucumberBuiltinKeywords$runWithCucumberRunner$0.callStatic(Unknown Source)
	at com.kms.katalon.core.cucumber.keyword.CucumberBuiltinKeywords.runWithCucumberRunner(CucumberBuiltinKeywords.groovy:357)
	at com.kms.katalon.core.cucumber.keyword.CucumberBuiltinKeywords$runWithCucumberRunner.call(Unknown Source)
	at TC_EnergyEfficiencyBestManagementPractices.run(TC_EnergyEfficiencyBestManagementPractices:17)
	at com.kms.katalon.core.main.ScriptEngine.run(ScriptEngine.java:194)
	at com.kms.katalon.core.main.ScriptEngine.runScriptAsRawText(ScriptEngine.java:119)
	at com.kms.katalon.core.main.TestCaseExecutor.runScript(TestCaseExecutor.java:336)
	at com.kms.katalon.core.main.TestCaseExecutor.doExecute(TestCaseExecutor.java:327)
	at com.kms.katalon.core.main.TestCaseExecutor.processExecutionPhase(TestCaseExecutor.java:306)
	at com.kms.katalon.core.main.TestCaseExecutor.accessMainPhase(TestCaseExecutor.java:298)
	at com.kms.katalon.core.main.TestCaseExecutor.execute(TestCaseExecutor.java:232)
	at com.kms.katalon.core.main.TestSuiteExecutor.accessTestCaseMainPhase(TestSuiteExecutor.java:129)
	at com.kms.katalon.core.main.TestSuiteExecutor.accessTestSuiteMainPhase(TestSuiteExecutor.java:112)
	at com.kms.katalon.core.main.TestSuiteExecutor.execute(TestSuiteExecutor.java:81)
	at com.kms.katalon.core.main.TestCaseMain.startTestSuite(TestCaseMain.java:157)
	at com.kms.katalon.core.main.TestCaseMain$startTestSuite$0.call(Unknown Source)
	at TempTestSuite1565174754670.run(TempTestSuite1565174754670.groovy:35)
Caused by: com.kms.katalon.core.webui.exception.WebElementNotFoundException: Web element with id: '' located by 'By.xpath: //iframe' not found
	at com.kms.katalon.core.webui.common.WebUiCommonHelper.findWebElement(WebUiCommonHelper.java:1097)
	at com.kms.katalon.core.webui.keyword.builtin.SwitchToFrameKeyword$_switchToFrame_closure1.doCall(SwitchToFrameKeyword.groovy:77)
	at com.kms.katalon.core.webui.keyword.builtin.SwitchToFrameKeyword$_switchToFrame_closure1.call(SwitchToFrameKeyword.groovy)
	at com.kms.katalon.core.webui.keyword.internal.WebUIKeywordMain.runKeyword(WebUIKeywordMain.groovy:20)
	at com.kms.katalon.core.webui.keyword.builtin.SwitchToFrameKeyword.switchToFrame(SwitchToFrameKeyword.groovy:84)
	at com.kms.katalon.core.webui.keyword.builtin.SwitchToFrameKeyword.execute(SwitchToFrameKeyword.groovy:68)
	at com.kms.katalon.core.keyword.internal.KeywordExecutor.executeKeywordForPlatform(KeywordExecutor.groovy:56)
	at com.kms.katalon.core.webui.keyword.WebUiBuiltInKeywords.switchToFrame(WebUiBuiltInKeywords.groovy:2869)
	at com.kms.katalon.core.webui.keyword.WebUiBuiltInKeywords$switchToFrame$10.call(Unknown Source)
	at common.Common_StepDef.user_verifies_clear_draft_warning_message_are_not_present(Common_StepDef.groovy:1148)
	at cucumber.runtime.Utils$1.call(Utils.java:26)
	at cucumber.runtime.Timeout.timeout(Timeout.java:16)
	at cucumber.runtime.Utils.invoke(Utils.java:20)
	at cucumber.runtime.java.JavaStepDefinition.execute(JavaStepDefinition.java:48)
	at cucumber.runtime.PickleStepDefinitionMatch.runStep(PickleStepDefinitionMatch.java:50)
	at cucumber.runner.TestStep.executeStep(TestStep.java:55)
	at cucumber.runner.TestStep.run(TestStep.java:42)
	at cucumber.runner.PickleStepTestStep.run(PickleStepTestStep.java:53)
	at cucumber.runner.TestCase.run(TestCase.java:47)
	at cucumber.runner.Runner.runPickle(Runner.java:44)
	at cucumber.runtime.junit.PickleRunners$NoStepDescriptions.run(PickleRunners.java:140)
	at cucumber.runtime.junit.FeatureRunner.runChild(FeatureRunner.java:68)
	at cucumber.runtime.junit.FeatureRunner.runChild(FeatureRunner.java:23)
	at org.junit.runners.ParentRunner$3.run(ParentRunner.java:290)
	at org.junit.runners.ParentRunner$1.schedule(ParentRunner.java:71)
	at org.junit.runners.ParentRunner.runChildren(ParentRunner.java:288)
	at org.junit.runners.ParentRunner.access$000(ParentRunner.java:58)
	at org.junit.runners.ParentRunner$2.evaluate(ParentRunner.java:268)
	at org.junit.runners.ParentRunner.run(ParentRunner.java:363)
	at cucumber.runtime.junit.FeatureRunner.run(FeatureRunner.java:73)
	at cucumber.api.junit.Cucumber.runChild(Cucumber.java:98)
	at cucumber.api.junit.Cucumber.runChild(Cucumber.java:55)
	at org.junit.runners.ParentRunner$3.run(ParentRunner.java:290)
	at org.junit.runners.ParentRunner$1.schedule(ParentRunner.java:71)
	at org.junit.runners.ParentRunner.runChildren(ParentRunner.java:288)
	at org.junit.runners.ParentRunner.access$000(ParentRunner.java:58)
	at org.junit.runners.ParentRunner$2.evaluate(ParentRunner.java:268)
	at cucumber.api.junit.Cucumber$1.evaluate(Cucumber.java:107)
	at org.junit.runners.ParentRunner.run(ParentRunner.java:363)
	at org.junit.runners.Suite.runChild(Suite.java:128)
	at org.junit.runners.Suite.runChild(Suite.java:27)
	at org.junit.runners.ParentRunner$3.run(ParentRunner.java:290)
	at org.junit.runners.ParentRunner$1.schedule(ParentRunner.java:71)
	at org.junit.runners.ParentRunner.runChildren(ParentRunner.java:288)
	at org.junit.runners.ParentRunner.access$000(ParentRunner.java:58)
	at org.junit.runners.ParentRunner$2.evaluate(ParentRunner.java:268)
	at org.junit.runners.ParentRunner.run(ParentRunner.java:363)
	at org.junit.runner.JUnitCore.run(JUnitCore.java:137)
	at org.junit.runner.JUnitCore.run(JUnitCore.java:115)
	at org.junit.runner.JUnitCore.run(JUnitCore.java:105)
	at com.kms.katalon.core.cucumber.keyword.CucumberBuiltinKeywords$_runWithCucumberRunner_closure3.doCall(CucumberBuiltinKeywords.groovy:260)
	at com.kms.katalon.core.cucumber.keyword.CucumberBuiltinKeywords$_runWithCucumberRunner_closure3.doCall(CucumberBuiltinKeywords.groovy)
	at com.kms.katalon.core.keyword.internal.KeywordMain.runKeyword(KeywordMain.groovy:66)
	at com.kms.katalon.core.keyword.internal.KeywordMain$runKeyword.call(Unknown Source)
	at com.kms.katalon.core.cucumber.keyword.CucumberBuiltinKeywords.runWithCucumberRunner(CucumberBuiltinKeywords.groovy:257)
	at com.kms.katalon.core.cucumber.keyword.CucumberBuiltinKeywords$runWithCucumberRunner$0.callStatic(Unknown Source)
	at com.kms.katalon.core.cucumber.keyword.CucumberBuiltinKeywords.runWithCucumberRunner(CucumberBuiltinKeywords.groovy:357)
	at com.kms.katalon.core.cucumber.keyword.CucumberBuiltinKeywords$runWithCucumberRunner.call(Unknown Source)
	at Script1563357581198.run(Script1563357581198.groovy:17)
	... 13 more
)
[[ATTACHMENT|H:\\USGBC_NewApproach1\\USGBC_LEED\\Reports\\demo_EEBM\\20190807_161550\\1565175737527.png]]

2019-08-07 16:32:18 - [MESSAGE][PASSED] - Taking screenshot successfully
[[ATTACHMENT|H:\\USGBC_NewApproach1\\USGBC_LEED//screenshots//Wed_Aug_07_16_32_17_IST_2019.png]]

2019-08-07 16:32:20 - [MESSAGE][INFO] - Unable to find the element located by 'By.xpath: //iframe'. Please recheck the objects properties to make sure the desired element is located. 

2019-08-07 16:32:21 - [MESSAGE][FAILED] - Unable to verify image '' present (Root cause: com.kms.katalon.core.exception.StepFailedException: Unable to verify image '' present
	at com.kms.katalon.core.webui.keyword.internal.WebUIKeywordMain.stepFailed(WebUIKeywordMain.groovy:64)
	at com.kms.katalon.core.webui.keyword.internal.WebUIKeywordMain.runKeyword(WebUIKeywordMain.groovy:26)
	at com.kms.katalon.core.webui.keyword.builtin.SwitchToFrameKeyword.switchToFrame(SwitchToFrameKeyword.groovy:84)
	at com.kms.katalon.core.webui.keyword.builtin.SwitchToFrameKeyword.execute(SwitchToFrameKeyword.groovy:68)
	at com.kms.katalon.core.keyword.internal.KeywordExecutor.executeKeywordForPlatform(KeywordExecutor.groovy:56)
	at com.kms.katalon.core.webui.keyword.WebUiBuiltInKeywords.switchToFrame(WebUiBuiltInKeywords.groovy:2869)
	at com.kms.katalon.core.webui.keyword.WebUiBuiltInKeywords$switchToFrame$10.call(Unknown Source)
	at projectKeywords.LeedOnlineKeywords.fill_narrative(LeedOnlineKeywords.groovy:204)
	at projectKeywords.LeedOnlineKeywords$fill_narrative$6.call(Unknown Source)
	at common.Common_StepDef.user_verifies_Auto_save_after_entering_Narrative(Common_StepDef.groovy:803)
	at cucumber.runtime.Utils$1.call(Utils.java:26)
	at cucumber.runtime.Timeout.timeout(Timeout.java:16)
	at cucumber.runtime.Utils.invoke(Utils.java:20)
	at cucumber.runtime.java.JavaStepDefinition.execute(JavaStepDefinition.java:48)
	at cucumber.runtime.PickleStepDefinitionMatch.runStep(PickleStepDefinitionMatch.java:50)
	at cucumber.runner.TestStep.executeStep(TestStep.java:55)
	at cucumber.runner.TestStep.run(TestStep.java:42)
	at cucumber.runner.PickleStepTestStep.run(PickleStepTestStep.java:53)
	at cucumber.runner.TestCase.run(TestCase.java:47)
	at cucumber.runner.Runner.runPickle(Runner.java:44)
	at cucumber.runtime.junit.PickleRunners$NoStepDescriptions.run(PickleRunners.java:140)
	at cucumber.runtime.junit.FeatureRunner.runChild(FeatureRunner.java:68)
	at cucumber.runtime.junit.FeatureRunner.runChild(FeatureRunner.java:23)
	at org.junit.runners.ParentRunner$3.run(ParentRunner.java:290)
	at org.junit.runners.ParentRunner$1.schedule(ParentRunner.java:71)
	at org.junit.runners.ParentRunner.runChildren(ParentRunner.java:288)
	at org.junit.runners.ParentRunner.access$000(ParentRunner.java:58)
	at org.junit.runners.ParentRunner$2.evaluate(ParentRunner.java:268)
	at org.junit.runners.ParentRunner.run(ParentRunner.java:363)
	at cucumber.runtime.junit.FeatureRunner.run(FeatureRunner.java:73)
	at cucumber.api.junit.Cucumber.runChild(Cucumber.java:98)
	at cucumber.api.junit.Cucumber.runChild(Cucumber.java:55)
	at org.junit.runners.ParentRunner$3.run(ParentRunner.java:290)
	at org.junit.runners.ParentRunner$1.schedule(ParentRunner.java:71)
	at org.junit.runners.ParentRunner.runChildren(ParentRunner.java:288)
	at org.junit.runners.ParentRunner.access$000(ParentRunner.java:58)
	at org.junit.runners.ParentRunner$2.evaluate(ParentRunner.java:268)
	at cucumber.api.junit.Cucumber$1.evaluate(Cucumber.java:107)
	at org.junit.runners.ParentRunner.run(ParentRunner.java:363)
	at org.junit.runners.Suite.runChild(Suite.java:128)
	at org.junit.runners.Suite.runChild(Suite.java:27)
	at org.junit.runners.ParentRunner$3.run(ParentRunner.java:290)
	at org.junit.runners.ParentRunner$1.schedule(ParentRunner.java:71)
	at org.junit.runners.ParentRunner.runChildren(ParentRunner.java:288)
	at org.junit.runners.ParentRunner.access$000(ParentRunner.java:58)
	at org.junit.runners.ParentRunner$2.evaluate(ParentRunner.java:268)
	at org.junit.runners.ParentRunner.run(ParentRunner.java:363)
	at org.junit.runner.JUnitCore.run(JUnitCore.java:137)
	at org.junit.runner.JUnitCore.run(JUnitCore.java:115)
	at org.junit.runner.JUnitCore.run(JUnitCore.java:105)
	at com.kms.katalon.core.cucumber.keyword.CucumberBuiltinKeywords$_runWithCucumberRunner_closure3.doCall(CucumberBuiltinKeywords.groovy:260)
	at com.kms.katalon.core.cucumber.keyword.CucumberBuiltinKeywords$_runWithCucumberRunner_closure3.doCall(CucumberBuiltinKeywords.groovy)
	at com.kms.katalon.core.keyword.internal.KeywordMain.runKeyword(KeywordMain.groovy:66)
	at com.kms.katalon.core.keyword.internal.KeywordMain$runKeyword.call(Unknown Source)
	at com.kms.katalon.core.cucumber.keyword.CucumberBuiltinKeywords.runWithCucumberRunner(CucumberBuiltinKeywords.groovy:257)
	at com.kms.katalon.core.cucumber.keyword.CucumberBuiltinKeywords$runWithCucumberRunner$0.callStatic(Unknown Source)
	at com.kms.katalon.core.cucumber.keyword.CucumberBuiltinKeywords.runWithCucumberRunner(CucumberBuiltinKeywords.groovy:357)
	at com.kms.katalon.core.cucumber.keyword.CucumberBuiltinKeywords$runWithCucumberRunner.call(Unknown Source)
	at TC_EnergyEfficiencyBestManagementPractices.run(TC_EnergyEfficiencyBestManagementPractices:17)
	at com.kms.katalon.core.main.ScriptEngine.run(ScriptEngine.java:194)
	at com.kms.katalon.core.main.ScriptEngine.runScriptAsRawText(ScriptEngine.java:119)
	at com.kms.katalon.core.main.TestCaseExecutor.runScript(TestCaseExecutor.java:336)
	at com.kms.katalon.core.main.TestCaseExecutor.doExecute(TestCaseExecutor.java:327)
	at com.kms.katalon.core.main.TestCaseExecutor.processExecutionPhase(TestCaseExecutor.java:306)
	at com.kms.katalon.core.main.TestCaseExecutor.accessMainPhase(TestCaseExecutor.java:298)
	at com.kms.katalon.core.main.TestCaseExecutor.execute(TestCaseExecutor.java:232)
	at com.kms.katalon.core.main.TestSuiteExecutor.accessTestCaseMainPhase(TestSuiteExecutor.java:129)
	at com.kms.katalon.core.main.TestSuiteExecutor.accessTestSuiteMainPhase(TestSuiteExecutor.java:112)
	at com.kms.katalon.core.main.TestSuiteExecutor.execute(TestSuiteExecutor.java:81)
	at com.kms.katalon.core.main.TestCaseMain.startTestSuite(TestCaseMain.java:157)
	at com.kms.katalon.core.main.TestCaseMain$startTestSuite$0.call(Unknown Source)
	at TempTestSuite1565174754670.run(TempTestSuite1565174754670.groovy:35)
Caused by: com.kms.katalon.core.webui.exception.WebElementNotFoundException: Web element with id: '' located by 'By.xpath: //iframe' not found
	at com.kms.katalon.core.webui.common.WebUiCommonHelper.findWebElement(WebUiCommonHelper.java:1097)
	at com.kms.katalon.core.webui.keyword.builtin.SwitchToFrameKeyword$_switchToFrame_closure1.doCall(SwitchToFrameKeyword.groovy:77)
	at com.kms.katalon.core.webui.keyword.builtin.SwitchToFrameKeyword$_switchToFrame_closure1.call(SwitchToFrameKeyword.groovy)
	at com.kms.katalon.core.webui.keyword.internal.WebUIKeywordMain.runKeyword(WebUIKeywordMain.groovy:20)
	at com.kms.katalon.core.webui.keyword.builtin.SwitchToFrameKeyword.switchToFrame(SwitchToFrameKeyword.groovy:84)
	at com.kms.katalon.core.webui.keyword.builtin.SwitchToFrameKeyword.execute(SwitchToFrameKeyword.groovy:68)
	at com.kms.katalon.core.keyword.internal.KeywordExecutor.executeKeywordForPlatform(KeywordExecutor.groovy:56)
	at com.kms.katalon.core.webui.keyword.WebUiBuiltInKeywords.switchToFrame(WebUiBuiltInKeywords.groovy:2869)
	at com.kms.katalon.core.webui.keyword.WebUiBuiltInKeywords$switchToFrame$10.call(Unknown Source)
	at projectKeywords.LeedOnlineKeywords.fill_narrative(LeedOnlineKeywords.groovy:204)
	at projectKeywords.LeedOnlineKeywords$fill_narrative$6.call(Unknown Source)
	at common.Common_StepDef.user_verifies_Auto_save_after_entering_Narrative(Common_StepDef.groovy:803)
	at cucumber.runtime.Utils$1.call(Utils.java:26)
	at cucumber.runtime.Timeout.timeout(Timeout.java:16)
	at cucumber.runtime.Utils.invoke(Utils.java:20)
	at cucumber.runtime.java.JavaStepDefinition.execute(JavaStepDefinition.java:48)
	at cucumber.runtime.PickleStepDefinitionMatch.runStep(PickleStepDefinitionMatch.java:50)
	at cucumber.runner.TestStep.executeStep(TestStep.java:55)
	at cucumber.runner.TestStep.run(TestStep.java:42)
	at cucumber.runner.PickleStepTestStep.run(PickleStepTestStep.java:53)
	at cucumber.runner.TestCase.run(TestCase.java:47)
	at cucumber.runner.Runner.runPickle(Runner.java:44)
	at cucumber.runtime.junit.PickleRunners$NoStepDescriptions.run(PickleRunners.java:140)
	at cucumber.runtime.junit.FeatureRunner.runChild(FeatureRunner.java:68)
	at cucumber.runtime.junit.FeatureRunner.runChild(FeatureRunner.java:23)
	at org.junit.runners.ParentRunner$3.run(ParentRunner.java:290)
	at org.junit.runners.ParentRunner$1.schedule(ParentRunner.java:71)
	at org.junit.runners.ParentRunner.runChildren(ParentRunner.java:288)
	at org.junit.runners.ParentRunner.access$000(ParentRunner.java:58)
	at org.junit.runners.ParentRunner$2.evaluate(ParentRunner.java:268)
	at org.junit.runners.ParentRunner.run(ParentRunner.java:363)
	at cucumber.runtime.junit.FeatureRunner.run(FeatureRunner.java:73)
	at cucumber.api.junit.Cucumber.runChild(Cucumber.java:98)
	at cucumber.api.junit.Cucumber.runChild(Cucumber.java:55)
	at org.junit.runners.ParentRunner$3.run(ParentRunner.java:290)
	at org.junit.runners.ParentRunner$1.schedule(ParentRunner.java:71)
	at org.junit.runners.ParentRunner.runChildren(ParentRunner.java:288)
	at org.junit.runners.ParentRunner.access$000(ParentRunner.java:58)
	at org.junit.runners.ParentRunner$2.evaluate(ParentRunner.java:268)
	at cucumber.api.junit.Cucumber$1.evaluate(Cucumber.java:107)
	at org.junit.runners.ParentRunner.run(ParentRunner.java:363)
	at org.junit.runners.Suite.runChild(Suite.java:128)
	at org.junit.runners.Suite.runChild(Suite.java:27)
	at org.junit.runners.ParentRunner$3.run(ParentRunner.java:290)
	at org.junit.runners.ParentRunner$1.schedule(ParentRunner.java:71)
	at org.junit.runners.ParentRunner.runChildren(ParentRunner.java:288)
	at org.junit.runners.ParentRunner.access$000(ParentRunner.java:58)
	at org.junit.runners.ParentRunner$2.evaluate(ParentRunner.java:268)
	at org.junit.runners.ParentRunner.run(ParentRunner.java:363)
	at org.junit.runner.JUnitCore.run(JUnitCore.java:137)
	at org.junit.runner.JUnitCore.run(JUnitCore.java:115)
	at org.junit.runner.JUnitCore.run(JUnitCore.java:105)
	at com.kms.katalon.core.cucumber.keyword.CucumberBuiltinKeywords$_runWithCucumberRunner_closure3.doCall(CucumberBuiltinKeywords.groovy:260)
	at com.kms.katalon.core.cucumber.keyword.CucumberBuiltinKeywords$_runWithCucumberRunner_closure3.doCall(CucumberBuiltinKeywords.groovy)
	at com.kms.katalon.core.keyword.internal.KeywordMain.runKeyword(KeywordMain.groovy:66)
	at com.kms.katalon.core.keyword.internal.KeywordMain$runKeyword.call(Unknown Source)
	at com.kms.katalon.core.cucumber.keyword.CucumberBuiltinKeywords.runWithCucumberRunner(CucumberBuiltinKeywords.groovy:257)
	at com.kms.katalon.core.cucumber.keyword.CucumberBuiltinKeywords$runWithCucumberRunner$0.callStatic(Unknown Source)
	at com.kms.katalon.core.cucumber.keyword.CucumberBuiltinKeywords.runWithCucumberRunner(CucumberBuiltinKeywords.groovy:357)
	at com.kms.katalon.core.cucumber.keyword.CucumberBuiltinKeywords$runWithCucumberRunner.call(Unknown Source)
	at Script1563357581198.run(Script1563357581198.groovy:17)
	... 13 more
)
[[ATTACHMENT|H:\\USGBC_NewApproach1\\USGBC_LEED\\Reports\\demo_EEBM\\20190807_161550\\1565175740375.png]]

2019-08-07 16:32:21 - [MESSAGE][PASSED] - Taking screenshot successfully
[[ATTACHMENT|H:\\USGBC_NewApproach1\\USGBC_LEED//screenshots//Wed_Aug_07_16_32_21_IST_2019.png]]

2019-08-07 16:32:25 - [MESSAGE][PASSED] - Delayed 4 second(s)

2019-08-07 16:32:27 - [MESSAGE][INFO] - Unable to find the element located by 'By.xpath: //iframe'. Please recheck the objects properties to make sure the desired element is located. 

2019-08-07 16:32:27 - [MESSAGE][FAILED] - Unable to verify image '' present (Root cause: com.kms.katalon.core.exception.StepFailedException: Unable to verify image '' present
	at com.kms.katalon.core.webui.keyword.internal.WebUIKeywordMain.stepFailed(WebUIKeywordMain.groovy:64)
	at com.kms.katalon.core.webui.keyword.internal.WebUIKeywordMain.runKeyword(WebUIKeywordMain.groovy:26)
	at com.kms.katalon.core.webui.keyword.builtin.SwitchToFrameKeyword.switchToFrame(SwitchToFrameKeyword.groovy:84)
	at com.kms.katalon.core.webui.keyword.builtin.SwitchToFrameKeyword.execute(SwitchToFrameKeyword.groovy:68)
	at com.kms.katalon.core.keyword.internal.KeywordExecutor.executeKeywordForPlatform(KeywordExecutor.groovy:56)
	at com.kms.katalon.core.webui.keyword.WebUiBuiltInKeywords.switchToFrame(WebUiBuiltInKeywords.groovy:2869)
	at com.kms.katalon.core.webui.keyword.WebUiBuiltInKeywords$switchToFrame$10.call(Unknown Source)
	at projectKeywords.LeedOnlineKeywords.clear_draft(LeedOnlineKeywords.groovy:940)
	at projectKeywords.LeedOnlineKeywords$clear_draft$25.call(Unknown Source)
	at common.Common_StepDef.user_clears_draft(Common_StepDef.groovy:1165)
	at cucumber.runtime.Utils$1.call(Utils.java:26)
	at cucumber.runtime.Timeout.timeout(Timeout.java:16)
	at cucumber.runtime.Utils.invoke(Utils.java:20)
	at cucumber.runtime.java.JavaStepDefinition.execute(JavaStepDefinition.java:48)
	at cucumber.runtime.PickleStepDefinitionMatch.runStep(PickleStepDefinitionMatch.java:50)
	at cucumber.runner.TestStep.executeStep(TestStep.java:55)
	at cucumber.runner.TestStep.run(TestStep.java:42)
	at cucumber.runner.PickleStepTestStep.run(PickleStepTestStep.java:53)
	at cucumber.runner.TestCase.run(TestCase.java:47)
	at cucumber.runner.Runner.runPickle(Runner.java:44)
	at cucumber.runtime.junit.PickleRunners$NoStepDescriptions.run(PickleRunners.java:140)
	at cucumber.runtime.junit.FeatureRunner.runChild(FeatureRunner.java:68)
	at cucumber.runtime.junit.FeatureRunner.runChild(FeatureRunner.java:23)
	at org.junit.runners.ParentRunner$3.run(ParentRunner.java:290)
	at org.junit.runners.ParentRunner$1.schedule(ParentRunner.java:71)
	at org.junit.runners.ParentRunner.runChildren(ParentRunner.java:288)
	at org.junit.runners.ParentRunner.access$000(ParentRunner.java:58)
	at org.junit.runners.ParentRunner$2.evaluate(ParentRunner.java:268)
	at org.junit.runners.ParentRunner.run(ParentRunner.java:363)
	at cucumber.runtime.junit.FeatureRunner.run(FeatureRunner.java:73)
	at cucumber.api.junit.Cucumber.runChild(Cucumber.java:98)
	at cucumber.api.junit.Cucumber.runChild(Cucumber.java:55)
	at org.junit.runners.ParentRunner$3.run(ParentRunner.java:290)
	at org.junit.runners.ParentRunner$1.schedule(ParentRunner.java:71)
	at org.junit.runners.ParentRunner.runChildren(ParentRunner.java:288)
	at org.junit.runners.ParentRunner.access$000(ParentRunner.java:58)
	at org.junit.runners.ParentRunner$2.evaluate(ParentRunner.java:268)
	at cucumber.api.junit.Cucumber$1.evaluate(Cucumber.java:107)
	at org.junit.runners.ParentRunner.run(ParentRunner.java:363)
	at org.junit.runners.Suite.runChild(Suite.java:128)
	at org.junit.runners.Suite.runChild(Suite.java:27)
	at org.junit.runners.ParentRunner$3.run(ParentRunner.java:290)
	at org.junit.runners.ParentRunner$1.schedule(ParentRunner.java:71)
	at org.junit.runners.ParentRunner.runChildren(ParentRunner.java:288)
	at org.junit.runners.ParentRunner.access$000(ParentRunner.java:58)
	at org.junit.runners.ParentRunner$2.evaluate(ParentRunner.java:268)
	at org.junit.runners.ParentRunner.run(ParentRunner.java:363)
	at org.junit.runner.JUnitCore.run(JUnitCore.java:137)
	at org.junit.runner.JUnitCore.run(JUnitCore.java:115)
	at org.junit.runner.JUnitCore.run(JUnitCore.java:105)
	at com.kms.katalon.core.cucumber.keyword.CucumberBuiltinKeywords$_runWithCucumberRunner_closure3.doCall(CucumberBuiltinKeywords.groovy:260)
	at com.kms.katalon.core.cucumber.keyword.CucumberBuiltinKeywords$_runWithCucumberRunner_closure3.doCall(CucumberBuiltinKeywords.groovy)
	at com.kms.katalon.core.keyword.internal.KeywordMain.runKeyword(KeywordMain.groovy:66)
	at com.kms.katalon.core.keyword.internal.KeywordMain$runKeyword.call(Unknown Source)
	at com.kms.katalon.core.cucumber.keyword.CucumberBuiltinKeywords.runWithCucumberRunner(CucumberBuiltinKeywords.groovy:257)
	at com.kms.katalon.core.cucumber.keyword.CucumberBuiltinKeywords$runWithCucumberRunner$0.callStatic(Unknown Source)
	at com.kms.katalon.core.cucumber.keyword.CucumberBuiltinKeywords.runWithCucumberRunner(CucumberBuiltinKeywords.groovy:357)
	at com.kms.katalon.core.cucumber.keyword.CucumberBuiltinKeywords$runWithCucumberRunner.call(Unknown Source)
	at TC_EnergyEfficiencyBestManagementPractices.run(TC_EnergyEfficiencyBestManagementPractices:17)
	at com.kms.katalon.core.main.ScriptEngine.run(ScriptEngine.java:194)
	at com.kms.katalon.core.main.ScriptEngine.runScriptAsRawText(ScriptEngine.java:119)
	at com.kms.katalon.core.main.TestCaseExecutor.runScript(TestCaseExecutor.java:336)
	at com.kms.katalon.core.main.TestCaseExecutor.doExecute(TestCaseExecutor.java:327)
	at com.kms.katalon.core.main.TestCaseExecutor.processExecutionPhase(TestCaseExecutor.java:306)
	at com.kms.katalon.core.main.TestCaseExecutor.accessMainPhase(TestCaseExecutor.java:298)
	at com.kms.katalon.core.main.TestCaseExecutor.execute(TestCaseExecutor.java:232)
	at com.kms.katalon.core.main.TestSuiteExecutor.accessTestCaseMainPhase(TestSuiteExecutor.java:129)
	at com.kms.katalon.core.main.TestSuiteExecutor.accessTestSuiteMainPhase(TestSuiteExecutor.java:112)
	at com.kms.katalon.core.main.TestSuiteExecutor.execute(TestSuiteExecutor.java:81)
	at com.kms.katalon.core.main.TestCaseMain.startTestSuite(TestCaseMain.java:157)
	at com.kms.katalon.core.main.TestCaseMain$startTestSuite$0.call(Unknown Source)
	at TempTestSuite1565174754670.run(TempTestSuite1565174754670.groovy:35)
Caused by: com.kms.katalon.core.webui.exception.WebElementNotFoundException: Web element with id: '' located by 'By.xpath: //iframe' not found
	at com.kms.katalon.core.webui.common.WebUiCommonHelper.findWebElement(WebUiCommonHelper.java:1097)
	at com.kms.katalon.core.webui.keyword.builtin.SwitchToFrameKeyword$_switchToFrame_closure1.doCall(SwitchToFrameKeyword.groovy:77)
	at com.kms.katalon.core.webui.keyword.builtin.SwitchToFrameKeyword$_switchToFrame_closure1.call(SwitchToFrameKeyword.groovy)
	at com.kms.katalon.core.webui.keyword.internal.WebUIKeywordMain.runKeyword(WebUIKeywordMain.groovy:20)
	at com.kms.katalon.core.webui.keyword.builtin.SwitchToFrameKeyword.switchToFrame(SwitchToFrameKeyword.groovy:84)
	at com.kms.katalon.core.webui.keyword.builtin.SwitchToFrameKeyword.execute(SwitchToFrameKeyword.groovy:68)
	at com.kms.katalon.core.keyword.internal.KeywordExecutor.executeKeywordForPlatform(KeywordExecutor.groovy:56)
	at com.kms.katalon.core.webui.keyword.WebUiBuiltInKeywords.switchToFrame(WebUiBuiltInKeywords.groovy:2869)
	at com.kms.katalon.core.webui.keyword.WebUiBuiltInKeywords$switchToFrame$10.call(Unknown Source)
	at projectKeywords.LeedOnlineKeywords.clear_draft(LeedOnlineKeywords.groovy:940)
	at projectKeywords.LeedOnlineKeywords$clear_draft$25.call(Unknown Source)
	at common.Common_StepDef.user_clears_draft(Common_StepDef.groovy:1165)
	at cucumber.runtime.Utils$1.call(Utils.java:26)
	at cucumber.runtime.Timeout.timeout(Timeout.java:16)
	at cucumber.runtime.Utils.invoke(Utils.java:20)
	at cucumber.runtime.java.JavaStepDefinition.execute(JavaStepDefinition.java:48)
	at cucumber.runtime.PickleStepDefinitionMatch.runStep(PickleStepDefinitionMatch.java:50)
	at cucumber.runner.TestStep.executeStep(TestStep.java:55)
	at cucumber.runner.TestStep.run(TestStep.java:42)
	at cucumber.runner.PickleStepTestStep.run(PickleStepTestStep.java:53)
	at cucumber.runner.TestCase.run(TestCase.java:47)
	at cucumber.runner.Runner.runPickle(Runner.java:44)
	at cucumber.runtime.junit.PickleRunners$NoStepDescriptions.run(PickleRunners.java:140)
	at cucumber.runtime.junit.FeatureRunner.runChild(FeatureRunner.java:68)
	at cucumber.runtime.junit.FeatureRunner.runChild(FeatureRunner.java:23)
	at org.junit.runners.ParentRunner$3.run(ParentRunner.java:290)
	at org.junit.runners.ParentRunner$1.schedule(ParentRunner.java:71)
	at org.junit.runners.ParentRunner.runChildren(ParentRunner.java:288)
	at org.junit.runners.ParentRunner.access$000(ParentRunner.java:58)
	at org.junit.runners.ParentRunner$2.evaluate(ParentRunner.java:268)
	at org.junit.runners.ParentRunner.run(ParentRunner.java:363)
	at cucumber.runtime.junit.FeatureRunner.run(FeatureRunner.java:73)
	at cucumber.api.junit.Cucumber.runChild(Cucumber.java:98)
	at cucumber.api.junit.Cucumber.runChild(Cucumber.java:55)
	at org.junit.runners.ParentRunner$3.run(ParentRunner.java:290)
	at org.junit.runners.ParentRunner$1.schedule(ParentRunner.java:71)
	at org.junit.runners.ParentRunner.runChildren(ParentRunner.java:288)
	at org.junit.runners.ParentRunner.access$000(ParentRunner.java:58)
	at org.junit.runners.ParentRunner$2.evaluate(ParentRunner.java:268)
	at cucumber.api.junit.Cucumber$1.evaluate(Cucumber.java:107)
	at org.junit.runners.ParentRunner.run(ParentRunner.java:363)
	at org.junit.runners.Suite.runChild(Suite.java:128)
	at org.junit.runners.Suite.runChild(Suite.java:27)
	at org.junit.runners.ParentRunner$3.run(ParentRunner.java:290)
	at org.junit.runners.ParentRunner$1.schedule(ParentRunner.java:71)
	at org.junit.runners.ParentRunner.runChildren(ParentRunner.java:288)
	at org.junit.runners.ParentRunner.access$000(ParentRunner.java:58)
	at org.junit.runners.ParentRunner$2.evaluate(ParentRunner.java:268)
	at org.junit.runners.ParentRunner.run(ParentRunner.java:363)
	at org.junit.runner.JUnitCore.run(JUnitCore.java:137)
	at org.junit.runner.JUnitCore.run(JUnitCore.java:115)
	at org.junit.runner.JUnitCore.run(JUnitCore.java:105)
	at com.kms.katalon.core.cucumber.keyword.CucumberBuiltinKeywords$_runWithCucumberRunner_closure3.doCall(CucumberBuiltinKeywords.groovy:260)
	at com.kms.katalon.core.cucumber.keyword.CucumberBuiltinKeywords$_runWithCucumberRunner_closure3.doCall(CucumberBuiltinKeywords.groovy)
	at com.kms.katalon.core.keyword.internal.KeywordMain.runKeyword(KeywordMain.groovy:66)
	at com.kms.katalon.core.keyword.internal.KeywordMain$runKeyword.call(Unknown Source)
	at com.kms.katalon.core.cucumber.keyword.CucumberBuiltinKeywords.runWithCucumberRunner(CucumberBuiltinKeywords.groovy:257)
	at com.kms.katalon.core.cucumber.keyword.CucumberBuiltinKeywords$runWithCucumberRunner$0.callStatic(Unknown Source)
	at com.kms.katalon.core.cucumber.keyword.CucumberBuiltinKeywords.runWithCucumberRunner(CucumberBuiltinKeywords.groovy:357)
	at com.kms.katalon.core.cucumber.keyword.CucumberBuiltinKeywords$runWithCucumberRunner.call(Unknown Source)
	at Script1563357581198.run(Script1563357581198.groovy:17)
	... 13 more
)
[[ATTACHMENT|H:\\USGBC_NewApproach1\\USGBC_LEED\\Reports\\demo_EEBM\\20190807_161550\\1565175747583.png]]

2019-08-07 16:32:28 - [MESSAGE][PASSED] - Taking screenshot successfully
[[ATTACHMENT|H:\\USGBC_NewApproach1\\USGBC_LEED//screenshots//Wed_Aug_07_16_32_27_IST_2019.png]]

2019-08-07 16:32:28 - [MESSAGE][PASSED] - Run with 'runner_OM_ExistingBuildings.EnergyEfficiencyBestManagementPractices' was passed]]></system-out>
         <system-err><![CDATA[]]></system-err>
      </testcase>
      <system-out><![CDATA[2019-08-07 16:15:57 - [TEST_SUITE][PASSED] - demo_EEBM: Test Cases/OM_ExistingBuildings/TC_EnergyEfficiencyBestManagementPractices]]></system-out>
      <system-err><![CDATA[]]></system-err>
   </testsuite>
</testsuites>
