<?xml version="1.0" encoding="UTF-8"?>
<testsuites name="TS_OM_ExistingBuildings" time="3122" tests="2" failures="2" errors="0">
   <testsuite name="TS_OM_ExistingBuildings" tests="2" failures="2" errors="0" time="3122" timestamp="2019-07-31 00:14:44" hostname="Promantus Inc - G10PROLT021" id="Test Suites/TS_OM_ExistingBuildings">
      <properties>
         <property name="deviceName" value=""/>
         <property name="devicePlatform" value=""/>
         <property name="logFolder" value="G:\\Sabareesh\\Personal\\USGBC_NewApproach1\\USGBC_LEED\\Reports\\TS_OM_ExistingBuildings\\20190731_001441"/>
         <property name="logFiles" value="G:\\Sabareesh\\Personal\\USGBC_NewApproach1\\USGBC_LEED\\Reports\\TS_OM_ExistingBuildings\\20190731_001441\\execution0.log"/>
         <property name="attachments" value="G:\\Sabareesh\\Personal\\USGBC_NewApproach1\\USGBC_LEED\\Reports\\TS_OM_ExistingBuildings\\20190731_001441\\1564513494693.png, G:\\Sabareesh\\Personal\\USGBC_NewApproach1\\USGBC_LEED\\Reports\\TS_OM_ExistingBuildings\\20190731_001441\\1564514371577.png"/>
         <property name="hostName" value="Promantus Inc - G10PROLT021"/>
         <property name="os" value="Windows 10 64bit"/>
         <property name="katalonVersion" value="6.0.5.4"/>
         <property name="browser" value="Chrome 75.0.3770.100"/>
         <property name="hostAddress" value="192.168.0.107"/>
         <property name="sessionId" value="52dd2975024c4a4bf117b5be0a88cc0f"/>
         <property name="seleniumVersion" value="3.7.1"/>
         <property name="proxyInformation" value="ProxyInformation{proxyOption=NO_PROXY, proxyServerType=HTTP, password=, proxyServerAddress=, proxyServerPort=0}"/>
         <property name="platform" value="Windows 10"/>
      </properties>
      <testcase name="Test Cases/OM_ExistingBuildings/TC_EnergyEfficiencyBestManagementPractices" classname="Test Cases/OM_ExistingBuildings/TC_EnergyEfficiencyBestManagementPractices" status="PASSED">
         <system-out><![CDATA[2019-07-31 00:14:44 - [TEST_CASE][PASSED] - Test Cases/OM_ExistingBuildings/TC_EnergyEfficiencyBestManagementPractices: Test Cases/OM_ExistingBuildings/TC_EnergyEfficiencyBestManagementPractices

2019-07-31 00:14:45 - [TEST_STEP][PASSED] - runWithCucumberRunner(runner_OM_ExistingBuildings.EnergyEfficiencyBestManagementPractices): Run with 'runner_OM_ExistingBuildings.EnergyEfficiencyBestManagementPractices' was passed

2019-07-31 00:14:46 - [TEST_CASE][PASSED] - Test Cases/TC_Login: Test Cases/TC_Login

2019-07-31 00:14:47 - [TEST_STEP][PASSED] - runWithCucumberRunner(common.LoginRunner): Run with 'common.LoginRunner' was passed

2019-07-31 00:14:47 - [MESSAGE][INFO] - Starting 'Chrome (headless)' driver

2019-07-31 00:14:47 - [MESSAGE][INFO] - Action delay is set to 0 seconds

2019-07-31 00:14:52 - [MESSAGE][PASSED] - Browser is opened with url: ''

2019-07-31 00:14:53 - [MESSAGE][PASSED] - Current window maximized

2019-07-31 00:14:55 - [MESSAGE][PASSED] - Navigate to 'https://leedonline-stg.usgbc.org' successfully

2019-07-31 00:14:56 - [MESSAGE][PASSED] - Text 'automationbdd9@gmail.com' is set on object ''

2019-07-31 00:14:56 - [MESSAGE][PASSED] - Text 'initpass' is set on object ''

2019-07-31 00:14:59 - [MESSAGE][PASSED] - Delayed 3 second(s)

2019-07-31 00:14:59 - [MESSAGE][PASSED] - Scroll to object '' successfully

2019-07-31 00:14:59 - [MESSAGE][PASSED] - Object '' is checked

2019-07-31 00:15:03 - [MESSAGE][PASSED] - Delayed 4 second(s)

2019-07-31 00:15:04 - [MESSAGE][PASSED] - The form containing object: '' is submitted

2019-07-31 00:15:04 - [MESSAGE][PASSED] - Run with 'common.LoginRunner' was passed

2019-07-31 00:15:04 - [MESSAGE][PASSED] - Call Test Case 'Test Cases/TC_Login' successfully

2019-07-31 00:15:08 - [MESSAGE][PASSED] - Object: '' is clicked on

2019-07-31 00:15:10 - [MESSAGE][PASSED] - Object: '' is clicked on

2019-07-31 00:15:12 - [MESSAGE][PASSED] - Delayed 2 second(s)

2019-07-31 00:15:13 - [MESSAGE][PASSED] - Text of object '' is: 'ATTEMPTED'

2019-07-31 00:15:16 - [MESSAGE][PASSED] - Delayed 3 second(s)

2019-07-31 00:15:18 - [MESSAGE][PASSED] - Delayed 2 second(s)

2019-07-31 00:15:18 - [MESSAGE][PASSED] - Object: '' is clicked on

2019-07-31 00:15:18 - [MESSAGE][PASSED] - Text of object '' is: 'Energy Efficiency Best Management Practices'

2019-07-31 00:15:21 - [MESSAGE][PASSED] - Delayed 3 second(s)

2019-07-31 00:15:24 - [MESSAGE][PASSED] - Object: '' is clicked on

2019-07-31 00:15:29 - [MESSAGE][PASSED] - Delayed 5 second(s)

2019-07-31 00:15:29 - [MESSAGE][PASSED] - Text of object '' is: 'Energy Efficiency Best Management Practices'

2019-07-31 00:15:29 - [MESSAGE][PASSED] - Actual text 'Energy Efficiency Best Management Practices' and expected text 'Energy Efficiency Best Management Practices' are matched 

2019-07-31 00:15:30 - [MESSAGE][PASSED] - Text '(V01)' is present on page 

2019-07-31 00:15:30 - [MESSAGE][PASSED] - Object '' has attribute 'class' with value 'tiny ui button'

2019-07-31 00:15:37 - [MESSAGE][PASSED] - Delayed 7 second(s)

2019-07-31 00:15:37 - [MESSAGE][PASSED] - File 'G:\Sabareesh\Personal\USGBC_NewApproach1\USGBC_LEED\Include\TestData\FilesToUpload\COO_1.pdf' sent to object: ''

2019-07-31 00:15:37 - [MESSAGE][PASSED] - Object '' has attribute 'class' with value 'tiny ui button'

2019-07-31 00:15:44 - [MESSAGE][PASSED] - Delayed 7 second(s)

2019-07-31 00:15:44 - [MESSAGE][PASSED] - File 'G:\Sabareesh\Personal\USGBC_NewApproach1\USGBC_LEED\Include\TestData\FilesToUpload\ZZ.pdf' sent to object: ''

2019-07-31 00:15:47 - [MESSAGE][PASSED] - Delayed 3 second(s)

2019-07-31 00:15:47 - [MESSAGE][PASSED] - Object '' has attribute 'class' with value 'tiny ui button'

2019-07-31 00:15:54 - [MESSAGE][PASSED] - Delayed 7 second(s)

2019-07-31 00:15:54 - [MESSAGE][PASSED] - File 'G:\Sabareesh\Personal\USGBC_NewApproach1\USGBC_LEED\Include\TestData\FilesToUpload\COO_1.pdf' sent to object: ''

2019-07-31 00:15:54 - [MESSAGE][PASSED] - Object '' has attribute 'class' with value 'tiny ui button'

2019-07-31 00:16:01 - [MESSAGE][PASSED] - Delayed 7 second(s)

2019-07-31 00:16:01 - [MESSAGE][PASSED] - File 'G:\Sabareesh\Personal\USGBC_NewApproach1\USGBC_LEED\Include\TestData\FilesToUpload\ZZ.pdf' sent to object: ''

2019-07-31 00:16:04 - [MESSAGE][PASSED] - Delayed 3 second(s)

2019-07-31 00:16:04 - [MESSAGE][PASSED] - Object '' has attribute 'class' with value 'tiny ui button'

2019-07-31 00:16:11 - [MESSAGE][PASSED] - Delayed 7 second(s)

2019-07-31 00:16:11 - [MESSAGE][PASSED] - File 'G:\Sabareesh\Personal\USGBC_NewApproach1\USGBC_LEED\Include\TestData\FilesToUpload\COO_1.pdf' sent to object: ''

2019-07-31 00:16:11 - [MESSAGE][PASSED] - Object '' has attribute 'class' with value 'tiny ui button'

2019-07-31 00:16:18 - [MESSAGE][PASSED] - Delayed 7 second(s)

2019-07-31 00:16:18 - [MESSAGE][PASSED] - File 'G:\Sabareesh\Personal\USGBC_NewApproach1\USGBC_LEED\Include\TestData\FilesToUpload\ZZ.pdf' sent to object: ''

2019-07-31 00:16:21 - [MESSAGE][PASSED] - Delayed 3 second(s)

2019-07-31 00:16:21 - [MESSAGE][PASSED] - Object '' has attribute 'class' with value 'tiny ui button'

2019-07-31 00:16:28 - [MESSAGE][PASSED] - Delayed 7 second(s)

2019-07-31 00:16:28 - [MESSAGE][PASSED] - File 'G:\Sabareesh\Personal\USGBC_NewApproach1\USGBC_LEED\Include\TestData\FilesToUpload\COO_1.pdf' sent to object: ''

2019-07-31 00:16:28 - [MESSAGE][PASSED] - Object '' has attribute 'class' with value 'tiny ui button'

2019-07-31 00:16:35 - [MESSAGE][PASSED] - Delayed 7 second(s)

2019-07-31 00:16:35 - [MESSAGE][PASSED] - File 'G:\Sabareesh\Personal\USGBC_NewApproach1\USGBC_LEED\Include\TestData\FilesToUpload\ZZ.pdf' sent to object: ''

2019-07-31 00:16:38 - [MESSAGE][PASSED] - Delayed 3 second(s)

2019-07-31 00:16:39 - [MESSAGE][PASSED] - Text of object '' is: 'COO_1.pdf'

2019-07-31 00:16:41 - [MESSAGE][PASSED] - Delayed 2 second(s)

2019-07-31 00:16:41 - [MESSAGE][PASSED] - COO_1.pdf is equal to COO_1.pdf

2019-07-31 00:16:41 - [MESSAGE][PASSED] - Actual text 'COO_1.pdf' and expected text 'COO_1.pdf' are matched 

2019-07-31 00:16:41 - [MESSAGE][PASSED] - Text of object '' is: 'ZZ.pdf'

2019-07-31 00:16:43 - [MESSAGE][PASSED] - Delayed 2 second(s)

2019-07-31 00:16:45 - [MESSAGE][PASSED] - Delayed 2 second(s)

2019-07-31 00:16:45 - [MESSAGE][PASSED] - ZZ.pdf is equal to ZZ.pdf

2019-07-31 00:16:45 - [MESSAGE][PASSED] - Actual text 'ZZ.pdf' and expected text 'ZZ.pdf' are matched 

2019-07-31 00:16:45 - [MESSAGE][PASSED] - Text of object '' is: 'COO_1.pdf'

2019-07-31 00:16:47 - [MESSAGE][PASSED] - Delayed 2 second(s)

2019-07-31 00:16:47 - [MESSAGE][PASSED] - COO_1.pdf is equal to COO_1.pdf

2019-07-31 00:16:47 - [MESSAGE][PASSED] - Actual text 'COO_1.pdf' and expected text 'COO_1.pdf' are matched 

2019-07-31 00:16:47 - [MESSAGE][PASSED] - Text of object '' is: 'ZZ.pdf'

2019-07-31 00:16:49 - [MESSAGE][PASSED] - Delayed 2 second(s)

2019-07-31 00:16:52 - [MESSAGE][PASSED] - Delayed 2 second(s)

2019-07-31 00:16:52 - [MESSAGE][PASSED] - ZZ.pdf is equal to ZZ.pdf

2019-07-31 00:16:52 - [MESSAGE][PASSED] - Actual text 'ZZ.pdf' and expected text 'ZZ.pdf' are matched 

2019-07-31 00:16:52 - [MESSAGE][PASSED] - Text of object '' is: 'COO_1.pdf'

2019-07-31 00:16:54 - [MESSAGE][PASSED] - Delayed 2 second(s)

2019-07-31 00:16:54 - [MESSAGE][PASSED] - COO_1.pdf is equal to COO_1.pdf

2019-07-31 00:16:54 - [MESSAGE][PASSED] - Actual text 'COO_1.pdf' and expected text 'COO_1.pdf' are matched 

2019-07-31 00:16:54 - [MESSAGE][PASSED] - Text of object '' is: 'ZZ.pdf'

2019-07-31 00:16:56 - [MESSAGE][PASSED] - Delayed 2 second(s)

2019-07-31 00:16:58 - [MESSAGE][PASSED] - Delayed 2 second(s)

2019-07-31 00:16:58 - [MESSAGE][PASSED] - ZZ.pdf is equal to ZZ.pdf

2019-07-31 00:16:58 - [MESSAGE][PASSED] - Actual text 'ZZ.pdf' and expected text 'ZZ.pdf' are matched 

2019-07-31 00:16:58 - [MESSAGE][PASSED] - Text of object '' is: 'COO_1.pdf'

2019-07-31 00:17:00 - [MESSAGE][PASSED] - Delayed 2 second(s)

2019-07-31 00:17:00 - [MESSAGE][PASSED] - COO_1.pdf is equal to COO_1.pdf

2019-07-31 00:17:00 - [MESSAGE][PASSED] - Actual text 'COO_1.pdf' and expected text 'COO_1.pdf' are matched 

2019-07-31 00:17:00 - [MESSAGE][PASSED] - Text of object '' is: 'ZZ.pdf'

2019-07-31 00:17:02 - [MESSAGE][PASSED] - Delayed 2 second(s)

2019-07-31 00:17:04 - [MESSAGE][PASSED] - Delayed 2 second(s)

2019-07-31 00:17:04 - [MESSAGE][PASSED] - ZZ.pdf is equal to ZZ.pdf

2019-07-31 00:17:04 - [MESSAGE][PASSED] - Actual text 'ZZ.pdf' and expected text 'ZZ.pdf' are matched 

2019-07-31 00:17:06 - [MESSAGE][PASSED] - Text 'Known that everybody have the personal aim. It is defferent . For example, there are some people think that the most important thing in them life is career. While there are other people think that is family. me too. The most important thing with my life is my small and big family.VEOVP' is set on object ''

2019-07-31 00:17:08 - [MESSAGE][PASSED] - Delayed 2 second(s)

2019-07-31 00:17:08 - [MESSAGE][PASSED] - Text of object '' is: 'Known that everybody have the personal aim. It is defferent . For example, there are some people think that the most important thing in them life is career. While there are other people think that is family. me too. The most important thing with my life is my small and big family.VEOVP'

2019-07-31 00:17:08 - [MESSAGE][PASSED] - Actual text 'Known that everybody have the personal aim. It is defferent . For example, there are some people think that the most important thing in them life is career. While there are other people think that is family. me too. The most important thing with my life is my small and big family.VEOVP' and expected text 'Known that everybody have the personal aim. It is defferent . For example, there are some people think that the most important thing in them life is career. While there are other people think that is family. me too. The most important thing with my life is my small and big family.VEOVP' are matched 

2019-07-31 00:17:09 - [MESSAGE][PASSED] - Object '' is checked

2019-07-31 00:17:09 - [MESSAGE][PASSED] - Object: '' is clicked on

2019-07-31 00:17:09 - [MESSAGE][PASSED] - Object: '' is clicked on

2019-07-31 00:17:11 - [MESSAGE][PASSED] - Delayed 2 second(s)

2019-07-31 00:17:11 - [MESSAGE][PASSED] - Attribute 'value' of object '' is: '05 Jun 2019'

2019-07-31 00:17:11 - [MESSAGE][PASSED] - Actual text '05 Jun 2019' and expected text '' are not matched 

2019-07-31 00:17:11 - [MESSAGE][PASSED] - Attribute 'value' of object '' is: '05 Jun 2019'

2019-07-31 00:17:11 - [MESSAGE][PASSED] - Object: '' is clicked on

2019-07-31 00:17:15 - [MESSAGE][PASSED] - Delayed 4 second(s)

2019-07-31 00:17:15 - [MESSAGE][PASSED] - Text 'Form data saved successfully.' is present on page 

2019-07-31 00:17:21 - [MESSAGE][PASSED] - Delayed 6 second(s)

2019-07-31 00:17:23 - [MESSAGE][PASSED] - Delayed 2 second(s)

2019-07-31 00:17:23 - [MESSAGE][PASSED] - Object '' is present

2019-07-31 00:17:23 - [MESSAGE][PASSED] - Object: '' is clicked on

2019-07-31 00:17:33 - [MESSAGE][PASSED] - Delayed 10 second(s)

2019-07-31 00:17:40 - [MESSAGE][PASSED] - Delayed 6 second(s)

2019-07-31 00:17:40 - [MESSAGE][PASSED] - Actual text 'Found' and expected text 'Found' are matched 

2019-07-31 00:17:41 - [MESSAGE][PASSED] - Actual text 'Found' and expected text 'Found' are matched 

2019-07-31 00:17:41 - [MESSAGE][PASSED] - Actual text 'Found' and expected text 'Found' are matched 

2019-07-31 00:17:41 - [MESSAGE][PASSED] - Actual text 'Found' and expected text 'Found' are matched 

2019-07-31 00:17:41 - [MESSAGE][PASSED] - Text of object '' is: 'Known that everybody have the personal aim. It is defferent . For example, there are some people think that the most important thing in them life is career. While there are other people think that is family. me too. The most important thing with my life is my small and big family.VEOVP'

2019-07-31 00:17:41 - [MESSAGE][PASSED] - Actual text 'Found' and expected text 'Found' are matched 

2019-07-31 00:17:42 - [MESSAGE][PASSED] - Attribute 'value' of object '' is: '05 Jun 2019'

2019-07-31 00:17:42 - [MESSAGE][PASSED] - Actual text 'Found' and expected text 'Found' are matched 

2019-07-31 00:17:43 - [MESSAGE][PASSED] - Navigate back successfully

2019-07-31 00:17:45 - [MESSAGE][PASSED] - Delayed 2 second(s)

2019-07-31 00:17:45 - [MESSAGE][PASSED] - Object: '' is clicked on

2019-07-31 00:17:50 - [MESSAGE][PASSED] - Delayed 5 second(s)

2019-07-31 00:17:52 - [MESSAGE][PASSED] - Delayed 2 second(s)

2019-07-31 00:17:53 - [MESSAGE][PASSED] - Navigate forward successfully

2019-07-31 00:17:56 - [MESSAGE][PASSED] - Delayed 2 second(s)

2019-07-31 00:18:01 - [MESSAGE][PASSED] - Delayed 5 second(s)

2019-07-31 00:18:01 - [MESSAGE][PASSED] - Object: '' is clicked on

2019-07-31 00:18:01 - [MESSAGE][PASSED] - Text of object '' is: 'ZZ.pdf'

2019-07-31 00:18:06 - [MESSAGE][PASSED] - Delayed 5 second(s)

2019-07-31 00:18:06 - [MESSAGE][PASSED] - Object: '' is hovered

2019-07-31 00:18:08 - [MESSAGE][PASSED] - Delayed 2 second(s)

2019-07-31 00:18:10 - [MESSAGE][PASSED] - Delayed 2 second(s)

2019-07-31 00:18:15 - [MESSAGE][PASSED] - Delayed 5 second(s)

2019-07-31 00:18:15 - [MESSAGE][PASSED] - Object: '' is clicked on

2019-07-31 00:18:15 - [MESSAGE][PASSED] - Text of object '' is: 'COO_1.pdf'

2019-07-31 00:18:20 - [MESSAGE][PASSED] - Delayed 5 second(s)

2019-07-31 00:18:20 - [MESSAGE][PASSED] - Object: '' is hovered

2019-07-31 00:18:22 - [MESSAGE][PASSED] - Delayed 2 second(s)

2019-07-31 00:18:27 - [MESSAGE][PASSED] - Delayed 5 second(s)

2019-07-31 00:18:29 - [MESSAGE][PASSED] - Delayed 2 second(s)

2019-07-31 00:18:30 - [MESSAGE][PASSED] - Delayed 1 second(s)

2019-07-31 00:18:30 - [MESSAGE][PASSED] - COO_1.pdf exist in G:/Sabareesh/Personal/USGBC_NewApproach1/USGBC_LEED/Include/TestData/DownloadedFiles and was deleted

2019-07-31 00:18:30 - [MESSAGE][PASSED] - 

2019-07-31 00:18:30 - [MESSAGE][PASSED] - Actual text 'COO_1.pdf' and expected text 'COO_1.pdf' are matched 

2019-07-31 00:18:32 - [MESSAGE][PASSED] - Delayed 2 second(s)

2019-07-31 00:18:34 - [MESSAGE][PASSED] - Delayed 2 second(s)

2019-07-31 00:18:35 - [MESSAGE][PASSED] - Delayed 1 second(s)

2019-07-31 00:18:35 - [MESSAGE][PASSED] - ZZ.pdf exist in G:/Sabareesh/Personal/USGBC_NewApproach1/USGBC_LEED/Include/TestData/DownloadedFiles and was deleted

2019-07-31 00:18:35 - [MESSAGE][PASSED] - 

2019-07-31 00:18:35 - [MESSAGE][PASSED] - Actual text 'ZZ.pdf' and expected text 'ZZ.pdf' are matched 

2019-07-31 00:18:37 - [MESSAGE][PASSED] - Delayed 2 second(s)

2019-07-31 00:18:39 - [MESSAGE][PASSED] - Delayed 2 second(s)

2019-07-31 00:18:44 - [MESSAGE][PASSED] - Delayed 5 second(s)

2019-07-31 00:18:45 - [MESSAGE][PASSED] - Object: '' is clicked on

2019-07-31 00:18:45 - [MESSAGE][PASSED] - Text of object '' is: 'ZZ.pdf'

2019-07-31 00:18:50 - [MESSAGE][PASSED] - Delayed 5 second(s)

2019-07-31 00:18:50 - [MESSAGE][PASSED] - Object: '' is hovered

2019-07-31 00:18:52 - [MESSAGE][PASSED] - Delayed 2 second(s)

2019-07-31 00:18:54 - [MESSAGE][PASSED] - Delayed 2 second(s)

2019-07-31 00:18:59 - [MESSAGE][PASSED] - Delayed 5 second(s)

2019-07-31 00:18:59 - [MESSAGE][PASSED] - Object: '' is clicked on

2019-07-31 00:18:59 - [MESSAGE][PASSED] - Text of object '' is: 'COO_1.pdf'

2019-07-31 00:19:04 - [MESSAGE][PASSED] - Delayed 5 second(s)

2019-07-31 00:19:04 - [MESSAGE][PASSED] - Object: '' is hovered

2019-07-31 00:19:06 - [MESSAGE][PASSED] - Delayed 2 second(s)

2019-07-31 00:19:11 - [MESSAGE][PASSED] - Delayed 5 second(s)

2019-07-31 00:19:13 - [MESSAGE][PASSED] - Delayed 2 second(s)

2019-07-31 00:19:14 - [MESSAGE][PASSED] - Delayed 1 second(s)

2019-07-31 00:19:14 - [MESSAGE][PASSED] - COO_1.pdf exist in G:/Sabareesh/Personal/USGBC_NewApproach1/USGBC_LEED/Include/TestData/DownloadedFiles and was deleted

2019-07-31 00:19:14 - [MESSAGE][PASSED] - 

2019-07-31 00:19:14 - [MESSAGE][PASSED] - Actual text 'COO_1.pdf' and expected text 'COO_1.pdf' are matched 

2019-07-31 00:19:16 - [MESSAGE][PASSED] - Delayed 2 second(s)

2019-07-31 00:19:18 - [MESSAGE][PASSED] - Delayed 2 second(s)

2019-07-31 00:19:19 - [MESSAGE][PASSED] - Delayed 1 second(s)

2019-07-31 00:19:19 - [MESSAGE][PASSED] - ZZ.pdf exist in G:/Sabareesh/Personal/USGBC_NewApproach1/USGBC_LEED/Include/TestData/DownloadedFiles and was deleted

2019-07-31 00:19:19 - [MESSAGE][PASSED] - 

2019-07-31 00:19:19 - [MESSAGE][PASSED] - Actual text 'ZZ.pdf' and expected text 'ZZ.pdf' are matched 

2019-07-31 00:19:21 - [MESSAGE][PASSED] - Delayed 2 second(s)

2019-07-31 00:19:23 - [MESSAGE][PASSED] - Delayed 2 second(s)

2019-07-31 00:19:28 - [MESSAGE][PASSED] - Delayed 5 second(s)

2019-07-31 00:19:28 - [MESSAGE][PASSED] - Object: '' is clicked on

2019-07-31 00:19:28 - [MESSAGE][PASSED] - Text of object '' is: 'ZZ.pdf'

2019-07-31 00:19:33 - [MESSAGE][PASSED] - Delayed 5 second(s)

2019-07-31 00:19:33 - [MESSAGE][PASSED] - Object: '' is hovered

2019-07-31 00:19:35 - [MESSAGE][PASSED] - Delayed 2 second(s)

2019-07-31 00:19:37 - [MESSAGE][PASSED] - Delayed 2 second(s)

2019-07-31 00:19:42 - [MESSAGE][PASSED] - Delayed 5 second(s)

2019-07-31 00:19:43 - [MESSAGE][PASSED] - Object: '' is clicked on

2019-07-31 00:19:43 - [MESSAGE][PASSED] - Text of object '' is: 'COO_1.pdf'

2019-07-31 00:19:48 - [MESSAGE][PASSED] - Delayed 5 second(s)

2019-07-31 00:19:48 - [MESSAGE][PASSED] - Object: '' is hovered

2019-07-31 00:19:50 - [MESSAGE][PASSED] - Delayed 2 second(s)

2019-07-31 00:19:55 - [MESSAGE][PASSED] - Delayed 5 second(s)

2019-07-31 00:19:57 - [MESSAGE][PASSED] - Delayed 2 second(s)

2019-07-31 00:19:58 - [MESSAGE][PASSED] - Delayed 1 second(s)

2019-07-31 00:19:58 - [MESSAGE][PASSED] - COO_1.pdf exist in G:/Sabareesh/Personal/USGBC_NewApproach1/USGBC_LEED/Include/TestData/DownloadedFiles and was deleted

2019-07-31 00:19:58 - [MESSAGE][PASSED] - 

2019-07-31 00:19:58 - [MESSAGE][PASSED] - Actual text 'COO_1.pdf' and expected text 'COO_1.pdf' are matched 

2019-07-31 00:20:00 - [MESSAGE][PASSED] - Delayed 2 second(s)

2019-07-31 00:20:02 - [MESSAGE][PASSED] - Delayed 2 second(s)

2019-07-31 00:20:03 - [MESSAGE][PASSED] - Delayed 1 second(s)

2019-07-31 00:20:03 - [MESSAGE][PASSED] - ZZ.pdf exist in G:/Sabareesh/Personal/USGBC_NewApproach1/USGBC_LEED/Include/TestData/DownloadedFiles and was deleted

2019-07-31 00:20:03 - [MESSAGE][PASSED] - 

2019-07-31 00:20:03 - [MESSAGE][PASSED] - Actual text 'ZZ.pdf' and expected text 'ZZ.pdf' are matched 

2019-07-31 00:20:05 - [MESSAGE][PASSED] - Delayed 2 second(s)

2019-07-31 00:20:07 - [MESSAGE][PASSED] - Delayed 2 second(s)

2019-07-31 00:20:12 - [MESSAGE][PASSED] - Delayed 5 second(s)

2019-07-31 00:20:12 - [MESSAGE][PASSED] - Object: '' is clicked on

2019-07-31 00:20:12 - [MESSAGE][PASSED] - Text of object '' is: 'ZZ.pdf'

2019-07-31 00:20:17 - [MESSAGE][PASSED] - Delayed 5 second(s)

2019-07-31 00:20:17 - [MESSAGE][PASSED] - Object: '' is hovered

2019-07-31 00:20:19 - [MESSAGE][PASSED] - Delayed 2 second(s)

2019-07-31 00:20:21 - [MESSAGE][PASSED] - Delayed 2 second(s)

2019-07-31 00:20:26 - [MESSAGE][PASSED] - Delayed 5 second(s)

2019-07-31 00:20:26 - [MESSAGE][PASSED] - Object: '' is clicked on

2019-07-31 00:20:26 - [MESSAGE][PASSED] - Text of object '' is: 'COO_1.pdf'

2019-07-31 00:20:31 - [MESSAGE][PASSED] - Delayed 5 second(s)

2019-07-31 00:20:31 - [MESSAGE][PASSED] - Object: '' is hovered

2019-07-31 00:20:33 - [MESSAGE][PASSED] - Delayed 2 second(s)

2019-07-31 00:20:38 - [MESSAGE][PASSED] - Delayed 5 second(s)

2019-07-31 00:20:40 - [MESSAGE][PASSED] - Delayed 2 second(s)

2019-07-31 00:20:41 - [MESSAGE][PASSED] - Delayed 1 second(s)

2019-07-31 00:20:41 - [MESSAGE][PASSED] - COO_1.pdf exist in G:/Sabareesh/Personal/USGBC_NewApproach1/USGBC_LEED/Include/TestData/DownloadedFiles and was deleted

2019-07-31 00:20:41 - [MESSAGE][PASSED] - 

2019-07-31 00:20:41 - [MESSAGE][PASSED] - Actual text 'COO_1.pdf' and expected text 'COO_1.pdf' are matched 

2019-07-31 00:20:43 - [MESSAGE][PASSED] - Delayed 2 second(s)

2019-07-31 00:20:45 - [MESSAGE][PASSED] - Delayed 2 second(s)

2019-07-31 00:20:46 - [MESSAGE][PASSED] - Delayed 1 second(s)

2019-07-31 00:20:46 - [MESSAGE][PASSED] - ZZ.pdf exist in G:/Sabareesh/Personal/USGBC_NewApproach1/USGBC_LEED/Include/TestData/DownloadedFiles and was deleted

2019-07-31 00:20:46 - [MESSAGE][PASSED] - 

2019-07-31 00:20:46 - [MESSAGE][PASSED] - Actual text 'ZZ.pdf' and expected text 'ZZ.pdf' are matched 

2019-07-31 00:20:48 - [MESSAGE][PASSED] - Delayed 2 second(s)

2019-07-31 00:20:49 - [MESSAGE][PASSED] - Object: '' is clicked on

2019-07-31 00:20:51 - [MESSAGE][PASSED] - Delayed 2 second(s)

2019-07-31 00:20:51 - [MESSAGE][PASSED] - Object: '' is clicked on

2019-07-31 00:20:54 - [MESSAGE][PASSED] - Delayed 3 second(s)

2019-07-31 00:20:54 - [MESSAGE][PASSED] - Object '' is present

2019-07-31 00:20:56 - [MESSAGE][PASSED] - Delayed 2 second(s)

2019-07-31 00:21:01 - [MESSAGE][PASSED] - Delayed 5 second(s)

2019-07-31 00:21:01 - [MESSAGE][PASSED] - Object: '' is clicked on

2019-07-31 00:21:03 - [MESSAGE][PASSED] - Delayed 2 second(s)

2019-07-31 00:21:03 - [MESSAGE][PASSED] - Object: '' is clicked on

2019-07-31 00:21:05 - [MESSAGE][PASSED] - Delayed 2 second(s)

2019-07-31 00:21:07 - [MESSAGE][PASSED] - Delayed 2 second(s)

2019-07-31 00:21:12 - [MESSAGE][PASSED] - Delayed 5 second(s)

2019-07-31 00:21:12 - [MESSAGE][PASSED] - Object: '' is clicked on

2019-07-31 00:21:14 - [MESSAGE][PASSED] - Delayed 2 second(s)

2019-07-31 00:21:14 - [MESSAGE][PASSED] - Object: '' is clicked on

2019-07-31 00:21:17 - [MESSAGE][PASSED] - Delayed 2 second(s)

2019-07-31 00:21:22 - [MESSAGE][PASSED] - Delayed 5 second(s)

2019-07-31 00:21:22 - [MESSAGE][PASSED] - Web element with id: '' located by 'By.xpath: (//table[@class='ui collapsing celled table unstackable'])[4]' is not present after '2' second(s)

2019-07-31 00:21:24 - [MESSAGE][PASSED] - Delayed 2 second(s)

2019-07-31 00:21:29 - [MESSAGE][PASSED] - Delayed 5 second(s)

2019-07-31 00:21:29 - [MESSAGE][PASSED] - Object: '' is clicked on

2019-07-31 00:21:31 - [MESSAGE][PASSED] - Delayed 2 second(s)

2019-07-31 00:21:31 - [MESSAGE][PASSED] - Object: '' is clicked on

2019-07-31 00:21:33 - [MESSAGE][PASSED] - Delayed 2 second(s)

2019-07-31 00:21:35 - [MESSAGE][PASSED] - Delayed 2 second(s)

2019-07-31 00:21:40 - [MESSAGE][PASSED] - Delayed 5 second(s)

2019-07-31 00:21:40 - [MESSAGE][PASSED] - Object: '' is clicked on

2019-07-31 00:21:42 - [MESSAGE][PASSED] - Delayed 2 second(s)

2019-07-31 00:21:42 - [MESSAGE][PASSED] - Object: '' is clicked on

2019-07-31 00:21:44 - [MESSAGE][PASSED] - Delayed 2 second(s)

2019-07-31 00:21:49 - [MESSAGE][PASSED] - Delayed 5 second(s)

2019-07-31 00:21:49 - [MESSAGE][PASSED] - Web element with id: '' located by 'By.xpath: (//table[@class='ui collapsing celled table unstackable'])[3]' is not present after '2' second(s)

2019-07-31 00:21:51 - [MESSAGE][PASSED] - Delayed 2 second(s)

2019-07-31 00:21:56 - [MESSAGE][PASSED] - Delayed 5 second(s)

2019-07-31 00:21:56 - [MESSAGE][PASSED] - Object: '' is clicked on

2019-07-31 00:21:58 - [MESSAGE][PASSED] - Delayed 2 second(s)

2019-07-31 00:21:59 - [MESSAGE][PASSED] - Object: '' is clicked on

2019-07-31 00:22:01 - [MESSAGE][PASSED] - Delayed 2 second(s)

2019-07-31 00:22:03 - [MESSAGE][PASSED] - Delayed 2 second(s)

2019-07-31 00:22:08 - [MESSAGE][PASSED] - Delayed 5 second(s)

2019-07-31 00:22:08 - [MESSAGE][PASSED] - Object: '' is clicked on

2019-07-31 00:22:10 - [MESSAGE][PASSED] - Delayed 2 second(s)

2019-07-31 00:22:10 - [MESSAGE][PASSED] - Object: '' is clicked on

2019-07-31 00:22:12 - [MESSAGE][PASSED] - Delayed 2 second(s)

2019-07-31 00:22:17 - [MESSAGE][PASSED] - Delayed 5 second(s)

2019-07-31 00:22:17 - [MESSAGE][PASSED] - Web element with id: '' located by 'By.xpath: (//table[@class='ui collapsing celled table unstackable'])[2]' is not present after '2' second(s)

2019-07-31 00:22:19 - [MESSAGE][PASSED] - Delayed 2 second(s)

2019-07-31 00:22:24 - [MESSAGE][PASSED] - Delayed 5 second(s)

2019-07-31 00:22:24 - [MESSAGE][PASSED] - Object: '' is clicked on

2019-07-31 00:22:26 - [MESSAGE][PASSED] - Delayed 2 second(s)

2019-07-31 00:22:26 - [MESSAGE][PASSED] - Object: '' is clicked on

2019-07-31 00:22:28 - [MESSAGE][PASSED] - Delayed 2 second(s)

2019-07-31 00:22:30 - [MESSAGE][PASSED] - Delayed 2 second(s)

2019-07-31 00:22:35 - [MESSAGE][PASSED] - Delayed 5 second(s)

2019-07-31 00:22:36 - [MESSAGE][PASSED] - Object: '' is clicked on

2019-07-31 00:22:38 - [MESSAGE][PASSED] - Delayed 2 second(s)

2019-07-31 00:22:38 - [MESSAGE][PASSED] - Object: '' is clicked on

2019-07-31 00:22:40 - [MESSAGE][PASSED] - Delayed 2 second(s)

2019-07-31 00:22:45 - [MESSAGE][PASSED] - Delayed 5 second(s)

2019-07-31 00:22:45 - [MESSAGE][PASSED] - Web element with id: '' located by 'By.xpath: (//table[@class='ui collapsing celled table unstackable'])[1]' is not present after '2' second(s)

2019-07-31 00:22:45 - [TEST_CASE][PASSED] - Test Cases/TC_Login: Test Cases/TC_Login

2019-07-31 00:22:45 - [TEST_STEP][PASSED] - runWithCucumberRunner(common.LoginRunner): Run with 'common.LoginRunner' was passed

2019-07-31 00:22:45 - [MESSAGE][WARNING] - A browser is already opened. Closing browser and opening a new one

2019-07-31 00:22:46 - [MESSAGE][INFO] - Starting 'Chrome (headless)' driver

2019-07-31 00:22:48 - [MESSAGE][PASSED] - Browser is opened with url: ''

2019-07-31 00:22:49 - [MESSAGE][PASSED] - Current window maximized

2019-07-31 00:22:51 - [MESSAGE][PASSED] - Navigate to 'https://leedonline-stg.usgbc.org' successfully

2019-07-31 00:22:51 - [MESSAGE][PASSED] - Text 'automationbdd9@gmail.com' is set on object ''

2019-07-31 00:22:52 - [MESSAGE][PASSED] - Text 'initpass' is set on object ''

2019-07-31 00:22:55 - [MESSAGE][PASSED] - Delayed 3 second(s)

2019-07-31 00:22:55 - [MESSAGE][PASSED] - Scroll to object '' successfully

2019-07-31 00:22:55 - [MESSAGE][PASSED] - Object '' is checked

2019-07-31 00:22:59 - [MESSAGE][PASSED] - Delayed 4 second(s)

2019-07-31 00:22:59 - [MESSAGE][PASSED] - The form containing object: '' is submitted

2019-07-31 00:22:59 - [MESSAGE][PASSED] - Run with 'common.LoginRunner' was passed

2019-07-31 00:22:59 - [MESSAGE][PASSED] - Call Test Case 'Test Cases/TC_Login' successfully

2019-07-31 00:23:04 - [MESSAGE][PASSED] - Object: '' is clicked on

2019-07-31 00:23:05 - [MESSAGE][PASSED] - Object: '' is clicked on

2019-07-31 00:23:07 - [MESSAGE][PASSED] - Delayed 2 second(s)

2019-07-31 00:23:07 - [MESSAGE][PASSED] - Text of object '' is: 'READY FOR REVIEW'

2019-07-31 00:23:07 - [MESSAGE][PASSED] - Object: '' is clicked on

2019-07-31 00:23:12 - [MESSAGE][PASSED] - Delayed 5 second(s)

2019-07-31 00:23:15 - [MESSAGE][PASSED] - Delayed 3 second(s)

2019-07-31 00:23:17 - [MESSAGE][PASSED] - Delayed 2 second(s)

2019-07-31 00:23:17 - [MESSAGE][PASSED] - Object: '' is clicked on

2019-07-31 00:23:17 - [MESSAGE][PASSED] - Text of object '' is: 'Energy Efficiency Best Management Practices'

2019-07-31 00:23:20 - [MESSAGE][PASSED] - Delayed 3 second(s)

2019-07-31 00:23:23 - [MESSAGE][PASSED] - Object: '' is clicked on

2019-07-31 00:23:28 - [MESSAGE][PASSED] - Delayed 5 second(s)

2019-07-31 00:23:29 - [MESSAGE][PASSED] - Text 'Because I see the mind is the most important.SDKZS' is set on object ''

2019-07-31 00:23:31 - [MESSAGE][PASSED] - Delayed 2 second(s)

2019-07-31 00:23:31 - [MESSAGE][PASSED] - Text of object '' is: 'Because I see the mind is the most important.SDKZS'

2019-07-31 00:23:31 - [MESSAGE][PASSED] - Actual text 'Because I see the mind is the most important.SDKZS' and expected text 'Because I see the mind is the most important.SDKZS' are matched 

2019-07-31 00:23:41 - [MESSAGE][PASSED] - Delayed 10 second(s)

2019-07-31 00:23:41 - [MESSAGE][PASSED] - Text of object '' is: 'Last draft saved on: 31 Jul 2019 00:23:32 AM  Clear draft'

2019-07-31 00:23:41 - [MESSAGE][PASSED] - Actual text 'null' and expected text 'Last draft saved on: 31 Jul 2019 00:23:32 AM  Clear draft' are not matched 

2019-07-31 00:23:51 - [MESSAGE][PASSED] - Delayed 10 second(s)

2019-07-31 00:23:51 - [MESSAGE][PASSED] - Text of object '' is: 'Last draft saved on: 31 Jul 2019 00:23:32 AM  Clear draft'

2019-07-31 00:23:51 - [MESSAGE][PASSED] - Actual text 'Last draft saved on: 31 Jul 2019 00:23:32 AM  Clear draft' and expected text 'Last draft saved on: 31 Jul 2019 00:23:32 AM  Clear draft' are matched 

2019-07-31 00:23:51 - [MESSAGE][PASSED] - Object '' has attribute 'class' with value 'tiny ui button'

2019-07-31 00:23:58 - [MESSAGE][PASSED] - Delayed 7 second(s)

2019-07-31 00:23:58 - [MESSAGE][PASSED] - File 'G:\Sabareesh\Personal\USGBC_NewApproach1\USGBC_LEED\Include\TestData\FilesToUpload\COO_1.pdf' sent to object: ''

2019-07-31 00:23:58 - [MESSAGE][PASSED] - Object '' has attribute 'class' with value 'tiny ui button'

2019-07-31 00:24:05 - [MESSAGE][PASSED] - Delayed 7 second(s)

2019-07-31 00:24:05 - [MESSAGE][PASSED] - File 'G:\Sabareesh\Personal\USGBC_NewApproach1\USGBC_LEED\Include\TestData\FilesToUpload\ZZ.pdf' sent to object: ''

2019-07-31 00:24:08 - [MESSAGE][PASSED] - Delayed 3 second(s)

2019-07-31 00:24:08 - [MESSAGE][PASSED] - Object '' has attribute 'class' with value 'tiny ui button'

2019-07-31 00:24:15 - [MESSAGE][PASSED] - Delayed 7 second(s)

2019-07-31 00:24:15 - [MESSAGE][PASSED] - File 'G:\Sabareesh\Personal\USGBC_NewApproach1\USGBC_LEED\Include\TestData\FilesToUpload\COO_1.pdf' sent to object: ''

2019-07-31 00:24:15 - [MESSAGE][PASSED] - Object '' has attribute 'class' with value 'tiny ui button'

2019-07-31 00:24:22 - [MESSAGE][PASSED] - Delayed 7 second(s)

2019-07-31 00:24:22 - [MESSAGE][PASSED] - File 'G:\Sabareesh\Personal\USGBC_NewApproach1\USGBC_LEED\Include\TestData\FilesToUpload\ZZ.pdf' sent to object: ''

2019-07-31 00:24:25 - [MESSAGE][PASSED] - Delayed 3 second(s)

2019-07-31 00:24:26 - [MESSAGE][PASSED] - Object '' has attribute 'class' with value 'tiny ui button'

2019-07-31 00:24:33 - [MESSAGE][PASSED] - Delayed 7 second(s)

2019-07-31 00:24:33 - [MESSAGE][PASSED] - File 'G:\Sabareesh\Personal\USGBC_NewApproach1\USGBC_LEED\Include\TestData\FilesToUpload\COO_1.pdf' sent to object: ''

2019-07-31 00:24:33 - [MESSAGE][PASSED] - Object '' has attribute 'class' with value 'tiny ui button'

2019-07-31 00:24:40 - [MESSAGE][PASSED] - Delayed 7 second(s)

2019-07-31 00:24:40 - [MESSAGE][PASSED] - File 'G:\Sabareesh\Personal\USGBC_NewApproach1\USGBC_LEED\Include\TestData\FilesToUpload\ZZ.pdf' sent to object: ''

2019-07-31 00:24:43 - [MESSAGE][PASSED] - Delayed 3 second(s)

2019-07-31 00:24:43 - [MESSAGE][PASSED] - Object '' has attribute 'class' with value 'tiny ui button'

2019-07-31 00:24:50 - [MESSAGE][PASSED] - Delayed 7 second(s)

2019-07-31 00:24:50 - [MESSAGE][PASSED] - File 'G:\Sabareesh\Personal\USGBC_NewApproach1\USGBC_LEED\Include\TestData\FilesToUpload\COO_1.pdf' sent to object: ''

2019-07-31 00:24:50 - [MESSAGE][PASSED] - Object '' has attribute 'class' with value 'tiny ui button'

2019-07-31 00:24:57 - [MESSAGE][PASSED] - Delayed 7 second(s)

2019-07-31 00:24:57 - [MESSAGE][PASSED] - File 'G:\Sabareesh\Personal\USGBC_NewApproach1\USGBC_LEED\Include\TestData\FilesToUpload\ZZ.pdf' sent to object: ''

2019-07-31 00:25:00 - [MESSAGE][PASSED] - Delayed 3 second(s)

2019-07-31 00:25:10 - [MESSAGE][PASSED] - Delayed 10 second(s)

2019-07-31 00:25:10 - [MESSAGE][PASSED] - Text of object '' is: 'Last draft saved on: 31 Jul 2019 00:23:32 AM  Clear draft'

2019-07-31 00:25:10 - [MESSAGE][PASSED] - Actual text 'Last draft saved on: 31 Jul 2019 00:23:32 AM  Clear draft' and expected text 'Last draft saved on: 31 Jul 2019 00:23:32 AM  Clear draft' are matched 

2019-07-31 00:25:10 - [MESSAGE][PASSED] - Object: '' is clicked on

2019-07-31 00:25:10 - [MESSAGE][PASSED] - Object: '' is clicked on

2019-07-31 00:25:12 - [MESSAGE][PASSED] - Delayed 2 second(s)

2019-07-31 00:25:12 - [MESSAGE][PASSED] - Attribute 'value' of object '' is: '07 Jun 2019'

2019-07-31 00:25:12 - [MESSAGE][PASSED] - Actual text '07 Jun 2019' and expected text '' are not matched 

2019-07-31 00:25:22 - [MESSAGE][PASSED] - Delayed 10 second(s)

2019-07-31 00:25:22 - [MESSAGE][PASSED] - Text of object '' is: 'Last draft saved on: 31 Jul 2019 00:25:12 AM  Clear draft'

2019-07-31 00:25:22 - [MESSAGE][PASSED] - Actual text 'Last draft saved on: 31 Jul 2019 00:23:32 AM  Clear draft' and expected text 'Last draft saved on: 31 Jul 2019 00:25:12 AM  Clear draft' are not matched 

2019-07-31 00:25:33 - [MESSAGE][PASSED] - Delayed 10 second(s)

2019-07-31 00:25:33 - [MESSAGE][PASSED] - Text of object '' is: 'Last draft saved on: 31 Jul 2019 00:25:22 AM  Clear draft'

2019-07-31 00:25:33 - [MESSAGE][PASSED] - Actual text 'Last draft saved on: 31 Jul 2019 00:25:12 AM  Clear draft' and expected text 'Last draft saved on: 31 Jul 2019 00:25:22 AM  Clear draft' are not matched 

2019-07-31 00:25:33 - [MESSAGE][PASSED] - Object: '' is clicked on

2019-07-31 00:25:34 - [MESSAGE][PASSED] - Object: '' is clicked on

2019-07-31 00:25:36 - [MESSAGE][PASSED] - Delayed 2 second(s)

2019-07-31 00:25:36 - [TEST_CASE][PASSED] - Test Cases/TC_Login: Test Cases/TC_Login

2019-07-31 00:25:36 - [TEST_STEP][PASSED] - runWithCucumberRunner(common.LoginRunner): Run with 'common.LoginRunner' was passed

2019-07-31 00:25:36 - [MESSAGE][WARNING] - A browser is already opened. Closing browser and opening a new one

2019-07-31 00:25:36 - [MESSAGE][INFO] - Starting 'Chrome (headless)' driver

2019-07-31 00:25:39 - [MESSAGE][PASSED] - Browser is opened with url: ''

2019-07-31 00:25:41 - [MESSAGE][PASSED] - Current window maximized

2019-07-31 00:25:42 - [MESSAGE][PASSED] - Navigate to 'https://leedonline-stg.usgbc.org' successfully

2019-07-31 00:25:43 - [MESSAGE][PASSED] - Text 'automationbdd9@gmail.com' is set on object ''

2019-07-31 00:25:43 - [MESSAGE][PASSED] - Text 'initpass' is set on object ''

2019-07-31 00:25:46 - [MESSAGE][PASSED] - Delayed 3 second(s)

2019-07-31 00:25:46 - [MESSAGE][PASSED] - Scroll to object '' successfully

2019-07-31 00:25:46 - [MESSAGE][PASSED] - Object '' is checked

2019-07-31 00:25:50 - [MESSAGE][PASSED] - Delayed 4 second(s)

2019-07-31 00:25:50 - [MESSAGE][PASSED] - The form containing object: '' is submitted

2019-07-31 00:25:50 - [MESSAGE][PASSED] - Run with 'common.LoginRunner' was passed

2019-07-31 00:25:50 - [MESSAGE][PASSED] - Call Test Case 'Test Cases/TC_Login' successfully

2019-07-31 00:25:52 - [MESSAGE][PASSED] - Delayed 2 second(s)

2019-07-31 00:25:54 - [MESSAGE][PASSED] - Object: '' is clicked on

2019-07-31 00:25:56 - [MESSAGE][PASSED] - Delayed 2 second(s)

2019-07-31 00:25:57 - [MESSAGE][PASSED] - Object: '' is clicked on

2019-07-31 00:25:59 - [MESSAGE][PASSED] - Delayed 2 second(s)

2019-07-31 00:26:01 - [MESSAGE][PASSED] - Delayed 2 second(s)

2019-07-31 00:26:01 - [MESSAGE][PASSED] - Object: '' is clicked on

2019-07-31 00:26:01 - [MESSAGE][PASSED] - Text of object '' is: 'Energy Efficiency Best Management Practices'

2019-07-31 00:26:04 - [MESSAGE][PASSED] - Delayed 3 second(s)

2019-07-31 00:26:08 - [MESSAGE][PASSED] - Object: '' is clicked on

2019-07-31 00:26:12 - [MESSAGE][PASSED] - Delayed 4 second(s)

2019-07-31 00:26:12 - [MESSAGE][PASSED] - Object '' is present

2019-07-31 00:26:12 - [MESSAGE][PASSED] - Text of object '' is: 'Last draft saved on: 31 Jul 2019 00:25:22 AM  Clear draft'

2019-07-31 00:26:12 - [MESSAGE][PASSED] - Actual text 'Last draft saved on: 31 Jul 2019 00:25:22 AM  Clear draft' and expected text 'Last draft saved on: 31 Jul 2019 00:25:22 AM  Clear draft' are matched 

2019-07-31 00:26:12 - [MESSAGE][PASSED] - Object: '' is clicked on

2019-07-31 00:26:16 - [MESSAGE][PASSED] - Delayed 4 second(s)

2019-07-31 00:26:18 - [MESSAGE][PASSED] - Delayed 2 second(s)

2019-07-31 00:26:23 - [MESSAGE][PASSED] - Delayed 5 second(s)

2019-07-31 00:26:23 - [MESSAGE][PASSED] - Object: '' is clicked on

2019-07-31 00:26:25 - [MESSAGE][PASSED] - Delayed 2 second(s)

2019-07-31 00:26:25 - [MESSAGE][PASSED] - Object: '' is clicked on

2019-07-31 00:26:27 - [MESSAGE][PASSED] - Delayed 2 second(s)

2019-07-31 00:26:29 - [MESSAGE][PASSED] - Delayed 2 second(s)

2019-07-31 00:26:34 - [MESSAGE][PASSED] - Delayed 5 second(s)

2019-07-31 00:26:35 - [MESSAGE][PASSED] - Object: '' is clicked on

2019-07-31 00:26:37 - [MESSAGE][PASSED] - Delayed 2 second(s)

2019-07-31 00:26:37 - [MESSAGE][PASSED] - Object: '' is clicked on

2019-07-31 00:26:39 - [MESSAGE][PASSED] - Delayed 2 second(s)

2019-07-31 00:26:44 - [MESSAGE][PASSED] - Delayed 5 second(s)

2019-07-31 00:26:44 - [MESSAGE][PASSED] - Web element with id: '' located by 'By.xpath: (//table[@class='ui collapsing celled table unstackable'])[4]' is not present after '2' second(s)

2019-07-31 00:26:46 - [MESSAGE][PASSED] - Delayed 2 second(s)

2019-07-31 00:26:51 - [MESSAGE][PASSED] - Delayed 5 second(s)

2019-07-31 00:26:51 - [MESSAGE][PASSED] - Object: '' is clicked on

2019-07-31 00:26:53 - [MESSAGE][PASSED] - Delayed 2 second(s)

2019-07-31 00:26:53 - [MESSAGE][PASSED] - Object: '' is clicked on

2019-07-31 00:26:55 - [MESSAGE][PASSED] - Delayed 2 second(s)

2019-07-31 00:26:57 - [MESSAGE][PASSED] - Delayed 2 second(s)

2019-07-31 00:27:02 - [MESSAGE][PASSED] - Delayed 5 second(s)

2019-07-31 00:27:02 - [MESSAGE][PASSED] - Object: '' is clicked on

2019-07-31 00:27:04 - [MESSAGE][PASSED] - Delayed 2 second(s)

2019-07-31 00:27:04 - [MESSAGE][PASSED] - Object: '' is clicked on

2019-07-31 00:27:06 - [MESSAGE][PASSED] - Delayed 2 second(s)

2019-07-31 00:27:11 - [MESSAGE][PASSED] - Delayed 5 second(s)

2019-07-31 00:27:11 - [MESSAGE][PASSED] - Web element with id: '' located by 'By.xpath: (//table[@class='ui collapsing celled table unstackable'])[3]' is not present after '2' second(s)

2019-07-31 00:27:13 - [MESSAGE][PASSED] - Delayed 2 second(s)

2019-07-31 00:27:18 - [MESSAGE][PASSED] - Delayed 5 second(s)

2019-07-31 00:27:19 - [MESSAGE][PASSED] - Object: '' is clicked on

2019-07-31 00:27:21 - [MESSAGE][PASSED] - Delayed 2 second(s)

2019-07-31 00:27:21 - [MESSAGE][PASSED] - Object: '' is clicked on

2019-07-31 00:27:23 - [MESSAGE][PASSED] - Delayed 2 second(s)

2019-07-31 00:27:25 - [MESSAGE][PASSED] - Delayed 2 second(s)

2019-07-31 00:27:30 - [MESSAGE][PASSED] - Delayed 5 second(s)

2019-07-31 00:27:30 - [MESSAGE][PASSED] - Object: '' is clicked on

2019-07-31 00:27:32 - [MESSAGE][PASSED] - Delayed 2 second(s)

2019-07-31 00:27:32 - [MESSAGE][PASSED] - Object: '' is clicked on

2019-07-31 00:27:34 - [MESSAGE][PASSED] - Delayed 2 second(s)

2019-07-31 00:27:39 - [MESSAGE][PASSED] - Delayed 5 second(s)

2019-07-31 00:27:39 - [MESSAGE][PASSED] - Web element with id: '' located by 'By.xpath: (//table[@class='ui collapsing celled table unstackable'])[2]' is not present after '2' second(s)

2019-07-31 00:27:41 - [MESSAGE][PASSED] - Delayed 2 second(s)

2019-07-31 00:27:46 - [MESSAGE][PASSED] - Delayed 5 second(s)

2019-07-31 00:27:46 - [MESSAGE][PASSED] - Object: '' is clicked on

2019-07-31 00:27:48 - [MESSAGE][PASSED] - Delayed 2 second(s)

2019-07-31 00:27:48 - [MESSAGE][PASSED] - Object: '' is clicked on

2019-07-31 00:27:50 - [MESSAGE][PASSED] - Delayed 2 second(s)

2019-07-31 00:27:52 - [MESSAGE][PASSED] - Delayed 2 second(s)

2019-07-31 00:27:57 - [MESSAGE][PASSED] - Delayed 5 second(s)

2019-07-31 00:27:58 - [MESSAGE][PASSED] - Object: '' is clicked on

2019-07-31 00:28:00 - [MESSAGE][PASSED] - Delayed 2 second(s)

2019-07-31 00:28:00 - [MESSAGE][PASSED] - Object: '' is clicked on

2019-07-31 00:28:02 - [MESSAGE][PASSED] - Delayed 2 second(s)

2019-07-31 00:28:07 - [MESSAGE][PASSED] - Delayed 5 second(s)

2019-07-31 00:28:07 - [MESSAGE][PASSED] - Web element with id: '' located by 'By.xpath: (//table[@class='ui collapsing celled table unstackable'])[1]' is not present after '2' second(s)

2019-07-31 00:28:07 - [MESSAGE][PASSED] - Web element with id: '' located by 'By.xpath: //a[contains(text(),'Clear draft')]' is not present after '3' second(s)

2019-07-31 00:28:07 - [MESSAGE][PASSED] - Web element with id: '' located by 'By.xpath: //div[contains(text(),'Form drafted and not yet saved!')]' is not present after '2' second(s)

2019-07-31 00:28:07 - [MESSAGE][PASSED] - Text 'Because I see the mind is the most important.40CAW' is set on object ''

2019-07-31 00:28:09 - [MESSAGE][PASSED] - Delayed 2 second(s)

2019-07-31 00:28:09 - [MESSAGE][PASSED] - Text of object '' is: 'Because I see the mind is the most important.40CAW'

2019-07-31 00:28:09 - [MESSAGE][PASSED] - Actual text 'Because I see the mind is the most important.40CAW' and expected text 'Because I see the mind is the most important.40CAW' are matched 

2019-07-31 00:28:19 - [MESSAGE][PASSED] - Delayed 10 second(s)

2019-07-31 00:28:19 - [MESSAGE][PASSED] - Text of object '' is: 'Last draft saved on: 31 Jul 2019 00:28:11 AM  Clear draft'

2019-07-31 00:28:19 - [MESSAGE][PASSED] - Actual text 'Last draft saved on: 31 Jul 2019 00:25:22 AM  Clear draft' and expected text 'Last draft saved on: 31 Jul 2019 00:28:11 AM  Clear draft' are not matched 

2019-07-31 00:28:24 - [MESSAGE][PASSED] - Delayed 4 second(s)

2019-07-31 00:28:24 - [MESSAGE][PASSED] - Object: '' is clicked on

2019-07-31 00:28:26 - [MESSAGE][PASSED] - Delayed 2 second(s)

2019-07-31 00:28:26 - [MESSAGE][PASSED] - Object: '' is clicked on

2019-07-31 00:28:31 - [MESSAGE][PASSED] - Delayed 5 second(s)

2019-07-31 00:28:31 - [MESSAGE][PASSED] - Web element with id: '' located by 'By.xpath: //a[contains(text(),'Clear draft')]' is not present after '2' second(s)

2019-07-31 00:28:35 - [MESSAGE][PASSED] - Delayed 4 second(s)

2019-07-31 00:28:35 - [MESSAGE][PASSED] - Run with 'runner_OM_ExistingBuildings.EnergyEfficiencyBestManagementPractices' was passed]]></system-out>
         <system-err><![CDATA[]]></system-err>
      </testcase>
      <testcase name="Test Cases/OM_ExistingBuildings/TC_EnhancedRefrigerantManagement" classname="Test Cases/OM_ExistingBuildings/TC_EnhancedRefrigerantManagement" status="FAILED">
         <failure type="FAILED" message="Test Cases/OM_ExistingBuildings/TC_EnhancedRefrigerantManagement FAILED.
Reason:
com.kms.katalon.core.exception.StepFailedException: These following reason:
 [Unable to click on object '']
	at com.kms.katalon.core.keyword.internal.KeywordMain.stepFailed(KeywordMain.groovy:48)
	at com.kms.katalon.core.keyword.internal.KeywordMain.stepFailed(KeywordMain.groovy)
	at com.kms.katalon.core.keyword.internal.KeywordMain.stepFailed(KeywordMain.groovy:21)
	at com.kms.katalon.core.keyword.internal.KeywordMain$stepFailed$0.call(Unknown Source)
	at com.kms.katalon.core.cucumber.keyword.CucumberBuiltinKeywords$_runWithCucumberRunner_closure3.doCall(CucumberBuiltinKeywords.groovy:272)
	at com.kms.katalon.core.cucumber.keyword.CucumberBuiltinKeywords$_runWithCucumberRunner_closure3.doCall(CucumberBuiltinKeywords.groovy)
	at com.kms.katalon.core.keyword.internal.KeywordMain.runKeyword(KeywordMain.groovy:66)
	at com.kms.katalon.core.keyword.internal.KeywordMain$runKeyword.call(Unknown Source)
	at com.kms.katalon.core.cucumber.keyword.CucumberBuiltinKeywords.runWithCucumberRunner(CucumberBuiltinKeywords.groovy:257)
	at com.kms.katalon.core.cucumber.keyword.CucumberBuiltinKeywords$runWithCucumberRunner$0.callStatic(Unknown Source)
	at com.kms.katalon.core.cucumber.keyword.CucumberBuiltinKeywords.runWithCucumberRunner(CucumberBuiltinKeywords.groovy:357)
	at com.kms.katalon.core.cucumber.keyword.CucumberBuiltinKeywords$runWithCucumberRunner.call(Unknown Source)
	at TC_EnhancedRefrigerantManagement.run(TC_EnhancedRefrigerantManagement:17)
	at com.kms.katalon.core.main.ScriptEngine.run(ScriptEngine.java:194)
	at com.kms.katalon.core.main.ScriptEngine.runScriptAsRawText(ScriptEngine.java:119)
	at com.kms.katalon.core.main.TestCaseExecutor.runScript(TestCaseExecutor.java:331)
	at com.kms.katalon.core.main.TestCaseExecutor.doExecute(TestCaseExecutor.java:322)
	at com.kms.katalon.core.main.TestCaseExecutor.processExecutionPhase(TestCaseExecutor.java:301)
	at com.kms.katalon.core.main.TestCaseExecutor.accessMainPhase(TestCaseExecutor.java:293)
	at com.kms.katalon.core.main.TestCaseExecutor.execute(TestCaseExecutor.java:227)
	at com.kms.katalon.core.main.TestSuiteExecutor.accessTestCaseMainPhase(TestSuiteExecutor.java:129)
	at com.kms.katalon.core.main.TestSuiteExecutor.accessTestSuiteMainPhase(TestSuiteExecutor.java:112)
	at com.kms.katalon.core.main.TestSuiteExecutor.execute(TestSuiteExecutor.java:81)
	at com.kms.katalon.core.main.TestCaseMain.startTestSuite(TestCaseMain.java:157)
	at com.kms.katalon.core.main.TestCaseMain$startTestSuite$0.call(Unknown Source)
	at TempTestSuite1564512281211.run(TempTestSuite1564512281211.groovy:35)
"/>
         <system-out><![CDATA[2019-07-31 00:28:35 - [TEST_CASE][FAILED] - Test Cases/OM_ExistingBuildings/TC_EnhancedRefrigerantManagement: Test Cases/OM_ExistingBuildings/TC_EnhancedRefrigerantManagement FAILED.
Reason:
com.kms.katalon.core.exception.StepFailedException: These following reason:
 [Unable to click on object '']
	at com.kms.katalon.core.keyword.internal.KeywordMain.stepFailed(KeywordMain.groovy:48)
	at com.kms.katalon.core.keyword.internal.KeywordMain.stepFailed(KeywordMain.groovy)
	at com.kms.katalon.core.keyword.internal.KeywordMain.stepFailed(KeywordMain.groovy:21)
	at com.kms.katalon.core.keyword.internal.KeywordMain$stepFailed$0.call(Unknown Source)
	at com.kms.katalon.core.cucumber.keyword.CucumberBuiltinKeywords$_runWithCucumberRunner_closure3.doCall(CucumberBuiltinKeywords.groovy:272)
	at com.kms.katalon.core.cucumber.keyword.CucumberBuiltinKeywords$_runWithCucumberRunner_closure3.doCall(CucumberBuiltinKeywords.groovy)
	at com.kms.katalon.core.keyword.internal.KeywordMain.runKeyword(KeywordMain.groovy:66)
	at com.kms.katalon.core.keyword.internal.KeywordMain$runKeyword.call(Unknown Source)
	at com.kms.katalon.core.cucumber.keyword.CucumberBuiltinKeywords.runWithCucumberRunner(CucumberBuiltinKeywords.groovy:257)
	at com.kms.katalon.core.cucumber.keyword.CucumberBuiltinKeywords$runWithCucumberRunner$0.callStatic(Unknown Source)
	at com.kms.katalon.core.cucumber.keyword.CucumberBuiltinKeywords.runWithCucumberRunner(CucumberBuiltinKeywords.groovy:357)
	at com.kms.katalon.core.cucumber.keyword.CucumberBuiltinKeywords$runWithCucumberRunner.call(Unknown Source)
	at TC_EnhancedRefrigerantManagement.run(TC_EnhancedRefrigerantManagement:17)
	at com.kms.katalon.core.main.ScriptEngine.run(ScriptEngine.java:194)
	at com.kms.katalon.core.main.ScriptEngine.runScriptAsRawText(ScriptEngine.java:119)
	at com.kms.katalon.core.main.TestCaseExecutor.runScript(TestCaseExecutor.java:331)
	at com.kms.katalon.core.main.TestCaseExecutor.doExecute(TestCaseExecutor.java:322)
	at com.kms.katalon.core.main.TestCaseExecutor.processExecutionPhase(TestCaseExecutor.java:301)
	at com.kms.katalon.core.main.TestCaseExecutor.accessMainPhase(TestCaseExecutor.java:293)
	at com.kms.katalon.core.main.TestCaseExecutor.execute(TestCaseExecutor.java:227)
	at com.kms.katalon.core.main.TestSuiteExecutor.accessTestCaseMainPhase(TestSuiteExecutor.java:129)
	at com.kms.katalon.core.main.TestSuiteExecutor.accessTestSuiteMainPhase(TestSuiteExecutor.java:112)
	at com.kms.katalon.core.main.TestSuiteExecutor.execute(TestSuiteExecutor.java:81)
	at com.kms.katalon.core.main.TestCaseMain.startTestSuite(TestCaseMain.java:157)
	at com.kms.katalon.core.main.TestCaseMain$startTestSuite$0.call(Unknown Source)
	at TempTestSuite1564512281211.run(TempTestSuite1564512281211.groovy:35)


2019-07-31 00:28:35 - [TEST_STEP][FAILED] - runWithCucumberRunner(runner_OM_ExistingBuildings.EnhancedRefrigerantManagementTestRunner): runWithCucumberRunner(runner_OM_ExistingBuildings.EnhancedRefrigerantManagementTestRunner) FAILED.
Reason:
com.kms.katalon.core.exception.StepFailedException: These following reason:
 [Unable to click on object '']
	at com.kms.katalon.core.keyword.internal.KeywordMain.stepFailed(KeywordMain.groovy:48)
	at com.kms.katalon.core.keyword.internal.KeywordMain.stepFailed(KeywordMain.groovy)
	at com.kms.katalon.core.keyword.internal.KeywordMain.stepFailed(KeywordMain.groovy:21)
	at com.kms.katalon.core.keyword.internal.KeywordMain$stepFailed$0.call(Unknown Source)
	at com.kms.katalon.core.cucumber.keyword.CucumberBuiltinKeywords$_runWithCucumberRunner_closure3.doCall(CucumberBuiltinKeywords.groovy:272)
	at com.kms.katalon.core.cucumber.keyword.CucumberBuiltinKeywords$_runWithCucumberRunner_closure3.doCall(CucumberBuiltinKeywords.groovy)
	at com.kms.katalon.core.keyword.internal.KeywordMain.runKeyword(KeywordMain.groovy:66)
	at com.kms.katalon.core.keyword.internal.KeywordMain$runKeyword.call(Unknown Source)
	at com.kms.katalon.core.cucumber.keyword.CucumberBuiltinKeywords.runWithCucumberRunner(CucumberBuiltinKeywords.groovy:257)
	at com.kms.katalon.core.cucumber.keyword.CucumberBuiltinKeywords$runWithCucumberRunner$0.callStatic(Unknown Source)
	at com.kms.katalon.core.cucumber.keyword.CucumberBuiltinKeywords.runWithCucumberRunner(CucumberBuiltinKeywords.groovy:357)
	at com.kms.katalon.core.cucumber.keyword.CucumberBuiltinKeywords$runWithCucumberRunner.call(Unknown Source)
	at TC_EnhancedRefrigerantManagement.run(TC_EnhancedRefrigerantManagement:17)
	at com.kms.katalon.core.main.ScriptEngine.run(ScriptEngine.java:194)
	at com.kms.katalon.core.main.ScriptEngine.runScriptAsRawText(ScriptEngine.java:119)
	at com.kms.katalon.core.main.TestCaseExecutor.runScript(TestCaseExecutor.java:331)
	at com.kms.katalon.core.main.TestCaseExecutor.doExecute(TestCaseExecutor.java:322)
	at com.kms.katalon.core.main.TestCaseExecutor.processExecutionPhase(TestCaseExecutor.java:301)
	at com.kms.katalon.core.main.TestCaseExecutor.accessMainPhase(TestCaseExecutor.java:293)
	at com.kms.katalon.core.main.TestCaseExecutor.execute(TestCaseExecutor.java:227)
	at com.kms.katalon.core.main.TestSuiteExecutor.accessTestCaseMainPhase(TestSuiteExecutor.java:129)
	at com.kms.katalon.core.main.TestSuiteExecutor.accessTestSuiteMainPhase(TestSuiteExecutor.java:112)
	at com.kms.katalon.core.main.TestSuiteExecutor.execute(TestSuiteExecutor.java:81)
	at com.kms.katalon.core.main.TestCaseMain.startTestSuite(TestCaseMain.java:157)
	at com.kms.katalon.core.main.TestCaseMain$startTestSuite$0.call(Unknown Source)
	at TempTestSuite1564512281211.run(TempTestSuite1564512281211.groovy:35)


2019-07-31 00:28:35 - [TEST_CASE][PASSED] - Test Cases/TC_Login: Test Cases/TC_Login

2019-07-31 00:28:35 - [TEST_STEP][PASSED] - runWithCucumberRunner(common.LoginRunner): Run with 'common.LoginRunner' was passed

2019-07-31 00:28:36 - [MESSAGE][WARNING] - A browser is already opened. Closing browser and opening a new one

2019-07-31 00:28:36 - [MESSAGE][INFO] - Starting 'Chrome (headless)' driver

2019-07-31 00:28:40 - [MESSAGE][PASSED] - Browser is opened with url: ''

2019-07-31 00:28:41 - [MESSAGE][PASSED] - Current window maximized

2019-07-31 00:28:44 - [MESSAGE][PASSED] - Navigate to 'https://leedonline-stg.usgbc.org' successfully

2019-07-31 00:28:45 - [MESSAGE][PASSED] - Text 'automationbdd9@gmail.com' is set on object ''

2019-07-31 00:28:45 - [MESSAGE][PASSED] - Text 'initpass' is set on object ''

2019-07-31 00:28:48 - [MESSAGE][PASSED] - Delayed 3 second(s)

2019-07-31 00:28:48 - [MESSAGE][PASSED] - Scroll to object '' successfully

2019-07-31 00:28:48 - [MESSAGE][PASSED] - Object '' is checked

2019-07-31 00:28:52 - [MESSAGE][PASSED] - Delayed 4 second(s)

2019-07-31 00:28:52 - [MESSAGE][PASSED] - The form containing object: '' is submitted

2019-07-31 00:28:52 - [MESSAGE][PASSED] - Run with 'common.LoginRunner' was passed

2019-07-31 00:28:52 - [MESSAGE][PASSED] - Call Test Case 'Test Cases/TC_Login' successfully

2019-07-31 00:28:58 - [MESSAGE][PASSED] - Object: '' is clicked on

2019-07-31 00:29:00 - [MESSAGE][PASSED] - Object: '' is clicked on

2019-07-31 00:29:02 - [MESSAGE][PASSED] - Delayed 2 second(s)

2019-07-31 00:29:02 - [MESSAGE][PASSED] - Text of object '' is: 'ATTEMPTED'

2019-07-31 00:29:05 - [MESSAGE][PASSED] - Delayed 3 second(s)

2019-07-31 00:29:07 - [MESSAGE][PASSED] - Delayed 2 second(s)

2019-07-31 00:29:07 - [MESSAGE][PASSED] - Object: '' is clicked on

2019-07-31 00:29:07 - [MESSAGE][PASSED] - Text of object '' is: 'Enhanced Refrigerant Management'

2019-07-31 00:29:10 - [MESSAGE][PASSED] - Delayed 3 second(s)

2019-07-31 00:29:14 - [MESSAGE][PASSED] - Object: '' is clicked on

2019-07-31 00:29:19 - [MESSAGE][PASSED] - Delayed 5 second(s)

2019-07-31 00:29:19 - [MESSAGE][PASSED] - Text of object '' is: 'Enhanced Refrigerant Management'

2019-07-31 00:29:19 - [MESSAGE][PASSED] - Actual text 'Enhanced Refrigerant Management' and expected text 'Enhanced Refrigerant Management' are matched 

2019-07-31 00:29:19 - [MESSAGE][PASSED] - Text '(V01)' is present on page 

2019-07-31 00:29:19 - [MESSAGE][PASSED] - Object: '' is clicked on

2019-07-31 00:29:19 - [MESSAGE][PASSED] - Object '' has attribute 'class' with value 'tiny ui button'

2019-07-31 00:29:26 - [MESSAGE][PASSED] - Delayed 7 second(s)

2019-07-31 00:29:26 - [MESSAGE][PASSED] - File 'G:\Sabareesh\Personal\USGBC_NewApproach1\USGBC_LEED\Include\TestData\FilesToUpload\COO_1.pdf' sent to object: ''

2019-07-31 00:29:26 - [MESSAGE][PASSED] - Object '' has attribute 'class' with value 'tiny ui button'

2019-07-31 00:29:33 - [MESSAGE][PASSED] - Delayed 7 second(s)

2019-07-31 00:29:33 - [MESSAGE][PASSED] - File 'G:\Sabareesh\Personal\USGBC_NewApproach1\USGBC_LEED\Include\TestData\FilesToUpload\ZZ.pdf' sent to object: ''

2019-07-31 00:29:36 - [MESSAGE][PASSED] - Delayed 3 second(s)

2019-07-31 00:29:36 - [MESSAGE][PASSED] - Text of object '' is: 'COO_1.pdf'

2019-07-31 00:29:38 - [MESSAGE][PASSED] - Delayed 2 second(s)

2019-07-31 00:29:39 - [MESSAGE][PASSED] - COO_1.pdf is equal to COO_1.pdf

2019-07-31 00:29:39 - [MESSAGE][PASSED] - Actual text 'COO_1.pdf' and expected text 'COO_1.pdf' are matched 

2019-07-31 00:29:39 - [MESSAGE][PASSED] - Text of object '' is: 'ZZ.pdf'

2019-07-31 00:29:41 - [MESSAGE][PASSED] - Delayed 2 second(s)

2019-07-31 00:29:43 - [MESSAGE][PASSED] - Delayed 2 second(s)

2019-07-31 00:29:43 - [MESSAGE][PASSED] - ZZ.pdf is equal to ZZ.pdf

2019-07-31 00:29:43 - [MESSAGE][PASSED] - Actual text 'ZZ.pdf' and expected text 'ZZ.pdf' are matched 

2019-07-31 00:29:45 - [MESSAGE][PASSED] - Text 'Known that everybody have the personal aim. It is defferent . For example, there are some people think that the most important thing in them life is career. While there are other people think that is family. me too. The most important thing with my life is my small and big family.3PL9Z' is set on object ''

2019-07-31 00:29:47 - [MESSAGE][PASSED] - Delayed 2 second(s)

2019-07-31 00:29:47 - [MESSAGE][PASSED] - Text of object '' is: 'Known that everybody have the personal aim. It is defferent . For example, there are some people think that the most important thing in them life is career. While there are other people think that is family. me too. The most important thing with my life is my small and big family.3PL9Z'

2019-07-31 00:29:47 - [MESSAGE][PASSED] - Actual text 'Known that everybody have the personal aim. It is defferent . For example, there are some people think that the most important thing in them life is career. While there are other people think that is family. me too. The most important thing with my life is my small and big family.3PL9Z' and expected text 'Known that everybody have the personal aim. It is defferent . For example, there are some people think that the most important thing in them life is career. While there are other people think that is family. me too. The most important thing with my life is my small and big family.3PL9Z' are matched 

2019-07-31 00:29:48 - [MESSAGE][PASSED] - Text 'Known that everybody have the personal aim. It is defferent . For example, there are some people think that the most important thing in them life is career. While there are other people think that is family. me too. The most important thing with my life is my small and big family.3PL9Z' is set on object ''

2019-07-31 00:29:50 - [MESSAGE][PASSED] - Delayed 2 second(s)

2019-07-31 00:29:50 - [MESSAGE][PASSED] - Text of object '' is: 'Known that everybody have the personal aim. It is defferent . For example, there are some people think that the most important thing in them life is career. While there are other people think that is family. me too. The most important thing with my life is my small and big family.3PL9Z'

2019-07-31 00:29:50 - [MESSAGE][PASSED] - Actual text 'Known that everybody have the personal aim. It is defferent . For example, there are some people think that the most important thing in them life is career. While there are other people think that is family. me too. The most important thing with my life is my small and big family.3PL9Z' and expected text 'Known that everybody have the personal aim. It is defferent . For example, there are some people think that the most important thing in them life is career. While there are other people think that is family. me too. The most important thing with my life is my small and big family.3PL9Z' are matched 

2019-07-31 00:29:51 - [MESSAGE][PASSED] - Object: '' is clicked on

2019-07-31 00:29:55 - [MESSAGE][PASSED] - Delayed 4 second(s)

2019-07-31 00:29:55 - [MESSAGE][PASSED] - Text 'Form data saved successfully.' is present on page 

2019-07-31 00:30:01 - [MESSAGE][PASSED] - Delayed 6 second(s)

2019-07-31 00:30:03 - [MESSAGE][PASSED] - Delayed 2 second(s)

2019-07-31 00:30:03 - [MESSAGE][PASSED] - Object '' is present

2019-07-31 00:30:03 - [MESSAGE][PASSED] - Object: '' is clicked on

2019-07-31 00:30:13 - [MESSAGE][PASSED] - Delayed 10 second(s)

2019-07-31 00:30:19 - [MESSAGE][PASSED] - Delayed 6 second(s)

2019-07-31 00:30:19 - [MESSAGE][PASSED] - Text of object '' is: 'Known that everybody have the personal aim. It is defferent . For example, there are some people think that the most important thing in them life is career. While there are other people think that is family. me too. The most important thing with my life is my small and big family.3PL9Z'

2019-07-31 00:30:19 - [MESSAGE][PASSED] - Actual text 'Found' and expected text 'Found' are matched 

2019-07-31 00:30:19 - [MESSAGE][PASSED] - Text of object '' is: 'Known that everybody have the personal aim. It is defferent . For example, there are some people think that the most important thing in them life is career. While there are other people think that is family. me too. The most important thing with my life is my small and big family.3PL9Z'

2019-07-31 00:30:20 - [MESSAGE][PASSED] - Text of object '' is: 'Known that everybody have the personal aim. It is defferent . For example, there are some people think that the most important thing in them life is career. While there are other people think that is family. me too. The most important thing with my life is my small and big family.3PL9Z'

2019-07-31 00:30:20 - [MESSAGE][PASSED] - Actual text 'Found' and expected text 'Found' are matched 

2019-07-31 00:30:20 - [MESSAGE][PASSED] - Actual text 'Found' and expected text 'Found' are matched 

2019-07-31 00:30:20 - [MESSAGE][PASSED] - Navigate back successfully

2019-07-31 00:30:22 - [MESSAGE][PASSED] - Delayed 2 second(s)

2019-07-31 00:30:23 - [MESSAGE][PASSED] - Object: '' is clicked on

2019-07-31 00:30:28 - [MESSAGE][PASSED] - Delayed 5 second(s)

2019-07-31 00:30:30 - [MESSAGE][PASSED] - Delayed 2 second(s)

2019-07-31 00:30:31 - [MESSAGE][PASSED] - Navigate forward successfully

2019-07-31 00:30:33 - [MESSAGE][PASSED] - Delayed 2 second(s)

2019-07-31 00:30:38 - [MESSAGE][PASSED] - Delayed 5 second(s)

2019-07-31 00:30:38 - [MESSAGE][PASSED] - Object: '' is clicked on

2019-07-31 00:30:38 - [MESSAGE][PASSED] - Text of object '' is: 'ZZ.pdf'

2019-07-31 00:30:43 - [MESSAGE][PASSED] - Delayed 5 second(s)

2019-07-31 00:30:44 - [MESSAGE][PASSED] - Object: '' is hovered

2019-07-31 00:30:46 - [MESSAGE][PASSED] - Delayed 2 second(s)

2019-07-31 00:30:48 - [MESSAGE][PASSED] - Delayed 2 second(s)

2019-07-31 00:30:53 - [MESSAGE][PASSED] - Delayed 5 second(s)

2019-07-31 00:30:53 - [MESSAGE][PASSED] - Object: '' is clicked on

2019-07-31 00:30:53 - [MESSAGE][PASSED] - Text of object '' is: 'COO_1.pdf'

2019-07-31 00:30:58 - [MESSAGE][PASSED] - Delayed 5 second(s)

2019-07-31 00:30:58 - [MESSAGE][PASSED] - Object: '' is hovered

2019-07-31 00:31:00 - [MESSAGE][PASSED] - Delayed 2 second(s)

2019-07-31 00:31:05 - [MESSAGE][PASSED] - Delayed 5 second(s)

2019-07-31 00:31:07 - [MESSAGE][PASSED] - Delayed 2 second(s)

2019-07-31 00:31:08 - [MESSAGE][PASSED] - Delayed 1 second(s)

2019-07-31 00:31:08 - [MESSAGE][PASSED] - COO_1.pdf exist in G:/Sabareesh/Personal/USGBC_NewApproach1/USGBC_LEED/Include/TestData/DownloadedFiles and was deleted

2019-07-31 00:31:08 - [MESSAGE][PASSED] - 

2019-07-31 00:31:08 - [MESSAGE][PASSED] - Actual text 'COO_1.pdf' and expected text 'COO_1.pdf' are matched 

2019-07-31 00:31:10 - [MESSAGE][PASSED] - Delayed 2 second(s)

2019-07-31 00:31:12 - [MESSAGE][PASSED] - Delayed 2 second(s)

2019-07-31 00:31:13 - [MESSAGE][PASSED] - Delayed 1 second(s)

2019-07-31 00:31:13 - [MESSAGE][PASSED] - ZZ.pdf exist in G:/Sabareesh/Personal/USGBC_NewApproach1/USGBC_LEED/Include/TestData/DownloadedFiles and was deleted

2019-07-31 00:31:13 - [MESSAGE][PASSED] - 

2019-07-31 00:31:13 - [MESSAGE][PASSED] - Actual text 'ZZ.pdf' and expected text 'ZZ.pdf' are matched 

2019-07-31 00:31:15 - [MESSAGE][PASSED] - Delayed 2 second(s)

2019-07-31 00:31:15 - [MESSAGE][PASSED] - Object: '' is clicked on

2019-07-31 00:31:17 - [MESSAGE][PASSED] - Delayed 2 second(s)

2019-07-31 00:31:17 - [MESSAGE][PASSED] - Object: '' is clicked on

2019-07-31 00:31:20 - [MESSAGE][PASSED] - Delayed 3 second(s)

2019-07-31 00:31:20 - [MESSAGE][PASSED] - Object '' is present

2019-07-31 00:31:22 - [MESSAGE][PASSED] - Delayed 2 second(s)

2019-07-31 00:31:27 - [MESSAGE][PASSED] - Delayed 5 second(s)

2019-07-31 00:31:28 - [MESSAGE][PASSED] - Object: '' is clicked on

2019-07-31 00:31:30 - [MESSAGE][PASSED] - Delayed 2 second(s)

2019-07-31 00:31:30 - [MESSAGE][PASSED] - Object: '' is clicked on

2019-07-31 00:31:32 - [MESSAGE][PASSED] - Delayed 2 second(s)

2019-07-31 00:31:34 - [MESSAGE][PASSED] - Delayed 2 second(s)

2019-07-31 00:31:39 - [MESSAGE][PASSED] - Delayed 5 second(s)

2019-07-31 00:31:39 - [MESSAGE][PASSED] - Object: '' is clicked on

2019-07-31 00:31:41 - [MESSAGE][PASSED] - Delayed 2 second(s)

2019-07-31 00:31:41 - [MESSAGE][PASSED] - Object: '' is clicked on

2019-07-31 00:31:43 - [MESSAGE][PASSED] - Delayed 2 second(s)

2019-07-31 00:31:48 - [MESSAGE][PASSED] - Delayed 5 second(s)

2019-07-31 00:31:48 - [MESSAGE][PASSED] - Web element with id: '' located by 'By.xpath: (//table[@class='ui collapsing celled table unstackable'])[1]' is not present after '2' second(s)

2019-07-31 00:31:48 - [TEST_CASE][PASSED] - Test Cases/TC_Login: Test Cases/TC_Login

2019-07-31 00:31:48 - [TEST_STEP][PASSED] - runWithCucumberRunner(common.LoginRunner): Run with 'common.LoginRunner' was passed

2019-07-31 00:31:48 - [MESSAGE][WARNING] - A browser is already opened. Closing browser and opening a new one

2019-07-31 00:31:49 - [MESSAGE][INFO] - Starting 'Chrome (headless)' driver

2019-07-31 00:31:52 - [MESSAGE][PASSED] - Browser is opened with url: ''

2019-07-31 00:31:53 - [MESSAGE][PASSED] - Current window maximized

2019-07-31 00:31:56 - [MESSAGE][PASSED] - Navigate to 'https://leedonline-stg.usgbc.org' successfully

2019-07-31 00:31:56 - [MESSAGE][PASSED] - Text 'automationbdd9@gmail.com' is set on object ''

2019-07-31 00:31:57 - [MESSAGE][PASSED] - Text 'initpass' is set on object ''

2019-07-31 00:32:00 - [MESSAGE][PASSED] - Delayed 3 second(s)

2019-07-31 00:32:00 - [MESSAGE][PASSED] - Scroll to object '' successfully

2019-07-31 00:32:00 - [MESSAGE][PASSED] - Object '' is checked

2019-07-31 00:32:04 - [MESSAGE][PASSED] - Delayed 4 second(s)

2019-07-31 00:32:04 - [MESSAGE][PASSED] - The form containing object: '' is submitted

2019-07-31 00:32:04 - [MESSAGE][PASSED] - Run with 'common.LoginRunner' was passed

2019-07-31 00:32:04 - [MESSAGE][PASSED] - Call Test Case 'Test Cases/TC_Login' successfully

2019-07-31 00:32:10 - [MESSAGE][PASSED] - Object: '' is clicked on

2019-07-31 00:32:11 - [MESSAGE][PASSED] - Object: '' is clicked on

2019-07-31 00:32:13 - [MESSAGE][PASSED] - Delayed 2 second(s)

2019-07-31 00:32:13 - [MESSAGE][PASSED] - Text of object '' is: 'READY FOR REVIEW'

2019-07-31 00:32:14 - [MESSAGE][PASSED] - Object: '' is clicked on

2019-07-31 00:32:19 - [MESSAGE][PASSED] - Delayed 5 second(s)

2019-07-31 00:32:22 - [MESSAGE][PASSED] - Delayed 3 second(s)

2019-07-31 00:32:24 - [MESSAGE][PASSED] - Delayed 2 second(s)

2019-07-31 00:32:24 - [MESSAGE][PASSED] - Object: '' is clicked on

2019-07-31 00:32:24 - [MESSAGE][PASSED] - Text of object '' is: 'Enhanced Refrigerant Management'

2019-07-31 00:32:27 - [MESSAGE][PASSED] - Delayed 3 second(s)

2019-07-31 00:32:30 - [MESSAGE][PASSED] - Object: '' is clicked on

2019-07-31 00:32:35 - [MESSAGE][PASSED] - Delayed 5 second(s)

2019-07-31 00:32:35 - [MESSAGE][PASSED] - Text of object '' is: 'Enhanced Refrigerant Management'

2019-07-31 00:32:35 - [MESSAGE][PASSED] - Actual text 'Enhanced Refrigerant Management' and expected text 'Enhanced Refrigerant Management' are matched 

2019-07-31 00:32:35 - [MESSAGE][PASSED] - Text '(V01)' is present on page 

2019-07-31 00:32:35 - [MESSAGE][PASSED] - Object: '' is clicked on

2019-07-31 00:32:36 - [MESSAGE][PASSED] - Object: '' is clicked on

2019-07-31 00:32:36 - [MESSAGE][PASSED] - Object: '' is clicked on

2019-07-31 00:32:36 - [MESSAGE][PASSED] - Object '' has attribute 'class' with value 'tiny ui button'

2019-07-31 00:32:43 - [MESSAGE][PASSED] - Delayed 7 second(s)

2019-07-31 00:32:43 - [MESSAGE][PASSED] - File 'G:\Sabareesh\Personal\USGBC_NewApproach1\USGBC_LEED\Include\TestData\FilesToUpload\COO_1.pdf' sent to object: ''

2019-07-31 00:32:43 - [MESSAGE][PASSED] - Object '' has attribute 'class' with value 'tiny ui button'

2019-07-31 00:32:50 - [MESSAGE][PASSED] - Delayed 7 second(s)

2019-07-31 00:32:50 - [MESSAGE][PASSED] - File 'G:\Sabareesh\Personal\USGBC_NewApproach1\USGBC_LEED\Include\TestData\FilesToUpload\ZZ.pdf' sent to object: ''

2019-07-31 00:32:53 - [MESSAGE][PASSED] - Delayed 3 second(s)

2019-07-31 00:32:53 - [MESSAGE][PASSED] - Object '' has attribute 'class' with value 'tiny ui button'

2019-07-31 00:33:00 - [MESSAGE][PASSED] - Delayed 7 second(s)

2019-07-31 00:33:00 - [MESSAGE][PASSED] - File 'G:\Sabareesh\Personal\USGBC_NewApproach1\USGBC_LEED\Include\TestData\FilesToUpload\COO_1.pdf' sent to object: ''

2019-07-31 00:33:00 - [MESSAGE][PASSED] - Object '' has attribute 'class' with value 'tiny ui button'

2019-07-31 00:33:07 - [MESSAGE][PASSED] - Delayed 7 second(s)

2019-07-31 00:33:07 - [MESSAGE][PASSED] - File 'G:\Sabareesh\Personal\USGBC_NewApproach1\USGBC_LEED\Include\TestData\FilesToUpload\ZZ.pdf' sent to object: ''

2019-07-31 00:33:10 - [MESSAGE][PASSED] - Delayed 3 second(s)

2019-07-31 00:33:10 - [MESSAGE][PASSED] - Text of object '' is: 'COO_1.pdf'

2019-07-31 00:33:12 - [MESSAGE][PASSED] - Delayed 2 second(s)

2019-07-31 00:33:12 - [MESSAGE][PASSED] - COO_1.pdf is equal to COO_1.pdf

2019-07-31 00:33:12 - [MESSAGE][PASSED] - Actual text 'COO_1.pdf' and expected text 'COO_1.pdf' are matched 

2019-07-31 00:33:12 - [MESSAGE][PASSED] - Text of object '' is: 'ZZ.pdf'

2019-07-31 00:33:14 - [MESSAGE][PASSED] - Delayed 2 second(s)

2019-07-31 00:33:16 - [MESSAGE][PASSED] - Delayed 2 second(s)

2019-07-31 00:33:17 - [MESSAGE][PASSED] - ZZ.pdf is equal to ZZ.pdf

2019-07-31 00:33:17 - [MESSAGE][PASSED] - Actual text 'ZZ.pdf' and expected text 'ZZ.pdf' are matched 

2019-07-31 00:33:17 - [MESSAGE][PASSED] - Text of object '' is: 'COO_1.pdf'

2019-07-31 00:33:19 - [MESSAGE][PASSED] - Delayed 2 second(s)

2019-07-31 00:33:19 - [MESSAGE][PASSED] - COO_1.pdf is equal to COO_1.pdf

2019-07-31 00:33:19 - [MESSAGE][PASSED] - Actual text 'COO_1.pdf' and expected text 'COO_1.pdf' are matched 

2019-07-31 00:33:19 - [MESSAGE][PASSED] - Text of object '' is: 'ZZ.pdf'

2019-07-31 00:33:21 - [MESSAGE][PASSED] - Delayed 2 second(s)

2019-07-31 00:33:23 - [MESSAGE][PASSED] - Delayed 2 second(s)

2019-07-31 00:33:23 - [MESSAGE][PASSED] - ZZ.pdf is equal to ZZ.pdf

2019-07-31 00:33:23 - [MESSAGE][PASSED] - Actual text 'ZZ.pdf' and expected text 'ZZ.pdf' are matched 

2019-07-31 00:33:25 - [MESSAGE][PASSED] - Text 'Known that everybody have the personal aim. It is defferent . For example, there are some people think that the most important thing in them life is career. While there are other people think that is family. me too. The most important thing with my life is my small and big family.I43H2' is set on object ''

2019-07-31 00:33:27 - [MESSAGE][PASSED] - Delayed 2 second(s)

2019-07-31 00:33:27 - [MESSAGE][PASSED] - Text of object '' is: 'Known that everybody have the personal aim. It is defferent . For example, there are some people think that the most important thing in them life is career. While there are other people think that is family. me too. The most important thing with my life is my small and big family.I43H2'

2019-07-31 00:33:27 - [MESSAGE][PASSED] - Actual text 'Known that everybody have the personal aim. It is defferent . For example, there are some people think that the most important thing in them life is career. While there are other people think that is family. me too. The most important thing with my life is my small and big family.I43H2' and expected text 'Known that everybody have the personal aim. It is defferent . For example, there are some people think that the most important thing in them life is career. While there are other people think that is family. me too. The most important thing with my life is my small and big family.I43H2' are matched 

2019-07-31 00:33:28 - [MESSAGE][PASSED] - All options with value 'Window AC or heat pump' are selected in object ''  using regular expression

2019-07-31 00:33:30 - [MESSAGE][PASSED] - Delayed 2 second(s)

2019-07-31 00:33:30 - [MESSAGE][PASSED] - Attribute 'value' of object '' is: 'Window AC or heat pump'

2019-07-31 00:33:30 - [MESSAGE][PASSED] - Actual text 'Window AC or heat pump' and expected text 'Window AC or heat pump' are matched 

2019-07-31 00:33:30 - [MESSAGE][PASSED] - All options with value 'R-11' are selected in object ''  using regular expression

2019-07-31 00:33:32 - [MESSAGE][PASSED] - Delayed 2 second(s)

2019-07-31 00:33:32 - [MESSAGE][PASSED] - Attribute 'value' of object '' is: 'R-11'

2019-07-31 00:33:32 - [MESSAGE][PASSED] - Actual text 'R-11' and expected text 'R-11' are matched 

2019-07-31 00:33:32 - [MESSAGE][PASSED] - Text '150' is set on object ''

2019-07-31 00:33:34 - [MESSAGE][PASSED] - Delayed 2 second(s)

2019-07-31 00:33:34 - [MESSAGE][PASSED] - Attribute 'value' of object '' is: '150'

2019-07-31 00:33:34 - [MESSAGE][PASSED] - Actual text '150' and expected text '150' are matched 

2019-07-31 00:33:35 - [MESSAGE][PASSED] - Text '100' is set on object ''

2019-07-31 00:33:37 - [MESSAGE][PASSED] - Delayed 2 second(s)

2019-07-31 00:33:37 - [MESSAGE][PASSED] - Attribute 'value' of object '' is: '100'

2019-07-31 00:33:37 - [MESSAGE][PASSED] - Actual text '100' and expected text '100' are matched 

2019-07-31 00:33:37 - [MESSAGE][PASSED] - Text '100' is set on object ''

2019-07-31 00:33:39 - [MESSAGE][PASSED] - Delayed 2 second(s)

2019-07-31 00:33:39 - [MESSAGE][PASSED] - Attribute 'value' of object '' is: '100'

2019-07-31 00:33:39 - [MESSAGE][PASSED] - Actual text '100' and expected text '100' are matched 

2019-07-31 00:33:39 - [MESSAGE][PASSED] - Text '60' is set on object ''

2019-07-31 00:33:41 - [MESSAGE][PASSED] - Delayed 2 second(s)

2019-07-31 00:33:41 - [MESSAGE][PASSED] - Attribute 'value' of object '' is: '60'

2019-07-31 00:33:41 - [MESSAGE][PASSED] - Actual text '60' and expected text '60' are matched 

2019-07-31 00:33:41 - [MESSAGE][PASSED] - Object: '' is clicked on

2019-07-31 00:33:41 - [MESSAGE][PASSED] - All options with value 'Split AC or heat pump' are selected in object ''  using regular expression

2019-07-31 00:33:43 - [MESSAGE][PASSED] - Delayed 2 second(s)

2019-07-31 00:33:43 - [MESSAGE][PASSED] - Attribute 'value' of object '' is: 'Split AC or heat pump'

2019-07-31 00:33:43 - [MESSAGE][PASSED] - Actual text 'Split AC or heat pump' and expected text 'Split AC or heat pump' are matched 

2019-07-31 00:33:44 - [MESSAGE][PASSED] - All options with value 'R-12' are selected in object ''  using regular expression

2019-07-31 00:33:46 - [MESSAGE][PASSED] - Delayed 2 second(s)

2019-07-31 00:33:46 - [MESSAGE][PASSED] - Attribute 'value' of object '' is: 'R-12'

2019-07-31 00:33:46 - [MESSAGE][PASSED] - Actual text 'R-12' and expected text 'R-12' are matched 

2019-07-31 00:33:46 - [MESSAGE][PASSED] - Text '100' is set on object ''

2019-07-31 00:33:48 - [MESSAGE][PASSED] - Delayed 2 second(s)

2019-07-31 00:33:48 - [MESSAGE][PASSED] - Attribute 'value' of object '' is: '100'

2019-07-31 00:33:48 - [MESSAGE][PASSED] - Actual text '100' and expected text '100' are matched 

2019-07-31 00:33:48 - [MESSAGE][PASSED] - Text '150' is set on object ''

2019-07-31 00:33:50 - [MESSAGE][PASSED] - Delayed 2 second(s)

2019-07-31 00:33:50 - [MESSAGE][PASSED] - Attribute 'value' of object '' is: '150'

2019-07-31 00:33:50 - [MESSAGE][PASSED] - Actual text '150' and expected text '150' are matched 

2019-07-31 00:33:50 - [MESSAGE][PASSED] - Text '120' is set on object ''

2019-07-31 00:33:52 - [MESSAGE][PASSED] - Delayed 2 second(s)

2019-07-31 00:33:52 - [MESSAGE][PASSED] - Attribute 'value' of object '' is: '120'

2019-07-31 00:33:52 - [MESSAGE][PASSED] - Actual text '120' and expected text '120' are matched 

2019-07-31 00:33:52 - [MESSAGE][PASSED] - Text '80' is set on object ''

2019-07-31 00:33:54 - [MESSAGE][PASSED] - Delayed 2 second(s)

2019-07-31 00:33:54 - [MESSAGE][PASSED] - Attribute 'value' of object '' is: '80'

2019-07-31 00:33:54 - [MESSAGE][PASSED] - Actual text '80' and expected text '80' are matched 

2019-07-31 00:33:58 - [MESSAGE][PASSED] - Delayed 4 second(s)

2019-07-31 00:33:59 - [MESSAGE][PASSED] - Object: '' is clicked on

2019-07-31 00:34:03 - [MESSAGE][PASSED] - Delayed 4 second(s)

2019-07-31 00:34:03 - [MESSAGE][PASSED] - Text 'Form data saved successfully.' is present on page 

2019-07-31 00:34:09 - [MESSAGE][PASSED] - Delayed 6 second(s)

2019-07-31 00:34:11 - [MESSAGE][PASSED] - Delayed 2 second(s)

2019-07-31 00:34:11 - [MESSAGE][PASSED] - Object '' is present

2019-07-31 00:34:11 - [MESSAGE][PASSED] - Object: '' is clicked on

2019-07-31 00:34:21 - [MESSAGE][PASSED] - Delayed 10 second(s)

2019-07-31 00:34:27 - [MESSAGE][PASSED] - Delayed 6 second(s)

2019-07-31 00:34:27 - [MESSAGE][PASSED] - Text of object '' is: 'Known that everybody have the personal aim. It is defferent . For example, there are some people think that the most important thing in them life is career. While there are other people think that is family. me too. The most important thing with my life is my small and big family.I43H2'

2019-07-31 00:34:27 - [MESSAGE][PASSED] - Actual text 'Found' and expected text 'Found' are matched 

2019-07-31 00:34:27 - [MESSAGE][PASSED] - Actual text 'Found' and expected text 'Found' are matched 

2019-07-31 00:34:28 - [MESSAGE][PASSED] - Actual text 'Found' and expected text 'Found' are matched 

2019-07-31 00:34:36 - [MESSAGE][PASSED] - Delayed 8 second(s)

2019-07-31 00:34:36 - [MESSAGE][PASSED] - Actual text 'Found' and expected text 'Found' are matched 

2019-07-31 00:34:38 - [MESSAGE][PASSED] - Navigate back successfully

2019-07-31 00:34:40 - [MESSAGE][PASSED] - Delayed 2 second(s)

2019-07-31 00:34:40 - [MESSAGE][PASSED] - Object: '' is clicked on

2019-07-31 00:34:42 - [MESSAGE][PASSED] - Delayed 2 second(s)

2019-07-31 00:34:43 - [MESSAGE][PASSED] - Object: '' is clicked on

2019-07-31 00:34:43 - [MESSAGE][PASSED] - Object '' is present

2019-07-31 00:34:50 - [MESSAGE][PASSED] - Delayed 7 second(s)

2019-07-31 00:34:50 - [MESSAGE][PASSED] - Object: '' is clicked on

2019-07-31 00:34:52 - [MESSAGE][PASSED] - Delayed 2 second(s)

2019-07-31 00:34:54 - [MESSAGE][PASSED] - Delayed 2 second(s)

2019-07-31 00:34:54 - [MESSAGE][FAILED] - Unable to click on object ''
[[ATTACHMENT|G:\\Sabareesh\\Personal\\USGBC_NewApproach1\\USGBC_LEED\\Reports\\TS_OM_ExistingBuildings\\20190731_001441\\1564513494693.png]]

2019-07-31 00:34:55 - [TEST_CASE][PASSED] - Test Cases/TC_Login: Test Cases/TC_Login

2019-07-31 00:34:55 - [TEST_STEP][PASSED] - runWithCucumberRunner(common.LoginRunner): Run with 'common.LoginRunner' was passed

2019-07-31 00:34:55 - [MESSAGE][WARNING] - A browser is already opened. Closing browser and opening a new one

2019-07-31 00:34:55 - [MESSAGE][INFO] - Starting 'Chrome (headless)' driver

2019-07-31 00:34:58 - [MESSAGE][PASSED] - Browser is opened with url: ''

2019-07-31 00:35:00 - [MESSAGE][PASSED] - Current window maximized

2019-07-31 00:35:02 - [MESSAGE][PASSED] - Navigate to 'https://leedonline-stg.usgbc.org' successfully

2019-07-31 00:35:02 - [MESSAGE][PASSED] - Text 'automationbdd9@gmail.com' is set on object ''

2019-07-31 00:35:03 - [MESSAGE][PASSED] - Text 'initpass' is set on object ''

2019-07-31 00:35:06 - [MESSAGE][PASSED] - Delayed 3 second(s)

2019-07-31 00:35:06 - [MESSAGE][PASSED] - Scroll to object '' successfully

2019-07-31 00:35:06 - [MESSAGE][PASSED] - Object '' is checked

2019-07-31 00:35:10 - [MESSAGE][PASSED] - Delayed 4 second(s)

2019-07-31 00:35:10 - [MESSAGE][PASSED] - The form containing object: '' is submitted

2019-07-31 00:35:10 - [MESSAGE][PASSED] - Run with 'common.LoginRunner' was passed

2019-07-31 00:35:10 - [MESSAGE][PASSED] - Call Test Case 'Test Cases/TC_Login' successfully

2019-07-31 00:35:15 - [MESSAGE][PASSED] - Object: '' is clicked on

2019-07-31 00:35:16 - [MESSAGE][PASSED] - Object: '' is clicked on

2019-07-31 00:35:18 - [MESSAGE][PASSED] - Delayed 2 second(s)

2019-07-31 00:35:18 - [MESSAGE][PASSED] - Text of object '' is: 'ATTEMPTED'

2019-07-31 00:35:21 - [MESSAGE][PASSED] - Delayed 3 second(s)

2019-07-31 00:35:23 - [MESSAGE][PASSED] - Delayed 2 second(s)

2019-07-31 00:35:23 - [MESSAGE][PASSED] - Object: '' is clicked on

2019-07-31 00:35:23 - [MESSAGE][PASSED] - Text of object '' is: 'Enhanced Refrigerant Management'

2019-07-31 00:35:26 - [MESSAGE][PASSED] - Delayed 3 second(s)

2019-07-31 00:35:30 - [MESSAGE][PASSED] - Object: '' is clicked on

2019-07-31 00:35:35 - [MESSAGE][PASSED] - Delayed 5 second(s)

2019-07-31 00:35:35 - [MESSAGE][PASSED] - Object: '' is clicked on

2019-07-31 00:35:45 - [MESSAGE][PASSED] - Delayed 10 second(s)

2019-07-31 00:35:45 - [MESSAGE][PASSED] - Object '' is present

2019-07-31 00:35:45 - [MESSAGE][PASSED] - Text of object '' is: 'Last draft saved on: 31 Jul 2019 00:35:39 AM  Clear draft'

2019-07-31 00:35:46 - [MESSAGE][PASSED] - Text 'Because I see the mind is the most important.DINPB' is set on object ''

2019-07-31 00:35:48 - [MESSAGE][PASSED] - Delayed 2 second(s)

2019-07-31 00:35:48 - [MESSAGE][PASSED] - Text of object '' is: 'Because I see the mind is the most important.DINPB'

2019-07-31 00:35:48 - [MESSAGE][PASSED] - Actual text 'Because I see the mind is the most important.DINPB' and expected text 'Because I see the mind is the most important.DINPB' are matched 

2019-07-31 00:35:58 - [MESSAGE][PASSED] - Delayed 10 second(s)

2019-07-31 00:35:58 - [MESSAGE][PASSED] - Text of object '' is: 'Last draft saved on: 31 Jul 2019 00:35:49 AM  Clear draft'

2019-07-31 00:35:58 - [MESSAGE][PASSED] - Actual text 'Last draft saved on: 31 Jul 2019 00:35:39 AM  Clear draft' and expected text 'Last draft saved on: 31 Jul 2019 00:35:49 AM  Clear draft' are not matched 

2019-07-31 00:36:08 - [MESSAGE][PASSED] - Delayed 10 second(s)

2019-07-31 00:36:08 - [MESSAGE][PASSED] - Text of object '' is: 'Last draft saved on: 31 Jul 2019 00:35:49 AM  Clear draft'

2019-07-31 00:36:08 - [MESSAGE][PASSED] - Actual text 'Last draft saved on: 31 Jul 2019 00:35:49 AM  Clear draft' and expected text 'Last draft saved on: 31 Jul 2019 00:35:49 AM  Clear draft' are matched 

2019-07-31 00:36:08 - [MESSAGE][PASSED] - Object '' has attribute 'class' with value 'tiny ui button'

2019-07-31 00:36:15 - [MESSAGE][PASSED] - Delayed 7 second(s)

2019-07-31 00:36:15 - [MESSAGE][PASSED] - File 'G:\Sabareesh\Personal\USGBC_NewApproach1\USGBC_LEED\Include\TestData\FilesToUpload\COO_1.pdf' sent to object: ''

2019-07-31 00:36:15 - [MESSAGE][PASSED] - Object '' has attribute 'class' with value 'tiny ui button'

2019-07-31 00:36:22 - [MESSAGE][PASSED] - Delayed 7 second(s)

2019-07-31 00:36:22 - [MESSAGE][PASSED] - File 'G:\Sabareesh\Personal\USGBC_NewApproach1\USGBC_LEED\Include\TestData\FilesToUpload\ZZ.pdf' sent to object: ''

2019-07-31 00:36:25 - [MESSAGE][PASSED] - Delayed 3 second(s)

2019-07-31 00:36:35 - [MESSAGE][PASSED] - Delayed 10 second(s)

2019-07-31 00:36:35 - [MESSAGE][PASSED] - Text of object '' is: 'Last draft saved on: 31 Jul 2019 00:35:49 AM  Clear draft'

2019-07-31 00:36:35 - [MESSAGE][PASSED] - Actual text 'Last draft saved on: 31 Jul 2019 00:35:49 AM  Clear draft' and expected text 'Last draft saved on: 31 Jul 2019 00:35:49 AM  Clear draft' are matched 

2019-07-31 00:36:35 - [MESSAGE][PASSED] - Object: '' is clicked on

2019-07-31 00:36:36 - [MESSAGE][PASSED] - Object: '' is clicked on

2019-07-31 00:36:38 - [MESSAGE][PASSED] - Delayed 2 second(s)

2019-07-31 00:36:38 - [TEST_CASE][PASSED] - Test Cases/TC_Login: Test Cases/TC_Login

2019-07-31 00:36:38 - [TEST_STEP][PASSED] - runWithCucumberRunner(common.LoginRunner): Run with 'common.LoginRunner' was passed

2019-07-31 00:36:38 - [MESSAGE][WARNING] - A browser is already opened. Closing browser and opening a new one

2019-07-31 00:36:39 - [MESSAGE][INFO] - Starting 'Chrome (headless)' driver

2019-07-31 00:36:42 - [MESSAGE][PASSED] - Browser is opened with url: ''

2019-07-31 00:36:44 - [MESSAGE][PASSED] - Current window maximized

2019-07-31 00:36:47 - [MESSAGE][PASSED] - Navigate to 'https://leedonline-stg.usgbc.org' successfully

2019-07-31 00:36:47 - [MESSAGE][PASSED] - Text 'automationbdd9@gmail.com' is set on object ''

2019-07-31 00:36:47 - [MESSAGE][PASSED] - Text 'initpass' is set on object ''

2019-07-31 00:36:50 - [MESSAGE][PASSED] - Delayed 3 second(s)

2019-07-31 00:36:50 - [MESSAGE][PASSED] - Scroll to object '' successfully

2019-07-31 00:36:50 - [MESSAGE][PASSED] - Object '' is checked

2019-07-31 00:36:54 - [MESSAGE][PASSED] - Delayed 4 second(s)

2019-07-31 00:36:55 - [MESSAGE][PASSED] - The form containing object: '' is submitted

2019-07-31 00:36:55 - [MESSAGE][PASSED] - Run with 'common.LoginRunner' was passed

2019-07-31 00:36:55 - [MESSAGE][PASSED] - Call Test Case 'Test Cases/TC_Login' successfully

2019-07-31 00:36:57 - [MESSAGE][PASSED] - Delayed 2 second(s)

2019-07-31 00:37:00 - [MESSAGE][PASSED] - Object: '' is clicked on

2019-07-31 00:37:02 - [MESSAGE][PASSED] - Delayed 2 second(s)

2019-07-31 00:37:03 - [MESSAGE][PASSED] - Object: '' is clicked on

2019-07-31 00:37:05 - [MESSAGE][PASSED] - Delayed 2 second(s)

2019-07-31 00:37:07 - [MESSAGE][PASSED] - Delayed 2 second(s)

2019-07-31 00:37:07 - [MESSAGE][PASSED] - Object: '' is clicked on

2019-07-31 00:37:07 - [MESSAGE][PASSED] - Text of object '' is: 'Enhanced Refrigerant Management'

2019-07-31 00:37:10 - [MESSAGE][PASSED] - Delayed 3 second(s)

2019-07-31 00:37:14 - [MESSAGE][PASSED] - Object: '' is clicked on

2019-07-31 00:37:18 - [MESSAGE][PASSED] - Delayed 4 second(s)

2019-07-31 00:37:19 - [MESSAGE][PASSED] - Object '' is present

2019-07-31 00:37:19 - [MESSAGE][PASSED] - Text of object '' is: 'Last draft saved on: 31 Jul 2019 00:35:49 AM  Clear draft'

2019-07-31 00:37:19 - [MESSAGE][PASSED] - Actual text 'Last draft saved on: 31 Jul 2019 00:35:49 AM  Clear draft' and expected text 'Last draft saved on: 31 Jul 2019 00:35:49 AM  Clear draft' are matched 

2019-07-31 00:37:19 - [MESSAGE][PASSED] - Object: '' is clicked on

2019-07-31 00:37:23 - [MESSAGE][PASSED] - Delayed 4 second(s)

2019-07-31 00:37:25 - [MESSAGE][PASSED] - Delayed 2 second(s)

2019-07-31 00:37:30 - [MESSAGE][PASSED] - Delayed 5 second(s)

2019-07-31 00:37:30 - [MESSAGE][PASSED] - Object: '' is clicked on

2019-07-31 00:37:32 - [MESSAGE][PASSED] - Delayed 2 second(s)

2019-07-31 00:37:32 - [MESSAGE][PASSED] - Object: '' is clicked on

2019-07-31 00:37:34 - [MESSAGE][PASSED] - Delayed 2 second(s)

2019-07-31 00:37:36 - [MESSAGE][PASSED] - Delayed 2 second(s)

2019-07-31 00:37:41 - [MESSAGE][PASSED] - Delayed 5 second(s)

2019-07-31 00:37:41 - [MESSAGE][PASSED] - Object: '' is clicked on

2019-07-31 00:37:43 - [MESSAGE][PASSED] - Delayed 2 second(s)

2019-07-31 00:37:43 - [MESSAGE][PASSED] - Object: '' is clicked on

2019-07-31 00:37:45 - [MESSAGE][PASSED] - Delayed 2 second(s)

2019-07-31 00:37:50 - [MESSAGE][PASSED] - Delayed 5 second(s)

2019-07-31 00:37:50 - [MESSAGE][PASSED] - Web element with id: '' located by 'By.xpath: (//table[@class='ui collapsing celled table unstackable'])[1]' is not present after '2' second(s)

2019-07-31 00:37:50 - [MESSAGE][PASSED] - Web element with id: '' located by 'By.xpath: //a[contains(text(),'Clear draft')]' is not present after '3' second(s)

2019-07-31 00:37:51 - [MESSAGE][PASSED] - Web element with id: '' located by 'By.xpath: //div[contains(text(),'Form drafted and not yet saved!')]' is not present after '2' second(s)

2019-07-31 00:37:51 - [MESSAGE][PASSED] - Text 'Because I see the mind is the most important.08SNI' is set on object ''

2019-07-31 00:37:53 - [MESSAGE][PASSED] - Delayed 2 second(s)

2019-07-31 00:37:53 - [MESSAGE][PASSED] - Text of object '' is: 'Because I see the mind is the most important.08SNI'

2019-07-31 00:37:53 - [MESSAGE][PASSED] - Actual text 'Because I see the mind is the most important.08SNI' and expected text 'Because I see the mind is the most important.08SNI' are matched 

2019-07-31 00:38:03 - [MESSAGE][PASSED] - Delayed 10 second(s)

2019-07-31 00:38:03 - [MESSAGE][PASSED] - Text of object '' is: 'Last draft saved on: 31 Jul 2019 00:37:58 AM  Clear draft'

2019-07-31 00:38:03 - [MESSAGE][PASSED] - Actual text 'Last draft saved on: 31 Jul 2019 00:35:49 AM  Clear draft' and expected text 'Last draft saved on: 31 Jul 2019 00:37:58 AM  Clear draft' are not matched 

2019-07-31 00:38:07 - [MESSAGE][PASSED] - Delayed 4 second(s)

2019-07-31 00:38:07 - [MESSAGE][PASSED] - Object: '' is clicked on

2019-07-31 00:38:09 - [MESSAGE][PASSED] - Delayed 2 second(s)

2019-07-31 00:38:10 - [MESSAGE][PASSED] - Object: '' is clicked on

2019-07-31 00:38:15 - [MESSAGE][PASSED] - Delayed 5 second(s)

2019-07-31 00:38:15 - [MESSAGE][PASSED] - Web element with id: '' located by 'By.xpath: //a[contains(text(),'Clear draft')]' is not present after '2' second(s)

2019-07-31 00:38:19 - [MESSAGE][PASSED] - Delayed 4 second(s)

2019-07-31 00:38:19 - [TEST_CASE][PASSED] - Test Cases/TC_Login: Test Cases/TC_Login

2019-07-31 00:38:19 - [TEST_STEP][PASSED] - runWithCucumberRunner(common.LoginRunner): Run with 'common.LoginRunner' was passed

2019-07-31 00:38:19 - [MESSAGE][WARNING] - A browser is already opened. Closing browser and opening a new one

2019-07-31 00:38:20 - [MESSAGE][INFO] - Starting 'Chrome (headless)' driver

2019-07-31 00:38:23 - [MESSAGE][PASSED] - Browser is opened with url: ''

2019-07-31 00:38:24 - [MESSAGE][PASSED] - Current window maximized

2019-07-31 00:38:28 - [MESSAGE][PASSED] - Navigate to 'https://leedonline-stg.usgbc.org' successfully

2019-07-31 00:38:28 - [MESSAGE][PASSED] - Text 'automationbdd9@gmail.com' is set on object ''

2019-07-31 00:38:28 - [MESSAGE][PASSED] - Text 'initpass' is set on object ''

2019-07-31 00:38:31 - [MESSAGE][PASSED] - Delayed 3 second(s)

2019-07-31 00:38:31 - [MESSAGE][PASSED] - Scroll to object '' successfully

2019-07-31 00:38:31 - [MESSAGE][PASSED] - Object '' is checked

2019-07-31 00:38:35 - [MESSAGE][PASSED] - Delayed 4 second(s)

2019-07-31 00:38:36 - [MESSAGE][PASSED] - The form containing object: '' is submitted

2019-07-31 00:38:36 - [MESSAGE][PASSED] - Run with 'common.LoginRunner' was passed

2019-07-31 00:38:36 - [MESSAGE][PASSED] - Call Test Case 'Test Cases/TC_Login' successfully

2019-07-31 00:38:40 - [MESSAGE][PASSED] - Object: '' is clicked on

2019-07-31 00:38:42 - [MESSAGE][PASSED] - Object: '' is clicked on

2019-07-31 00:38:44 - [MESSAGE][PASSED] - Delayed 2 second(s)

2019-07-31 00:38:44 - [MESSAGE][PASSED] - Text of object '' is: 'ATTEMPTED'

2019-07-31 00:38:47 - [MESSAGE][PASSED] - Delayed 3 second(s)

2019-07-31 00:38:49 - [MESSAGE][PASSED] - Delayed 2 second(s)

2019-07-31 00:38:49 - [MESSAGE][PASSED] - Object: '' is clicked on

2019-07-31 00:38:49 - [MESSAGE][PASSED] - Text of object '' is: 'Enhanced Refrigerant Management'

2019-07-31 00:38:52 - [MESSAGE][PASSED] - Delayed 3 second(s)

2019-07-31 00:38:56 - [MESSAGE][PASSED] - Object: '' is clicked on

2019-07-31 00:39:01 - [MESSAGE][PASSED] - Delayed 5 second(s)

2019-07-31 00:39:01 - [MESSAGE][PASSED] - Object: '' is clicked on

2019-07-31 00:39:01 - [MESSAGE][PASSED] - Object: '' is clicked on

2019-07-31 00:39:01 - [MESSAGE][PASSED] - Object: '' is clicked on

2019-07-31 00:39:11 - [MESSAGE][PASSED] - Delayed 10 second(s)

2019-07-31 00:39:11 - [MESSAGE][PASSED] - Object '' is present

2019-07-31 00:39:11 - [MESSAGE][PASSED] - Text of object '' is: 'Last draft saved on: 31 Jul 2019 00:39:05 AM  Clear draft'

2019-07-31 00:39:12 - [MESSAGE][PASSED] - Text 'Because I see the mind is the most important.V8SXV' is set on object ''

2019-07-31 00:39:14 - [MESSAGE][PASSED] - Delayed 2 second(s)

2019-07-31 00:39:14 - [MESSAGE][PASSED] - Text of object '' is: 'Because I see the mind is the most important.V8SXV'

2019-07-31 00:39:14 - [MESSAGE][PASSED] - Actual text 'Because I see the mind is the most important.V8SXV' and expected text 'Because I see the mind is the most important.V8SXV' are matched 

2019-07-31 00:39:24 - [MESSAGE][PASSED] - Delayed 10 second(s)

2019-07-31 00:39:24 - [MESSAGE][PASSED] - Text of object '' is: 'Last draft saved on: 31 Jul 2019 00:39:15 AM  Clear draft'

2019-07-31 00:39:24 - [MESSAGE][PASSED] - Actual text 'Last draft saved on: 31 Jul 2019 00:39:05 AM  Clear draft' and expected text 'Last draft saved on: 31 Jul 2019 00:39:15 AM  Clear draft' are not matched 

2019-07-31 00:39:34 - [MESSAGE][PASSED] - Delayed 10 second(s)

2019-07-31 00:39:34 - [MESSAGE][PASSED] - Text of object '' is: 'Last draft saved on: 31 Jul 2019 00:39:15 AM  Clear draft'

2019-07-31 00:39:34 - [MESSAGE][PASSED] - Actual text 'Last draft saved on: 31 Jul 2019 00:39:15 AM  Clear draft' and expected text 'Last draft saved on: 31 Jul 2019 00:39:15 AM  Clear draft' are matched 

2019-07-31 00:39:34 - [MESSAGE][PASSED] - Object '' has attribute 'class' with value 'tiny ui button'

2019-07-31 00:39:41 - [MESSAGE][PASSED] - Delayed 7 second(s)

2019-07-31 00:39:41 - [MESSAGE][PASSED] - File 'G:\Sabareesh\Personal\USGBC_NewApproach1\USGBC_LEED\Include\TestData\FilesToUpload\COO_1.pdf' sent to object: ''

2019-07-31 00:39:41 - [MESSAGE][PASSED] - Object '' has attribute 'class' with value 'tiny ui button'

2019-07-31 00:39:48 - [MESSAGE][PASSED] - Delayed 7 second(s)

2019-07-31 00:39:48 - [MESSAGE][PASSED] - File 'G:\Sabareesh\Personal\USGBC_NewApproach1\USGBC_LEED\Include\TestData\FilesToUpload\ZZ.pdf' sent to object: ''

2019-07-31 00:39:51 - [MESSAGE][PASSED] - Delayed 3 second(s)

2019-07-31 00:39:51 - [MESSAGE][PASSED] - Object '' has attribute 'class' with value 'tiny ui button'

2019-07-31 00:39:58 - [MESSAGE][PASSED] - Delayed 7 second(s)

2019-07-31 00:39:58 - [MESSAGE][PASSED] - File 'G:\Sabareesh\Personal\USGBC_NewApproach1\USGBC_LEED\Include\TestData\FilesToUpload\COO_1.pdf' sent to object: ''

2019-07-31 00:39:58 - [MESSAGE][PASSED] - Object '' has attribute 'class' with value 'tiny ui button'

2019-07-31 00:40:05 - [MESSAGE][PASSED] - Delayed 7 second(s)

2019-07-31 00:40:05 - [MESSAGE][PASSED] - File 'G:\Sabareesh\Personal\USGBC_NewApproach1\USGBC_LEED\Include\TestData\FilesToUpload\ZZ.pdf' sent to object: ''

2019-07-31 00:40:08 - [MESSAGE][PASSED] - Delayed 3 second(s)

2019-07-31 00:40:18 - [MESSAGE][PASSED] - Delayed 10 second(s)

2019-07-31 00:40:18 - [MESSAGE][PASSED] - Text of object '' is: 'Last draft saved on: 31 Jul 2019 00:39:15 AM  Clear draft'

2019-07-31 00:40:18 - [MESSAGE][PASSED] - Actual text 'Last draft saved on: 31 Jul 2019 00:39:15 AM  Clear draft' and expected text 'Last draft saved on: 31 Jul 2019 00:39:15 AM  Clear draft' are matched 

2019-07-31 00:40:19 - [MESSAGE][PASSED] - All options with value 'Window AC or heat pump' are selected in object ''  using regular expression

2019-07-31 00:40:21 - [MESSAGE][PASSED] - Delayed 2 second(s)

2019-07-31 00:40:21 - [MESSAGE][PASSED] - Attribute 'value' of object '' is: 'Window AC or heat pump'

2019-07-31 00:40:21 - [MESSAGE][PASSED] - Actual text 'Window AC or heat pump' and expected text 'Window AC or heat pump' are matched 

2019-07-31 00:40:21 - [MESSAGE][PASSED] - All options with value 'R-11' are selected in object ''  using regular expression

2019-07-31 00:40:23 - [MESSAGE][PASSED] - Delayed 2 second(s)

2019-07-31 00:40:23 - [MESSAGE][PASSED] - Attribute 'value' of object '' is: 'R-11'

2019-07-31 00:40:23 - [MESSAGE][PASSED] - Actual text 'R-11' and expected text 'R-11' are matched 

2019-07-31 00:40:23 - [MESSAGE][PASSED] - Text '150' is set on object ''

2019-07-31 00:40:25 - [MESSAGE][PASSED] - Delayed 2 second(s)

2019-07-31 00:40:25 - [MESSAGE][PASSED] - Attribute 'value' of object '' is: '150'

2019-07-31 00:40:25 - [MESSAGE][PASSED] - Actual text '150' and expected text '150' are matched 

2019-07-31 00:40:26 - [MESSAGE][PASSED] - Text '100' is set on object ''

2019-07-31 00:40:28 - [MESSAGE][PASSED] - Delayed 2 second(s)

2019-07-31 00:40:28 - [MESSAGE][PASSED] - Attribute 'value' of object '' is: '100'

2019-07-31 00:40:28 - [MESSAGE][PASSED] - Actual text '100' and expected text '100' are matched 

2019-07-31 00:40:28 - [MESSAGE][PASSED] - Text '100' is set on object ''

2019-07-31 00:40:30 - [MESSAGE][PASSED] - Delayed 2 second(s)

2019-07-31 00:40:30 - [MESSAGE][PASSED] - Attribute 'value' of object '' is: '100'

2019-07-31 00:40:30 - [MESSAGE][PASSED] - Actual text '100' and expected text '100' are matched 

2019-07-31 00:40:30 - [MESSAGE][PASSED] - Text '60' is set on object ''

2019-07-31 00:40:32 - [MESSAGE][PASSED] - Delayed 2 second(s)

2019-07-31 00:40:32 - [MESSAGE][PASSED] - Attribute 'value' of object '' is: '60'

2019-07-31 00:40:32 - [MESSAGE][PASSED] - Actual text '60' and expected text '60' are matched 

2019-07-31 00:40:32 - [MESSAGE][PASSED] - Object: '' is clicked on

2019-07-31 00:40:32 - [MESSAGE][PASSED] - All options with value 'Split AC or heat pump' are selected in object ''  using regular expression

2019-07-31 00:40:34 - [MESSAGE][PASSED] - Delayed 2 second(s)

2019-07-31 00:40:34 - [MESSAGE][PASSED] - Attribute 'value' of object '' is: 'Split AC or heat pump'

2019-07-31 00:40:34 - [MESSAGE][PASSED] - Actual text 'Split AC or heat pump' and expected text 'Split AC or heat pump' are matched 

2019-07-31 00:40:35 - [MESSAGE][PASSED] - All options with value 'R-12' are selected in object ''  using regular expression

2019-07-31 00:40:37 - [MESSAGE][PASSED] - Delayed 2 second(s)

2019-07-31 00:40:37 - [MESSAGE][PASSED] - Attribute 'value' of object '' is: 'R-12'

2019-07-31 00:40:37 - [MESSAGE][PASSED] - Actual text 'R-12' and expected text 'R-12' are matched 

2019-07-31 00:40:37 - [MESSAGE][PASSED] - Text '100' is set on object ''

2019-07-31 00:40:39 - [MESSAGE][PASSED] - Delayed 2 second(s)

2019-07-31 00:40:39 - [MESSAGE][PASSED] - Attribute 'value' of object '' is: '100'

2019-07-31 00:40:39 - [MESSAGE][PASSED] - Actual text '100' and expected text '100' are matched 

2019-07-31 00:40:39 - [MESSAGE][PASSED] - Text '150' is set on object ''

2019-07-31 00:40:41 - [MESSAGE][PASSED] - Delayed 2 second(s)

2019-07-31 00:40:41 - [MESSAGE][PASSED] - Attribute 'value' of object '' is: '150'

2019-07-31 00:40:41 - [MESSAGE][PASSED] - Actual text '150' and expected text '150' are matched 

2019-07-31 00:40:41 - [MESSAGE][PASSED] - Text '120' is set on object ''

2019-07-31 00:40:43 - [MESSAGE][PASSED] - Delayed 2 second(s)

2019-07-31 00:40:43 - [MESSAGE][PASSED] - Attribute 'value' of object '' is: '120'

2019-07-31 00:40:43 - [MESSAGE][PASSED] - Actual text '120' and expected text '120' are matched 

2019-07-31 00:40:43 - [MESSAGE][PASSED] - Text '80' is set on object ''

2019-07-31 00:40:45 - [MESSAGE][PASSED] - Delayed 2 second(s)

2019-07-31 00:40:45 - [MESSAGE][PASSED] - Attribute 'value' of object '' is: '80'

2019-07-31 00:40:45 - [MESSAGE][PASSED] - Actual text '80' and expected text '80' are matched 

2019-07-31 00:40:49 - [MESSAGE][PASSED] - Delayed 4 second(s)

2019-07-31 00:40:59 - [MESSAGE][PASSED] - Delayed 10 second(s)

2019-07-31 00:41:00 - [MESSAGE][PASSED] - Text of object '' is: 'Last draft saved on: 31 Jul 2019 00:40:45 AM  Clear draft'

2019-07-31 00:41:00 - [MESSAGE][PASSED] - Actual text 'Last draft saved on: 31 Jul 2019 00:39:15 AM  Clear draft' and expected text 'Last draft saved on: 31 Jul 2019 00:40:45 AM  Clear draft' are not matched 

2019-07-31 00:41:00 - [MESSAGE][PASSED] - Object: '' is clicked on

2019-07-31 00:41:01 - [MESSAGE][PASSED] - Object: '' is clicked on

2019-07-31 00:41:03 - [MESSAGE][PASSED] - Delayed 2 second(s)

2019-07-31 00:41:03 - [TEST_CASE][PASSED] - Test Cases/TC_Login: Test Cases/TC_Login

2019-07-31 00:41:03 - [TEST_STEP][PASSED] - runWithCucumberRunner(common.LoginRunner): Run with 'common.LoginRunner' was passed

2019-07-31 00:41:03 - [MESSAGE][WARNING] - A browser is already opened. Closing browser and opening a new one

2019-07-31 00:41:04 - [MESSAGE][INFO] - Starting 'Chrome (headless)' driver

2019-07-31 00:41:07 - [MESSAGE][PASSED] - Browser is opened with url: ''

2019-07-31 00:41:08 - [MESSAGE][PASSED] - Current window maximized

2019-07-31 00:41:12 - [MESSAGE][PASSED] - Navigate to 'https://leedonline-stg.usgbc.org' successfully

2019-07-31 00:41:12 - [MESSAGE][PASSED] - Text 'automationbdd9@gmail.com' is set on object ''

2019-07-31 00:41:12 - [MESSAGE][PASSED] - Text 'initpass' is set on object ''

2019-07-31 00:41:15 - [MESSAGE][PASSED] - Delayed 3 second(s)

2019-07-31 00:41:15 - [MESSAGE][PASSED] - Scroll to object '' successfully

2019-07-31 00:41:16 - [MESSAGE][PASSED] - Object '' is checked

2019-07-31 00:41:20 - [MESSAGE][PASSED] - Delayed 4 second(s)

2019-07-31 00:41:20 - [MESSAGE][PASSED] - The form containing object: '' is submitted

2019-07-31 00:41:20 - [MESSAGE][PASSED] - Run with 'common.LoginRunner' was passed

2019-07-31 00:41:20 - [MESSAGE][PASSED] - Call Test Case 'Test Cases/TC_Login' successfully

2019-07-31 00:41:22 - [MESSAGE][PASSED] - Delayed 2 second(s)

2019-07-31 00:41:25 - [MESSAGE][PASSED] - Object: '' is clicked on

2019-07-31 00:41:27 - [MESSAGE][PASSED] - Delayed 2 second(s)

2019-07-31 00:41:28 - [MESSAGE][PASSED] - Object: '' is clicked on

2019-07-31 00:41:30 - [MESSAGE][PASSED] - Delayed 2 second(s)

2019-07-31 00:41:32 - [MESSAGE][PASSED] - Delayed 2 second(s)

2019-07-31 00:41:32 - [MESSAGE][PASSED] - Object: '' is clicked on

2019-07-31 00:41:32 - [MESSAGE][PASSED] - Text of object '' is: 'Enhanced Refrigerant Management'

2019-07-31 00:41:35 - [MESSAGE][PASSED] - Delayed 3 second(s)

2019-07-31 00:41:39 - [MESSAGE][PASSED] - Object: '' is clicked on

2019-07-31 00:41:43 - [MESSAGE][PASSED] - Delayed 4 second(s)

2019-07-31 00:41:43 - [MESSAGE][PASSED] - Object '' is present

2019-07-31 00:41:43 - [MESSAGE][PASSED] - Text of object '' is: 'Last draft saved on: 31 Jul 2019 00:40:45 AM  Clear draft'

2019-07-31 00:41:43 - [MESSAGE][PASSED] - Actual text 'Last draft saved on: 31 Jul 2019 00:40:45 AM  Clear draft' and expected text 'Last draft saved on: 31 Jul 2019 00:40:45 AM  Clear draft' are matched 

2019-07-31 00:41:43 - [MESSAGE][PASSED] - Object: '' is clicked on

2019-07-31 00:41:47 - [MESSAGE][PASSED] - Delayed 4 second(s)

2019-07-31 00:41:49 - [MESSAGE][PASSED] - Delayed 2 second(s)

2019-07-31 00:41:54 - [MESSAGE][PASSED] - Delayed 5 second(s)

2019-07-31 00:41:55 - [MESSAGE][PASSED] - Object: '' is clicked on

2019-07-31 00:41:57 - [MESSAGE][PASSED] - Delayed 2 second(s)

2019-07-31 00:41:57 - [MESSAGE][PASSED] - Object: '' is clicked on

2019-07-31 00:41:59 - [MESSAGE][PASSED] - Delayed 2 second(s)

2019-07-31 00:42:01 - [MESSAGE][PASSED] - Delayed 2 second(s)

2019-07-31 00:42:06 - [MESSAGE][PASSED] - Delayed 5 second(s)

2019-07-31 00:42:06 - [MESSAGE][PASSED] - Object: '' is clicked on

2019-07-31 00:42:08 - [MESSAGE][PASSED] - Delayed 2 second(s)

2019-07-31 00:42:08 - [MESSAGE][PASSED] - Object: '' is clicked on

2019-07-31 00:42:10 - [MESSAGE][PASSED] - Delayed 2 second(s)

2019-07-31 00:42:15 - [MESSAGE][PASSED] - Delayed 5 second(s)

2019-07-31 00:42:15 - [MESSAGE][PASSED] - Web element with id: '' located by 'By.xpath: (//table[@class='ui collapsing celled table unstackable'])[2]' is not present after '2' second(s)

2019-07-31 00:42:17 - [MESSAGE][PASSED] - Delayed 2 second(s)

2019-07-31 00:42:22 - [MESSAGE][PASSED] - Delayed 5 second(s)

2019-07-31 00:42:22 - [MESSAGE][PASSED] - Object: '' is clicked on

2019-07-31 00:42:24 - [MESSAGE][PASSED] - Delayed 2 second(s)

2019-07-31 00:42:25 - [MESSAGE][PASSED] - Object: '' is clicked on

2019-07-31 00:42:27 - [MESSAGE][PASSED] - Delayed 2 second(s)

2019-07-31 00:42:29 - [MESSAGE][PASSED] - Delayed 2 second(s)

2019-07-31 00:42:34 - [MESSAGE][PASSED] - Delayed 5 second(s)

2019-07-31 00:42:34 - [MESSAGE][PASSED] - Object: '' is clicked on

2019-07-31 00:42:36 - [MESSAGE][PASSED] - Delayed 2 second(s)

2019-07-31 00:42:36 - [MESSAGE][PASSED] - Object: '' is clicked on

2019-07-31 00:42:38 - [MESSAGE][PASSED] - Delayed 2 second(s)

2019-07-31 00:42:43 - [MESSAGE][PASSED] - Delayed 5 second(s)

2019-07-31 00:42:43 - [MESSAGE][PASSED] - Web element with id: '' located by 'By.xpath: (//table[@class='ui collapsing celled table unstackable'])[1]' is not present after '2' second(s)

2019-07-31 00:42:43 - [MESSAGE][PASSED] - Web element with id: '' located by 'By.xpath: //a[contains(text(),'Clear draft')]' is not present after '3' second(s)

2019-07-31 00:42:43 - [MESSAGE][PASSED] - Web element with id: '' located by 'By.xpath: //div[contains(text(),'Form drafted and not yet saved!')]' is not present after '2' second(s)

2019-07-31 00:42:44 - [MESSAGE][PASSED] - Text 'Because I see the mind is the most important.EHFT2' is set on object ''

2019-07-31 00:42:46 - [MESSAGE][PASSED] - Delayed 2 second(s)

2019-07-31 00:42:46 - [MESSAGE][PASSED] - Text of object '' is: 'Because I see the mind is the most important.EHFT2'

2019-07-31 00:42:46 - [MESSAGE][PASSED] - Actual text 'Because I see the mind is the most important.EHFT2' and expected text 'Because I see the mind is the most important.EHFT2' are matched 

2019-07-31 00:42:56 - [MESSAGE][PASSED] - Delayed 10 second(s)

2019-07-31 00:42:56 - [MESSAGE][PASSED] - Text of object '' is: 'Last draft saved on: 31 Jul 2019 00:42:52 AM  Clear draft'

2019-07-31 00:42:56 - [MESSAGE][PASSED] - Actual text 'Last draft saved on: 31 Jul 2019 00:40:45 AM  Clear draft' and expected text 'Last draft saved on: 31 Jul 2019 00:42:52 AM  Clear draft' are not matched 

2019-07-31 00:43:00 - [MESSAGE][PASSED] - Delayed 4 second(s)

2019-07-31 00:43:00 - [MESSAGE][PASSED] - Object: '' is clicked on

2019-07-31 00:43:02 - [MESSAGE][PASSED] - Delayed 2 second(s)

2019-07-31 00:43:02 - [MESSAGE][PASSED] - Object: '' is clicked on

2019-07-31 00:43:07 - [MESSAGE][PASSED] - Delayed 5 second(s)

2019-07-31 00:43:07 - [MESSAGE][PASSED] - Web element with id: '' located by 'By.xpath: //a[contains(text(),'Clear draft')]' is not present after '2' second(s)

2019-07-31 00:43:11 - [MESSAGE][PASSED] - Delayed 4 second(s)

2019-07-31 00:43:11 - [MESSAGE][FAILED] - These following reason:
 [Unable to click on object '']

2019-07-31 00:43:11 - [MESSAGE][FAILED] - Keyword runWithCucumberRunner was failed (Root cause: com.kms.katalon.core.exception.StepFailedException: These following reason:
 [Unable to click on object '']
	at com.kms.katalon.core.keyword.internal.KeywordMain.stepFailed(KeywordMain.groovy:48)
	at com.kms.katalon.core.keyword.internal.KeywordMain.stepFailed(KeywordMain.groovy)
	at com.kms.katalon.core.keyword.internal.KeywordMain.stepFailed(KeywordMain.groovy:21)
	at com.kms.katalon.core.keyword.internal.KeywordMain$stepFailed$0.call(Unknown Source)
	at com.kms.katalon.core.cucumber.keyword.CucumberBuiltinKeywords$_runWithCucumberRunner_closure3.doCall(CucumberBuiltinKeywords.groovy:272)
	at com.kms.katalon.core.cucumber.keyword.CucumberBuiltinKeywords$_runWithCucumberRunner_closure3.doCall(CucumberBuiltinKeywords.groovy)
	at com.kms.katalon.core.keyword.internal.KeywordMain.runKeyword(KeywordMain.groovy:66)
	at com.kms.katalon.core.keyword.internal.KeywordMain$runKeyword.call(Unknown Source)
	at com.kms.katalon.core.cucumber.keyword.CucumberBuiltinKeywords.runWithCucumberRunner(CucumberBuiltinKeywords.groovy:257)
	at com.kms.katalon.core.cucumber.keyword.CucumberBuiltinKeywords$runWithCucumberRunner$0.callStatic(Unknown Source)
	at com.kms.katalon.core.cucumber.keyword.CucumberBuiltinKeywords.runWithCucumberRunner(CucumberBuiltinKeywords.groovy:357)
	at com.kms.katalon.core.cucumber.keyword.CucumberBuiltinKeywords$runWithCucumberRunner.call(Unknown Source)
	at TC_EnhancedRefrigerantManagement.run(TC_EnhancedRefrigerantManagement:17)
	at com.kms.katalon.core.main.ScriptEngine.run(ScriptEngine.java:194)
	at com.kms.katalon.core.main.ScriptEngine.runScriptAsRawText(ScriptEngine.java:119)
	at com.kms.katalon.core.main.TestCaseExecutor.runScript(TestCaseExecutor.java:331)
	at com.kms.katalon.core.main.TestCaseExecutor.doExecute(TestCaseExecutor.java:322)
	at com.kms.katalon.core.main.TestCaseExecutor.processExecutionPhase(TestCaseExecutor.java:301)
	at com.kms.katalon.core.main.TestCaseExecutor.accessMainPhase(TestCaseExecutor.java:293)
	at com.kms.katalon.core.main.TestCaseExecutor.execute(TestCaseExecutor.java:227)
	at com.kms.katalon.core.main.TestSuiteExecutor.accessTestCaseMainPhase(TestSuiteExecutor.java:129)
	at com.kms.katalon.core.main.TestSuiteExecutor.accessTestSuiteMainPhase(TestSuiteExecutor.java:112)
	at com.kms.katalon.core.main.TestSuiteExecutor.execute(TestSuiteExecutor.java:81)
	at com.kms.katalon.core.main.TestCaseMain.startTestSuite(TestCaseMain.java:157)
	at com.kms.katalon.core.main.TestCaseMain$startTestSuite$0.call(Unknown Source)
	at TempTestSuite1564512281211.run(TempTestSuite1564512281211.groovy:35)
)

2019-07-31 00:43:11 - [MESSAGE][FAILED] - runWithCucumberRunner(runner_OM_ExistingBuildings.EnhancedRefrigerantManagementTestRunner) FAILED.
Reason:
com.kms.katalon.core.exception.StepFailedException: These following reason:
 [Unable to click on object '']
	at com.kms.katalon.core.keyword.internal.KeywordMain.stepFailed(KeywordMain.groovy:48)
	at com.kms.katalon.core.keyword.internal.KeywordMain.stepFailed(KeywordMain.groovy)
	at com.kms.katalon.core.keyword.internal.KeywordMain.stepFailed(KeywordMain.groovy:21)
	at com.kms.katalon.core.keyword.internal.KeywordMain$stepFailed$0.call(Unknown Source)
	at com.kms.katalon.core.cucumber.keyword.CucumberBuiltinKeywords$_runWithCucumberRunner_closure3.doCall(CucumberBuiltinKeywords.groovy:272)
	at com.kms.katalon.core.cucumber.keyword.CucumberBuiltinKeywords$_runWithCucumberRunner_closure3.doCall(CucumberBuiltinKeywords.groovy)
	at com.kms.katalon.core.keyword.internal.KeywordMain.runKeyword(KeywordMain.groovy:66)
	at com.kms.katalon.core.keyword.internal.KeywordMain$runKeyword.call(Unknown Source)
	at com.kms.katalon.core.cucumber.keyword.CucumberBuiltinKeywords.runWithCucumberRunner(CucumberBuiltinKeywords.groovy:257)
	at com.kms.katalon.core.cucumber.keyword.CucumberBuiltinKeywords$runWithCucumberRunner$0.callStatic(Unknown Source)
	at com.kms.katalon.core.cucumber.keyword.CucumberBuiltinKeywords.runWithCucumberRunner(CucumberBuiltinKeywords.groovy:357)
	at com.kms.katalon.core.cucumber.keyword.CucumberBuiltinKeywords$runWithCucumberRunner.call(Unknown Source)
	at TC_EnhancedRefrigerantManagement.run(TC_EnhancedRefrigerantManagement:17)
	at com.kms.katalon.core.main.ScriptEngine.run(ScriptEngine.java:194)
	at com.kms.katalon.core.main.ScriptEngine.runScriptAsRawText(ScriptEngine.java:119)
	at com.kms.katalon.core.main.TestCaseExecutor.runScript(TestCaseExecutor.java:331)
	at com.kms.katalon.core.main.TestCaseExecutor.doExecute(TestCaseExecutor.java:322)
	at com.kms.katalon.core.main.TestCaseExecutor.processExecutionPhase(TestCaseExecutor.java:301)
	at com.kms.katalon.core.main.TestCaseExecutor.accessMainPhase(TestCaseExecutor.java:293)
	at com.kms.katalon.core.main.TestCaseExecutor.execute(TestCaseExecutor.java:227)
	at com.kms.katalon.core.main.TestSuiteExecutor.accessTestCaseMainPhase(TestSuiteExecutor.java:129)
	at com.kms.katalon.core.main.TestSuiteExecutor.accessTestSuiteMainPhase(TestSuiteExecutor.java:112)
	at com.kms.katalon.core.main.TestSuiteExecutor.execute(TestSuiteExecutor.java:81)
	at com.kms.katalon.core.main.TestCaseMain.startTestSuite(TestCaseMain.java:157)
	at com.kms.katalon.core.main.TestCaseMain$startTestSuite$0.call(Unknown Source)
	at TempTestSuite1564512281211.run(TempTestSuite1564512281211.groovy:35)]]></system-out>
         <system-err><![CDATA[2019-07-31 00:28:35 - [TEST_CASE][FAILED] - Test Cases/OM_ExistingBuildings/TC_EnhancedRefrigerantManagement: Test Cases/OM_ExistingBuildings/TC_EnhancedRefrigerantManagement FAILED.
Reason:
com.kms.katalon.core.exception.StepFailedException: These following reason:
 [Unable to click on object '']
	at com.kms.katalon.core.keyword.internal.KeywordMain.stepFailed(KeywordMain.groovy:48)
	at com.kms.katalon.core.keyword.internal.KeywordMain.stepFailed(KeywordMain.groovy)
	at com.kms.katalon.core.keyword.internal.KeywordMain.stepFailed(KeywordMain.groovy:21)
	at com.kms.katalon.core.keyword.internal.KeywordMain$stepFailed$0.call(Unknown Source)
	at com.kms.katalon.core.cucumber.keyword.CucumberBuiltinKeywords$_runWithCucumberRunner_closure3.doCall(CucumberBuiltinKeywords.groovy:272)
	at com.kms.katalon.core.cucumber.keyword.CucumberBuiltinKeywords$_runWithCucumberRunner_closure3.doCall(CucumberBuiltinKeywords.groovy)
	at com.kms.katalon.core.keyword.internal.KeywordMain.runKeyword(KeywordMain.groovy:66)
	at com.kms.katalon.core.keyword.internal.KeywordMain$runKeyword.call(Unknown Source)
	at com.kms.katalon.core.cucumber.keyword.CucumberBuiltinKeywords.runWithCucumberRunner(CucumberBuiltinKeywords.groovy:257)
	at com.kms.katalon.core.cucumber.keyword.CucumberBuiltinKeywords$runWithCucumberRunner$0.callStatic(Unknown Source)
	at com.kms.katalon.core.cucumber.keyword.CucumberBuiltinKeywords.runWithCucumberRunner(CucumberBuiltinKeywords.groovy:357)
	at com.kms.katalon.core.cucumber.keyword.CucumberBuiltinKeywords$runWithCucumberRunner.call(Unknown Source)
	at TC_EnhancedRefrigerantManagement.run(TC_EnhancedRefrigerantManagement:17)
	at com.kms.katalon.core.main.ScriptEngine.run(ScriptEngine.java:194)
	at com.kms.katalon.core.main.ScriptEngine.runScriptAsRawText(ScriptEngine.java:119)
	at com.kms.katalon.core.main.TestCaseExecutor.runScript(TestCaseExecutor.java:331)
	at com.kms.katalon.core.main.TestCaseExecutor.doExecute(TestCaseExecutor.java:322)
	at com.kms.katalon.core.main.TestCaseExecutor.processExecutionPhase(TestCaseExecutor.java:301)
	at com.kms.katalon.core.main.TestCaseExecutor.accessMainPhase(TestCaseExecutor.java:293)
	at com.kms.katalon.core.main.TestCaseExecutor.execute(TestCaseExecutor.java:227)
	at com.kms.katalon.core.main.TestSuiteExecutor.accessTestCaseMainPhase(TestSuiteExecutor.java:129)
	at com.kms.katalon.core.main.TestSuiteExecutor.accessTestSuiteMainPhase(TestSuiteExecutor.java:112)
	at com.kms.katalon.core.main.TestSuiteExecutor.execute(TestSuiteExecutor.java:81)
	at com.kms.katalon.core.main.TestCaseMain.startTestSuite(TestCaseMain.java:157)
	at com.kms.katalon.core.main.TestCaseMain$startTestSuite$0.call(Unknown Source)
	at TempTestSuite1564512281211.run(TempTestSuite1564512281211.groovy:35)]]></system-err>
      </testcase>
      <testcase name="Test Cases/TC_Delay" classname="Test Cases/TC_Delay" status="PASSED">
         <system-out><![CDATA[2019-07-31 00:43:11 - [TEST_CASE][PASSED] - Test Cases/TC_Delay: Test Cases/TC_Delay

2019-07-31 00:43:11 - [TEST_STEP][PASSED] - openBrowser(""): Browser is opened with url: ''

2019-07-31 00:43:11 - [MESSAGE][WARNING] - A browser is already opened. Closing browser and opening a new one

2019-07-31 00:43:12 - [MESSAGE][INFO] - Starting 'Chrome (headless)' driver

2019-07-31 00:43:15 - [MESSAGE][PASSED] - Browser is opened with url: ''

2019-07-31 00:43:15 - [TEST_STEP][PASSED] - navigateToUrl("https://leedonline-stg.usgbc.org"): Navigate to 'https://leedonline-stg.usgbc.org' successfully

2019-07-31 00:43:18 - [MESSAGE][PASSED] - Navigate to 'https://leedonline-stg.usgbc.org' successfully

2019-07-31 00:43:18 - [TEST_STEP][PASSED] - delay(60): Delayed 60 second(s)

2019-07-31 00:44:18 - [MESSAGE][PASSED] - Delayed 60 second(s)]]></system-out>
         <system-err><![CDATA[]]></system-err>
      </testcase>
      <testcase name="Test Cases/OM_ExistingBuildings/TC_FundamentalRefregrantMgmt" classname="Test Cases/OM_ExistingBuildings/TC_FundamentalRefregrantMgmt" status="FAILED">
         <failure type="FAILED" message="Test Cases/OM_ExistingBuildings/TC_FundamentalRefregrantMgmt FAILED.
Reason:
com.kms.katalon.core.exception.StepFailedException: These following reason:
 [Unable to verify text 'Form data saved successfully.' is present ]
	at com.kms.katalon.core.keyword.internal.KeywordMain.stepFailed(KeywordMain.groovy:48)
	at com.kms.katalon.core.keyword.internal.KeywordMain.stepFailed(KeywordMain.groovy)
	at com.kms.katalon.core.keyword.internal.KeywordMain.stepFailed(KeywordMain.groovy:21)
	at com.kms.katalon.core.keyword.internal.KeywordMain$stepFailed$0.call(Unknown Source)
	at com.kms.katalon.core.cucumber.keyword.CucumberBuiltinKeywords$_runWithCucumberRunner_closure3.doCall(CucumberBuiltinKeywords.groovy:272)
	at com.kms.katalon.core.cucumber.keyword.CucumberBuiltinKeywords$_runWithCucumberRunner_closure3.doCall(CucumberBuiltinKeywords.groovy)
	at com.kms.katalon.core.keyword.internal.KeywordMain.runKeyword(KeywordMain.groovy:66)
	at com.kms.katalon.core.keyword.internal.KeywordMain$runKeyword.call(Unknown Source)
	at com.kms.katalon.core.cucumber.keyword.CucumberBuiltinKeywords.runWithCucumberRunner(CucumberBuiltinKeywords.groovy:257)
	at com.kms.katalon.core.cucumber.keyword.CucumberBuiltinKeywords$runWithCucumberRunner$0.callStatic(Unknown Source)
	at com.kms.katalon.core.cucumber.keyword.CucumberBuiltinKeywords.runWithCucumberRunner(CucumberBuiltinKeywords.groovy:357)
	at com.kms.katalon.core.cucumber.keyword.CucumberBuiltinKeywords$runWithCucumberRunner.call(Unknown Source)
	at TC_FundamentalRefregrantMgmt.run(TC_FundamentalRefregrantMgmt:17)
	at com.kms.katalon.core.main.ScriptEngine.run(ScriptEngine.java:194)
	at com.kms.katalon.core.main.ScriptEngine.runScriptAsRawText(ScriptEngine.java:119)
	at com.kms.katalon.core.main.TestCaseExecutor.runScript(TestCaseExecutor.java:331)
	at com.kms.katalon.core.main.TestCaseExecutor.doExecute(TestCaseExecutor.java:322)
	at com.kms.katalon.core.main.TestCaseExecutor.processExecutionPhase(TestCaseExecutor.java:301)
	at com.kms.katalon.core.main.TestCaseExecutor.accessMainPhase(TestCaseExecutor.java:293)
	at com.kms.katalon.core.main.TestCaseExecutor.execute(TestCaseExecutor.java:227)
	at com.kms.katalon.core.main.TestSuiteExecutor.accessTestCaseMainPhase(TestSuiteExecutor.java:129)
	at com.kms.katalon.core.main.TestSuiteExecutor.accessTestSuiteMainPhase(TestSuiteExecutor.java:112)
	at com.kms.katalon.core.main.TestSuiteExecutor.execute(TestSuiteExecutor.java:81)
	at com.kms.katalon.core.main.TestCaseMain.startTestSuite(TestCaseMain.java:157)
	at com.kms.katalon.core.main.TestCaseMain$startTestSuite$0.call(Unknown Source)
	at TempTestSuite1564512281211.run(TempTestSuite1564512281211.groovy:35)
"/>
         <system-out><![CDATA[2019-07-31 00:44:18 - [TEST_CASE][FAILED] - Test Cases/OM_ExistingBuildings/TC_FundamentalRefregrantMgmt: Test Cases/OM_ExistingBuildings/TC_FundamentalRefregrantMgmt FAILED.
Reason:
com.kms.katalon.core.exception.StepFailedException: These following reason:
 [Unable to verify text 'Form data saved successfully.' is present ]
	at com.kms.katalon.core.keyword.internal.KeywordMain.stepFailed(KeywordMain.groovy:48)
	at com.kms.katalon.core.keyword.internal.KeywordMain.stepFailed(KeywordMain.groovy)
	at com.kms.katalon.core.keyword.internal.KeywordMain.stepFailed(KeywordMain.groovy:21)
	at com.kms.katalon.core.keyword.internal.KeywordMain$stepFailed$0.call(Unknown Source)
	at com.kms.katalon.core.cucumber.keyword.CucumberBuiltinKeywords$_runWithCucumberRunner_closure3.doCall(CucumberBuiltinKeywords.groovy:272)
	at com.kms.katalon.core.cucumber.keyword.CucumberBuiltinKeywords$_runWithCucumberRunner_closure3.doCall(CucumberBuiltinKeywords.groovy)
	at com.kms.katalon.core.keyword.internal.KeywordMain.runKeyword(KeywordMain.groovy:66)
	at com.kms.katalon.core.keyword.internal.KeywordMain$runKeyword.call(Unknown Source)
	at com.kms.katalon.core.cucumber.keyword.CucumberBuiltinKeywords.runWithCucumberRunner(CucumberBuiltinKeywords.groovy:257)
	at com.kms.katalon.core.cucumber.keyword.CucumberBuiltinKeywords$runWithCucumberRunner$0.callStatic(Unknown Source)
	at com.kms.katalon.core.cucumber.keyword.CucumberBuiltinKeywords.runWithCucumberRunner(CucumberBuiltinKeywords.groovy:357)
	at com.kms.katalon.core.cucumber.keyword.CucumberBuiltinKeywords$runWithCucumberRunner.call(Unknown Source)
	at TC_FundamentalRefregrantMgmt.run(TC_FundamentalRefregrantMgmt:17)
	at com.kms.katalon.core.main.ScriptEngine.run(ScriptEngine.java:194)
	at com.kms.katalon.core.main.ScriptEngine.runScriptAsRawText(ScriptEngine.java:119)
	at com.kms.katalon.core.main.TestCaseExecutor.runScript(TestCaseExecutor.java:331)
	at com.kms.katalon.core.main.TestCaseExecutor.doExecute(TestCaseExecutor.java:322)
	at com.kms.katalon.core.main.TestCaseExecutor.processExecutionPhase(TestCaseExecutor.java:301)
	at com.kms.katalon.core.main.TestCaseExecutor.accessMainPhase(TestCaseExecutor.java:293)
	at com.kms.katalon.core.main.TestCaseExecutor.execute(TestCaseExecutor.java:227)
	at com.kms.katalon.core.main.TestSuiteExecutor.accessTestCaseMainPhase(TestSuiteExecutor.java:129)
	at com.kms.katalon.core.main.TestSuiteExecutor.accessTestSuiteMainPhase(TestSuiteExecutor.java:112)
	at com.kms.katalon.core.main.TestSuiteExecutor.execute(TestSuiteExecutor.java:81)
	at com.kms.katalon.core.main.TestCaseMain.startTestSuite(TestCaseMain.java:157)
	at com.kms.katalon.core.main.TestCaseMain$startTestSuite$0.call(Unknown Source)
	at TempTestSuite1564512281211.run(TempTestSuite1564512281211.groovy:35)


2019-07-31 00:44:18 - [TEST_STEP][FAILED] - runWithCucumberRunner(runner_OM_ExistingBuildings.FundamentalRefTestRunner): runWithCucumberRunner(runner_OM_ExistingBuildings.FundamentalRefTestRunner) FAILED.
Reason:
com.kms.katalon.core.exception.StepFailedException: These following reason:
 [Unable to verify text 'Form data saved successfully.' is present ]
	at com.kms.katalon.core.keyword.internal.KeywordMain.stepFailed(KeywordMain.groovy:48)
	at com.kms.katalon.core.keyword.internal.KeywordMain.stepFailed(KeywordMain.groovy)
	at com.kms.katalon.core.keyword.internal.KeywordMain.stepFailed(KeywordMain.groovy:21)
	at com.kms.katalon.core.keyword.internal.KeywordMain$stepFailed$0.call(Unknown Source)
	at com.kms.katalon.core.cucumber.keyword.CucumberBuiltinKeywords$_runWithCucumberRunner_closure3.doCall(CucumberBuiltinKeywords.groovy:272)
	at com.kms.katalon.core.cucumber.keyword.CucumberBuiltinKeywords$_runWithCucumberRunner_closure3.doCall(CucumberBuiltinKeywords.groovy)
	at com.kms.katalon.core.keyword.internal.KeywordMain.runKeyword(KeywordMain.groovy:66)
	at com.kms.katalon.core.keyword.internal.KeywordMain$runKeyword.call(Unknown Source)
	at com.kms.katalon.core.cucumber.keyword.CucumberBuiltinKeywords.runWithCucumberRunner(CucumberBuiltinKeywords.groovy:257)
	at com.kms.katalon.core.cucumber.keyword.CucumberBuiltinKeywords$runWithCucumberRunner$0.callStatic(Unknown Source)
	at com.kms.katalon.core.cucumber.keyword.CucumberBuiltinKeywords.runWithCucumberRunner(CucumberBuiltinKeywords.groovy:357)
	at com.kms.katalon.core.cucumber.keyword.CucumberBuiltinKeywords$runWithCucumberRunner.call(Unknown Source)
	at TC_FundamentalRefregrantMgmt.run(TC_FundamentalRefregrantMgmt:17)
	at com.kms.katalon.core.main.ScriptEngine.run(ScriptEngine.java:194)
	at com.kms.katalon.core.main.ScriptEngine.runScriptAsRawText(ScriptEngine.java:119)
	at com.kms.katalon.core.main.TestCaseExecutor.runScript(TestCaseExecutor.java:331)
	at com.kms.katalon.core.main.TestCaseExecutor.doExecute(TestCaseExecutor.java:322)
	at com.kms.katalon.core.main.TestCaseExecutor.processExecutionPhase(TestCaseExecutor.java:301)
	at com.kms.katalon.core.main.TestCaseExecutor.accessMainPhase(TestCaseExecutor.java:293)
	at com.kms.katalon.core.main.TestCaseExecutor.execute(TestCaseExecutor.java:227)
	at com.kms.katalon.core.main.TestSuiteExecutor.accessTestCaseMainPhase(TestSuiteExecutor.java:129)
	at com.kms.katalon.core.main.TestSuiteExecutor.accessTestSuiteMainPhase(TestSuiteExecutor.java:112)
	at com.kms.katalon.core.main.TestSuiteExecutor.execute(TestSuiteExecutor.java:81)
	at com.kms.katalon.core.main.TestCaseMain.startTestSuite(TestCaseMain.java:157)
	at com.kms.katalon.core.main.TestCaseMain$startTestSuite$0.call(Unknown Source)
	at TempTestSuite1564512281211.run(TempTestSuite1564512281211.groovy:35)


2019-07-31 00:44:19 - [TEST_CASE][PASSED] - Test Cases/TC_Login: Test Cases/TC_Login

2019-07-31 00:44:19 - [TEST_STEP][PASSED] - runWithCucumberRunner(common.LoginRunner): Run with 'common.LoginRunner' was passed

2019-07-31 00:44:19 - [MESSAGE][WARNING] - A browser is already opened. Closing browser and opening a new one

2019-07-31 00:44:19 - [MESSAGE][INFO] - Starting 'Chrome (headless)' driver

2019-07-31 00:44:22 - [MESSAGE][PASSED] - Browser is opened with url: ''

2019-07-31 00:44:24 - [MESSAGE][PASSED] - Current window maximized

2019-07-31 00:44:28 - [MESSAGE][PASSED] - Navigate to 'https://leedonline-stg.usgbc.org' successfully

2019-07-31 00:44:28 - [MESSAGE][PASSED] - Text 'automationbdd9@gmail.com' is set on object ''

2019-07-31 00:44:28 - [MESSAGE][PASSED] - Text 'initpass' is set on object ''

2019-07-31 00:44:31 - [MESSAGE][PASSED] - Delayed 3 second(s)

2019-07-31 00:44:31 - [MESSAGE][PASSED] - Scroll to object '' successfully

2019-07-31 00:44:31 - [MESSAGE][PASSED] - Object '' is checked

2019-07-31 00:44:35 - [MESSAGE][PASSED] - Delayed 4 second(s)

2019-07-31 00:44:36 - [MESSAGE][PASSED] - The form containing object: '' is submitted

2019-07-31 00:44:36 - [MESSAGE][PASSED] - Run with 'common.LoginRunner' was passed

2019-07-31 00:44:36 - [MESSAGE][PASSED] - Call Test Case 'Test Cases/TC_Login' successfully

2019-07-31 00:44:40 - [MESSAGE][PASSED] - Object: '' is clicked on

2019-07-31 00:44:41 - [MESSAGE][PASSED] - Object: '' is clicked on

2019-07-31 00:44:43 - [MESSAGE][PASSED] - Delayed 2 second(s)

2019-07-31 00:44:43 - [MESSAGE][PASSED] - Text of object '' is: 'ATTEMPTED'

2019-07-31 00:44:46 - [MESSAGE][PASSED] - Delayed 3 second(s)

2019-07-31 00:44:48 - [MESSAGE][PASSED] - Delayed 2 second(s)

2019-07-31 00:44:48 - [MESSAGE][PASSED] - Object: '' is clicked on

2019-07-31 00:44:49 - [MESSAGE][PASSED] - Text of object '' is: 'Fundamental Refrigerant Management'

2019-07-31 00:44:52 - [MESSAGE][PASSED] - Delayed 3 second(s)

2019-07-31 00:44:55 - [MESSAGE][PASSED] - Object: '' is clicked on

2019-07-31 00:45:00 - [MESSAGE][PASSED] - Delayed 5 second(s)

2019-07-31 00:45:00 - [MESSAGE][PASSED] - Text of object '' is: 'Fundamental Refrigerant Management'

2019-07-31 00:45:00 - [MESSAGE][PASSED] - Actual text 'Fundamental Refrigerant Management' and expected text 'Fundamental Refrigerant Management' are matched 

2019-07-31 00:45:00 - [MESSAGE][PASSED] - Text '(V01)' is present on page 

2019-07-31 00:45:01 - [MESSAGE][PASSED] - Object '' is checked

2019-07-31 00:45:01 - [MESSAGE][PASSED] - Object '' has attribute 'class' with value 'tiny ui button'

2019-07-31 00:45:08 - [MESSAGE][PASSED] - Delayed 7 second(s)

2019-07-31 00:45:08 - [MESSAGE][PASSED] - File 'G:\Sabareesh\Personal\USGBC_NewApproach1\USGBC_LEED\Include\TestData\FilesToUpload\COO_1.pdf' sent to object: ''

2019-07-31 00:45:08 - [MESSAGE][PASSED] - Object '' has attribute 'class' with value 'tiny ui button'

2019-07-31 00:45:15 - [MESSAGE][PASSED] - Delayed 7 second(s)

2019-07-31 00:45:15 - [MESSAGE][PASSED] - File 'G:\Sabareesh\Personal\USGBC_NewApproach1\USGBC_LEED\Include\TestData\FilesToUpload\ZZ.pdf' sent to object: ''

2019-07-31 00:45:18 - [MESSAGE][PASSED] - Delayed 3 second(s)

2019-07-31 00:45:18 - [MESSAGE][PASSED] - Text of object '' is: 'COO_1.pdf'

2019-07-31 00:45:20 - [MESSAGE][PASSED] - Delayed 2 second(s)

2019-07-31 00:45:20 - [MESSAGE][PASSED] - COO_1.pdf is equal to COO_1.pdf

2019-07-31 00:45:20 - [MESSAGE][PASSED] - Actual text 'COO_1.pdf' and expected text 'COO_1.pdf' are matched 

2019-07-31 00:45:20 - [MESSAGE][PASSED] - Text of object '' is: 'ZZ.pdf'

2019-07-31 00:45:22 - [MESSAGE][PASSED] - Delayed 2 second(s)

2019-07-31 00:45:24 - [MESSAGE][PASSED] - Delayed 2 second(s)

2019-07-31 00:45:24 - [MESSAGE][PASSED] - ZZ.pdf is equal to ZZ.pdf

2019-07-31 00:45:24 - [MESSAGE][PASSED] - Actual text 'ZZ.pdf' and expected text 'ZZ.pdf' are matched 

2019-07-31 00:45:26 - [MESSAGE][PASSED] - Text 'Known that everybody have the personal aim. It is defferent . For example, there are some people think that the most important thing in them life is career. While there are other people think that is family. me too. The most important thing with my life is my small and big family.9TG7H' is set on object ''

2019-07-31 00:45:28 - [MESSAGE][PASSED] - Delayed 2 second(s)

2019-07-31 00:45:28 - [MESSAGE][PASSED] - Text of object '' is: 'Known that everybody have the personal aim. It is defferent . For example, there are some people think that the most important thing in them life is career. While there are other people think that is family. me too. The most important thing with my life is my small and big family.9TG7H'

2019-07-31 00:45:28 - [MESSAGE][PASSED] - Actual text 'Known that everybody have the personal aim. It is defferent . For example, there are some people think that the most important thing in them life is career. While there are other people think that is family. me too. The most important thing with my life is my small and big family.9TG7H' and expected text 'Known that everybody have the personal aim. It is defferent . For example, there are some people think that the most important thing in them life is career. While there are other people think that is family. me too. The most important thing with my life is my small and big family.9TG7H' are matched 

2019-07-31 00:45:28 - [MESSAGE][PASSED] - Object: '' is clicked on

2019-07-31 00:45:32 - [MESSAGE][PASSED] - Delayed 4 second(s)

2019-07-31 00:45:32 - [MESSAGE][PASSED] - Text 'Form data saved successfully.' is present on page 

2019-07-31 00:45:38 - [MESSAGE][PASSED] - Delayed 6 second(s)

2019-07-31 00:45:40 - [MESSAGE][PASSED] - Delayed 2 second(s)

2019-07-31 00:45:40 - [MESSAGE][PASSED] - Object '' is present

2019-07-31 00:45:40 - [MESSAGE][PASSED] - Object: '' is clicked on

2019-07-31 00:45:50 - [MESSAGE][PASSED] - Delayed 10 second(s)

2019-07-31 00:45:56 - [MESSAGE][PASSED] - Delayed 6 second(s)

2019-07-31 00:45:57 - [MESSAGE][PASSED] - Actual text 'Found' and expected text 'Found' are matched 

2019-07-31 00:45:57 - [MESSAGE][PASSED] - Text of object '' is: 'Known that everybody have the personal aim. It is defferent . For example, there are some people think that the most important thing in them life is career. While there are other people think that is family. me too. The most important thing with my life is my small and big family.9TG7H'

2019-07-31 00:45:57 - [MESSAGE][PASSED] - Actual text 'Found' and expected text 'Found' are matched 

2019-07-31 00:45:58 - [MESSAGE][PASSED] - Navigate back successfully

2019-07-31 00:46:00 - [MESSAGE][PASSED] - Delayed 2 second(s)

2019-07-31 00:46:00 - [MESSAGE][PASSED] - Object: '' is clicked on

2019-07-31 00:46:05 - [MESSAGE][PASSED] - Delayed 5 second(s)

2019-07-31 00:46:07 - [MESSAGE][PASSED] - Delayed 2 second(s)

2019-07-31 00:46:08 - [MESSAGE][PASSED] - Navigate forward successfully

2019-07-31 00:46:10 - [MESSAGE][PASSED] - Delayed 2 second(s)

2019-07-31 00:46:15 - [MESSAGE][PASSED] - Delayed 5 second(s)

2019-07-31 00:46:15 - [MESSAGE][PASSED] - Object: '' is clicked on

2019-07-31 00:46:15 - [MESSAGE][PASSED] - Text of object '' is: 'ZZ.pdf'

2019-07-31 00:46:20 - [MESSAGE][PASSED] - Delayed 5 second(s)

2019-07-31 00:46:20 - [MESSAGE][PASSED] - Object: '' is hovered

2019-07-31 00:46:22 - [MESSAGE][PASSED] - Delayed 2 second(s)

2019-07-31 00:46:24 - [MESSAGE][PASSED] - Delayed 2 second(s)

2019-07-31 00:46:29 - [MESSAGE][PASSED] - Delayed 5 second(s)

2019-07-31 00:46:30 - [MESSAGE][PASSED] - Object: '' is clicked on

2019-07-31 00:46:30 - [MESSAGE][PASSED] - Text of object '' is: 'COO_1.pdf'

2019-07-31 00:46:35 - [MESSAGE][PASSED] - Delayed 5 second(s)

2019-07-31 00:46:35 - [MESSAGE][PASSED] - Object: '' is hovered

2019-07-31 00:46:37 - [MESSAGE][PASSED] - Delayed 2 second(s)

2019-07-31 00:46:42 - [MESSAGE][PASSED] - Delayed 5 second(s)

2019-07-31 00:46:44 - [MESSAGE][PASSED] - Delayed 2 second(s)

2019-07-31 00:46:45 - [MESSAGE][PASSED] - Delayed 1 second(s)

2019-07-31 00:46:45 - [MESSAGE][PASSED] - COO_1.pdf exist in G:/Sabareesh/Personal/USGBC_NewApproach1/USGBC_LEED/Include/TestData/DownloadedFiles and was deleted

2019-07-31 00:46:45 - [MESSAGE][PASSED] - 

2019-07-31 00:46:45 - [MESSAGE][PASSED] - Actual text 'COO_1.pdf' and expected text 'COO_1.pdf' are matched 

2019-07-31 00:46:47 - [MESSAGE][PASSED] - Delayed 2 second(s)

2019-07-31 00:46:49 - [MESSAGE][PASSED] - Delayed 2 second(s)

2019-07-31 00:46:50 - [MESSAGE][PASSED] - Delayed 1 second(s)

2019-07-31 00:46:50 - [MESSAGE][PASSED] - ZZ.pdf exist in G:/Sabareesh/Personal/USGBC_NewApproach1/USGBC_LEED/Include/TestData/DownloadedFiles and was deleted

2019-07-31 00:46:50 - [MESSAGE][PASSED] - 

2019-07-31 00:46:50 - [MESSAGE][PASSED] - Actual text 'ZZ.pdf' and expected text 'ZZ.pdf' are matched 

2019-07-31 00:46:52 - [MESSAGE][PASSED] - Delayed 2 second(s)

2019-07-31 00:46:52 - [MESSAGE][PASSED] - Object: '' is clicked on

2019-07-31 00:46:54 - [MESSAGE][PASSED] - Delayed 2 second(s)

2019-07-31 00:46:54 - [MESSAGE][PASSED] - Object: '' is clicked on

2019-07-31 00:46:57 - [MESSAGE][PASSED] - Delayed 3 second(s)

2019-07-31 00:46:57 - [MESSAGE][PASSED] - Object '' is present

2019-07-31 00:46:59 - [MESSAGE][PASSED] - Delayed 2 second(s)

2019-07-31 00:47:04 - [MESSAGE][PASSED] - Delayed 5 second(s)

2019-07-31 00:47:04 - [MESSAGE][PASSED] - Object: '' is clicked on

2019-07-31 00:47:06 - [MESSAGE][PASSED] - Delayed 2 second(s)

2019-07-31 00:47:07 - [MESSAGE][PASSED] - Object: '' is clicked on

2019-07-31 00:47:09 - [MESSAGE][PASSED] - Delayed 2 second(s)

2019-07-31 00:47:11 - [MESSAGE][PASSED] - Delayed 2 second(s)

2019-07-31 00:47:16 - [MESSAGE][PASSED] - Delayed 5 second(s)

2019-07-31 00:47:16 - [MESSAGE][PASSED] - Object: '' is clicked on

2019-07-31 00:47:18 - [MESSAGE][PASSED] - Delayed 2 second(s)

2019-07-31 00:47:18 - [MESSAGE][PASSED] - Object: '' is clicked on

2019-07-31 00:47:20 - [MESSAGE][PASSED] - Delayed 2 second(s)

2019-07-31 00:47:25 - [MESSAGE][PASSED] - Delayed 5 second(s)

2019-07-31 00:47:25 - [MESSAGE][PASSED] - Web element with id: '' located by 'By.xpath: (//table[@class='ui collapsing celled table unstackable'])[1]' is not present after '2' second(s)

2019-07-31 00:47:25 - [TEST_CASE][PASSED] - Test Cases/TC_Login: Test Cases/TC_Login

2019-07-31 00:47:25 - [TEST_STEP][PASSED] - runWithCucumberRunner(common.LoginRunner): Run with 'common.LoginRunner' was passed

2019-07-31 00:47:25 - [MESSAGE][WARNING] - A browser is already opened. Closing browser and opening a new one

2019-07-31 00:47:26 - [MESSAGE][INFO] - Starting 'Chrome (headless)' driver

2019-07-31 00:47:30 - [MESSAGE][PASSED] - Browser is opened with url: ''

2019-07-31 00:47:31 - [MESSAGE][PASSED] - Current window maximized

2019-07-31 00:47:35 - [MESSAGE][PASSED] - Navigate to 'https://leedonline-stg.usgbc.org' successfully

2019-07-31 00:47:35 - [MESSAGE][PASSED] - Text 'automationbdd9@gmail.com' is set on object ''

2019-07-31 00:47:35 - [MESSAGE][PASSED] - Text 'initpass' is set on object ''

2019-07-31 00:47:38 - [MESSAGE][PASSED] - Delayed 3 second(s)

2019-07-31 00:47:38 - [MESSAGE][PASSED] - Scroll to object '' successfully

2019-07-31 00:47:38 - [MESSAGE][PASSED] - Object '' is checked

2019-07-31 00:47:42 - [MESSAGE][PASSED] - Delayed 4 second(s)

2019-07-31 00:47:42 - [MESSAGE][PASSED] - The form containing object: '' is submitted

2019-07-31 00:47:42 - [MESSAGE][PASSED] - Run with 'common.LoginRunner' was passed

2019-07-31 00:47:42 - [MESSAGE][PASSED] - Call Test Case 'Test Cases/TC_Login' successfully

2019-07-31 00:47:47 - [MESSAGE][PASSED] - Object: '' is clicked on

2019-07-31 00:47:48 - [MESSAGE][PASSED] - Object: '' is clicked on

2019-07-31 00:47:50 - [MESSAGE][PASSED] - Delayed 2 second(s)

2019-07-31 00:47:50 - [MESSAGE][PASSED] - Text of object '' is: 'READY FOR REVIEW'

2019-07-31 00:47:51 - [MESSAGE][PASSED] - Object: '' is clicked on

2019-07-31 00:47:56 - [MESSAGE][PASSED] - Delayed 5 second(s)

2019-07-31 00:47:59 - [MESSAGE][PASSED] - Delayed 3 second(s)

2019-07-31 00:48:01 - [MESSAGE][PASSED] - Delayed 2 second(s)

2019-07-31 00:48:01 - [MESSAGE][PASSED] - Object: '' is clicked on

2019-07-31 00:48:01 - [MESSAGE][PASSED] - Text of object '' is: 'Fundamental Refrigerant Management'

2019-07-31 00:48:04 - [MESSAGE][PASSED] - Delayed 3 second(s)

2019-07-31 00:48:07 - [MESSAGE][PASSED] - Object: '' is clicked on

2019-07-31 00:48:12 - [MESSAGE][PASSED] - Delayed 5 second(s)

2019-07-31 00:48:12 - [MESSAGE][PASSED] - Text of object '' is: 'Fundamental Refrigerant Management'

2019-07-31 00:48:12 - [MESSAGE][PASSED] - Actual text 'Fundamental Refrigerant Management' and expected text 'Fundamental Refrigerant Management' are matched 

2019-07-31 00:48:12 - [MESSAGE][PASSED] - Text '(V01)' is present on page 

2019-07-31 00:48:13 - [MESSAGE][PASSED] - Object: '' is clicked on

2019-07-31 00:48:13 - [MESSAGE][PASSED] - Object '' has attribute 'class' with value 'tiny ui button'

2019-07-31 00:48:20 - [MESSAGE][PASSED] - Delayed 7 second(s)

2019-07-31 00:48:20 - [MESSAGE][PASSED] - File 'G:\Sabareesh\Personal\USGBC_NewApproach1\USGBC_LEED\Include\TestData\FilesToUpload\COO_1.pdf' sent to object: ''

2019-07-31 00:48:20 - [MESSAGE][PASSED] - Object '' has attribute 'class' with value 'tiny ui button'

2019-07-31 00:48:27 - [MESSAGE][PASSED] - Delayed 7 second(s)

2019-07-31 00:48:27 - [MESSAGE][PASSED] - File 'G:\Sabareesh\Personal\USGBC_NewApproach1\USGBC_LEED\Include\TestData\FilesToUpload\ZZ.pdf' sent to object: ''

2019-07-31 00:48:30 - [MESSAGE][PASSED] - Delayed 3 second(s)

2019-07-31 00:48:30 - [MESSAGE][PASSED] - Object '' has attribute 'class' with value 'tiny ui button'

2019-07-31 00:48:37 - [MESSAGE][PASSED] - Delayed 7 second(s)

2019-07-31 00:48:37 - [MESSAGE][PASSED] - File 'G:\Sabareesh\Personal\USGBC_NewApproach1\USGBC_LEED\Include\TestData\FilesToUpload\COO_1.pdf' sent to object: ''

2019-07-31 00:48:37 - [MESSAGE][PASSED] - Object '' has attribute 'class' with value 'tiny ui button'

2019-07-31 00:48:44 - [MESSAGE][PASSED] - Delayed 7 second(s)

2019-07-31 00:48:44 - [MESSAGE][PASSED] - File 'G:\Sabareesh\Personal\USGBC_NewApproach1\USGBC_LEED\Include\TestData\FilesToUpload\ZZ.pdf' sent to object: ''

2019-07-31 00:48:47 - [MESSAGE][PASSED] - Delayed 3 second(s)

2019-07-31 00:48:47 - [MESSAGE][PASSED] - Text of object '' is: 'COO_1.pdf'

2019-07-31 00:48:49 - [MESSAGE][PASSED] - Delayed 2 second(s)

2019-07-31 00:48:49 - [MESSAGE][PASSED] - COO_1.pdf is equal to COO_1.pdf

2019-07-31 00:48:49 - [MESSAGE][PASSED] - Actual text 'COO_1.pdf' and expected text 'COO_1.pdf' are matched 

2019-07-31 00:48:49 - [MESSAGE][PASSED] - Text of object '' is: 'ZZ.pdf'

2019-07-31 00:48:51 - [MESSAGE][PASSED] - Delayed 2 second(s)

2019-07-31 00:48:53 - [MESSAGE][PASSED] - Delayed 2 second(s)

2019-07-31 00:48:53 - [MESSAGE][PASSED] - ZZ.pdf is equal to ZZ.pdf

2019-07-31 00:48:53 - [MESSAGE][PASSED] - Actual text 'ZZ.pdf' and expected text 'ZZ.pdf' are matched 

2019-07-31 00:48:54 - [MESSAGE][PASSED] - Text of object '' is: 'COO_1.pdf'

2019-07-31 00:48:56 - [MESSAGE][PASSED] - Delayed 2 second(s)

2019-07-31 00:48:56 - [MESSAGE][PASSED] - COO_1.pdf is equal to COO_1.pdf

2019-07-31 00:48:56 - [MESSAGE][PASSED] - Actual text 'COO_1.pdf' and expected text 'COO_1.pdf' are matched 

2019-07-31 00:48:56 - [MESSAGE][PASSED] - Text of object '' is: 'ZZ.pdf'

2019-07-31 00:48:58 - [MESSAGE][PASSED] - Delayed 2 second(s)

2019-07-31 00:49:00 - [MESSAGE][PASSED] - Delayed 2 second(s)

2019-07-31 00:49:00 - [MESSAGE][PASSED] - ZZ.pdf is equal to ZZ.pdf

2019-07-31 00:49:00 - [MESSAGE][PASSED] - Actual text 'ZZ.pdf' and expected text 'ZZ.pdf' are matched 

2019-07-31 00:49:02 - [MESSAGE][PASSED] - Text 'Known that everybody have the personal aim. It is defferent . For example, there are some people think that the most important thing in them life is career. While there are other people think that is family. me too. The most important thing with my life is my small and big family.YA3B7' is set on object ''

2019-07-31 00:49:04 - [MESSAGE][PASSED] - Delayed 2 second(s)

2019-07-31 00:49:04 - [MESSAGE][PASSED] - Text of object '' is: 'Known that everybody have the personal aim. It is defferent . For example, there are some people think that the most important thing in them life is career. While there are other people think that is family. me too. The most important thing with my life is my small and big family.YA3B7'

2019-07-31 00:49:04 - [MESSAGE][PASSED] - Actual text 'Known that everybody have the personal aim. It is defferent . For example, there are some people think that the most important thing in them life is career. While there are other people think that is family. me too. The most important thing with my life is my small and big family.YA3B7' and expected text 'Known that everybody have the personal aim. It is defferent . For example, there are some people think that the most important thing in them life is career. While there are other people think that is family. me too. The most important thing with my life is my small and big family.YA3B7' are matched 

2019-07-31 00:49:04 - [MESSAGE][PASSED] - All options with value 'VRF' are selected in object ''  using regular expression

2019-07-31 00:49:06 - [MESSAGE][PASSED] - Delayed 2 second(s)

2019-07-31 00:49:06 - [MESSAGE][PASSED] - Attribute 'value' of object '' is: 'VRF'

2019-07-31 00:49:06 - [MESSAGE][PASSED] - Actual text 'VRF' and expected text 'VRF' are matched 

2019-07-31 00:49:07 - [MESSAGE][PASSED] - All options with value 'R-11' are selected in object ''  using regular expression

2019-07-31 00:49:09 - [MESSAGE][PASSED] - Delayed 2 second(s)

2019-07-31 00:49:09 - [MESSAGE][PASSED] - Attribute 'value' of object '' is: 'R-11'

2019-07-31 00:49:09 - [MESSAGE][PASSED] - Actual text 'R-11' and expected text 'R-11' are matched 

2019-07-31 00:49:09 - [MESSAGE][PASSED] - All options with value 'New' are selected in object ''  using regular expression

2019-07-31 00:49:11 - [MESSAGE][PASSED] - Delayed 2 second(s)

2019-07-31 00:49:11 - [MESSAGE][PASSED] - Attribute 'value' of object '' is: 'New'

2019-07-31 00:49:11 - [MESSAGE][PASSED] - Actual text 'New' and expected text 'New' are matched 

2019-07-31 00:49:11 - [MESSAGE][PASSED] - Text 'John James' is set on object ''

2019-07-31 00:49:13 - [MESSAGE][PASSED] - Delayed 2 second(s)

2019-07-31 00:49:13 - [MESSAGE][PASSED] - Attribute 'value' of object '' is: 'John James'

2019-07-31 00:49:13 - [MESSAGE][PASSED] - Actual text 'John James' and expected text 'John James' are matched 

2019-07-31 00:49:13 - [MESSAGE][PASSED] - Object: '' is clicked on

2019-07-31 00:49:14 - [MESSAGE][PASSED] - All options with value 'Window AC or heat pump' are selected in object ''  using regular expression

2019-07-31 00:49:16 - [MESSAGE][PASSED] - Delayed 2 second(s)

2019-07-31 00:49:16 - [MESSAGE][PASSED] - Attribute 'value' of object '' is: 'Window AC or heat pump'

2019-07-31 00:49:16 - [MESSAGE][PASSED] - Actual text 'Window AC or heat pump' and expected text 'Window AC or heat pump' are matched 

2019-07-31 00:49:16 - [MESSAGE][PASSED] - All options with value 'R-12' are selected in object ''  using regular expression

2019-07-31 00:49:18 - [MESSAGE][PASSED] - Delayed 2 second(s)

2019-07-31 00:49:18 - [MESSAGE][PASSED] - Attribute 'value' of object '' is: 'R-12'

2019-07-31 00:49:18 - [MESSAGE][PASSED] - Actual text 'R-12' and expected text 'R-12' are matched 

2019-07-31 00:49:18 - [MESSAGE][PASSED] - All options with value 'Existing' are selected in object ''  using regular expression

2019-07-31 00:49:20 - [MESSAGE][PASSED] - Delayed 2 second(s)

2019-07-31 00:49:20 - [MESSAGE][PASSED] - Attribute 'value' of object '' is: 'Existing'

2019-07-31 00:49:20 - [MESSAGE][PASSED] - Actual text 'Existing' and expected text 'Existing' are matched 

2019-07-31 00:49:20 - [MESSAGE][PASSED] - Text 'Automation' is set on object ''

2019-07-31 00:49:22 - [MESSAGE][PASSED] - Delayed 2 second(s)

2019-07-31 00:49:22 - [MESSAGE][PASSED] - Attribute 'value' of object '' is: 'Automation'

2019-07-31 00:49:22 - [MESSAGE][PASSED] - Actual text 'Automation' and expected text 'Automation' are matched 

2019-07-31 00:49:26 - [MESSAGE][PASSED] - Delayed 4 second(s)

2019-07-31 00:49:27 - [MESSAGE][PASSED] - Object '' is checked

2019-07-31 00:49:27 - [MESSAGE][PASSED] - Object '' is checked

2019-07-31 00:49:27 - [MESSAGE][PASSED] - Object: '' is clicked on

2019-07-31 00:49:31 - [MESSAGE][PASSED] - Delayed 4 second(s)

2019-07-31 00:49:31 - [MESSAGE][FAILED] - Text 'Form data saved successfully.' is not present on page 

2019-07-31 00:49:31 - [MESSAGE][FAILED] - Unable to verify text 'Form data saved successfully.' is present 
[[ATTACHMENT|G:\\Sabareesh\\Personal\\USGBC_NewApproach1\\USGBC_LEED\\Reports\\TS_OM_ExistingBuildings\\20190731_001441\\1564514371577.png]]

2019-07-31 00:49:31 - [TEST_CASE][PASSED] - Test Cases/TC_Login: Test Cases/TC_Login

2019-07-31 00:49:31 - [TEST_STEP][PASSED] - runWithCucumberRunner(common.LoginRunner): Run with 'common.LoginRunner' was passed

2019-07-31 00:49:32 - [MESSAGE][WARNING] - A browser is already opened. Closing browser and opening a new one

2019-07-31 00:49:32 - [MESSAGE][INFO] - Starting 'Chrome (headless)' driver

2019-07-31 00:49:35 - [MESSAGE][PASSED] - Browser is opened with url: ''

2019-07-31 00:49:36 - [MESSAGE][PASSED] - Current window maximized

2019-07-31 00:49:39 - [MESSAGE][PASSED] - Navigate to 'https://leedonline-stg.usgbc.org' successfully

2019-07-31 00:49:39 - [MESSAGE][PASSED] - Text 'automationbdd9@gmail.com' is set on object ''

2019-07-31 00:49:40 - [MESSAGE][PASSED] - Text 'initpass' is set on object ''

2019-07-31 00:49:43 - [MESSAGE][PASSED] - Delayed 3 second(s)

2019-07-31 00:49:43 - [MESSAGE][PASSED] - Scroll to object '' successfully

2019-07-31 00:49:43 - [MESSAGE][PASSED] - Object '' is checked

2019-07-31 00:49:47 - [MESSAGE][PASSED] - Delayed 4 second(s)

2019-07-31 00:49:47 - [MESSAGE][PASSED] - The form containing object: '' is submitted

2019-07-31 00:49:47 - [MESSAGE][PASSED] - Run with 'common.LoginRunner' was passed

2019-07-31 00:49:47 - [MESSAGE][PASSED] - Call Test Case 'Test Cases/TC_Login' successfully

2019-07-31 00:49:51 - [MESSAGE][PASSED] - Object: '' is clicked on

2019-07-31 00:49:52 - [MESSAGE][PASSED] - Object: '' is clicked on

2019-07-31 00:49:54 - [MESSAGE][PASSED] - Delayed 2 second(s)

2019-07-31 00:49:54 - [MESSAGE][PASSED] - Text of object '' is: 'ATTEMPTED'

2019-07-31 00:49:57 - [MESSAGE][PASSED] - Delayed 3 second(s)

2019-07-31 00:49:59 - [MESSAGE][PASSED] - Delayed 2 second(s)

2019-07-31 00:49:59 - [MESSAGE][PASSED] - Object: '' is clicked on

2019-07-31 00:49:59 - [MESSAGE][PASSED] - Text of object '' is: 'Fundamental Refrigerant Management'

2019-07-31 00:50:02 - [MESSAGE][PASSED] - Delayed 3 second(s)

2019-07-31 00:50:06 - [MESSAGE][PASSED] - Object: '' is clicked on

2019-07-31 00:50:11 - [MESSAGE][PASSED] - Delayed 5 second(s)

2019-07-31 00:50:11 - [MESSAGE][PASSED] - Text of object '' is: 'Fundamental Refrigerant Management'

2019-07-31 00:50:11 - [MESSAGE][PASSED] - Actual text 'Fundamental Refrigerant Management' and expected text 'Fundamental Refrigerant Management' are matched 

2019-07-31 00:50:11 - [MESSAGE][PASSED] - Text '(V01)' is present on page 

2019-07-31 00:50:11 - [MESSAGE][PASSED] - Object: '' is clicked on

2019-07-31 00:50:11 - [MESSAGE][PASSED] - Object '' has attribute 'class' with value 'tiny ui button'

2019-07-31 00:50:18 - [MESSAGE][PASSED] - Delayed 7 second(s)

2019-07-31 00:50:18 - [MESSAGE][PASSED] - File 'G:\Sabareesh\Personal\USGBC_NewApproach1\USGBC_LEED\Include\TestData\FilesToUpload\COO_1.pdf' sent to object: ''

2019-07-31 00:50:18 - [MESSAGE][PASSED] - Object '' has attribute 'class' with value 'tiny ui button'

2019-07-31 00:50:25 - [MESSAGE][PASSED] - Delayed 7 second(s)

2019-07-31 00:50:25 - [MESSAGE][PASSED] - File 'G:\Sabareesh\Personal\USGBC_NewApproach1\USGBC_LEED\Include\TestData\FilesToUpload\ZZ.pdf' sent to object: ''

2019-07-31 00:50:29 - [MESSAGE][PASSED] - Delayed 3 second(s)

2019-07-31 00:50:29 - [MESSAGE][PASSED] - Text of object '' is: 'COO_1.pdf'

2019-07-31 00:50:31 - [MESSAGE][PASSED] - Delayed 2 second(s)

2019-07-31 00:50:31 - [MESSAGE][PASSED] - COO_1.pdf is equal to COO_1.pdf

2019-07-31 00:50:31 - [MESSAGE][PASSED] - Actual text 'COO_1.pdf' and expected text 'COO_1.pdf' are matched 

2019-07-31 00:50:31 - [MESSAGE][PASSED] - Text of object '' is: 'ZZ.pdf'

2019-07-31 00:50:33 - [MESSAGE][PASSED] - Delayed 2 second(s)

2019-07-31 00:50:35 - [MESSAGE][PASSED] - Delayed 2 second(s)

2019-07-31 00:50:35 - [MESSAGE][PASSED] - ZZ.pdf is equal to ZZ.pdf

2019-07-31 00:50:35 - [MESSAGE][PASSED] - Actual text 'ZZ.pdf' and expected text 'ZZ.pdf' are matched 

2019-07-31 00:50:37 - [MESSAGE][PASSED] - Text 'Known that everybody have the personal aim. It is defferent . For example, there are some people think that the most important thing in them life is career. While there are other people think that is family. me too. The most important thing with my life is my small and big family.7HNQS' is set on object ''

2019-07-31 00:50:39 - [MESSAGE][PASSED] - Delayed 2 second(s)

2019-07-31 00:50:39 - [MESSAGE][PASSED] - Text of object '' is: 'Known that everybody have the personal aim. It is defferent . For example, there are some people think that the most important thing in them life is career. While there are other people think that is family. me too. The most important thing with my life is my small and big family.7HNQS'

2019-07-31 00:50:39 - [MESSAGE][PASSED] - Actual text 'Known that everybody have the personal aim. It is defferent . For example, there are some people think that the most important thing in them life is career. While there are other people think that is family. me too. The most important thing with my life is my small and big family.7HNQS' and expected text 'Known that everybody have the personal aim. It is defferent . For example, there are some people think that the most important thing in them life is career. While there are other people think that is family. me too. The most important thing with my life is my small and big family.7HNQS' are matched 

2019-07-31 00:50:39 - [MESSAGE][PASSED] - Text 'Filling the Text Box' is set on object ''

2019-07-31 00:50:41 - [MESSAGE][PASSED] - Delayed 2 second(s)

2019-07-31 00:50:42 - [MESSAGE][PASSED] - Attribute 'value' of object '' is: 'Filling the Text Box'

2019-07-31 00:50:42 - [MESSAGE][PASSED] - Actual text 'Filling the Text Box' and expected text 'Filling the Text Box' are matched 

2019-07-31 00:50:42 - [MESSAGE][PASSED] - All options with value 'VRF' are selected in object ''  using regular expression

2019-07-31 00:50:44 - [MESSAGE][PASSED] - Delayed 2 second(s)

2019-07-31 00:50:44 - [MESSAGE][PASSED] - Attribute 'value' of object '' is: 'VRF'

2019-07-31 00:50:44 - [MESSAGE][PASSED] - Actual text 'VRF' and expected text 'VRF' are matched 

2019-07-31 00:50:44 - [MESSAGE][PASSED] - All options with value 'R-11' are selected in object ''  using regular expression

2019-07-31 00:50:46 - [MESSAGE][PASSED] - Delayed 2 second(s)

2019-07-31 00:50:46 - [MESSAGE][PASSED] - Attribute 'value' of object '' is: 'R-11'

2019-07-31 00:50:46 - [MESSAGE][PASSED] - Actual text 'R-11' and expected text 'R-11' are matched 

2019-07-31 00:50:46 - [MESSAGE][PASSED] - All options with value 'New' are selected in object ''  using regular expression

2019-07-31 00:50:48 - [MESSAGE][PASSED] - Delayed 2 second(s)

2019-07-31 00:50:48 - [MESSAGE][PASSED] - Attribute 'value' of object '' is: 'New'

2019-07-31 00:50:48 - [MESSAGE][PASSED] - Actual text 'New' and expected text 'New' are matched 

2019-07-31 00:50:49 - [MESSAGE][PASSED] - Text 'John James' is set on object ''

2019-07-31 00:50:51 - [MESSAGE][PASSED] - Delayed 2 second(s)

2019-07-31 00:50:51 - [MESSAGE][PASSED] - Attribute 'value' of object '' is: 'John James'

2019-07-31 00:50:51 - [MESSAGE][PASSED] - Actual text 'John James' and expected text 'John James' are matched 

2019-07-31 00:50:51 - [MESSAGE][PASSED] - Object: '' is clicked on

2019-07-31 00:50:51 - [MESSAGE][PASSED] - All options with value 'Window AC or heat pump' are selected in object ''  using regular expression

2019-07-31 00:50:53 - [MESSAGE][PASSED] - Delayed 2 second(s)

2019-07-31 00:50:53 - [MESSAGE][PASSED] - Attribute 'value' of object '' is: 'Window AC or heat pump'

2019-07-31 00:50:53 - [MESSAGE][PASSED] - Actual text 'Window AC or heat pump' and expected text 'Window AC or heat pump' are matched 

2019-07-31 00:50:53 - [MESSAGE][PASSED] - All options with value 'R-12' are selected in object ''  using regular expression

2019-07-31 00:50:55 - [MESSAGE][PASSED] - Delayed 2 second(s)

2019-07-31 00:50:55 - [MESSAGE][PASSED] - Attribute 'value' of object '' is: 'R-12'

2019-07-31 00:50:55 - [MESSAGE][PASSED] - Actual text 'R-12' and expected text 'R-12' are matched 

2019-07-31 00:50:56 - [MESSAGE][PASSED] - All options with value 'Existing' are selected in object ''  using regular expression

2019-07-31 00:50:58 - [MESSAGE][PASSED] - Delayed 2 second(s)

2019-07-31 00:50:58 - [MESSAGE][PASSED] - Attribute 'value' of object '' is: 'Existing'

2019-07-31 00:50:58 - [MESSAGE][PASSED] - Actual text 'Existing' and expected text 'Existing' are matched 

2019-07-31 00:50:58 - [MESSAGE][PASSED] - Text 'Automation' is set on object ''

2019-07-31 00:51:00 - [MESSAGE][PASSED] - Delayed 2 second(s)

2019-07-31 00:51:00 - [MESSAGE][PASSED] - Attribute 'value' of object '' is: 'Automation'

2019-07-31 00:51:00 - [MESSAGE][PASSED] - Actual text 'Automation' and expected text 'Automation' are matched 

2019-07-31 00:51:04 - [MESSAGE][PASSED] - Delayed 4 second(s)

2019-07-31 00:51:04 - [MESSAGE][PASSED] - Text '10' is set on object ''

2019-07-31 00:51:06 - [MESSAGE][PASSED] - Delayed 2 second(s)

2019-07-31 00:51:06 - [MESSAGE][PASSED] - Attribute 'value' of object '' is: '10'

2019-07-31 00:51:06 - [MESSAGE][PASSED] - Actual text '10' and expected text '10' are matched 

2019-07-31 00:51:06 - [MESSAGE][PASSED] - Text '20' is set on object ''

2019-07-31 00:51:08 - [MESSAGE][PASSED] - Delayed 2 second(s)

2019-07-31 00:51:08 - [MESSAGE][PASSED] - Attribute 'value' of object '' is: '20'

2019-07-31 00:51:08 - [MESSAGE][PASSED] - Actual text '20' and expected text '20' are matched 

2019-07-31 00:51:09 - [MESSAGE][PASSED] - Text '33' is set on object ''

2019-07-31 00:51:11 - [MESSAGE][PASSED] - Delayed 2 second(s)

2019-07-31 00:51:11 - [MESSAGE][PASSED] - Attribute 'value' of object '' is: '33'

2019-07-31 00:51:11 - [MESSAGE][PASSED] - Actual text '33' and expected text '33' are matched 

2019-07-31 00:51:11 - [MESSAGE][PASSED] - Text '30' is set on object ''

2019-07-31 00:51:13 - [MESSAGE][PASSED] - Delayed 2 second(s)

2019-07-31 00:51:13 - [MESSAGE][PASSED] - Attribute 'value' of object '' is: '30'

2019-07-31 00:51:13 - [MESSAGE][PASSED] - Actual text '30' and expected text '30' are matched 

2019-07-31 00:51:13 - [MESSAGE][PASSED] - Text '23' is set on object ''

2019-07-31 00:51:15 - [MESSAGE][PASSED] - Delayed 2 second(s)

2019-07-31 00:51:15 - [MESSAGE][PASSED] - Attribute 'value' of object '' is: '23'

2019-07-31 00:51:15 - [MESSAGE][PASSED] - Actual text '23' and expected text '23' are matched 

2019-07-31 00:51:15 - [MESSAGE][PASSED] - Text '20' is set on object ''

2019-07-31 00:51:17 - [MESSAGE][PASSED] - Delayed 2 second(s)

2019-07-31 00:51:17 - [MESSAGE][PASSED] - Attribute 'value' of object '' is: '20'

2019-07-31 00:51:17 - [MESSAGE][PASSED] - Actual text '20' and expected text '20' are matched 

2019-07-31 00:51:17 - [MESSAGE][PASSED] - Text '3' is set on object ''

2019-07-31 00:51:19 - [MESSAGE][PASSED] - Delayed 2 second(s)

2019-07-31 00:51:19 - [MESSAGE][PASSED] - Attribute 'value' of object '' is: '3'

2019-07-31 00:51:19 - [MESSAGE][PASSED] - Actual text '3' and expected text '3' are matched 

2019-07-31 00:51:19 - [MESSAGE][PASSED] - Text '4' is set on object ''

2019-07-31 00:51:21 - [MESSAGE][PASSED] - Delayed 2 second(s)

2019-07-31 00:51:21 - [MESSAGE][PASSED] - Attribute 'value' of object '' is: '4'

2019-07-31 00:51:21 - [MESSAGE][PASSED] - Actual text '4' and expected text '4' are matched 

2019-07-31 00:51:22 - [MESSAGE][PASSED] - Text '6' is set on object ''

2019-07-31 00:51:24 - [MESSAGE][PASSED] - Delayed 2 second(s)

2019-07-31 00:51:24 - [MESSAGE][PASSED] - Attribute 'value' of object '' is: '6'

2019-07-31 00:51:24 - [MESSAGE][PASSED] - Actual text '6' and expected text '6' are matched 

2019-07-31 00:51:24 - [MESSAGE][PASSED] - Text '7' is set on object ''

2019-07-31 00:51:26 - [MESSAGE][PASSED] - Delayed 2 second(s)

2019-07-31 00:51:26 - [MESSAGE][PASSED] - Attribute 'value' of object '' is: '7'

2019-07-31 00:51:26 - [MESSAGE][PASSED] - Actual text '7' and expected text '7' are matched 

2019-07-31 00:51:30 - [MESSAGE][PASSED] - Delayed 4 second(s)

2019-07-31 00:51:30 - [MESSAGE][PASSED] - Object '' is checked

2019-07-31 00:51:30 - [MESSAGE][PASSED] - Object '' is checked

2019-07-31 00:51:30 - [MESSAGE][PASSED] - Object: '' is clicked on

2019-07-31 00:51:34 - [MESSAGE][PASSED] - Delayed 4 second(s)

2019-07-31 00:51:35 - [MESSAGE][PASSED] - Text 'Form data saved successfully.' is present on page 

2019-07-31 00:51:41 - [MESSAGE][PASSED] - Delayed 6 second(s)

2019-07-31 00:51:43 - [MESSAGE][PASSED] - Delayed 2 second(s)

2019-07-31 00:51:43 - [MESSAGE][PASSED] - Object '' is present

2019-07-31 00:51:43 - [MESSAGE][PASSED] - Object: '' is clicked on

2019-07-31 00:51:53 - [MESSAGE][PASSED] - Delayed 10 second(s)

2019-07-31 00:51:59 - [MESSAGE][PASSED] - Delayed 6 second(s)

2019-07-31 00:51:59 - [MESSAGE][PASSED] - Text of object '' is: 'Known that everybody have the personal aim. It is defferent . For example, there are some people think that the most important thing in them life is career. While there are other people think that is family. me too. The most important thing with my life is my small and big family.7HNQS'

2019-07-31 00:51:59 - [MESSAGE][PASSED] - Actual text 'Found' and expected text 'Found' are matched 

2019-07-31 00:51:59 - [MESSAGE][PASSED] - Actual text 'Found' and expected text 'Found' are matched 

2019-07-31 00:51:59 - [MESSAGE][PASSED] - Text of object '' is: ''

2019-07-31 00:51:59 - [MESSAGE][PASSED] - Actual text 'Found' and expected text 'Found' are matched 

2019-07-31 00:52:07 - [MESSAGE][PASSED] - Delayed 8 second(s)

2019-07-31 00:52:16 - [MESSAGE][PASSED] - Delayed 8 second(s)

2019-07-31 00:52:16 - [MESSAGE][PASSED] - Actual text 'Found' and expected text 'Found' are matched 

2019-07-31 00:52:16 - [MESSAGE][PASSED] - Object: '' is clicked on

2019-07-31 00:52:18 - [MESSAGE][PASSED] - Delayed 2 second(s)

2019-07-31 00:52:18 - [MESSAGE][PASSED] - Object: '' is clicked on

2019-07-31 00:52:20 - [MESSAGE][PASSED] - Delayed 2 second(s)

2019-07-31 00:52:23 - [MESSAGE][PASSED] - Delayed 3 second(s)

2019-07-31 00:52:23 - [MESSAGE][PASSED] - Object: '' is clicked on

2019-07-31 00:52:25 - [MESSAGE][PASSED] - Navigate back successfully

2019-07-31 00:52:27 - [MESSAGE][PASSED] - Delayed 2 second(s)

2019-07-31 00:52:27 - [MESSAGE][PASSED] - Object: '' is clicked on

2019-07-31 00:52:32 - [MESSAGE][PASSED] - Delayed 5 second(s)

2019-07-31 00:52:34 - [MESSAGE][PASSED] - Delayed 2 second(s)

2019-07-31 00:52:36 - [MESSAGE][PASSED] - Navigate forward successfully

2019-07-31 00:52:38 - [MESSAGE][PASSED] - Delayed 2 second(s)

2019-07-31 00:52:43 - [MESSAGE][PASSED] - Delayed 5 second(s)

2019-07-31 00:52:43 - [MESSAGE][PASSED] - Object: '' is clicked on

2019-07-31 00:52:43 - [MESSAGE][PASSED] - Text of object '' is: 'ZZ.pdf'

2019-07-31 00:52:48 - [MESSAGE][PASSED] - Delayed 5 second(s)

2019-07-31 00:52:48 - [MESSAGE][PASSED] - Object: '' is hovered

2019-07-31 00:52:50 - [MESSAGE][PASSED] - Delayed 2 second(s)

2019-07-31 00:52:52 - [MESSAGE][PASSED] - Delayed 2 second(s)

2019-07-31 00:52:57 - [MESSAGE][PASSED] - Delayed 5 second(s)

2019-07-31 00:52:57 - [MESSAGE][PASSED] - Object: '' is clicked on

2019-07-31 00:52:57 - [MESSAGE][PASSED] - Text of object '' is: 'COO_1.pdf'

2019-07-31 00:53:02 - [MESSAGE][PASSED] - Delayed 5 second(s)

2019-07-31 00:53:02 - [MESSAGE][PASSED] - Object: '' is hovered

2019-07-31 00:53:04 - [MESSAGE][PASSED] - Delayed 2 second(s)

2019-07-31 00:53:09 - [MESSAGE][PASSED] - Delayed 5 second(s)

2019-07-31 00:53:11 - [MESSAGE][PASSED] - Delayed 2 second(s)

2019-07-31 00:53:12 - [MESSAGE][PASSED] - Delayed 1 second(s)

2019-07-31 00:53:12 - [MESSAGE][PASSED] - COO_1.pdf exist in G:/Sabareesh/Personal/USGBC_NewApproach1/USGBC_LEED/Include/TestData/DownloadedFiles and was deleted

2019-07-31 00:53:12 - [MESSAGE][PASSED] - 

2019-07-31 00:53:12 - [MESSAGE][PASSED] - Actual text 'COO_1.pdf' and expected text 'COO_1.pdf' are matched 

2019-07-31 00:53:14 - [MESSAGE][PASSED] - Delayed 2 second(s)

2019-07-31 00:53:16 - [MESSAGE][PASSED] - Delayed 2 second(s)

2019-07-31 00:53:17 - [MESSAGE][PASSED] - Delayed 1 second(s)

2019-07-31 00:53:17 - [MESSAGE][PASSED] - ZZ.pdf exist in G:/Sabareesh/Personal/USGBC_NewApproach1/USGBC_LEED/Include/TestData/DownloadedFiles and was deleted

2019-07-31 00:53:17 - [MESSAGE][PASSED] - 

2019-07-31 00:53:17 - [MESSAGE][PASSED] - Actual text 'ZZ.pdf' and expected text 'ZZ.pdf' are matched 

2019-07-31 00:53:19 - [MESSAGE][PASSED] - Delayed 2 second(s)

2019-07-31 00:53:20 - [MESSAGE][PASSED] - Object: '' is clicked on

2019-07-31 00:53:22 - [MESSAGE][PASSED] - Delayed 2 second(s)

2019-07-31 00:53:22 - [MESSAGE][PASSED] - Object: '' is clicked on

2019-07-31 00:53:25 - [MESSAGE][PASSED] - Delayed 3 second(s)

2019-07-31 00:53:25 - [MESSAGE][PASSED] - Object '' is present

2019-07-31 00:53:27 - [MESSAGE][PASSED] - Delayed 2 second(s)

2019-07-31 00:53:32 - [MESSAGE][PASSED] - Delayed 5 second(s)

2019-07-31 00:53:32 - [MESSAGE][PASSED] - Object: '' is clicked on

2019-07-31 00:53:34 - [MESSAGE][PASSED] - Delayed 2 second(s)

2019-07-31 00:53:34 - [MESSAGE][PASSED] - Object: '' is clicked on

2019-07-31 00:53:36 - [MESSAGE][PASSED] - Delayed 2 second(s)

2019-07-31 00:53:38 - [MESSAGE][PASSED] - Delayed 2 second(s)

2019-07-31 00:53:43 - [MESSAGE][PASSED] - Delayed 5 second(s)

2019-07-31 00:53:43 - [MESSAGE][PASSED] - Object: '' is clicked on

2019-07-31 00:53:45 - [MESSAGE][PASSED] - Delayed 2 second(s)

2019-07-31 00:53:45 - [MESSAGE][PASSED] - Object: '' is clicked on

2019-07-31 00:53:47 - [MESSAGE][PASSED] - Delayed 2 second(s)

2019-07-31 00:53:52 - [MESSAGE][PASSED] - Delayed 5 second(s)

2019-07-31 00:53:52 - [MESSAGE][PASSED] - Web element with id: '' located by 'By.xpath: (//table[@class='ui collapsing celled table unstackable'])[1]' is not present after '2' second(s)

2019-07-31 00:53:53 - [TEST_CASE][PASSED] - Test Cases/TC_Login: Test Cases/TC_Login

2019-07-31 00:53:53 - [TEST_STEP][PASSED] - runWithCucumberRunner(common.LoginRunner): Run with 'common.LoginRunner' was passed

2019-07-31 00:53:53 - [MESSAGE][WARNING] - A browser is already opened. Closing browser and opening a new one

2019-07-31 00:53:53 - [MESSAGE][INFO] - Starting 'Chrome (headless)' driver

2019-07-31 00:53:56 - [MESSAGE][PASSED] - Browser is opened with url: ''

2019-07-31 00:53:57 - [MESSAGE][PASSED] - Current window maximized

2019-07-31 00:53:59 - [MESSAGE][PASSED] - Navigate to 'https://leedonline-stg.usgbc.org' successfully

2019-07-31 00:53:59 - [MESSAGE][PASSED] - Text 'automationbdd9@gmail.com' is set on object ''

2019-07-31 00:54:00 - [MESSAGE][PASSED] - Text 'initpass' is set on object ''

2019-07-31 00:54:03 - [MESSAGE][PASSED] - Delayed 3 second(s)

2019-07-31 00:54:03 - [MESSAGE][PASSED] - Scroll to object '' successfully

2019-07-31 00:54:03 - [MESSAGE][PASSED] - Object '' is checked

2019-07-31 00:54:07 - [MESSAGE][PASSED] - Delayed 4 second(s)

2019-07-31 00:54:07 - [MESSAGE][PASSED] - The form containing object: '' is submitted

2019-07-31 00:54:07 - [MESSAGE][PASSED] - Run with 'common.LoginRunner' was passed

2019-07-31 00:54:07 - [MESSAGE][PASSED] - Call Test Case 'Test Cases/TC_Login' successfully

2019-07-31 00:54:12 - [MESSAGE][PASSED] - Object: '' is clicked on

2019-07-31 00:54:13 - [MESSAGE][PASSED] - Object: '' is clicked on

2019-07-31 00:54:15 - [MESSAGE][PASSED] - Delayed 2 second(s)

2019-07-31 00:54:15 - [MESSAGE][PASSED] - Text of object '' is: 'READY FOR REVIEW'

2019-07-31 00:54:15 - [MESSAGE][PASSED] - Object: '' is clicked on

2019-07-31 00:54:20 - [MESSAGE][PASSED] - Delayed 5 second(s)

2019-07-31 00:54:23 - [MESSAGE][PASSED] - Delayed 3 second(s)

2019-07-31 00:54:25 - [MESSAGE][PASSED] - Delayed 2 second(s)

2019-07-31 00:54:25 - [MESSAGE][PASSED] - Object: '' is clicked on

2019-07-31 00:54:25 - [MESSAGE][PASSED] - Text of object '' is: 'Fundamental Refrigerant Management'

2019-07-31 00:54:28 - [MESSAGE][PASSED] - Delayed 3 second(s)

2019-07-31 00:54:32 - [MESSAGE][PASSED] - Object: '' is clicked on

2019-07-31 00:54:37 - [MESSAGE][PASSED] - Delayed 5 second(s)

2019-07-31 00:54:37 - [MESSAGE][PASSED] - Object '' is checked

2019-07-31 00:54:38 - [MESSAGE][PASSED] - Text 'Because I see the mind is the most important.IZY8H' is set on object ''

2019-07-31 00:54:40 - [MESSAGE][PASSED] - Delayed 2 second(s)

2019-07-31 00:54:40 - [MESSAGE][PASSED] - Text of object '' is: 'Because I see the mind is the most important.IZY8H'

2019-07-31 00:54:40 - [MESSAGE][PASSED] - Actual text 'Because I see the mind is the most important.IZY8H' and expected text 'Because I see the mind is the most important.IZY8H' are matched 

2019-07-31 00:54:50 - [MESSAGE][PASSED] - Delayed 10 second(s)

2019-07-31 00:54:50 - [MESSAGE][PASSED] - Text of object '' is: 'Last draft saved on: 31 Jul 2019 00:54:41 AM  Clear draft'

2019-07-31 00:54:50 - [MESSAGE][PASSED] - Actual text 'null' and expected text 'Last draft saved on: 31 Jul 2019 00:54:41 AM  Clear draft' are not matched 

2019-07-31 00:55:00 - [MESSAGE][PASSED] - Delayed 10 second(s)

2019-07-31 00:55:00 - [MESSAGE][PASSED] - Text of object '' is: 'Last draft saved on: 31 Jul 2019 00:54:41 AM  Clear draft'

2019-07-31 00:55:00 - [MESSAGE][PASSED] - Actual text 'Last draft saved on: 31 Jul 2019 00:54:41 AM  Clear draft' and expected text 'Last draft saved on: 31 Jul 2019 00:54:41 AM  Clear draft' are matched 

2019-07-31 00:55:00 - [MESSAGE][PASSED] - Object '' has attribute 'class' with value 'tiny ui button'

2019-07-31 00:55:07 - [MESSAGE][PASSED] - Delayed 7 second(s)

2019-07-31 00:55:07 - [MESSAGE][PASSED] - File 'G:\Sabareesh\Personal\USGBC_NewApproach1\USGBC_LEED\Include\TestData\FilesToUpload\COO_1.pdf' sent to object: ''

2019-07-31 00:55:07 - [MESSAGE][PASSED] - Object '' has attribute 'class' with value 'tiny ui button'

2019-07-31 00:55:14 - [MESSAGE][PASSED] - Delayed 7 second(s)

2019-07-31 00:55:14 - [MESSAGE][PASSED] - File 'G:\Sabareesh\Personal\USGBC_NewApproach1\USGBC_LEED\Include\TestData\FilesToUpload\ZZ.pdf' sent to object: ''

2019-07-31 00:55:17 - [MESSAGE][PASSED] - Delayed 3 second(s)

2019-07-31 00:55:27 - [MESSAGE][PASSED] - Delayed 10 second(s)

2019-07-31 00:55:27 - [MESSAGE][PASSED] - Text of object '' is: 'Last draft saved on: 31 Jul 2019 00:54:41 AM  Clear draft'

2019-07-31 00:55:27 - [MESSAGE][PASSED] - Actual text 'Last draft saved on: 31 Jul 2019 00:54:41 AM  Clear draft' and expected text 'Last draft saved on: 31 Jul 2019 00:54:41 AM  Clear draft' are matched 

2019-07-31 00:55:27 - [MESSAGE][PASSED] - Object: '' is clicked on

2019-07-31 00:55:28 - [MESSAGE][PASSED] - Object: '' is clicked on

2019-07-31 00:55:30 - [MESSAGE][PASSED] - Delayed 2 second(s)

2019-07-31 00:55:30 - [TEST_CASE][PASSED] - Test Cases/TC_Login: Test Cases/TC_Login

2019-07-31 00:55:30 - [TEST_STEP][PASSED] - runWithCucumberRunner(common.LoginRunner): Run with 'common.LoginRunner' was passed

2019-07-31 00:55:30 - [MESSAGE][WARNING] - A browser is already opened. Closing browser and opening a new one

2019-07-31 00:55:31 - [MESSAGE][INFO] - Starting 'Chrome (headless)' driver

2019-07-31 00:55:34 - [MESSAGE][PASSED] - Browser is opened with url: ''

2019-07-31 00:55:35 - [MESSAGE][PASSED] - Current window maximized

2019-07-31 00:55:37 - [MESSAGE][PASSED] - Navigate to 'https://leedonline-stg.usgbc.org' successfully

2019-07-31 00:55:37 - [MESSAGE][PASSED] - Text 'automationbdd9@gmail.com' is set on object ''

2019-07-31 00:55:37 - [MESSAGE][PASSED] - Text 'initpass' is set on object ''

2019-07-31 00:55:40 - [MESSAGE][PASSED] - Delayed 3 second(s)

2019-07-31 00:55:40 - [MESSAGE][PASSED] - Scroll to object '' successfully

2019-07-31 00:55:40 - [MESSAGE][PASSED] - Object '' is checked

2019-07-31 00:55:44 - [MESSAGE][PASSED] - Delayed 4 second(s)

2019-07-31 00:55:45 - [MESSAGE][PASSED] - The form containing object: '' is submitted

2019-07-31 00:55:45 - [MESSAGE][PASSED] - Run with 'common.LoginRunner' was passed

2019-07-31 00:55:45 - [MESSAGE][PASSED] - Call Test Case 'Test Cases/TC_Login' successfully

2019-07-31 00:55:47 - [MESSAGE][PASSED] - Delayed 2 second(s)

2019-07-31 00:55:49 - [MESSAGE][PASSED] - Object: '' is clicked on

2019-07-31 00:55:51 - [MESSAGE][PASSED] - Delayed 2 second(s)

2019-07-31 00:55:52 - [MESSAGE][PASSED] - Object: '' is clicked on

2019-07-31 00:55:54 - [MESSAGE][PASSED] - Delayed 2 second(s)

2019-07-31 00:55:56 - [MESSAGE][PASSED] - Delayed 2 second(s)

2019-07-31 00:55:56 - [MESSAGE][PASSED] - Object: '' is clicked on

2019-07-31 00:55:56 - [MESSAGE][PASSED] - Text of object '' is: 'Fundamental Refrigerant Management'

2019-07-31 00:55:59 - [MESSAGE][PASSED] - Delayed 3 second(s)

2019-07-31 00:56:02 - [MESSAGE][PASSED] - Object: '' is clicked on

2019-07-31 00:56:06 - [MESSAGE][PASSED] - Delayed 4 second(s)

2019-07-31 00:56:06 - [MESSAGE][PASSED] - Object '' is present

2019-07-31 00:56:06 - [MESSAGE][PASSED] - Text of object '' is: 'Last draft saved on: 31 Jul 2019 00:54:41 AM  Clear draft'

2019-07-31 00:56:06 - [MESSAGE][PASSED] - Actual text 'Last draft saved on: 31 Jul 2019 00:54:41 AM  Clear draft' and expected text 'Last draft saved on: 31 Jul 2019 00:54:41 AM  Clear draft' are matched 

2019-07-31 00:56:07 - [MESSAGE][PASSED] - Object: '' is clicked on

2019-07-31 00:56:11 - [MESSAGE][PASSED] - Delayed 4 second(s)

2019-07-31 00:56:13 - [MESSAGE][PASSED] - Delayed 2 second(s)

2019-07-31 00:56:18 - [MESSAGE][PASSED] - Delayed 5 second(s)

2019-07-31 00:56:18 - [MESSAGE][PASSED] - Object: '' is clicked on

2019-07-31 00:56:20 - [MESSAGE][PASSED] - Delayed 2 second(s)

2019-07-31 00:56:20 - [MESSAGE][PASSED] - Object: '' is clicked on

2019-07-31 00:56:22 - [MESSAGE][PASSED] - Delayed 2 second(s)

2019-07-31 00:56:24 - [MESSAGE][PASSED] - Delayed 2 second(s)

2019-07-31 00:56:29 - [MESSAGE][PASSED] - Delayed 5 second(s)

2019-07-31 00:56:29 - [MESSAGE][PASSED] - Object: '' is clicked on

2019-07-31 00:56:31 - [MESSAGE][PASSED] - Delayed 2 second(s)

2019-07-31 00:56:31 - [MESSAGE][PASSED] - Object: '' is clicked on

2019-07-31 00:56:33 - [MESSAGE][PASSED] - Delayed 2 second(s)

2019-07-31 00:56:38 - [MESSAGE][PASSED] - Delayed 5 second(s)

2019-07-31 00:56:38 - [MESSAGE][PASSED] - Web element with id: '' located by 'By.xpath: (//table[@class='ui collapsing celled table unstackable'])[1]' is not present after '2' second(s)

2019-07-31 00:56:38 - [MESSAGE][PASSED] - Web element with id: '' located by 'By.xpath: //a[contains(text(),'Clear draft')]' is not present after '3' second(s)

2019-07-31 00:56:38 - [MESSAGE][PASSED] - Web element with id: '' located by 'By.xpath: //div[contains(text(),'Form drafted and not yet saved!')]' is not present after '2' second(s)

2019-07-31 00:56:39 - [MESSAGE][PASSED] - Text 'Because I see the mind is the most important.8V36A' is set on object ''

2019-07-31 00:56:41 - [MESSAGE][PASSED] - Delayed 2 second(s)

2019-07-31 00:56:41 - [MESSAGE][PASSED] - Text of object '' is: 'Because I see the mind is the most important.8V36A'

2019-07-31 00:56:41 - [MESSAGE][PASSED] - Actual text 'Because I see the mind is the most important.8V36A' and expected text 'Because I see the mind is the most important.8V36A' are matched 

2019-07-31 00:56:51 - [MESSAGE][PASSED] - Delayed 10 second(s)

2019-07-31 00:56:51 - [MESSAGE][PASSED] - Text of object '' is: 'Last draft saved on: 31 Jul 2019 00:56:45 AM  Clear draft'

2019-07-31 00:56:51 - [MESSAGE][PASSED] - Actual text 'Last draft saved on: 31 Jul 2019 00:54:41 AM  Clear draft' and expected text 'Last draft saved on: 31 Jul 2019 00:56:45 AM  Clear draft' are not matched 

2019-07-31 00:56:55 - [MESSAGE][PASSED] - Delayed 4 second(s)

2019-07-31 00:56:55 - [MESSAGE][PASSED] - Object: '' is clicked on

2019-07-31 00:56:57 - [MESSAGE][PASSED] - Delayed 2 second(s)

2019-07-31 00:56:57 - [MESSAGE][PASSED] - Object: '' is clicked on

2019-07-31 00:57:02 - [MESSAGE][PASSED] - Delayed 5 second(s)

2019-07-31 00:57:02 - [MESSAGE][PASSED] - Web element with id: '' located by 'By.xpath: //a[contains(text(),'Clear draft')]' is not present after '2' second(s)

2019-07-31 00:57:06 - [MESSAGE][PASSED] - Delayed 4 second(s)

2019-07-31 00:57:06 - [TEST_CASE][PASSED] - Test Cases/TC_Login: Test Cases/TC_Login

2019-07-31 00:57:06 - [TEST_STEP][PASSED] - runWithCucumberRunner(common.LoginRunner): Run with 'common.LoginRunner' was passed

2019-07-31 00:57:07 - [MESSAGE][WARNING] - A browser is already opened. Closing browser and opening a new one

2019-07-31 00:57:07 - [MESSAGE][INFO] - Starting 'Chrome (headless)' driver

2019-07-31 00:57:10 - [MESSAGE][PASSED] - Browser is opened with url: ''

2019-07-31 00:57:11 - [MESSAGE][PASSED] - Current window maximized

2019-07-31 00:57:13 - [MESSAGE][PASSED] - Navigate to 'https://leedonline-stg.usgbc.org' successfully

2019-07-31 00:57:13 - [MESSAGE][PASSED] - Text 'automationbdd9@gmail.com' is set on object ''

2019-07-31 00:57:14 - [MESSAGE][PASSED] - Text 'initpass' is set on object ''

2019-07-31 00:57:17 - [MESSAGE][PASSED] - Delayed 3 second(s)

2019-07-31 00:57:17 - [MESSAGE][PASSED] - Scroll to object '' successfully

2019-07-31 00:57:17 - [MESSAGE][PASSED] - Object '' is checked

2019-07-31 00:57:21 - [MESSAGE][PASSED] - Delayed 4 second(s)

2019-07-31 00:57:21 - [MESSAGE][PASSED] - The form containing object: '' is submitted

2019-07-31 00:57:21 - [MESSAGE][PASSED] - Run with 'common.LoginRunner' was passed

2019-07-31 00:57:21 - [MESSAGE][PASSED] - Call Test Case 'Test Cases/TC_Login' successfully

2019-07-31 00:57:25 - [MESSAGE][PASSED] - Object: '' is clicked on

2019-07-31 00:57:26 - [MESSAGE][PASSED] - Object: '' is clicked on

2019-07-31 00:57:28 - [MESSAGE][PASSED] - Delayed 2 second(s)

2019-07-31 00:57:28 - [MESSAGE][PASSED] - Text of object '' is: 'ATTEMPTED'

2019-07-31 00:57:31 - [MESSAGE][PASSED] - Delayed 3 second(s)

2019-07-31 00:57:33 - [MESSAGE][PASSED] - Delayed 2 second(s)

2019-07-31 00:57:33 - [MESSAGE][PASSED] - Object: '' is clicked on

2019-07-31 00:57:33 - [MESSAGE][PASSED] - Text of object '' is: 'Fundamental Refrigerant Management'

2019-07-31 00:57:36 - [MESSAGE][PASSED] - Delayed 3 second(s)

2019-07-31 00:57:39 - [MESSAGE][PASSED] - Object: '' is clicked on

2019-07-31 00:57:44 - [MESSAGE][PASSED] - Delayed 5 second(s)

2019-07-31 00:57:45 - [MESSAGE][PASSED] - Object: '' is clicked on

2019-07-31 00:57:55 - [MESSAGE][PASSED] - Delayed 10 second(s)

2019-07-31 00:57:55 - [MESSAGE][PASSED] - Object '' is present

2019-07-31 00:57:55 - [MESSAGE][PASSED] - Text of object '' is: 'Last draft saved on: 31 Jul 2019 00:57:49 AM  Clear draft'

2019-07-31 00:57:56 - [MESSAGE][PASSED] - Text 'Because I see the mind is the most important.F4NZZ' is set on object ''

2019-07-31 00:57:58 - [MESSAGE][PASSED] - Delayed 2 second(s)

2019-07-31 00:57:58 - [MESSAGE][PASSED] - Text of object '' is: 'Because I see the mind is the most important.F4NZZ'

2019-07-31 00:57:58 - [MESSAGE][PASSED] - Actual text 'Because I see the mind is the most important.F4NZZ' and expected text 'Because I see the mind is the most important.F4NZZ' are matched 

2019-07-31 00:58:08 - [MESSAGE][PASSED] - Delayed 10 second(s)

2019-07-31 00:58:08 - [MESSAGE][PASSED] - Text of object '' is: 'Last draft saved on: 31 Jul 2019 00:57:59 AM  Clear draft'

2019-07-31 00:58:08 - [MESSAGE][PASSED] - Actual text 'Last draft saved on: 31 Jul 2019 00:57:49 AM  Clear draft' and expected text 'Last draft saved on: 31 Jul 2019 00:57:59 AM  Clear draft' are not matched 

2019-07-31 00:58:18 - [MESSAGE][PASSED] - Delayed 10 second(s)

2019-07-31 00:58:18 - [MESSAGE][PASSED] - Text of object '' is: 'Last draft saved on: 31 Jul 2019 00:57:59 AM  Clear draft'

2019-07-31 00:58:18 - [MESSAGE][PASSED] - Actual text 'Last draft saved on: 31 Jul 2019 00:57:59 AM  Clear draft' and expected text 'Last draft saved on: 31 Jul 2019 00:57:59 AM  Clear draft' are matched 

2019-07-31 00:58:18 - [MESSAGE][PASSED] - Object '' has attribute 'class' with value 'tiny ui button'

2019-07-31 00:58:25 - [MESSAGE][PASSED] - Delayed 7 second(s)

2019-07-31 00:58:25 - [MESSAGE][PASSED] - File 'G:\Sabareesh\Personal\USGBC_NewApproach1\USGBC_LEED\Include\TestData\FilesToUpload\COO_1.pdf' sent to object: ''

2019-07-31 00:58:25 - [MESSAGE][PASSED] - Object '' has attribute 'class' with value 'tiny ui button'

2019-07-31 00:58:32 - [MESSAGE][PASSED] - Delayed 7 second(s)

2019-07-31 00:58:32 - [MESSAGE][PASSED] - File 'G:\Sabareesh\Personal\USGBC_NewApproach1\USGBC_LEED\Include\TestData\FilesToUpload\ZZ.pdf' sent to object: ''

2019-07-31 00:58:35 - [MESSAGE][PASSED] - Delayed 3 second(s)

2019-07-31 00:58:35 - [MESSAGE][PASSED] - Object '' has attribute 'class' with value 'tiny ui button'

2019-07-31 00:58:42 - [MESSAGE][PASSED] - Delayed 7 second(s)

2019-07-31 00:58:42 - [MESSAGE][PASSED] - File 'G:\Sabareesh\Personal\USGBC_NewApproach1\USGBC_LEED\Include\TestData\FilesToUpload\COO_1.pdf' sent to object: ''

2019-07-31 00:58:42 - [MESSAGE][PASSED] - Object '' has attribute 'class' with value 'tiny ui button'

2019-07-31 00:58:49 - [MESSAGE][PASSED] - Delayed 7 second(s)

2019-07-31 00:58:49 - [MESSAGE][PASSED] - File 'G:\Sabareesh\Personal\USGBC_NewApproach1\USGBC_LEED\Include\TestData\FilesToUpload\ZZ.pdf' sent to object: ''

2019-07-31 00:58:52 - [MESSAGE][PASSED] - Delayed 3 second(s)

2019-07-31 00:59:02 - [MESSAGE][PASSED] - Delayed 10 second(s)

2019-07-31 00:59:02 - [MESSAGE][PASSED] - Text of object '' is: 'Last draft saved on: 31 Jul 2019 00:57:59 AM  Clear draft'

2019-07-31 00:59:02 - [MESSAGE][PASSED] - Actual text 'Last draft saved on: 31 Jul 2019 00:57:59 AM  Clear draft' and expected text 'Last draft saved on: 31 Jul 2019 00:57:59 AM  Clear draft' are matched 

2019-07-31 00:59:05 - [MESSAGE][PASSED] - Delayed 3 second(s)

2019-07-31 00:59:09 - [MESSAGE][PASSED] - Delayed 3 second(s)

2019-07-31 00:59:19 - [MESSAGE][PASSED] - Delayed 10 second(s)

2019-07-31 00:59:19 - [MESSAGE][PASSED] - Text of object '' is: 'Last draft saved on: 31 Jul 2019 00:59:09 AM  Clear draft'

2019-07-31 00:59:19 - [MESSAGE][PASSED] - Actual text 'Last draft saved on: 31 Jul 2019 00:57:59 AM  Clear draft' and expected text 'Last draft saved on: 31 Jul 2019 00:59:09 AM  Clear draft' are not matched 

2019-07-31 00:59:19 - [MESSAGE][PASSED] - All options with value 'VRF' are selected in object ''  using regular expression

2019-07-31 00:59:21 - [MESSAGE][PASSED] - Delayed 2 second(s)

2019-07-31 00:59:21 - [MESSAGE][PASSED] - Attribute 'value' of object '' is: 'VRF'

2019-07-31 00:59:21 - [MESSAGE][PASSED] - Actual text 'VRF' and expected text 'VRF' are matched 

2019-07-31 00:59:21 - [MESSAGE][PASSED] - All options with value 'R-11' are selected in object ''  using regular expression

2019-07-31 00:59:23 - [MESSAGE][PASSED] - Delayed 2 second(s)

2019-07-31 00:59:23 - [MESSAGE][PASSED] - Attribute 'value' of object '' is: 'R-11'

2019-07-31 00:59:23 - [MESSAGE][PASSED] - Actual text 'R-11' and expected text 'R-11' are matched 

2019-07-31 00:59:24 - [MESSAGE][PASSED] - All options with value 'New' are selected in object ''  using regular expression

2019-07-31 00:59:26 - [MESSAGE][PASSED] - Delayed 2 second(s)

2019-07-31 00:59:26 - [MESSAGE][PASSED] - Attribute 'value' of object '' is: 'New'

2019-07-31 00:59:26 - [MESSAGE][PASSED] - Actual text 'New' and expected text 'New' are matched 

2019-07-31 00:59:26 - [MESSAGE][PASSED] - Text 'John James' is set on object ''

2019-07-31 00:59:28 - [MESSAGE][PASSED] - Delayed 2 second(s)

2019-07-31 00:59:28 - [MESSAGE][PASSED] - Attribute 'value' of object '' is: 'John James'

2019-07-31 00:59:28 - [MESSAGE][PASSED] - Actual text 'John James' and expected text 'John James' are matched 

2019-07-31 00:59:28 - [MESSAGE][PASSED] - Object: '' is clicked on

2019-07-31 00:59:28 - [MESSAGE][PASSED] - All options with value 'Window AC or heat pump' are selected in object ''  using regular expression

2019-07-31 00:59:30 - [MESSAGE][PASSED] - Delayed 2 second(s)

2019-07-31 00:59:30 - [MESSAGE][PASSED] - Attribute 'value' of object '' is: 'Window AC or heat pump'

2019-07-31 00:59:30 - [MESSAGE][PASSED] - Actual text 'Window AC or heat pump' and expected text 'Window AC or heat pump' are matched 

2019-07-31 00:59:31 - [MESSAGE][PASSED] - All options with value 'R-12' are selected in object ''  using regular expression

2019-07-31 00:59:33 - [MESSAGE][PASSED] - Delayed 2 second(s)

2019-07-31 00:59:33 - [MESSAGE][PASSED] - Attribute 'value' of object '' is: 'R-12'

2019-07-31 00:59:33 - [MESSAGE][PASSED] - Actual text 'R-12' and expected text 'R-12' are matched 

2019-07-31 00:59:33 - [MESSAGE][PASSED] - All options with value 'Existing' are selected in object ''  using regular expression

2019-07-31 00:59:35 - [MESSAGE][PASSED] - Delayed 2 second(s)

2019-07-31 00:59:35 - [MESSAGE][PASSED] - Attribute 'value' of object '' is: 'Existing'

2019-07-31 00:59:35 - [MESSAGE][PASSED] - Actual text 'Existing' and expected text 'Existing' are matched 

2019-07-31 00:59:35 - [MESSAGE][PASSED] - Text 'Automation' is set on object ''

2019-07-31 00:59:37 - [MESSAGE][PASSED] - Delayed 2 second(s)

2019-07-31 00:59:37 - [MESSAGE][PASSED] - Attribute 'value' of object '' is: 'Automation'

2019-07-31 00:59:37 - [MESSAGE][PASSED] - Actual text 'Automation' and expected text 'Automation' are matched 

2019-07-31 00:59:41 - [MESSAGE][PASSED] - Delayed 4 second(s)

2019-07-31 00:59:51 - [MESSAGE][PASSED] - Delayed 10 second(s)

2019-07-31 00:59:51 - [MESSAGE][PASSED] - Text of object '' is: 'Last draft saved on: 31 Jul 2019 00:59:39 AM  Clear draft'

2019-07-31 00:59:51 - [MESSAGE][PASSED] - Actual text 'Last draft saved on: 31 Jul 2019 00:59:09 AM  Clear draft' and expected text 'Last draft saved on: 31 Jul 2019 00:59:39 AM  Clear draft' are not matched 

2019-07-31 00:59:51 - [MESSAGE][PASSED] - Object: '' is clicked on

2019-07-31 00:59:52 - [MESSAGE][PASSED] - Object: '' is clicked on

2019-07-31 00:59:54 - [MESSAGE][PASSED] - Delayed 2 second(s)

2019-07-31 00:59:54 - [TEST_CASE][PASSED] - Test Cases/TC_Login: Test Cases/TC_Login

2019-07-31 00:59:54 - [TEST_STEP][PASSED] - runWithCucumberRunner(common.LoginRunner): Run with 'common.LoginRunner' was passed

2019-07-31 00:59:55 - [MESSAGE][WARNING] - A browser is already opened. Closing browser and opening a new one

2019-07-31 00:59:55 - [MESSAGE][INFO] - Starting 'Chrome (headless)' driver

2019-07-31 00:59:58 - [MESSAGE][PASSED] - Browser is opened with url: ''

2019-07-31 00:59:59 - [MESSAGE][PASSED] - Current window maximized

2019-07-31 01:00:01 - [MESSAGE][PASSED] - Navigate to 'https://leedonline-stg.usgbc.org' successfully

2019-07-31 01:00:01 - [MESSAGE][PASSED] - Text 'automationbdd9@gmail.com' is set on object ''

2019-07-31 01:00:02 - [MESSAGE][PASSED] - Text 'initpass' is set on object ''

2019-07-31 01:00:05 - [MESSAGE][PASSED] - Delayed 3 second(s)

2019-07-31 01:00:05 - [MESSAGE][PASSED] - Scroll to object '' successfully

2019-07-31 01:00:05 - [MESSAGE][PASSED] - Object '' is checked

2019-07-31 01:00:09 - [MESSAGE][PASSED] - Delayed 4 second(s)

2019-07-31 01:00:09 - [MESSAGE][PASSED] - The form containing object: '' is submitted

2019-07-31 01:00:09 - [MESSAGE][PASSED] - Run with 'common.LoginRunner' was passed

2019-07-31 01:00:09 - [MESSAGE][PASSED] - Call Test Case 'Test Cases/TC_Login' successfully

2019-07-31 01:00:11 - [MESSAGE][PASSED] - Delayed 2 second(s)

2019-07-31 01:00:13 - [MESSAGE][PASSED] - Object: '' is clicked on

2019-07-31 01:00:15 - [MESSAGE][PASSED] - Delayed 2 second(s)

2019-07-31 01:00:16 - [MESSAGE][PASSED] - Object: '' is clicked on

2019-07-31 01:00:18 - [MESSAGE][PASSED] - Delayed 2 second(s)

2019-07-31 01:00:20 - [MESSAGE][PASSED] - Delayed 2 second(s)

2019-07-31 01:00:20 - [MESSAGE][PASSED] - Object: '' is clicked on

2019-07-31 01:00:20 - [MESSAGE][PASSED] - Text of object '' is: 'Fundamental Refrigerant Management'

2019-07-31 01:00:23 - [MESSAGE][PASSED] - Delayed 3 second(s)

2019-07-31 01:00:27 - [MESSAGE][PASSED] - Object: '' is clicked on

2019-07-31 01:00:31 - [MESSAGE][PASSED] - Delayed 4 second(s)

2019-07-31 01:00:31 - [MESSAGE][PASSED] - Object '' is present

2019-07-31 01:00:31 - [MESSAGE][PASSED] - Text of object '' is: 'Last draft saved on: 31 Jul 2019 00:59:39 AM  Clear draft'

2019-07-31 01:00:31 - [MESSAGE][PASSED] - Actual text 'Last draft saved on: 31 Jul 2019 00:59:39 AM  Clear draft' and expected text 'Last draft saved on: 31 Jul 2019 00:59:39 AM  Clear draft' are matched 

2019-07-31 01:00:31 - [MESSAGE][PASSED] - Object: '' is clicked on

2019-07-31 01:00:35 - [MESSAGE][PASSED] - Delayed 4 second(s)

2019-07-31 01:00:37 - [MESSAGE][PASSED] - Delayed 2 second(s)

2019-07-31 01:00:42 - [MESSAGE][PASSED] - Delayed 5 second(s)

2019-07-31 01:00:42 - [MESSAGE][PASSED] - Object: '' is clicked on

2019-07-31 01:00:44 - [MESSAGE][PASSED] - Delayed 2 second(s)

2019-07-31 01:00:45 - [MESSAGE][PASSED] - Object: '' is clicked on

2019-07-31 01:00:47 - [MESSAGE][PASSED] - Delayed 2 second(s)

2019-07-31 01:00:49 - [MESSAGE][PASSED] - Delayed 2 second(s)

2019-07-31 01:00:54 - [MESSAGE][PASSED] - Delayed 5 second(s)

2019-07-31 01:00:54 - [MESSAGE][PASSED] - Object: '' is clicked on

2019-07-31 01:00:56 - [MESSAGE][PASSED] - Delayed 2 second(s)

2019-07-31 01:00:56 - [MESSAGE][PASSED] - Object: '' is clicked on

2019-07-31 01:00:58 - [MESSAGE][PASSED] - Delayed 2 second(s)

2019-07-31 01:01:03 - [MESSAGE][PASSED] - Delayed 5 second(s)

2019-07-31 01:01:03 - [MESSAGE][PASSED] - Web element with id: '' located by 'By.xpath: (//table[@class='ui collapsing celled table unstackable'])[2]' is not present after '2' second(s)

2019-07-31 01:01:05 - [MESSAGE][PASSED] - Delayed 2 second(s)

2019-07-31 01:01:10 - [MESSAGE][PASSED] - Delayed 5 second(s)

2019-07-31 01:01:10 - [MESSAGE][PASSED] - Object: '' is clicked on

2019-07-31 01:01:12 - [MESSAGE][PASSED] - Delayed 2 second(s)

2019-07-31 01:01:12 - [MESSAGE][PASSED] - Object: '' is clicked on

2019-07-31 01:01:14 - [MESSAGE][PASSED] - Delayed 2 second(s)

2019-07-31 01:01:16 - [MESSAGE][PASSED] - Delayed 2 second(s)

2019-07-31 01:01:21 - [MESSAGE][PASSED] - Delayed 5 second(s)

2019-07-31 01:01:21 - [MESSAGE][PASSED] - Object: '' is clicked on

2019-07-31 01:01:23 - [MESSAGE][PASSED] - Delayed 2 second(s)

2019-07-31 01:01:24 - [MESSAGE][PASSED] - Object: '' is clicked on

2019-07-31 01:01:26 - [MESSAGE][PASSED] - Delayed 2 second(s)

2019-07-31 01:01:31 - [MESSAGE][PASSED] - Delayed 5 second(s)

2019-07-31 01:01:31 - [MESSAGE][PASSED] - Web element with id: '' located by 'By.xpath: (//table[@class='ui collapsing celled table unstackable'])[1]' is not present after '2' second(s)

2019-07-31 01:01:31 - [MESSAGE][PASSED] - Web element with id: '' located by 'By.xpath: //a[contains(text(),'Clear draft')]' is not present after '3' second(s)

2019-07-31 01:01:31 - [MESSAGE][PASSED] - Web element with id: '' located by 'By.xpath: //div[contains(text(),'Form drafted and not yet saved!')]' is not present after '2' second(s)

2019-07-31 01:01:31 - [MESSAGE][PASSED] - Text 'Because I see the mind is the most important.TB815' is set on object ''

2019-07-31 01:01:33 - [MESSAGE][PASSED] - Delayed 2 second(s)

2019-07-31 01:01:33 - [MESSAGE][PASSED] - Text of object '' is: 'Because I see the mind is the most important.TB815'

2019-07-31 01:01:33 - [MESSAGE][PASSED] - Actual text 'Because I see the mind is the most important.TB815' and expected text 'Because I see the mind is the most important.TB815' are matched 

2019-07-31 01:01:43 - [MESSAGE][PASSED] - Delayed 10 second(s)

2019-07-31 01:01:43 - [MESSAGE][PASSED] - Text of object '' is: 'Last draft saved on: 31 Jul 2019 01:01:40 AM  Clear draft'

2019-07-31 01:01:43 - [MESSAGE][PASSED] - Actual text 'Last draft saved on: 31 Jul 2019 00:59:39 AM  Clear draft' and expected text 'Last draft saved on: 31 Jul 2019 01:01:40 AM  Clear draft' are not matched 

2019-07-31 01:01:47 - [MESSAGE][PASSED] - Delayed 4 second(s)

2019-07-31 01:01:48 - [MESSAGE][PASSED] - Object: '' is clicked on

2019-07-31 01:01:50 - [MESSAGE][PASSED] - Delayed 2 second(s)

2019-07-31 01:01:50 - [MESSAGE][PASSED] - Object: '' is clicked on

2019-07-31 01:01:55 - [MESSAGE][PASSED] - Delayed 5 second(s)

2019-07-31 01:01:55 - [MESSAGE][PASSED] - Web element with id: '' located by 'By.xpath: //a[contains(text(),'Clear draft')]' is not present after '2' second(s)

2019-07-31 01:01:59 - [MESSAGE][PASSED] - Delayed 4 second(s)

2019-07-31 01:01:59 - [TEST_CASE][PASSED] - Test Cases/TC_Login: Test Cases/TC_Login

2019-07-31 01:01:59 - [TEST_STEP][PASSED] - runWithCucumberRunner(common.LoginRunner): Run with 'common.LoginRunner' was passed

2019-07-31 01:01:59 - [MESSAGE][WARNING] - A browser is already opened. Closing browser and opening a new one

2019-07-31 01:02:00 - [MESSAGE][INFO] - Starting 'Chrome (headless)' driver

2019-07-31 01:02:02 - [MESSAGE][PASSED] - Browser is opened with url: ''

2019-07-31 01:02:04 - [MESSAGE][PASSED] - Current window maximized

2019-07-31 01:02:06 - [MESSAGE][PASSED] - Navigate to 'https://leedonline-stg.usgbc.org' successfully

2019-07-31 01:02:07 - [MESSAGE][PASSED] - Text 'automationbdd9@gmail.com' is set on object ''

2019-07-31 01:02:07 - [MESSAGE][PASSED] - Text 'initpass' is set on object ''

2019-07-31 01:02:10 - [MESSAGE][PASSED] - Delayed 3 second(s)

2019-07-31 01:02:10 - [MESSAGE][PASSED] - Scroll to object '' successfully

2019-07-31 01:02:10 - [MESSAGE][PASSED] - Object '' is checked

2019-07-31 01:02:14 - [MESSAGE][PASSED] - Delayed 4 second(s)

2019-07-31 01:02:14 - [MESSAGE][PASSED] - The form containing object: '' is submitted

2019-07-31 01:02:14 - [MESSAGE][PASSED] - Run with 'common.LoginRunner' was passed

2019-07-31 01:02:14 - [MESSAGE][PASSED] - Call Test Case 'Test Cases/TC_Login' successfully

2019-07-31 01:02:19 - [MESSAGE][PASSED] - Object: '' is clicked on

2019-07-31 01:02:20 - [MESSAGE][PASSED] - Object: '' is clicked on

2019-07-31 01:02:22 - [MESSAGE][PASSED] - Delayed 2 second(s)

2019-07-31 01:02:22 - [MESSAGE][PASSED] - Text of object '' is: 'ATTEMPTED'

2019-07-31 01:02:25 - [MESSAGE][PASSED] - Delayed 3 second(s)

2019-07-31 01:02:27 - [MESSAGE][PASSED] - Delayed 2 second(s)

2019-07-31 01:02:27 - [MESSAGE][PASSED] - Object: '' is clicked on

2019-07-31 01:02:27 - [MESSAGE][PASSED] - Text of object '' is: 'Fundamental Refrigerant Management'

2019-07-31 01:02:30 - [MESSAGE][PASSED] - Delayed 3 second(s)

2019-07-31 01:02:33 - [MESSAGE][PASSED] - Object: '' is clicked on

2019-07-31 01:02:38 - [MESSAGE][PASSED] - Delayed 5 second(s)

2019-07-31 01:02:38 - [MESSAGE][PASSED] - Object: '' is clicked on

2019-07-31 01:02:49 - [MESSAGE][PASSED] - Delayed 10 second(s)

2019-07-31 01:02:49 - [MESSAGE][PASSED] - Object '' is present

2019-07-31 01:02:49 - [MESSAGE][PASSED] - Text of object '' is: 'Last draft saved on: 31 Jul 2019 01:02:42 AM  Clear draft'

2019-07-31 01:02:49 - [MESSAGE][PASSED] - Text 'Because I see the mind is the most important.3S5WL' is set on object ''

2019-07-31 01:02:51 - [MESSAGE][PASSED] - Delayed 2 second(s)

2019-07-31 01:02:51 - [MESSAGE][PASSED] - Text of object '' is: 'Because I see the mind is the most important.3S5WL'

2019-07-31 01:02:51 - [MESSAGE][PASSED] - Actual text 'Because I see the mind is the most important.3S5WL' and expected text 'Because I see the mind is the most important.3S5WL' are matched 

2019-07-31 01:03:01 - [MESSAGE][PASSED] - Delayed 10 second(s)

2019-07-31 01:03:01 - [MESSAGE][PASSED] - Text of object '' is: 'Last draft saved on: 31 Jul 2019 01:02:52 AM  Clear draft'

2019-07-31 01:03:01 - [MESSAGE][PASSED] - Actual text 'Last draft saved on: 31 Jul 2019 01:02:42 AM  Clear draft' and expected text 'Last draft saved on: 31 Jul 2019 01:02:52 AM  Clear draft' are not matched 

2019-07-31 01:03:11 - [MESSAGE][PASSED] - Delayed 10 second(s)

2019-07-31 01:03:11 - [MESSAGE][PASSED] - Text of object '' is: 'Last draft saved on: 31 Jul 2019 01:02:52 AM  Clear draft'

2019-07-31 01:03:11 - [MESSAGE][PASSED] - Actual text 'Last draft saved on: 31 Jul 2019 01:02:52 AM  Clear draft' and expected text 'Last draft saved on: 31 Jul 2019 01:02:52 AM  Clear draft' are matched 

2019-07-31 01:03:11 - [MESSAGE][PASSED] - Object '' has attribute 'class' with value 'tiny ui button'

2019-07-31 01:03:18 - [MESSAGE][PASSED] - Delayed 7 second(s)

2019-07-31 01:03:19 - [MESSAGE][PASSED] - File 'G:\Sabareesh\Personal\USGBC_NewApproach1\USGBC_LEED\Include\TestData\FilesToUpload\COO_1.pdf' sent to object: ''

2019-07-31 01:03:19 - [MESSAGE][PASSED] - Object '' has attribute 'class' with value 'tiny ui button'

2019-07-31 01:03:26 - [MESSAGE][PASSED] - Delayed 7 second(s)

2019-07-31 01:03:26 - [MESSAGE][PASSED] - File 'G:\Sabareesh\Personal\USGBC_NewApproach1\USGBC_LEED\Include\TestData\FilesToUpload\ZZ.pdf' sent to object: ''

2019-07-31 01:03:29 - [MESSAGE][PASSED] - Delayed 3 second(s)

2019-07-31 01:03:39 - [MESSAGE][PASSED] - Delayed 10 second(s)

2019-07-31 01:03:39 - [MESSAGE][PASSED] - Text of object '' is: 'Last draft saved on: 31 Jul 2019 01:02:52 AM  Clear draft'

2019-07-31 01:03:39 - [MESSAGE][PASSED] - Actual text 'Last draft saved on: 31 Jul 2019 01:02:52 AM  Clear draft' and expected text 'Last draft saved on: 31 Jul 2019 01:02:52 AM  Clear draft' are matched 

2019-07-31 01:03:42 - [MESSAGE][PASSED] - Delayed 3 second(s)

2019-07-31 01:03:45 - [MESSAGE][PASSED] - Delayed 3 second(s)

2019-07-31 01:03:55 - [MESSAGE][PASSED] - Delayed 10 second(s)

2019-07-31 01:03:55 - [MESSAGE][PASSED] - Text of object '' is: 'Last draft saved on: 31 Jul 2019 01:03:42 AM  Clear draft'

2019-07-31 01:03:55 - [MESSAGE][PASSED] - Actual text 'Last draft saved on: 31 Jul 2019 01:02:52 AM  Clear draft' and expected text 'Last draft saved on: 31 Jul 2019 01:03:42 AM  Clear draft' are not matched 

2019-07-31 01:03:56 - [MESSAGE][PASSED] - Text 'Filling text box for Auto save' is set on object ''

2019-07-31 01:03:58 - [MESSAGE][PASSED] - Delayed 2 second(s)

2019-07-31 01:03:58 - [MESSAGE][PASSED] - Attribute 'value' of object '' is: 'Filling text box for Auto save'

2019-07-31 01:03:58 - [MESSAGE][PASSED] - Actual text 'Filling text box for Auto save' and expected text 'Filling text box for Auto save' are matched 

2019-07-31 01:04:08 - [MESSAGE][PASSED] - Delayed 10 second(s)

2019-07-31 01:04:08 - [MESSAGE][PASSED] - Text of object '' is: 'Last draft saved on: 31 Jul 2019 01:04:02 AM  Clear draft'

2019-07-31 01:04:08 - [MESSAGE][PASSED] - Actual text 'Last draft saved on: 31 Jul 2019 01:03:42 AM  Clear draft' and expected text 'Last draft saved on: 31 Jul 2019 01:04:02 AM  Clear draft' are not matched 

2019-07-31 01:04:08 - [MESSAGE][PASSED] - All options with value 'VRF' are selected in object ''  using regular expression

2019-07-31 01:04:10 - [MESSAGE][PASSED] - Delayed 2 second(s)

2019-07-31 01:04:10 - [MESSAGE][PASSED] - Attribute 'value' of object '' is: 'VRF'

2019-07-31 01:04:10 - [MESSAGE][PASSED] - Actual text 'VRF' and expected text 'VRF' are matched 

2019-07-31 01:04:10 - [MESSAGE][PASSED] - All options with value 'R-11' are selected in object ''  using regular expression

2019-07-31 01:04:12 - [MESSAGE][PASSED] - Delayed 2 second(s)

2019-07-31 01:04:12 - [MESSAGE][PASSED] - Attribute 'value' of object '' is: 'R-11'

2019-07-31 01:04:12 - [MESSAGE][PASSED] - Actual text 'R-11' and expected text 'R-11' are matched 

2019-07-31 01:04:12 - [MESSAGE][PASSED] - All options with value 'New' are selected in object ''  using regular expression

2019-07-31 01:04:14 - [MESSAGE][PASSED] - Delayed 2 second(s)

2019-07-31 01:04:15 - [MESSAGE][PASSED] - Attribute 'value' of object '' is: 'New'

2019-07-31 01:04:15 - [MESSAGE][PASSED] - Actual text 'New' and expected text 'New' are matched 

2019-07-31 01:04:15 - [MESSAGE][PASSED] - Text 'John James' is set on object ''

2019-07-31 01:04:17 - [MESSAGE][PASSED] - Delayed 2 second(s)

2019-07-31 01:04:17 - [MESSAGE][PASSED] - Attribute 'value' of object '' is: 'John James'

2019-07-31 01:04:17 - [MESSAGE][PASSED] - Actual text 'John James' and expected text 'John James' are matched 

2019-07-31 01:04:17 - [MESSAGE][PASSED] - Object: '' is clicked on

2019-07-31 01:04:17 - [MESSAGE][PASSED] - All options with value 'Window AC or heat pump' are selected in object ''  using regular expression

2019-07-31 01:04:19 - [MESSAGE][PASSED] - Delayed 2 second(s)

2019-07-31 01:04:19 - [MESSAGE][PASSED] - Attribute 'value' of object '' is: 'Window AC or heat pump'

2019-07-31 01:04:19 - [MESSAGE][PASSED] - Actual text 'Window AC or heat pump' and expected text 'Window AC or heat pump' are matched 

2019-07-31 01:04:20 - [MESSAGE][PASSED] - All options with value 'R-12' are selected in object ''  using regular expression

2019-07-31 01:04:22 - [MESSAGE][PASSED] - Delayed 2 second(s)

2019-07-31 01:04:22 - [MESSAGE][PASSED] - Attribute 'value' of object '' is: 'R-12'

2019-07-31 01:04:22 - [MESSAGE][PASSED] - Actual text 'R-12' and expected text 'R-12' are matched 

2019-07-31 01:04:22 - [MESSAGE][PASSED] - All options with value 'Existing' are selected in object ''  using regular expression

2019-07-31 01:04:24 - [MESSAGE][PASSED] - Delayed 2 second(s)

2019-07-31 01:04:24 - [MESSAGE][PASSED] - Attribute 'value' of object '' is: 'Existing'

2019-07-31 01:04:24 - [MESSAGE][PASSED] - Actual text 'Existing' and expected text 'Existing' are matched 

2019-07-31 01:04:24 - [MESSAGE][PASSED] - Text 'Automation' is set on object ''

2019-07-31 01:04:26 - [MESSAGE][PASSED] - Delayed 2 second(s)

2019-07-31 01:04:26 - [MESSAGE][PASSED] - Attribute 'value' of object '' is: 'Automation'

2019-07-31 01:04:26 - [MESSAGE][PASSED] - Actual text 'Automation' and expected text 'Automation' are matched 

2019-07-31 01:04:30 - [MESSAGE][PASSED] - Delayed 4 second(s)

2019-07-31 01:04:30 - [MESSAGE][PASSED] - Text '10' is set on object ''

2019-07-31 01:04:32 - [MESSAGE][PASSED] - Delayed 2 second(s)

2019-07-31 01:04:32 - [MESSAGE][PASSED] - Attribute 'value' of object '' is: '10'

2019-07-31 01:04:32 - [MESSAGE][PASSED] - Actual text '10' and expected text '10' are matched 

2019-07-31 01:04:33 - [MESSAGE][PASSED] - Text '20' is set on object ''

2019-07-31 01:04:35 - [MESSAGE][PASSED] - Delayed 2 second(s)

2019-07-31 01:04:35 - [MESSAGE][PASSED] - Attribute 'value' of object '' is: '20'

2019-07-31 01:04:35 - [MESSAGE][PASSED] - Actual text '20' and expected text '20' are matched 

2019-07-31 01:04:35 - [MESSAGE][PASSED] - Text '33' is set on object ''

2019-07-31 01:04:37 - [MESSAGE][PASSED] - Delayed 2 second(s)

2019-07-31 01:04:37 - [MESSAGE][PASSED] - Attribute 'value' of object '' is: '33'

2019-07-31 01:04:37 - [MESSAGE][PASSED] - Actual text '33' and expected text '33' are matched 

2019-07-31 01:04:37 - [MESSAGE][PASSED] - Text '30' is set on object ''

2019-07-31 01:04:39 - [MESSAGE][PASSED] - Delayed 2 second(s)

2019-07-31 01:04:39 - [MESSAGE][PASSED] - Attribute 'value' of object '' is: '30'

2019-07-31 01:04:39 - [MESSAGE][PASSED] - Actual text '30' and expected text '30' are matched 

2019-07-31 01:04:39 - [MESSAGE][PASSED] - Text '23' is set on object ''

2019-07-31 01:04:41 - [MESSAGE][PASSED] - Delayed 2 second(s)

2019-07-31 01:04:41 - [MESSAGE][PASSED] - Attribute 'value' of object '' is: '23'

2019-07-31 01:04:41 - [MESSAGE][PASSED] - Actual text '23' and expected text '23' are matched 

2019-07-31 01:04:41 - [MESSAGE][PASSED] - Text '20' is set on object ''

2019-07-31 01:04:43 - [MESSAGE][PASSED] - Delayed 2 second(s)

2019-07-31 01:04:43 - [MESSAGE][PASSED] - Attribute 'value' of object '' is: '20'

2019-07-31 01:04:43 - [MESSAGE][PASSED] - Actual text '20' and expected text '20' are matched 

2019-07-31 01:04:43 - [MESSAGE][PASSED] - Text '3' is set on object ''

2019-07-31 01:04:45 - [MESSAGE][PASSED] - Delayed 2 second(s)

2019-07-31 01:04:45 - [MESSAGE][PASSED] - Attribute 'value' of object '' is: '3'

2019-07-31 01:04:45 - [MESSAGE][PASSED] - Actual text '3' and expected text '3' are matched 

2019-07-31 01:04:46 - [MESSAGE][PASSED] - Text '4' is set on object ''

2019-07-31 01:04:48 - [MESSAGE][PASSED] - Delayed 2 second(s)

2019-07-31 01:04:48 - [MESSAGE][PASSED] - Attribute 'value' of object '' is: '4'

2019-07-31 01:04:48 - [MESSAGE][PASSED] - Actual text '4' and expected text '4' are matched 

2019-07-31 01:04:48 - [MESSAGE][PASSED] - Text '6' is set on object ''

2019-07-31 01:04:50 - [MESSAGE][PASSED] - Delayed 2 second(s)

2019-07-31 01:04:50 - [MESSAGE][PASSED] - Attribute 'value' of object '' is: '6'

2019-07-31 01:04:50 - [MESSAGE][PASSED] - Actual text '6' and expected text '6' are matched 

2019-07-31 01:04:50 - [MESSAGE][PASSED] - Text '7' is set on object ''

2019-07-31 01:04:52 - [MESSAGE][PASSED] - Delayed 2 second(s)

2019-07-31 01:04:52 - [MESSAGE][PASSED] - Attribute 'value' of object '' is: '7'

2019-07-31 01:04:52 - [MESSAGE][PASSED] - Actual text '7' and expected text '7' are matched 

2019-07-31 01:04:56 - [MESSAGE][PASSED] - Delayed 4 second(s)

2019-07-31 01:05:06 - [MESSAGE][PASSED] - Delayed 10 second(s)

2019-07-31 01:05:06 - [MESSAGE][PASSED] - Text of object '' is: 'Last draft saved on: 31 Jul 2019 01:04:52 AM  Clear draft'

2019-07-31 01:05:06 - [MESSAGE][PASSED] - Actual text 'Last draft saved on: 31 Jul 2019 01:04:02 AM  Clear draft' and expected text 'Last draft saved on: 31 Jul 2019 01:04:52 AM  Clear draft' are not matched 

2019-07-31 01:05:06 - [MESSAGE][PASSED] - Object: '' is clicked on

2019-07-31 01:05:07 - [MESSAGE][PASSED] - Object: '' is clicked on

2019-07-31 01:05:09 - [MESSAGE][PASSED] - Delayed 2 second(s)

2019-07-31 01:05:09 - [TEST_CASE][PASSED] - Test Cases/TC_Login: Test Cases/TC_Login

2019-07-31 01:05:09 - [TEST_STEP][PASSED] - runWithCucumberRunner(common.LoginRunner): Run with 'common.LoginRunner' was passed

2019-07-31 01:05:09 - [MESSAGE][WARNING] - A browser is already opened. Closing browser and opening a new one

2019-07-31 01:05:10 - [MESSAGE][INFO] - Starting 'Chrome (headless)' driver

2019-07-31 01:05:13 - [MESSAGE][PASSED] - Browser is opened with url: ''

2019-07-31 01:05:14 - [MESSAGE][PASSED] - Current window maximized

2019-07-31 01:05:16 - [MESSAGE][PASSED] - Navigate to 'https://leedonline-stg.usgbc.org' successfully

2019-07-31 01:05:16 - [MESSAGE][PASSED] - Text 'automationbdd9@gmail.com' is set on object ''

2019-07-31 01:05:16 - [MESSAGE][PASSED] - Text 'initpass' is set on object ''

2019-07-31 01:05:19 - [MESSAGE][PASSED] - Delayed 3 second(s)

2019-07-31 01:05:19 - [MESSAGE][PASSED] - Scroll to object '' successfully

2019-07-31 01:05:19 - [MESSAGE][PASSED] - Object '' is checked

2019-07-31 01:05:23 - [MESSAGE][PASSED] - Delayed 4 second(s)

2019-07-31 01:05:23 - [MESSAGE][PASSED] - The form containing object: '' is submitted

2019-07-31 01:05:23 - [MESSAGE][PASSED] - Run with 'common.LoginRunner' was passed

2019-07-31 01:05:23 - [MESSAGE][PASSED] - Call Test Case 'Test Cases/TC_Login' successfully

2019-07-31 01:05:25 - [MESSAGE][PASSED] - Delayed 2 second(s)

2019-07-31 01:05:28 - [MESSAGE][PASSED] - Object: '' is clicked on

2019-07-31 01:05:30 - [MESSAGE][PASSED] - Delayed 2 second(s)

2019-07-31 01:05:31 - [MESSAGE][PASSED] - Object: '' is clicked on

2019-07-31 01:05:33 - [MESSAGE][PASSED] - Delayed 2 second(s)

2019-07-31 01:05:35 - [MESSAGE][PASSED] - Delayed 2 second(s)

2019-07-31 01:05:35 - [MESSAGE][PASSED] - Object: '' is clicked on

2019-07-31 01:05:35 - [MESSAGE][PASSED] - Text of object '' is: 'Fundamental Refrigerant Management'

2019-07-31 01:05:38 - [MESSAGE][PASSED] - Delayed 3 second(s)

2019-07-31 01:05:42 - [MESSAGE][PASSED] - Object: '' is clicked on

2019-07-31 01:05:46 - [MESSAGE][PASSED] - Delayed 4 second(s)

2019-07-31 01:05:46 - [MESSAGE][PASSED] - Object '' is present

2019-07-31 01:05:46 - [MESSAGE][PASSED] - Text of object '' is: 'Last draft saved on: 31 Jul 2019 01:04:52 AM  Clear draft'

2019-07-31 01:05:46 - [MESSAGE][PASSED] - Actual text 'Last draft saved on: 31 Jul 2019 01:04:52 AM  Clear draft' and expected text 'Last draft saved on: 31 Jul 2019 01:04:52 AM  Clear draft' are matched 

2019-07-31 01:05:46 - [MESSAGE][PASSED] - Object: '' is clicked on

2019-07-31 01:05:50 - [MESSAGE][PASSED] - Delayed 4 second(s)

2019-07-31 01:05:52 - [MESSAGE][PASSED] - Delayed 2 second(s)

2019-07-31 01:05:57 - [MESSAGE][PASSED] - Delayed 5 second(s)

2019-07-31 01:05:57 - [MESSAGE][PASSED] - Object: '' is clicked on

2019-07-31 01:05:59 - [MESSAGE][PASSED] - Delayed 2 second(s)

2019-07-31 01:05:59 - [MESSAGE][PASSED] - Object: '' is clicked on

2019-07-31 01:06:01 - [MESSAGE][PASSED] - Delayed 2 second(s)

2019-07-31 01:06:03 - [MESSAGE][PASSED] - Delayed 2 second(s)

2019-07-31 01:06:09 - [MESSAGE][PASSED] - Delayed 5 second(s)

2019-07-31 01:06:09 - [MESSAGE][PASSED] - Object: '' is clicked on

2019-07-31 01:06:11 - [MESSAGE][PASSED] - Delayed 2 second(s)

2019-07-31 01:06:11 - [MESSAGE][PASSED] - Object: '' is clicked on

2019-07-31 01:06:13 - [MESSAGE][PASSED] - Delayed 2 second(s)

2019-07-31 01:06:18 - [MESSAGE][PASSED] - Delayed 5 second(s)

2019-07-31 01:06:18 - [MESSAGE][PASSED] - Web element with id: '' located by 'By.xpath: (//table[@class='ui collapsing celled table unstackable'])[1]' is not present after '2' second(s)

2019-07-31 01:06:18 - [MESSAGE][PASSED] - Web element with id: '' located by 'By.xpath: //a[contains(text(),'Clear draft')]' is not present after '3' second(s)

2019-07-31 01:06:18 - [MESSAGE][PASSED] - Web element with id: '' located by 'By.xpath: //div[contains(text(),'Form drafted and not yet saved!')]' is not present after '2' second(s)

2019-07-31 01:06:18 - [MESSAGE][PASSED] - Text 'Because I see the mind is the most important.ZRX9Y' is set on object ''

2019-07-31 01:06:20 - [MESSAGE][PASSED] - Delayed 2 second(s)

2019-07-31 01:06:20 - [MESSAGE][PASSED] - Text of object '' is: 'Because I see the mind is the most important.ZRX9Y'

2019-07-31 01:06:20 - [MESSAGE][PASSED] - Actual text 'Because I see the mind is the most important.ZRX9Y' and expected text 'Because I see the mind is the most important.ZRX9Y' are matched 

2019-07-31 01:06:31 - [MESSAGE][PASSED] - Delayed 10 second(s)

2019-07-31 01:06:31 - [MESSAGE][PASSED] - Text of object '' is: 'Last draft saved on: 31 Jul 2019 01:06:25 AM  Clear draft'

2019-07-31 01:06:31 - [MESSAGE][PASSED] - Actual text 'Last draft saved on: 31 Jul 2019 01:04:52 AM  Clear draft' and expected text 'Last draft saved on: 31 Jul 2019 01:06:25 AM  Clear draft' are not matched 

2019-07-31 01:06:35 - [MESSAGE][PASSED] - Delayed 4 second(s)

2019-07-31 01:06:35 - [MESSAGE][PASSED] - Object: '' is clicked on

2019-07-31 01:06:37 - [MESSAGE][PASSED] - Delayed 2 second(s)

2019-07-31 01:06:37 - [MESSAGE][PASSED] - Object: '' is clicked on

2019-07-31 01:06:42 - [MESSAGE][PASSED] - Delayed 5 second(s)

2019-07-31 01:06:42 - [MESSAGE][PASSED] - Web element with id: '' located by 'By.xpath: //a[contains(text(),'Clear draft')]' is not present after '2' second(s)

2019-07-31 01:06:46 - [MESSAGE][PASSED] - Delayed 4 second(s)

2019-07-31 01:06:46 - [MESSAGE][FAILED] - These following reason:
 [Unable to verify text 'Form data saved successfully.' is present ]

2019-07-31 01:06:46 - [MESSAGE][FAILED] - Keyword runWithCucumberRunner was failed (Root cause: com.kms.katalon.core.exception.StepFailedException: These following reason:
 [Unable to verify text 'Form data saved successfully.' is present ]
	at com.kms.katalon.core.keyword.internal.KeywordMain.stepFailed(KeywordMain.groovy:48)
	at com.kms.katalon.core.keyword.internal.KeywordMain.stepFailed(KeywordMain.groovy)
	at com.kms.katalon.core.keyword.internal.KeywordMain.stepFailed(KeywordMain.groovy:21)
	at com.kms.katalon.core.keyword.internal.KeywordMain$stepFailed$0.call(Unknown Source)
	at com.kms.katalon.core.cucumber.keyword.CucumberBuiltinKeywords$_runWithCucumberRunner_closure3.doCall(CucumberBuiltinKeywords.groovy:272)
	at com.kms.katalon.core.cucumber.keyword.CucumberBuiltinKeywords$_runWithCucumberRunner_closure3.doCall(CucumberBuiltinKeywords.groovy)
	at com.kms.katalon.core.keyword.internal.KeywordMain.runKeyword(KeywordMain.groovy:66)
	at com.kms.katalon.core.keyword.internal.KeywordMain$runKeyword.call(Unknown Source)
	at com.kms.katalon.core.cucumber.keyword.CucumberBuiltinKeywords.runWithCucumberRunner(CucumberBuiltinKeywords.groovy:257)
	at com.kms.katalon.core.cucumber.keyword.CucumberBuiltinKeywords$runWithCucumberRunner$0.callStatic(Unknown Source)
	at com.kms.katalon.core.cucumber.keyword.CucumberBuiltinKeywords.runWithCucumberRunner(CucumberBuiltinKeywords.groovy:357)
	at com.kms.katalon.core.cucumber.keyword.CucumberBuiltinKeywords$runWithCucumberRunner.call(Unknown Source)
	at TC_FundamentalRefregrantMgmt.run(TC_FundamentalRefregrantMgmt:17)
	at com.kms.katalon.core.main.ScriptEngine.run(ScriptEngine.java:194)
	at com.kms.katalon.core.main.ScriptEngine.runScriptAsRawText(ScriptEngine.java:119)
	at com.kms.katalon.core.main.TestCaseExecutor.runScript(TestCaseExecutor.java:331)
	at com.kms.katalon.core.main.TestCaseExecutor.doExecute(TestCaseExecutor.java:322)
	at com.kms.katalon.core.main.TestCaseExecutor.processExecutionPhase(TestCaseExecutor.java:301)
	at com.kms.katalon.core.main.TestCaseExecutor.accessMainPhase(TestCaseExecutor.java:293)
	at com.kms.katalon.core.main.TestCaseExecutor.execute(TestCaseExecutor.java:227)
	at com.kms.katalon.core.main.TestSuiteExecutor.accessTestCaseMainPhase(TestSuiteExecutor.java:129)
	at com.kms.katalon.core.main.TestSuiteExecutor.accessTestSuiteMainPhase(TestSuiteExecutor.java:112)
	at com.kms.katalon.core.main.TestSuiteExecutor.execute(TestSuiteExecutor.java:81)
	at com.kms.katalon.core.main.TestCaseMain.startTestSuite(TestCaseMain.java:157)
	at com.kms.katalon.core.main.TestCaseMain$startTestSuite$0.call(Unknown Source)
	at TempTestSuite1564512281211.run(TempTestSuite1564512281211.groovy:35)
)

2019-07-31 01:06:46 - [MESSAGE][FAILED] - runWithCucumberRunner(runner_OM_ExistingBuildings.FundamentalRefTestRunner) FAILED.
Reason:
com.kms.katalon.core.exception.StepFailedException: These following reason:
 [Unable to verify text 'Form data saved successfully.' is present ]
	at com.kms.katalon.core.keyword.internal.KeywordMain.stepFailed(KeywordMain.groovy:48)
	at com.kms.katalon.core.keyword.internal.KeywordMain.stepFailed(KeywordMain.groovy)
	at com.kms.katalon.core.keyword.internal.KeywordMain.stepFailed(KeywordMain.groovy:21)
	at com.kms.katalon.core.keyword.internal.KeywordMain$stepFailed$0.call(Unknown Source)
	at com.kms.katalon.core.cucumber.keyword.CucumberBuiltinKeywords$_runWithCucumberRunner_closure3.doCall(CucumberBuiltinKeywords.groovy:272)
	at com.kms.katalon.core.cucumber.keyword.CucumberBuiltinKeywords$_runWithCucumberRunner_closure3.doCall(CucumberBuiltinKeywords.groovy)
	at com.kms.katalon.core.keyword.internal.KeywordMain.runKeyword(KeywordMain.groovy:66)
	at com.kms.katalon.core.keyword.internal.KeywordMain$runKeyword.call(Unknown Source)
	at com.kms.katalon.core.cucumber.keyword.CucumberBuiltinKeywords.runWithCucumberRunner(CucumberBuiltinKeywords.groovy:257)
	at com.kms.katalon.core.cucumber.keyword.CucumberBuiltinKeywords$runWithCucumberRunner$0.callStatic(Unknown Source)
	at com.kms.katalon.core.cucumber.keyword.CucumberBuiltinKeywords.runWithCucumberRunner(CucumberBuiltinKeywords.groovy:357)
	at com.kms.katalon.core.cucumber.keyword.CucumberBuiltinKeywords$runWithCucumberRunner.call(Unknown Source)
	at TC_FundamentalRefregrantMgmt.run(TC_FundamentalRefregrantMgmt:17)
	at com.kms.katalon.core.main.ScriptEngine.run(ScriptEngine.java:194)
	at com.kms.katalon.core.main.ScriptEngine.runScriptAsRawText(ScriptEngine.java:119)
	at com.kms.katalon.core.main.TestCaseExecutor.runScript(TestCaseExecutor.java:331)
	at com.kms.katalon.core.main.TestCaseExecutor.doExecute(TestCaseExecutor.java:322)
	at com.kms.katalon.core.main.TestCaseExecutor.processExecutionPhase(TestCaseExecutor.java:301)
	at com.kms.katalon.core.main.TestCaseExecutor.accessMainPhase(TestCaseExecutor.java:293)
	at com.kms.katalon.core.main.TestCaseExecutor.execute(TestCaseExecutor.java:227)
	at com.kms.katalon.core.main.TestSuiteExecutor.accessTestCaseMainPhase(TestSuiteExecutor.java:129)
	at com.kms.katalon.core.main.TestSuiteExecutor.accessTestSuiteMainPhase(TestSuiteExecutor.java:112)
	at com.kms.katalon.core.main.TestSuiteExecutor.execute(TestSuiteExecutor.java:81)
	at com.kms.katalon.core.main.TestCaseMain.startTestSuite(TestCaseMain.java:157)
	at com.kms.katalon.core.main.TestCaseMain$startTestSuite$0.call(Unknown Source)
	at TempTestSuite1564512281211.run(TempTestSuite1564512281211.groovy:35)]]></system-out>
         <system-err><![CDATA[2019-07-31 00:44:18 - [TEST_CASE][FAILED] - Test Cases/OM_ExistingBuildings/TC_FundamentalRefregrantMgmt: Test Cases/OM_ExistingBuildings/TC_FundamentalRefregrantMgmt FAILED.
Reason:
com.kms.katalon.core.exception.StepFailedException: These following reason:
 [Unable to verify text 'Form data saved successfully.' is present ]
	at com.kms.katalon.core.keyword.internal.KeywordMain.stepFailed(KeywordMain.groovy:48)
	at com.kms.katalon.core.keyword.internal.KeywordMain.stepFailed(KeywordMain.groovy)
	at com.kms.katalon.core.keyword.internal.KeywordMain.stepFailed(KeywordMain.groovy:21)
	at com.kms.katalon.core.keyword.internal.KeywordMain$stepFailed$0.call(Unknown Source)
	at com.kms.katalon.core.cucumber.keyword.CucumberBuiltinKeywords$_runWithCucumberRunner_closure3.doCall(CucumberBuiltinKeywords.groovy:272)
	at com.kms.katalon.core.cucumber.keyword.CucumberBuiltinKeywords$_runWithCucumberRunner_closure3.doCall(CucumberBuiltinKeywords.groovy)
	at com.kms.katalon.core.keyword.internal.KeywordMain.runKeyword(KeywordMain.groovy:66)
	at com.kms.katalon.core.keyword.internal.KeywordMain$runKeyword.call(Unknown Source)
	at com.kms.katalon.core.cucumber.keyword.CucumberBuiltinKeywords.runWithCucumberRunner(CucumberBuiltinKeywords.groovy:257)
	at com.kms.katalon.core.cucumber.keyword.CucumberBuiltinKeywords$runWithCucumberRunner$0.callStatic(Unknown Source)
	at com.kms.katalon.core.cucumber.keyword.CucumberBuiltinKeywords.runWithCucumberRunner(CucumberBuiltinKeywords.groovy:357)
	at com.kms.katalon.core.cucumber.keyword.CucumberBuiltinKeywords$runWithCucumberRunner.call(Unknown Source)
	at TC_FundamentalRefregrantMgmt.run(TC_FundamentalRefregrantMgmt:17)
	at com.kms.katalon.core.main.ScriptEngine.run(ScriptEngine.java:194)
	at com.kms.katalon.core.main.ScriptEngine.runScriptAsRawText(ScriptEngine.java:119)
	at com.kms.katalon.core.main.TestCaseExecutor.runScript(TestCaseExecutor.java:331)
	at com.kms.katalon.core.main.TestCaseExecutor.doExecute(TestCaseExecutor.java:322)
	at com.kms.katalon.core.main.TestCaseExecutor.processExecutionPhase(TestCaseExecutor.java:301)
	at com.kms.katalon.core.main.TestCaseExecutor.accessMainPhase(TestCaseExecutor.java:293)
	at com.kms.katalon.core.main.TestCaseExecutor.execute(TestCaseExecutor.java:227)
	at com.kms.katalon.core.main.TestSuiteExecutor.accessTestCaseMainPhase(TestSuiteExecutor.java:129)
	at com.kms.katalon.core.main.TestSuiteExecutor.accessTestSuiteMainPhase(TestSuiteExecutor.java:112)
	at com.kms.katalon.core.main.TestSuiteExecutor.execute(TestSuiteExecutor.java:81)
	at com.kms.katalon.core.main.TestCaseMain.startTestSuite(TestCaseMain.java:157)
	at com.kms.katalon.core.main.TestCaseMain$startTestSuite$0.call(Unknown Source)
	at TempTestSuite1564512281211.run(TempTestSuite1564512281211.groovy:35)]]></system-err>
      </testcase>
      <system-out><![CDATA[2019-07-31 00:14:44 - [TEST_SUITE][FAILED] - TS_OM_ExistingBuildings: Test Cases/OM_ExistingBuildings/TC_EnhancedRefrigerantManagement FAILED.
Reason:
com.kms.katalon.core.exception.StepFailedException: These following reason:
 [Unable to click on object '']
	at com.kms.katalon.core.keyword.internal.KeywordMain.stepFailed(KeywordMain.groovy:48)
	at com.kms.katalon.core.keyword.internal.KeywordMain.stepFailed(KeywordMain.groovy)
	at com.kms.katalon.core.keyword.internal.KeywordMain.stepFailed(KeywordMain.groovy:21)
	at com.kms.katalon.core.keyword.internal.KeywordMain$stepFailed$0.call(Unknown Source)
	at com.kms.katalon.core.cucumber.keyword.CucumberBuiltinKeywords$_runWithCucumberRunner_closure3.doCall(CucumberBuiltinKeywords.groovy:272)
	at com.kms.katalon.core.cucumber.keyword.CucumberBuiltinKeywords$_runWithCucumberRunner_closure3.doCall(CucumberBuiltinKeywords.groovy)
	at com.kms.katalon.core.keyword.internal.KeywordMain.runKeyword(KeywordMain.groovy:66)
	at com.kms.katalon.core.keyword.internal.KeywordMain$runKeyword.call(Unknown Source)
	at com.kms.katalon.core.cucumber.keyword.CucumberBuiltinKeywords.runWithCucumberRunner(CucumberBuiltinKeywords.groovy:257)
	at com.kms.katalon.core.cucumber.keyword.CucumberBuiltinKeywords$runWithCucumberRunner$0.callStatic(Unknown Source)
	at com.kms.katalon.core.cucumber.keyword.CucumberBuiltinKeywords.runWithCucumberRunner(CucumberBuiltinKeywords.groovy:357)
	at com.kms.katalon.core.cucumber.keyword.CucumberBuiltinKeywords$runWithCucumberRunner.call(Unknown Source)
	at TC_EnhancedRefrigerantManagement.run(TC_EnhancedRefrigerantManagement:17)
	at com.kms.katalon.core.main.ScriptEngine.run(ScriptEngine.java:194)
	at com.kms.katalon.core.main.ScriptEngine.runScriptAsRawText(ScriptEngine.java:119)
	at com.kms.katalon.core.main.TestCaseExecutor.runScript(TestCaseExecutor.java:331)
	at com.kms.katalon.core.main.TestCaseExecutor.doExecute(TestCaseExecutor.java:322)
	at com.kms.katalon.core.main.TestCaseExecutor.processExecutionPhase(TestCaseExecutor.java:301)
	at com.kms.katalon.core.main.TestCaseExecutor.accessMainPhase(TestCaseExecutor.java:293)
	at com.kms.katalon.core.main.TestCaseExecutor.execute(TestCaseExecutor.java:227)
	at com.kms.katalon.core.main.TestSuiteExecutor.accessTestCaseMainPhase(TestSuiteExecutor.java:129)
	at com.kms.katalon.core.main.TestSuiteExecutor.accessTestSuiteMainPhase(TestSuiteExecutor.java:112)
	at com.kms.katalon.core.main.TestSuiteExecutor.execute(TestSuiteExecutor.java:81)
	at com.kms.katalon.core.main.TestCaseMain.startTestSuite(TestCaseMain.java:157)
	at com.kms.katalon.core.main.TestCaseMain$startTestSuite$0.call(Unknown Source)
	at TempTestSuite1564512281211.run(TempTestSuite1564512281211.groovy:35)]]></system-out>
      <system-err><![CDATA[2019-07-31 00:14:44 - [TEST_SUITE][FAILED] - TS_OM_ExistingBuildings: Test Cases/OM_ExistingBuildings/TC_EnhancedRefrigerantManagement FAILED.
Reason:
com.kms.katalon.core.exception.StepFailedException: These following reason:
 [Unable to click on object '']
	at com.kms.katalon.core.keyword.internal.KeywordMain.stepFailed(KeywordMain.groovy:48)
	at com.kms.katalon.core.keyword.internal.KeywordMain.stepFailed(KeywordMain.groovy)
	at com.kms.katalon.core.keyword.internal.KeywordMain.stepFailed(KeywordMain.groovy:21)
	at com.kms.katalon.core.keyword.internal.KeywordMain$stepFailed$0.call(Unknown Source)
	at com.kms.katalon.core.cucumber.keyword.CucumberBuiltinKeywords$_runWithCucumberRunner_closure3.doCall(CucumberBuiltinKeywords.groovy:272)
	at com.kms.katalon.core.cucumber.keyword.CucumberBuiltinKeywords$_runWithCucumberRunner_closure3.doCall(CucumberBuiltinKeywords.groovy)
	at com.kms.katalon.core.keyword.internal.KeywordMain.runKeyword(KeywordMain.groovy:66)
	at com.kms.katalon.core.keyword.internal.KeywordMain$runKeyword.call(Unknown Source)
	at com.kms.katalon.core.cucumber.keyword.CucumberBuiltinKeywords.runWithCucumberRunner(CucumberBuiltinKeywords.groovy:257)
	at com.kms.katalon.core.cucumber.keyword.CucumberBuiltinKeywords$runWithCucumberRunner$0.callStatic(Unknown Source)
	at com.kms.katalon.core.cucumber.keyword.CucumberBuiltinKeywords.runWithCucumberRunner(CucumberBuiltinKeywords.groovy:357)
	at com.kms.katalon.core.cucumber.keyword.CucumberBuiltinKeywords$runWithCucumberRunner.call(Unknown Source)
	at TC_EnhancedRefrigerantManagement.run(TC_EnhancedRefrigerantManagement:17)
	at com.kms.katalon.core.main.ScriptEngine.run(ScriptEngine.java:194)
	at com.kms.katalon.core.main.ScriptEngine.runScriptAsRawText(ScriptEngine.java:119)
	at com.kms.katalon.core.main.TestCaseExecutor.runScript(TestCaseExecutor.java:331)
	at com.kms.katalon.core.main.TestCaseExecutor.doExecute(TestCaseExecutor.java:322)
	at com.kms.katalon.core.main.TestCaseExecutor.processExecutionPhase(TestCaseExecutor.java:301)
	at com.kms.katalon.core.main.TestCaseExecutor.accessMainPhase(TestCaseExecutor.java:293)
	at com.kms.katalon.core.main.TestCaseExecutor.execute(TestCaseExecutor.java:227)
	at com.kms.katalon.core.main.TestSuiteExecutor.accessTestCaseMainPhase(TestSuiteExecutor.java:129)
	at com.kms.katalon.core.main.TestSuiteExecutor.accessTestSuiteMainPhase(TestSuiteExecutor.java:112)
	at com.kms.katalon.core.main.TestSuiteExecutor.execute(TestSuiteExecutor.java:81)
	at com.kms.katalon.core.main.TestCaseMain.startTestSuite(TestCaseMain.java:157)
	at com.kms.katalon.core.main.TestCaseMain$startTestSuite$0.call(Unknown Source)
	at TempTestSuite1564512281211.run(TempTestSuite1564512281211.groovy:35)]]></system-err>
   </testsuite>
</testsuites>
